running egg_info
creating ../build/dynamixel_control/dynamixel_control.egg-info
writing ../build/dynamixel_control/dynamixel_control.egg-info/PKG-INFO
writing dependency_links to ../build/dynamixel_control/dynamixel_control.egg-info/dependency_links.txt
writing entry points to ../build/dynamixel_control/dynamixel_control.egg-info/entry_points.txt
writing requirements to ../build/dynamixel_control/dynamixel_control.egg-info/requires.txt
writing top-level names to ../build/dynamixel_control/dynamixel_control.egg-info/top_level.txt
writing manifest file '../build/dynamixel_control/dynamixel_control.egg-info/SOURCES.txt'
reading manifest file '../build/dynamixel_control/dynamixel_control.egg-info/SOURCES.txt'
writing manifest file '../build/dynamixel_control/dynamixel_control.egg-info/SOURCES.txt'
running build
running build_py
creating /home/yt6/ros2_py_ws/src/build/dynamixel_control/build
creating /home/yt6/ros2_py_ws/src/build/dynamixel_control/build/lib
creating /home/yt6/ros2_py_ws/src/build/dynamixel_control/build/lib/dynamixel_control
copying dynamixel_control/__init__.py -> /home/yt6/ros2_py_ws/src/build/dynamixel_control/build/lib/dynamixel_control
copying dynamixel_control/dynamixel_node.py -> /home/yt6/ros2_py_ws/src/build/dynamixel_control/build/lib/dynamixel_control
running install
running install_lib
creating /home/yt6/ros2_py_ws/src/install/dynamixel_control/lib/python3.8/site-packages/dynamixel_control
copying /home/yt6/ros2_py_ws/src/build/dynamixel_control/build/lib/dynamixel_control/__init__.py -> /home/yt6/ros2_py_ws/src/install/dynamixel_control/lib/python3.8/site-packages/dynamixel_control
copying /home/yt6/ros2_py_ws/src/build/dynamixel_control/build/lib/dynamixel_control/dynamixel_node.py -> /home/yt6/ros2_py_ws/src/install/dynamixel_control/lib/python3.8/site-packages/dynamixel_control
byte-compiling /home/yt6/ros2_py_ws/src/install/dynamixel_control/lib/python3.8/site-packages/dynamixel_control/__init__.py to __init__.cpython-38.pyc
byte-compiling /home/yt6/ros2_py_ws/src/install/dynamixel_control/lib/python3.8/site-packages/dynamixel_control/dynamixel_node.py to dynamixel_node.cpython-38.pyc
running install_data
copying package.xml -> /home/yt6/ros2_py_ws/src/install/dynamixel_control/share/dynamixel_control
running install_egg_info
Copying ../build/dynamixel_control/dynamixel_control.egg-info to /home/yt6/ros2_py_ws/src/install/dynamixel_control/lib/python3.8/site-packages/dynamixel_control-0.0.0-py3.8.egg-info
running install_scripts
Installing dynamixel_node script to /home/yt6/ros2_py_ws/src/install/dynamixel_control/lib/dynamixel_control
writing list of installed files to '/home/yt6/ros2_py_ws/src/build/dynamixel_control/install.log'
