running develop
Removing /home/yt6/ros2_py_ws/install/dynamixel_publisher/lib/python3.8/site-packages/dynamixel-publisher.egg-link (link to .)
running egg_info
writing ../../build/dynamixel_publisher/dynamixel_publisher.egg-info/PKG-INFO
writing dependency_links to ../../build/dynamixel_publisher/dynamixel_publisher.egg-info/dependency_links.txt
writing entry points to ../../build/dynamixel_publisher/dynamixel_publisher.egg-info/entry_points.txt
writing requirements to ../../build/dynamixel_publisher/dynamixel_publisher.egg-info/requires.txt
writing top-level names to ../../build/dynamixel_publisher/dynamixel_publisher.egg-info/top_level.txt
reading manifest file '../../build/dynamixel_publisher/dynamixel_publisher.egg-info/SOURCES.txt'
writing manifest file '../../build/dynamixel_publisher/dynamixel_publisher.egg-info/SOURCES.txt'
running build
running build_py
creating /home/yt6/ros2_py_ws/build/dynamixel_publisher/build
creating /home/yt6/ros2_py_ws/build/dynamixel_publisher/build/lib
creating /home/yt6/ros2_py_ws/build/dynamixel_publisher/build/lib/dynamixel_publisher
copying dynamixel_publisher/__init__.py -> /home/yt6/ros2_py_ws/build/dynamixel_publisher/build/lib/dynamixel_publisher
copying dynamixel_publisher/dynamixel_current_node.py -> /home/yt6/ros2_py_ws/build/dynamixel_publisher/build/lib/dynamixel_publisher
copying dynamixel_publisher/dynamixel_node.py -> /home/yt6/ros2_py_ws/build/dynamixel_publisher/build/lib/dynamixel_publisher
running install
running install_lib
creating /home/yt6/ros2_py_ws/install/dynamixel_publisher/lib/python3.8/site-packages/dynamixel_publisher
copying /home/yt6/ros2_py_ws/build/dynamixel_publisher/build/lib/dynamixel_publisher/__init__.py -> /home/yt6/ros2_py_ws/install/dynamixel_publisher/lib/python3.8/site-packages/dynamixel_publisher
copying /home/yt6/ros2_py_ws/build/dynamixel_publisher/build/lib/dynamixel_publisher/dynamixel_current_node.py -> /home/yt6/ros2_py_ws/install/dynamixel_publisher/lib/python3.8/site-packages/dynamixel_publisher
copying /home/yt6/ros2_py_ws/build/dynamixel_publisher/build/lib/dynamixel_publisher/dynamixel_node.py -> /home/yt6/ros2_py_ws/install/dynamixel_publisher/lib/python3.8/site-packages/dynamixel_publisher
byte-compiling /home/yt6/ros2_py_ws/install/dynamixel_publisher/lib/python3.8/site-packages/dynamixel_publisher/__init__.py to __init__.cpython-38.pyc
byte-compiling /home/yt6/ros2_py_ws/install/dynamixel_publisher/lib/python3.8/site-packages/dynamixel_publisher/dynamixel_current_node.py to dynamixel_current_node.cpython-38.pyc
byte-compiling /home/yt6/ros2_py_ws/install/dynamixel_publisher/lib/python3.8/site-packages/dynamixel_publisher/dynamixel_node.py to dynamixel_node.cpython-38.pyc
running install_data
copying resource/dynamixel_publisher -> /home/yt6/ros2_py_ws/install/dynamixel_publisher/share/ament_index/resource_index/packages
copying package.xml -> /home/yt6/ros2_py_ws/install/dynamixel_publisher/share/dynamixel_publisher
running install_egg_info
Copying ../../build/dynamixel_publisher/dynamixel_publisher.egg-info to /home/yt6/ros2_py_ws/install/dynamixel_publisher/lib/python3.8/site-packages/dynamixel_publisher-0.0.0-py3.8.egg-info
running install_scripts
Installing dynamixel_curremt_node script to /home/yt6/ros2_py_ws/install/dynamixel_publisher/lib/dynamixel_publisher
Installing dynamixel_node script to /home/yt6/ros2_py_ws/install/dynamixel_publisher/lib/dynamixel_publisher
Installing keyboard_current_publisher script to /home/yt6/ros2_py_ws/install/dynamixel_publisher/lib/dynamixel_publisher
writing list of installed files to '/home/yt6/ros2_py_ws/build/dynamixel_publisher/install.log'
