[0.795s] Invoking command in '/home/yt6/ros2_py_ws/build/dynamixel_publisher': AMENT_PREFIX_PATH=/home/yt6/ros2_py_ws/install/dynamixel_sdk_custom_interfaces:/home/yt6/ros2_py_ws/install/dynamixel_sdk:${AMENT_PREFIX_PATH} CMAKE_PREFIX_PATH=/home/yt6/ros2_py_ws/install/dynamixel_sdk_custom_interfaces:/home/yt6/ros2_py_ws/install/dynamixel_sdk PYTHONPATH=/home/yt6/ros2_py_ws/build/dynamixel_publisher/prefix_override:/usr/lib/python3/dist-packages/colcon_core/task/python/colcon_distutils_commands:/home/yt6/ros2_py_ws/install/dynamixel_publisher/lib/python3.8/site-packages:/home/yt6/ros2_py_ws/install/dynamixel_sdk_custom_interfaces/lib/python3.8/site-packages:/home/yt6/ros2_py_ws/build/my_vision_pkg:/home/yt6/ros2_py_ws/install/my_vision_pkg/lib/python3.8/site-packages:/home/yt6/ros2_py_ws/build/my_py_pkg:/home/yt6/ros2_py_ws/install/my_py_pkg/lib/python3.8/site-packages:/home/yt6/ros2_py_ws/build/dynamixel_publisher:/home/yt6/ros2_py_ws/install/dynamixel_publisher/lib/python3.8/site-packages:/home/yt6/ros2_py_ws/build/dynamixel_control:/home/yt6/ros2_py_ws/install/dynamixel_control/lib/python3.8/site-packages:/home/yt6/ros2_py_ws/src/my_vision_pkg/install/my_vision_pkg/lib/python3.8/site-packages:/opt/ros/humble/lib/python3.8/site-packages /usr/bin/python3 -W ignore:setup.py install is deprecated -W ignore:easy_install command is deprecated setup.py develop --uninstall --editable --build-directory /home/yt6/ros2_py_ws/build/dynamixel_publisher/build
[0.994s] running develop
[1.152s] Removing /home/yt6/ros2_py_ws/install/dynamixel_publisher/lib/python3.8/site-packages/dynamixel-publisher.egg-link (link to .)
[1.180s] Invoked command in '/home/yt6/ros2_py_ws/build/dynamixel_publisher' returned '0': AMENT_PREFIX_PATH=/home/yt6/ros2_py_ws/install/dynamixel_sdk_custom_interfaces:/home/yt6/ros2_py_ws/install/dynamixel_sdk:${AMENT_PREFIX_PATH} CMAKE_PREFIX_PATH=/home/yt6/ros2_py_ws/install/dynamixel_sdk_custom_interfaces:/home/yt6/ros2_py_ws/install/dynamixel_sdk PYTHONPATH=/home/yt6/ros2_py_ws/build/dynamixel_publisher/prefix_override:/usr/lib/python3/dist-packages/colcon_core/task/python/colcon_distutils_commands:/home/yt6/ros2_py_ws/install/dynamixel_publisher/lib/python3.8/site-packages:/home/yt6/ros2_py_ws/install/dynamixel_sdk_custom_interfaces/lib/python3.8/site-packages:/home/yt6/ros2_py_ws/build/my_vision_pkg:/home/yt6/ros2_py_ws/install/my_vision_pkg/lib/python3.8/site-packages:/home/yt6/ros2_py_ws/build/my_py_pkg:/home/yt6/ros2_py_ws/install/my_py_pkg/lib/python3.8/site-packages:/home/yt6/ros2_py_ws/build/dynamixel_publisher:/home/yt6/ros2_py_ws/install/dynamixel_publisher/lib/python3.8/site-packages:/home/yt6/ros2_py_ws/build/dynamixel_control:/home/yt6/ros2_py_ws/install/dynamixel_control/lib/python3.8/site-packages:/home/yt6/ros2_py_ws/src/my_vision_pkg/install/my_vision_pkg/lib/python3.8/site-packages:/opt/ros/humble/lib/python3.8/site-packages /usr/bin/python3 -W ignore:setup.py install is deprecated -W ignore:easy_install command is deprecated setup.py develop --uninstall --editable --build-directory /home/yt6/ros2_py_ws/build/dynamixel_publisher/build
[1.183s] Invoking command in '/home/yt6/ros2_py_ws/src/dynamixel_publisher': AMENT_PREFIX_PATH=/home/yt6/ros2_py_ws/install/dynamixel_sdk_custom_interfaces:/home/yt6/ros2_py_ws/install/dynamixel_sdk:${AMENT_PREFIX_PATH} CMAKE_PREFIX_PATH=/home/yt6/ros2_py_ws/install/dynamixel_sdk_custom_interfaces:/home/yt6/ros2_py_ws/install/dynamixel_sdk PYTHONPATH=/home/yt6/ros2_py_ws/build/dynamixel_publisher/prefix_override:/usr/lib/python3/dist-packages/colcon_core/task/python/colcon_distutils_commands:/home/yt6/ros2_py_ws/install/dynamixel_publisher/lib/python3.8/site-packages:/home/yt6/ros2_py_ws/install/dynamixel_sdk_custom_interfaces/lib/python3.8/site-packages:/home/yt6/ros2_py_ws/build/my_vision_pkg:/home/yt6/ros2_py_ws/install/my_vision_pkg/lib/python3.8/site-packages:/home/yt6/ros2_py_ws/build/my_py_pkg:/home/yt6/ros2_py_ws/install/my_py_pkg/lib/python3.8/site-packages:/home/yt6/ros2_py_ws/build/dynamixel_publisher:/home/yt6/ros2_py_ws/install/dynamixel_publisher/lib/python3.8/site-packages:/home/yt6/ros2_py_ws/build/dynamixel_control:/home/yt6/ros2_py_ws/install/dynamixel_control/lib/python3.8/site-packages:/home/yt6/ros2_py_ws/src/my_vision_pkg/install/my_vision_pkg/lib/python3.8/site-packages:/opt/ros/humble/lib/python3.8/site-packages /usr/bin/python3 -W ignore:setup.py install is deprecated -W ignore:easy_install command is deprecated setup.py egg_info --egg-base ../../build/dynamixel_publisher build --build-base /home/yt6/ros2_py_ws/build/dynamixel_publisher/build install --record /home/yt6/ros2_py_ws/build/dynamixel_publisher/install.log --single-version-externally-managed install_data --force
[1.371s] running egg_info
[1.371s] writing ../../build/dynamixel_publisher/dynamixel_publisher.egg-info/PKG-INFO
[1.371s] writing dependency_links to ../../build/dynamixel_publisher/dynamixel_publisher.egg-info/dependency_links.txt
[1.371s] writing entry points to ../../build/dynamixel_publisher/dynamixel_publisher.egg-info/entry_points.txt
[1.372s] writing requirements to ../../build/dynamixel_publisher/dynamixel_publisher.egg-info/requires.txt
[1.372s] writing top-level names to ../../build/dynamixel_publisher/dynamixel_publisher.egg-info/top_level.txt
[1.394s] reading manifest file '../../build/dynamixel_publisher/dynamixel_publisher.egg-info/SOURCES.txt'
[1.395s] writing manifest file '../../build/dynamixel_publisher/dynamixel_publisher.egg-info/SOURCES.txt'
[1.395s] running build
[1.395s] running build_py
[1.395s] creating /home/yt6/ros2_py_ws/build/dynamixel_publisher/build
[1.395s] creating /home/yt6/ros2_py_ws/build/dynamixel_publisher/build/lib
[1.396s] creating /home/yt6/ros2_py_ws/build/dynamixel_publisher/build/lib/dynamixel_publisher
[1.396s] copying dynamixel_publisher/__init__.py -> /home/yt6/ros2_py_ws/build/dynamixel_publisher/build/lib/dynamixel_publisher
[1.396s] copying dynamixel_publisher/dynamixel_current_node.py -> /home/yt6/ros2_py_ws/build/dynamixel_publisher/build/lib/dynamixel_publisher
[1.396s] copying dynamixel_publisher/dynamixel_node.py -> /home/yt6/ros2_py_ws/build/dynamixel_publisher/build/lib/dynamixel_publisher
[1.396s] running install
[1.396s] running install_lib
[1.397s] creating /home/yt6/ros2_py_ws/install/dynamixel_publisher/lib/python3.8/site-packages/dynamixel_publisher
[1.397s] copying /home/yt6/ros2_py_ws/build/dynamixel_publisher/build/lib/dynamixel_publisher/__init__.py -> /home/yt6/ros2_py_ws/install/dynamixel_publisher/lib/python3.8/site-packages/dynamixel_publisher
[1.397s] copying /home/yt6/ros2_py_ws/build/dynamixel_publisher/build/lib/dynamixel_publisher/dynamixel_current_node.py -> /home/yt6/ros2_py_ws/install/dynamixel_publisher/lib/python3.8/site-packages/dynamixel_publisher
[1.397s] copying /home/yt6/ros2_py_ws/build/dynamixel_publisher/build/lib/dynamixel_publisher/dynamixel_node.py -> /home/yt6/ros2_py_ws/install/dynamixel_publisher/lib/python3.8/site-packages/dynamixel_publisher
[1.398s] byte-compiling /home/yt6/ros2_py_ws/install/dynamixel_publisher/lib/python3.8/site-packages/dynamixel_publisher/__init__.py to __init__.cpython-38.pyc
[1.398s] byte-compiling /home/yt6/ros2_py_ws/install/dynamixel_publisher/lib/python3.8/site-packages/dynamixel_publisher/dynamixel_current_node.py to dynamixel_current_node.cpython-38.pyc
[1.399s] byte-compiling /home/yt6/ros2_py_ws/install/dynamixel_publisher/lib/python3.8/site-packages/dynamixel_publisher/dynamixel_node.py to dynamixel_node.cpython-38.pyc
[1.399s] running install_data
[1.399s] copying resource/dynamixel_publisher -> /home/yt6/ros2_py_ws/install/dynamixel_publisher/share/ament_index/resource_index/packages
[1.399s] copying package.xml -> /home/yt6/ros2_py_ws/install/dynamixel_publisher/share/dynamixel_publisher
[1.399s] running install_egg_info
[1.400s] Copying ../../build/dynamixel_publisher/dynamixel_publisher.egg-info to /home/yt6/ros2_py_ws/install/dynamixel_publisher/lib/python3.8/site-packages/dynamixel_publisher-0.0.0-py3.8.egg-info
[1.401s] running install_scripts
[1.413s] Installing dynamixel_curremt_node script to /home/yt6/ros2_py_ws/install/dynamixel_publisher/lib/dynamixel_publisher
[1.413s] Installing dynamixel_node script to /home/yt6/ros2_py_ws/install/dynamixel_publisher/lib/dynamixel_publisher
[1.413s] Installing keyboard_current_publisher script to /home/yt6/ros2_py_ws/install/dynamixel_publisher/lib/dynamixel_publisher
[1.414s] writing list of installed files to '/home/yt6/ros2_py_ws/build/dynamixel_publisher/install.log'
[1.433s] Invoked command in '/home/yt6/ros2_py_ws/src/dynamixel_publisher' returned '0': AMENT_PREFIX_PATH=/home/yt6/ros2_py_ws/install/dynamixel_sdk_custom_interfaces:/home/yt6/ros2_py_ws/install/dynamixel_sdk:${AMENT_PREFIX_PATH} CMAKE_PREFIX_PATH=/home/yt6/ros2_py_ws/install/dynamixel_sdk_custom_interfaces:/home/yt6/ros2_py_ws/install/dynamixel_sdk PYTHONPATH=/home/yt6/ros2_py_ws/build/dynamixel_publisher/prefix_override:/usr/lib/python3/dist-packages/colcon_core/task/python/colcon_distutils_commands:/home/yt6/ros2_py_ws/install/dynamixel_publisher/lib/python3.8/site-packages:/home/yt6/ros2_py_ws/install/dynamixel_sdk_custom_interfaces/lib/python3.8/site-packages:/home/yt6/ros2_py_ws/build/my_vision_pkg:/home/yt6/ros2_py_ws/install/my_vision_pkg/lib/python3.8/site-packages:/home/yt6/ros2_py_ws/build/my_py_pkg:/home/yt6/ros2_py_ws/install/my_py_pkg/lib/python3.8/site-packages:/home/yt6/ros2_py_ws/build/dynamixel_publisher:/home/yt6/ros2_py_ws/install/dynamixel_publisher/lib/python3.8/site-packages:/home/yt6/ros2_py_ws/build/dynamixel_control:/home/yt6/ros2_py_ws/install/dynamixel_control/lib/python3.8/site-packages:/home/yt6/ros2_py_ws/src/my_vision_pkg/install/my_vision_pkg/lib/python3.8/site-packages:/opt/ros/humble/lib/python3.8/site-packages /usr/bin/python3 -W ignore:setup.py install is deprecated -W ignore:easy_install command is deprecated setup.py egg_info --egg-base ../../build/dynamixel_publisher build --build-base /home/yt6/ros2_py_ws/build/dynamixel_publisher/build install --record /home/yt6/ros2_py_ws/build/dynamixel_publisher/install.log --single-version-externally-managed install_data --force
