[0.765s] Invoking command in '/home/yt6/ros2_py_ws/src/dynamixel_publisher': PYTHONPATH=/home/yt6/ros2_py_ws/build/dynamixel_publisher/prefix_override:/usr/lib/python3/dist-packages/colcon_core/task/python/colcon_distutils_commands:/home/yt6/ros2_py_ws/install/dynamixel_publisher/lib/python3.8/site-packages:${PYTHONPATH} /usr/bin/python3 -W ignore:setup.py install is deprecated -W ignore:easy_install command is deprecated setup.py egg_info --egg-base ../../build/dynamixel_publisher build --build-base /home/yt6/ros2_py_ws/build/dynamixel_publisher/build install --record /home/yt6/ros2_py_ws/build/dynamixel_publisher/install.log --single-version-externally-managed install_data
[0.949s] running egg_info
[0.949s] creating ../../build/dynamixel_publisher/dynamixel_publisher.egg-info
[0.949s] writing ../../build/dynamixel_publisher/dynamixel_publisher.egg-info/PKG-INFO
[0.949s] writing dependency_links to ../../build/dynamixel_publisher/dynamixel_publisher.egg-info/dependency_links.txt
[0.950s] writing entry points to ../../build/dynamixel_publisher/dynamixel_publisher.egg-info/entry_points.txt
[0.950s] writing requirements to ../../build/dynamixel_publisher/dynamixel_publisher.egg-info/requires.txt
[0.950s] writing top-level names to ../../build/dynamixel_publisher/dynamixel_publisher.egg-info/top_level.txt
[0.950s] writing manifest file '../../build/dynamixel_publisher/dynamixel_publisher.egg-info/SOURCES.txt'
[0.973s] reading manifest file '../../build/dynamixel_publisher/dynamixel_publisher.egg-info/SOURCES.txt'
[0.973s] writing manifest file '../../build/dynamixel_publisher/dynamixel_publisher.egg-info/SOURCES.txt'
[0.973s] running build
[0.973s] running build_py
[0.973s] creating /home/yt6/ros2_py_ws/build/dynamixel_publisher/build
[0.973s] creating /home/yt6/ros2_py_ws/build/dynamixel_publisher/build/lib
[0.973s] creating /home/yt6/ros2_py_ws/build/dynamixel_publisher/build/lib/dynamixel_publisher
[0.974s] copying dynamixel_publisher/__init__.py -> /home/yt6/ros2_py_ws/build/dynamixel_publisher/build/lib/dynamixel_publisher
[0.974s] copying dynamixel_publisher/dynamixel_node.py -> /home/yt6/ros2_py_ws/build/dynamixel_publisher/build/lib/dynamixel_publisher
[0.974s] running install
[0.974s] running install_lib
[0.975s] creating /home/yt6/ros2_py_ws/install/dynamixel_publisher/lib/python3.8/site-packages/dynamixel_publisher
[0.975s] copying /home/yt6/ros2_py_ws/build/dynamixel_publisher/build/lib/dynamixel_publisher/__init__.py -> /home/yt6/ros2_py_ws/install/dynamixel_publisher/lib/python3.8/site-packages/dynamixel_publisher
[0.975s] copying /home/yt6/ros2_py_ws/build/dynamixel_publisher/build/lib/dynamixel_publisher/dynamixel_node.py -> /home/yt6/ros2_py_ws/install/dynamixel_publisher/lib/python3.8/site-packages/dynamixel_publisher
[0.975s] byte-compiling /home/yt6/ros2_py_ws/install/dynamixel_publisher/lib/python3.8/site-packages/dynamixel_publisher/__init__.py to __init__.cpython-38.pyc
[0.976s] byte-compiling /home/yt6/ros2_py_ws/install/dynamixel_publisher/lib/python3.8/site-packages/dynamixel_publisher/dynamixel_node.py to dynamixel_node.cpython-38.pyc
[0.976s] running install_data
[0.976s] creating /home/yt6/ros2_py_ws/install/dynamixel_publisher/share/ament_index
[0.976s] creating /home/yt6/ros2_py_ws/install/dynamixel_publisher/share/ament_index/resource_index
[0.976s] creating /home/yt6/ros2_py_ws/install/dynamixel_publisher/share/ament_index/resource_index/packages
[0.977s] copying resource/dynamixel_publisher -> /home/yt6/ros2_py_ws/install/dynamixel_publisher/share/ament_index/resource_index/packages
[0.977s] copying package.xml -> /home/yt6/ros2_py_ws/install/dynamixel_publisher/share/dynamixel_publisher
[0.977s] running install_egg_info
[0.978s] Copying ../../build/dynamixel_publisher/dynamixel_publisher.egg-info to /home/yt6/ros2_py_ws/install/dynamixel_publisher/lib/python3.8/site-packages/dynamixel_publisher-0.0.0-py3.8.egg-info
[0.978s] running install_scripts
[0.990s] Installing dynamixel_publisher script to /home/yt6/ros2_py_ws/install/dynamixel_publisher/lib/dynamixel_publisher
[0.990s] writing list of installed files to '/home/yt6/ros2_py_ws/build/dynamixel_publisher/install.log'
[1.013s] Invoked command in '/home/yt6/ros2_py_ws/src/dynamixel_publisher' returned '0': PYTHONPATH=/home/yt6/ros2_py_ws/build/dynamixel_publisher/prefix_override:/usr/lib/python3/dist-packages/colcon_core/task/python/colcon_distutils_commands:/home/yt6/ros2_py_ws/install/dynamixel_publisher/lib/python3.8/site-packages:${PYTHONPATH} /usr/bin/python3 -W ignore:setup.py install is deprecated -W ignore:easy_install command is deprecated setup.py egg_info --egg-base ../../build/dynamixel_publisher build --build-base /home/yt6/ros2_py_ws/build/dynamixel_publisher/build install --record /home/yt6/ros2_py_ws/build/dynamixel_publisher/install.log --single-version-externally-managed install_data
