running develop
Removing /home/yt6/ros2_py_ws/install/my_py_pkg/lib/python3.8/site-packages/my-py-pkg.egg-link (link to .)
running egg_info
writing ../../build/my_py_pkg/my_py_pkg.egg-info/PKG-INFO
writing dependency_links to ../../build/my_py_pkg/my_py_pkg.egg-info/dependency_links.txt
writing entry points to ../../build/my_py_pkg/my_py_pkg.egg-info/entry_points.txt
writing requirements to ../../build/my_py_pkg/my_py_pkg.egg-info/requires.txt
writing top-level names to ../../build/my_py_pkg/my_py_pkg.egg-info/top_level.txt
reading manifest file '../../build/my_py_pkg/my_py_pkg.egg-info/SOURCES.txt'
writing manifest file '../../build/my_py_pkg/my_py_pkg.egg-info/SOURCES.txt'
running build
running build_py
running install
running install_lib
creating /home/yt6/ros2_py_ws/install/my_py_pkg/lib/python3.8/site-packages/my_py_pkg
copying /home/yt6/ros2_py_ws/build/my_py_pkg/build/lib/my_py_pkg/__init__.py -> /home/yt6/ros2_py_ws/install/my_py_pkg/lib/python3.8/site-packages/my_py_pkg
creating /home/yt6/ros2_py_ws/install/my_py_pkg/lib/python3.8/site-packages/my_py_pkg/nodes
copying /home/yt6/ros2_py_ws/build/my_py_pkg/build/lib/my_py_pkg/nodes/talker.py -> /home/yt6/ros2_py_ws/install/my_py_pkg/lib/python3.8/site-packages/my_py_pkg/nodes
copying /home/yt6/ros2_py_ws/build/my_py_pkg/build/lib/my_py_pkg/nodes/__init__.py -> /home/yt6/ros2_py_ws/install/my_py_pkg/lib/python3.8/site-packages/my_py_pkg/nodes
copying /home/yt6/ros2_py_ws/build/my_py_pkg/build/lib/my_py_pkg/nodes/listener.py -> /home/yt6/ros2_py_ws/install/my_py_pkg/lib/python3.8/site-packages/my_py_pkg/nodes
byte-compiling /home/yt6/ros2_py_ws/install/my_py_pkg/lib/python3.8/site-packages/my_py_pkg/__init__.py to __init__.cpython-38.pyc
byte-compiling /home/yt6/ros2_py_ws/install/my_py_pkg/lib/python3.8/site-packages/my_py_pkg/nodes/talker.py to talker.cpython-38.pyc
byte-compiling /home/yt6/ros2_py_ws/install/my_py_pkg/lib/python3.8/site-packages/my_py_pkg/nodes/__init__.py to __init__.cpython-38.pyc
byte-compiling /home/yt6/ros2_py_ws/install/my_py_pkg/lib/python3.8/site-packages/my_py_pkg/nodes/listener.py to listener.cpython-38.pyc
running install_data
copying resource/my_py_pkg -> /home/yt6/ros2_py_ws/install/my_py_pkg/share/ament_index/resource_index/packages
copying package.xml -> /home/yt6/ros2_py_ws/install/my_py_pkg/share/my_py_pkg
running install_egg_info
Copying ../../build/my_py_pkg/my_py_pkg.egg-info to /home/yt6/ros2_py_ws/install/my_py_pkg/lib/python3.8/site-packages/my_py_pkg-0.0.0-py3.8.egg-info
running install_scripts
Installing listener script to /home/yt6/ros2_py_ws/install/my_py_pkg/lib/my_py_pkg
Installing talker script to /home/yt6/ros2_py_ws/install/my_py_pkg/lib/my_py_pkg
writing list of installed files to '/home/yt6/ros2_py_ws/build/my_py_pkg/install.log'
