[1.018s] Invoking command in '/home/yt6/ros2_py_ws/build/my_py_pkg': PYTHONPATH=/home/yt6/ros2_py_ws/build/my_py_pkg/prefix_override:/usr/lib/python3/dist-packages/colcon_core/task/python/colcon_distutils_commands:/home/yt6/ros2_py_ws/install/my_py_pkg/lib/python3.8/site-packages:${PYTHONPATH} /usr/bin/python3 -W ignore:setup.py install is deprecated -W ignore:easy_install command is deprecated setup.py develop --uninstall --editable --build-directory /home/yt6/ros2_py_ws/build/my_py_pkg/build
[1.228s] running develop
[1.374s] Removing /home/yt6/ros2_py_ws/install/my_py_pkg/lib/python3.8/site-packages/my-py-pkg.egg-link (link to .)
[1.408s] Invoked command in '/home/yt6/ros2_py_ws/build/my_py_pkg' returned '0': PYTHONPATH=/home/yt6/ros2_py_ws/build/my_py_pkg/prefix_override:/usr/lib/python3/dist-packages/colcon_core/task/python/colcon_distutils_commands:/home/yt6/ros2_py_ws/install/my_py_pkg/lib/python3.8/site-packages:${PYTHONPATH} /usr/bin/python3 -W ignore:setup.py install is deprecated -W ignore:easy_install command is deprecated setup.py develop --uninstall --editable --build-directory /home/yt6/ros2_py_ws/build/my_py_pkg/build
[1.410s] Invoking command in '/home/yt6/ros2_py_ws/src/my_py_pkg': PYTHONPATH=/home/yt6/ros2_py_ws/build/my_py_pkg/prefix_override:/usr/lib/python3/dist-packages/colcon_core/task/python/colcon_distutils_commands:/home/yt6/ros2_py_ws/install/my_py_pkg/lib/python3.8/site-packages:${PYTHONPATH} /usr/bin/python3 -W ignore:setup.py install is deprecated -W ignore:easy_install command is deprecated setup.py egg_info --egg-base ../../build/my_py_pkg build --build-base /home/yt6/ros2_py_ws/build/my_py_pkg/build install --record /home/yt6/ros2_py_ws/build/my_py_pkg/install.log --single-version-externally-managed install_data --force
[1.605s] running egg_info
[1.606s] writing ../../build/my_py_pkg/my_py_pkg.egg-info/PKG-INFO
[1.606s] writing dependency_links to ../../build/my_py_pkg/my_py_pkg.egg-info/dependency_links.txt
[1.606s] writing entry points to ../../build/my_py_pkg/my_py_pkg.egg-info/entry_points.txt
[1.606s] writing requirements to ../../build/my_py_pkg/my_py_pkg.egg-info/requires.txt
[1.606s] writing top-level names to ../../build/my_py_pkg/my_py_pkg.egg-info/top_level.txt
[1.630s] reading manifest file '../../build/my_py_pkg/my_py_pkg.egg-info/SOURCES.txt'
[1.631s] writing manifest file '../../build/my_py_pkg/my_py_pkg.egg-info/SOURCES.txt'
[1.631s] running build
[1.631s] running build_py
[1.631s] running install
[1.632s] running install_lib
[1.633s] creating /home/yt6/ros2_py_ws/install/my_py_pkg/lib/python3.8/site-packages/my_py_pkg
[1.633s] copying /home/yt6/ros2_py_ws/build/my_py_pkg/build/lib/my_py_pkg/__init__.py -> /home/yt6/ros2_py_ws/install/my_py_pkg/lib/python3.8/site-packages/my_py_pkg
[1.633s] creating /home/yt6/ros2_py_ws/install/my_py_pkg/lib/python3.8/site-packages/my_py_pkg/nodes
[1.633s] copying /home/yt6/ros2_py_ws/build/my_py_pkg/build/lib/my_py_pkg/nodes/talker.py -> /home/yt6/ros2_py_ws/install/my_py_pkg/lib/python3.8/site-packages/my_py_pkg/nodes
[1.633s] copying /home/yt6/ros2_py_ws/build/my_py_pkg/build/lib/my_py_pkg/nodes/__init__.py -> /home/yt6/ros2_py_ws/install/my_py_pkg/lib/python3.8/site-packages/my_py_pkg/nodes
[1.633s] copying /home/yt6/ros2_py_ws/build/my_py_pkg/build/lib/my_py_pkg/nodes/listener.py -> /home/yt6/ros2_py_ws/install/my_py_pkg/lib/python3.8/site-packages/my_py_pkg/nodes
[1.634s] byte-compiling /home/yt6/ros2_py_ws/install/my_py_pkg/lib/python3.8/site-packages/my_py_pkg/__init__.py to __init__.cpython-38.pyc
[1.634s] byte-compiling /home/yt6/ros2_py_ws/install/my_py_pkg/lib/python3.8/site-packages/my_py_pkg/nodes/talker.py to talker.cpython-38.pyc
[1.635s] byte-compiling /home/yt6/ros2_py_ws/install/my_py_pkg/lib/python3.8/site-packages/my_py_pkg/nodes/__init__.py to __init__.cpython-38.pyc
[1.635s] byte-compiling /home/yt6/ros2_py_ws/install/my_py_pkg/lib/python3.8/site-packages/my_py_pkg/nodes/listener.py to listener.cpython-38.pyc
[1.635s] running install_data
[1.635s] copying resource/my_py_pkg -> /home/yt6/ros2_py_ws/install/my_py_pkg/share/ament_index/resource_index/packages
[1.635s] copying package.xml -> /home/yt6/ros2_py_ws/install/my_py_pkg/share/my_py_pkg
[1.635s] running install_egg_info
[1.637s] Copying ../../build/my_py_pkg/my_py_pkg.egg-info to /home/yt6/ros2_py_ws/install/my_py_pkg/lib/python3.8/site-packages/my_py_pkg-0.0.0-py3.8.egg-info
[1.638s] running install_scripts
[1.649s] Installing listener script to /home/yt6/ros2_py_ws/install/my_py_pkg/lib/my_py_pkg
[1.650s] Installing talker script to /home/yt6/ros2_py_ws/install/my_py_pkg/lib/my_py_pkg
[1.650s] writing list of installed files to '/home/yt6/ros2_py_ws/build/my_py_pkg/install.log'
[1.680s] Invoked command in '/home/yt6/ros2_py_ws/src/my_py_pkg' returned '0': PYTHONPATH=/home/yt6/ros2_py_ws/build/my_py_pkg/prefix_override:/usr/lib/python3/dist-packages/colcon_core/task/python/colcon_distutils_commands:/home/yt6/ros2_py_ws/install/my_py_pkg/lib/python3.8/site-packages:${PYTHONPATH} /usr/bin/python3 -W ignore:setup.py install is deprecated -W ignore:easy_install command is deprecated setup.py egg_info --egg-base ../../build/my_py_pkg build --build-base /home/yt6/ros2_py_ws/build/my_py_pkg/build install --record /home/yt6/ros2_py_ws/build/my_py_pkg/install.log --single-version-externally-managed install_data --force
