[1.087s] Invoking command in '/home/yt6/ros2_py_ws/src/dynamixel_control': PYTHONPATH=/home/yt6/ros2_py_ws/src/build/dynamixel_control/prefix_override:/usr/lib/python3/dist-packages/colcon_core/task/python/colcon_distutils_commands:/home/yt6/ros2_py_ws/src/install/dynamixel_control/lib/python3.8/site-packages:${PYTHONPATH} /usr/bin/python3 -W ignore:setup.py install is deprecated -W ignore:easy_install command is deprecated setup.py egg_info --egg-base ../build/dynamixel_control build --build-base /home/yt6/ros2_py_ws/src/build/dynamixel_control/build install --record /home/yt6/ros2_py_ws/src/build/dynamixel_control/install.log --single-version-externally-managed install_data
[1.311s] running egg_info
[1.311s] writing ../build/dynamixel_control/dynamixel_control.egg-info/PKG-INFO
[1.311s] writing dependency_links to ../build/dynamixel_control/dynamixel_control.egg-info/dependency_links.txt
[1.312s] writing entry points to ../build/dynamixel_control/dynamixel_control.egg-info/entry_points.txt
[1.312s] writing requirements to ../build/dynamixel_control/dynamixel_control.egg-info/requires.txt
[1.312s] writing top-level names to ../build/dynamixel_control/dynamixel_control.egg-info/top_level.txt
[1.336s] reading manifest file '../build/dynamixel_control/dynamixel_control.egg-info/SOURCES.txt'
[1.336s] writing manifest file '../build/dynamixel_control/dynamixel_control.egg-info/SOURCES.txt'
[1.336s] running build
[1.336s] running build_py
[1.336s] running install
[1.337s] running install_lib
[1.338s] running install_data
[1.338s] running install_egg_info
[1.340s] removing '/home/yt6/ros2_py_ws/src/install/dynamixel_control/lib/python3.8/site-packages/dynamixel_control-0.0.0-py3.8.egg-info' (and everything under it)
[1.340s] Copying ../build/dynamixel_control/dynamixel_control.egg-info to /home/yt6/ros2_py_ws/src/install/dynamixel_control/lib/python3.8/site-packages/dynamixel_control-0.0.0-py3.8.egg-info
[1.340s] running install_scripts
[1.354s] Installing dynamixel_node script to /home/yt6/ros2_py_ws/src/install/dynamixel_control/lib/dynamixel_control
[1.354s] writing list of installed files to '/home/yt6/ros2_py_ws/src/build/dynamixel_control/install.log'
[1.386s] Invoked command in '/home/yt6/ros2_py_ws/src/dynamixel_control' returned '0': PYTHONPATH=/home/yt6/ros2_py_ws/src/build/dynamixel_control/prefix_override:/usr/lib/python3/dist-packages/colcon_core/task/python/colcon_distutils_commands:/home/yt6/ros2_py_ws/src/install/dynamixel_control/lib/python3.8/site-packages:${PYTHONPATH} /usr/bin/python3 -W ignore:setup.py install is deprecated -W ignore:easy_install command is deprecated setup.py egg_info --egg-base ../build/dynamixel_control build --build-base /home/yt6/ros2_py_ws/src/build/dynamixel_control/build install --record /home/yt6/ros2_py_ws/src/build/dynamixel_control/install.log --single-version-externally-managed install_data
