[0.714s] Invoking command in '/home/tabatakenta/kikuchi_jikken/my_ros2/src/my_vision_pkg': PYTHONPATH=/home/tabatakenta/kikuchi_jikken/my_ros2/build/my_vision_pkg/prefix_override:/usr/lib/python3/dist-packages/colcon_core/task/python/colcon_distutils_commands:/home/tabatakenta/kikuchi_jikken/my_ros2/install/my_vision_pkg/lib/python3.10/site-packages:${PYTHONPATH} /usr/bin/python3 -W ignore:setup.py install is deprecated -W ignore:easy_install command is deprecated setup.py egg_info --egg-base ../../build/my_vision_pkg build --build-base /home/tabatakenta/kikuchi_jikken/my_ros2/build/my_vision_pkg/build install --record /home/tabatakenta/kikuchi_jikken/my_ros2/build/my_vision_pkg/install.log --single-version-externally-managed install_data
[0.826s] running egg_info
[0.827s] writing ../../build/my_vision_pkg/my_vision_pkg.egg-info/PKG-INFO
[0.827s] writing dependency_links to ../../build/my_vision_pkg/my_vision_pkg.egg-info/dependency_links.txt
[0.827s] writing entry points to ../../build/my_vision_pkg/my_vision_pkg.egg-info/entry_points.txt
[0.827s] writing requirements to ../../build/my_vision_pkg/my_vision_pkg.egg-info/requires.txt
[0.827s] writing top-level names to ../../build/my_vision_pkg/my_vision_pkg.egg-info/top_level.txt
[0.828s] reading manifest file '../../build/my_vision_pkg/my_vision_pkg.egg-info/SOURCES.txt'
[0.828s] writing manifest file '../../build/my_vision_pkg/my_vision_pkg.egg-info/SOURCES.txt'
[0.828s] running build
[0.828s] running build_py
[0.828s] running install
[0.828s] running install_lib
[0.829s] running install_data
[0.829s] running install_egg_info
[0.830s] removing '/home/tabatakenta/kikuchi_jikken/my_ros2/install/my_vision_pkg/lib/python3.10/site-packages/my_vision_pkg-0.0.0-py3.10.egg-info' (and everything under it)
[0.830s] Copying ../../build/my_vision_pkg/my_vision_pkg.egg-info to /home/tabatakenta/kikuchi_jikken/my_ros2/install/my_vision_pkg/lib/python3.10/site-packages/my_vision_pkg-0.0.0-py3.10.egg-info
[0.831s] running install_scripts
[0.841s] Installing circle_subscriber script to /home/tabatakenta/kikuchi_jikken/my_ros2/install/my_vision_pkg/lib/my_vision_pkg
[0.841s] Installing detect_circles script to /home/tabatakenta/kikuchi_jikken/my_ros2/install/my_vision_pkg/lib/my_vision_pkg
[0.841s] Installing detect_circles_1shot script to /home/tabatakenta/kikuchi_jikken/my_ros2/install/my_vision_pkg/lib/my_vision_pkg
[0.841s] writing list of installed files to '/home/tabatakenta/kikuchi_jikken/my_ros2/build/my_vision_pkg/install.log'
[0.856s] Invoked command in '/home/tabatakenta/kikuchi_jikken/my_ros2/src/my_vision_pkg' returned '0': PYTHONPATH=/home/tabatakenta/kikuchi_jikken/my_ros2/build/my_vision_pkg/prefix_override:/usr/lib/python3/dist-packages/colcon_core/task/python/colcon_distutils_commands:/home/tabatakenta/kikuchi_jikken/my_ros2/install/my_vision_pkg/lib/python3.10/site-packages:${PYTHONPATH} /usr/bin/python3 -W ignore:setup.py install is deprecated -W ignore:easy_install command is deprecated setup.py egg_info --egg-base ../../build/my_vision_pkg build --build-base /home/tabatakenta/kikuchi_jikken/my_ros2/build/my_vision_pkg/build install --record /home/tabatakenta/kikuchi_jikken/my_ros2/build/my_vision_pkg/install.log --single-version-externally-managed install_data
