[0.781s] Invoking command in '/home/yt6/ros2_py_ws/build/my_vision_pkg': PYTHONPATH=/home/yt6/ros2_py_ws/build/my_vision_pkg/prefix_override:/usr/lib/python3/dist-packages/colcon_core/task/python/colcon_distutils_commands:/home/yt6/ros2_py_ws/install/my_vision_pkg/lib/python3.8/site-packages:${PYTHONPATH} /usr/bin/python3 -W ignore:setup.py install is deprecated -W ignore:easy_install command is deprecated setup.py develop --editable --build-directory /home/yt6/ros2_py_ws/build/my_vision_pkg/build --no-deps symlink_data --force
[1.090s] running develop
[1.230s] running egg_info
[1.230s] writing my_vision_pkg.egg-info/PKG-INFO
[1.230s] writing dependency_links to my_vision_pkg.egg-info/dependency_links.txt
[1.230s] writing entry points to my_vision_pkg.egg-info/entry_points.txt
[1.230s] writing requirements to my_vision_pkg.egg-info/requires.txt
[1.231s] writing top-level names to my_vision_pkg.egg-info/top_level.txt
[1.255s] reading manifest file 'my_vision_pkg.egg-info/SOURCES.txt'
[1.256s] writing manifest file 'my_vision_pkg.egg-info/SOURCES.txt'
[1.283s] running build_ext
[1.283s] Creating /home/yt6/ros2_py_ws/install/my_vision_pkg/lib/python3.8/site-packages/site.py
[1.284s] Creating /home/yt6/ros2_py_ws/install/my_vision_pkg/lib/python3.8/site-packages/my-vision-pkg.egg-link (link to .)
[1.285s] Installing detect_circles script to /home/yt6/ros2_py_ws/install/my_vision_pkg/lib/my_vision_pkg
[1.285s] 
[1.286s] Installed /home/yt6/ros2_py_ws/build/my_vision_pkg
[1.286s] running symlink_data
[1.286s] symbolically linking /home/yt6/ros2_py_ws/build/my_vision_pkg/resource/my_vision_pkg -> /home/yt6/ros2_py_ws/install/my_vision_pkg/share/ament_index/resource_index/packages
[1.286s] symbolically linking /home/yt6/ros2_py_ws/build/my_vision_pkg/package.xml -> /home/yt6/ros2_py_ws/install/my_vision_pkg/share/my_vision_pkg
[1.326s] Invoked command in '/home/yt6/ros2_py_ws/build/my_vision_pkg' returned '0': PYTHONPATH=/home/yt6/ros2_py_ws/build/my_vision_pkg/prefix_override:/usr/lib/python3/dist-packages/colcon_core/task/python/colcon_distutils_commands:/home/yt6/ros2_py_ws/install/my_vision_pkg/lib/python3.8/site-packages:${PYTHONPATH} /usr/bin/python3 -W ignore:setup.py install is deprecated -W ignore:easy_install command is deprecated setup.py develop --editable --build-directory /home/yt6/ros2_py_ws/build/my_vision_pkg/build --no-deps symlink_data --force
