[0.779s] Invoking command in '/home/yt6/ros2_py_ws/build/my_py_pkg': PYTHONPATH=/home/yt6/ros2_py_ws/build/my_py_pkg/prefix_override:/usr/lib/python3/dist-packages/colcon_core/task/python/colcon_distutils_commands:/home/yt6/ros2_py_ws/install/my_py_pkg/lib/python3.8/site-packages:${PYTHONPATH} /usr/bin/python3 -W ignore:setup.py install is deprecated -W ignore:easy_install command is deprecated setup.py develop --editable --build-directory /home/yt6/ros2_py_ws/build/my_py_pkg/build --no-deps symlink_data --force
[1.050s] running develop
[1.191s] running egg_info
[1.191s] writing my_py_pkg.egg-info/PKG-INFO
[1.191s] writing dependency_links to my_py_pkg.egg-info/dependency_links.txt
[1.191s] writing entry points to my_py_pkg.egg-info/entry_points.txt
[1.191s] writing requirements to my_py_pkg.egg-info/requires.txt
[1.192s] writing top-level names to my_py_pkg.egg-info/top_level.txt
[1.215s] reading manifest file 'my_py_pkg.egg-info/SOURCES.txt'
[1.215s] writing manifest file 'my_py_pkg.egg-info/SOURCES.txt'
[1.241s] running build_ext
[1.241s] Creating /home/yt6/ros2_py_ws/install/my_py_pkg/lib/python3.8/site-packages/site.py
[1.243s] Creating /home/yt6/ros2_py_ws/install/my_py_pkg/lib/python3.8/site-packages/my-py-pkg.egg-link (link to .)
[1.243s] Installing listener script to /home/yt6/ros2_py_ws/install/my_py_pkg/lib/my_py_pkg
[1.243s] Installing talker script to /home/yt6/ros2_py_ws/install/my_py_pkg/lib/my_py_pkg
[1.244s] 
[1.244s] Installed /home/yt6/ros2_py_ws/build/my_py_pkg
[1.244s] running symlink_data
[1.244s] symbolically linking /home/yt6/ros2_py_ws/build/my_py_pkg/resource/my_py_pkg -> /home/yt6/ros2_py_ws/install/my_py_pkg/share/ament_index/resource_index/packages
[1.244s] symbolically linking /home/yt6/ros2_py_ws/build/my_py_pkg/package.xml -> /home/yt6/ros2_py_ws/install/my_py_pkg/share/my_py_pkg
[1.281s] Invoked command in '/home/yt6/ros2_py_ws/build/my_py_pkg' returned '0': PYTHONPATH=/home/yt6/ros2_py_ws/build/my_py_pkg/prefix_override:/usr/lib/python3/dist-packages/colcon_core/task/python/colcon_distutils_commands:/home/yt6/ros2_py_ws/install/my_py_pkg/lib/python3.8/site-packages:${PYTHONPATH} /usr/bin/python3 -W ignore:setup.py install is deprecated -W ignore:easy_install command is deprecated setup.py develop --editable --build-directory /home/yt6/ros2_py_ws/build/my_py_pkg/build --no-deps symlink_data --force
