running develop
running egg_info
creating my_vision_pkg.egg-info
writing my_vision_pkg.egg-info/PKG-INFO
writing dependency_links to my_vision_pkg.egg-info/dependency_links.txt
writing entry points to my_vision_pkg.egg-info/entry_points.txt
writing requirements to my_vision_pkg.egg-info/requires.txt
writing top-level names to my_vision_pkg.egg-info/top_level.txt
writing manifest file 'my_vision_pkg.egg-info/SOURCES.txt'
reading manifest file 'my_vision_pkg.egg-info/SOURCES.txt'
writing manifest file 'my_vision_pkg.egg-info/SOURCES.txt'
running build_ext
Creating /home/yt6/ros2_py_ws/src/my_vision_pkg/install/my_vision_pkg/lib/python3.8/site-packages/site.py
Creating /home/yt6/ros2_py_ws/src/my_vision_pkg/install/my_vision_pkg/lib/python3.8/site-packages/my-vision-pkg.egg-link (link to .)
Installing detect_circles script to /home/yt6/ros2_py_ws/src/my_vision_pkg/install/my_vision_pkg/lib/my_vision_pkg
Installing detect_circles_1shot script to /home/yt6/ros2_py_ws/src/my_vision_pkg/install/my_vision_pkg/lib/my_vision_pkg

Installed /home/yt6/ros2_py_ws/src/my_vision_pkg/build/my_vision_pkg
running symlink_data
creating /home/yt6/ros2_py_ws/src/my_vision_pkg/install/my_vision_pkg/share/ament_index
creating /home/yt6/ros2_py_ws/src/my_vision_pkg/install/my_vision_pkg/share/ament_index/resource_index
creating /home/yt6/ros2_py_ws/src/my_vision_pkg/install/my_vision_pkg/share/ament_index/resource_index/packages
symbolically linking /home/yt6/ros2_py_ws/src/my_vision_pkg/build/my_vision_pkg/resource/my_vision_pkg -> /home/yt6/ros2_py_ws/src/my_vision_pkg/install/my_vision_pkg/share/ament_index/resource_index/packages
symbolically linking /home/yt6/ros2_py_ws/src/my_vision_pkg/build/my_vision_pkg/package.xml -> /home/yt6/ros2_py_ws/src/my_vision_pkg/install/my_vision_pkg/share/my_vision_pkg
