[0.554s] Invoking command in '/home/yt6/ros2_py_ws/src/my_vision_pkg/build/my_vision_pkg': PYTHONPATH=/home/yt6/ros2_py_ws/src/my_vision_pkg/build/my_vision_pkg/prefix_override:/usr/lib/python3/dist-packages/colcon_core/task/python/colcon_distutils_commands:/home/yt6/ros2_py_ws/src/my_vision_pkg/install/my_vision_pkg/lib/python3.8/site-packages:${PYTHONPATH} /usr/bin/python3 -W ignore:setup.py install is deprecated -W ignore:easy_install command is deprecated setup.py develop --editable --build-directory /home/yt6/ros2_py_ws/src/my_vision_pkg/build/my_vision_pkg/build --no-deps symlink_data
[0.759s] running develop
[0.902s] running egg_info
[0.902s] creating my_vision_pkg.egg-info
[0.902s] writing my_vision_pkg.egg-info/PKG-INFO
[0.902s] writing dependency_links to my_vision_pkg.egg-info/dependency_links.txt
[0.902s] writing entry points to my_vision_pkg.egg-info/entry_points.txt
[0.902s] writing requirements to my_vision_pkg.egg-info/requires.txt
[0.902s] writing top-level names to my_vision_pkg.egg-info/top_level.txt
[0.902s] writing manifest file 'my_vision_pkg.egg-info/SOURCES.txt'
[0.924s] reading manifest file 'my_vision_pkg.egg-info/SOURCES.txt'
[0.924s] writing manifest file 'my_vision_pkg.egg-info/SOURCES.txt'
[0.949s] running build_ext
[0.950s] Creating /home/yt6/ros2_py_ws/src/my_vision_pkg/install/my_vision_pkg/lib/python3.8/site-packages/site.py
[0.951s] Creating /home/yt6/ros2_py_ws/src/my_vision_pkg/install/my_vision_pkg/lib/python3.8/site-packages/my-vision-pkg.egg-link (link to .)
[0.952s] Installing detect_circles script to /home/yt6/ros2_py_ws/src/my_vision_pkg/install/my_vision_pkg/lib/my_vision_pkg
[0.952s] Installing detect_circles_1shot script to /home/yt6/ros2_py_ws/src/my_vision_pkg/install/my_vision_pkg/lib/my_vision_pkg
[0.952s] 
[0.952s] Installed /home/yt6/ros2_py_ws/src/my_vision_pkg/build/my_vision_pkg
[0.952s] running symlink_data
[0.952s] creating /home/yt6/ros2_py_ws/src/my_vision_pkg/install/my_vision_pkg/share/ament_index
[0.952s] creating /home/yt6/ros2_py_ws/src/my_vision_pkg/install/my_vision_pkg/share/ament_index/resource_index
[0.952s] creating /home/yt6/ros2_py_ws/src/my_vision_pkg/install/my_vision_pkg/share/ament_index/resource_index/packages
[0.952s] symbolically linking /home/yt6/ros2_py_ws/src/my_vision_pkg/build/my_vision_pkg/resource/my_vision_pkg -> /home/yt6/ros2_py_ws/src/my_vision_pkg/install/my_vision_pkg/share/ament_index/resource_index/packages
[0.953s] symbolically linking /home/yt6/ros2_py_ws/src/my_vision_pkg/build/my_vision_pkg/package.xml -> /home/yt6/ros2_py_ws/src/my_vision_pkg/install/my_vision_pkg/share/my_vision_pkg
[0.981s] Invoked command in '/home/yt6/ros2_py_ws/src/my_vision_pkg/build/my_vision_pkg' returned '0': PYTHONPATH=/home/yt6/ros2_py_ws/src/my_vision_pkg/build/my_vision_pkg/prefix_override:/usr/lib/python3/dist-packages/colcon_core/task/python/colcon_distutils_commands:/home/yt6/ros2_py_ws/src/my_vision_pkg/install/my_vision_pkg/lib/python3.8/site-packages:${PYTHONPATH} /usr/bin/python3 -W ignore:setup.py install is deprecated -W ignore:easy_install command is deprecated setup.py develop --editable --build-directory /home/yt6/ros2_py_ws/src/my_vision_pkg/build/my_vision_pkg/build --no-deps symlink_data
