running develop
running egg_info
creating dynamixel_publisher.egg-info
writing dynamixel_publisher.egg-info/PKG-INFO
writing dependency_links to dynamixel_publisher.egg-info/dependency_links.txt
writing entry points to dynamixel_publisher.egg-info/entry_points.txt
writing requirements to dynamixel_publisher.egg-info/requires.txt
writing top-level names to dynamixel_publisher.egg-info/top_level.txt
writing manifest file 'dynamixel_publisher.egg-info/SOURCES.txt'
reading manifest file 'dynamixel_publisher.egg-info/SOURCES.txt'
writing manifest file 'dynamixel_publisher.egg-info/SOURCES.txt'
running build_ext
Creating /home/yt6/ros2_py_ws/install/dynamixel_publisher/lib/python3.8/site-packages/site.py
Creating /home/yt6/ros2_py_ws/install/dynamixel_publisher/lib/python3.8/site-packages/dynamixel-publisher.egg-link (link to .)
Installing dynamixel_curremt_node script to /home/yt6/ros2_py_ws/install/dynamixel_publisher/lib/dynamixel_publisher
Installing dynamixel_node script to /home/yt6/ros2_py_ws/install/dynamixel_publisher/lib/dynamixel_publisher
Installing keyboard_current_publisher script to /home/yt6/ros2_py_ws/install/dynamixel_publisher/lib/dynamixel_publisher

Installed /home/yt6/ros2_py_ws/build/dynamixel_publisher
running symlink_data
creating /home/yt6/ros2_py_ws/install/dynamixel_publisher/share/ament_index
creating /home/yt6/ros2_py_ws/install/dynamixel_publisher/share/ament_index/resource_index
creating /home/yt6/ros2_py_ws/install/dynamixel_publisher/share/ament_index/resource_index/packages
symbolically linking /home/yt6/ros2_py_ws/build/dynamixel_publisher/resource/dynamixel_publisher -> /home/yt6/ros2_py_ws/install/dynamixel_publisher/share/ament_index/resource_index/packages
symbolically linking /home/yt6/ros2_py_ws/build/dynamixel_publisher/package.xml -> /home/yt6/ros2_py_ws/install/dynamixel_publisher/share/dynamixel_publisher
