[0.767s] Invoking command in '/home/yt6/ros2_py_ws/build/dynamixel_publisher': AMENT_PREFIX_PATH=/home/yt6/ros2_py_ws/install/dynamixel_sdk_custom_interfaces:/home/yt6/ros2_py_ws/install/dynamixel_sdk:${AMENT_PREFIX_PATH} CMAKE_PREFIX_PATH=/home/yt6/ros2_py_ws/install/dynamixel_sdk_custom_interfaces:/home/yt6/ros2_py_ws/install/dynamixel_sdk PYTHONPATH=/home/yt6/ros2_py_ws/build/dynamixel_publisher/prefix_override:/usr/lib/python3/dist-packages/colcon_core/task/python/colcon_distutils_commands:/home/yt6/ros2_py_ws/install/dynamixel_publisher/lib/python3.8/site-packages:/home/yt6/ros2_py_ws/install/dynamixel_sdk_custom_interfaces/lib/python3.8/site-packages:/home/yt6/ros2_py_ws/build/my_vision_pkg:/home/yt6/ros2_py_ws/install/my_vision_pkg/lib/python3.8/site-packages:/home/yt6/ros2_py_ws/build/my_py_pkg:/home/yt6/ros2_py_ws/install/my_py_pkg/lib/python3.8/site-packages:/home/yt6/ros2_py_ws/build/dynamixel_publisher:/home/yt6/ros2_py_ws/install/dynamixel_publisher/lib/python3.8/site-packages:/home/yt6/ros2_py_ws/build/dynamixel_control:/home/yt6/ros2_py_ws/install/dynamixel_control/lib/python3.8/site-packages:/home/yt6/ros2_py_ws/src/my_vision_pkg/install/my_vision_pkg/lib/python3.8/site-packages:/opt/ros/humble/lib/python3.8/site-packages /usr/bin/python3 -W ignore:setup.py install is deprecated -W ignore:easy_install command is deprecated setup.py develop --editable --build-directory /home/yt6/ros2_py_ws/build/dynamixel_publisher/build --no-deps symlink_data
[0.970s] running develop
[1.110s] running egg_info
[1.110s] creating dynamixel_publisher.egg-info
[1.110s] writing dynamixel_publisher.egg-info/PKG-INFO
[1.110s] writing dependency_links to dynamixel_publisher.egg-info/dependency_links.txt
[1.110s] writing entry points to dynamixel_publisher.egg-info/entry_points.txt
[1.110s] writing requirements to dynamixel_publisher.egg-info/requires.txt
[1.111s] writing top-level names to dynamixel_publisher.egg-info/top_level.txt
[1.111s] writing manifest file 'dynamixel_publisher.egg-info/SOURCES.txt'
[1.135s] reading manifest file 'dynamixel_publisher.egg-info/SOURCES.txt'
[1.135s] writing manifest file 'dynamixel_publisher.egg-info/SOURCES.txt'
[1.159s] running build_ext
[1.159s] Creating /home/yt6/ros2_py_ws/install/dynamixel_publisher/lib/python3.8/site-packages/site.py
[1.160s] Creating /home/yt6/ros2_py_ws/install/dynamixel_publisher/lib/python3.8/site-packages/dynamixel-publisher.egg-link (link to .)
[1.161s] Installing dynamixel_curremt_node script to /home/yt6/ros2_py_ws/install/dynamixel_publisher/lib/dynamixel_publisher
[1.161s] Installing dynamixel_node script to /home/yt6/ros2_py_ws/install/dynamixel_publisher/lib/dynamixel_publisher
[1.161s] Installing keyboard_current_publisher script to /home/yt6/ros2_py_ws/install/dynamixel_publisher/lib/dynamixel_publisher
[1.161s] 
[1.161s] Installed /home/yt6/ros2_py_ws/build/dynamixel_publisher
[1.162s] running symlink_data
[1.162s] creating /home/yt6/ros2_py_ws/install/dynamixel_publisher/share/ament_index
[1.162s] creating /home/yt6/ros2_py_ws/install/dynamixel_publisher/share/ament_index/resource_index
[1.162s] creating /home/yt6/ros2_py_ws/install/dynamixel_publisher/share/ament_index/resource_index/packages
[1.162s] symbolically linking /home/yt6/ros2_py_ws/build/dynamixel_publisher/resource/dynamixel_publisher -> /home/yt6/ros2_py_ws/install/dynamixel_publisher/share/ament_index/resource_index/packages
[1.162s] symbolically linking /home/yt6/ros2_py_ws/build/dynamixel_publisher/package.xml -> /home/yt6/ros2_py_ws/install/dynamixel_publisher/share/dynamixel_publisher
[1.191s] Invoked command in '/home/yt6/ros2_py_ws/build/dynamixel_publisher' returned '0': AMENT_PREFIX_PATH=/home/yt6/ros2_py_ws/install/dynamixel_sdk_custom_interfaces:/home/yt6/ros2_py_ws/install/dynamixel_sdk:${AMENT_PREFIX_PATH} CMAKE_PREFIX_PATH=/home/yt6/ros2_py_ws/install/dynamixel_sdk_custom_interfaces:/home/yt6/ros2_py_ws/install/dynamixel_sdk PYTHONPATH=/home/yt6/ros2_py_ws/build/dynamixel_publisher/prefix_override:/usr/lib/python3/dist-packages/colcon_core/task/python/colcon_distutils_commands:/home/yt6/ros2_py_ws/install/dynamixel_publisher/lib/python3.8/site-packages:/home/yt6/ros2_py_ws/install/dynamixel_sdk_custom_interfaces/lib/python3.8/site-packages:/home/yt6/ros2_py_ws/build/my_vision_pkg:/home/yt6/ros2_py_ws/install/my_vision_pkg/lib/python3.8/site-packages:/home/yt6/ros2_py_ws/build/my_py_pkg:/home/yt6/ros2_py_ws/install/my_py_pkg/lib/python3.8/site-packages:/home/yt6/ros2_py_ws/build/dynamixel_publisher:/home/yt6/ros2_py_ws/install/dynamixel_publisher/lib/python3.8/site-packages:/home/yt6/ros2_py_ws/build/dynamixel_control:/home/yt6/ros2_py_ws/install/dynamixel_control/lib/python3.8/site-packages:/home/yt6/ros2_py_ws/src/my_vision_pkg/install/my_vision_pkg/lib/python3.8/site-packages:/opt/ros/humble/lib/python3.8/site-packages /usr/bin/python3 -W ignore:setup.py install is deprecated -W ignore:easy_install command is deprecated setup.py develop --editable --build-directory /home/yt6/ros2_py_ws/build/dynamixel_publisher/build --no-deps symlink_data
