running develop
Removing /home/yt6/ros2_py_ws/install/dynamixel_control/lib/python3.8/site-packages/dynamixel-control.egg-link (link to .)
running egg_info
writing ../../build/dynamixel_control/dynamixel_control.egg-info/PKG-INFO
writing dependency_links to ../../build/dynamixel_control/dynamixel_control.egg-info/dependency_links.txt
writing entry points to ../../build/dynamixel_control/dynamixel_control.egg-info/entry_points.txt
writing requirements to ../../build/dynamixel_control/dynamixel_control.egg-info/requires.txt
writing top-level names to ../../build/dynamixel_control/dynamixel_control.egg-info/top_level.txt
reading manifest file '../../build/dynamixel_control/dynamixel_control.egg-info/SOURCES.txt'
writing manifest file '../../build/dynamixel_control/dynamixel_control.egg-info/SOURCES.txt'
running build
running build_py
creating /home/yt6/ros2_py_ws/build/dynamixel_control/build
creating /home/yt6/ros2_py_ws/build/dynamixel_control/build/lib
creating /home/yt6/ros2_py_ws/build/dynamixel_control/build/lib/dynamixel_control
copying dynamixel_control/__init__.py -> /home/yt6/ros2_py_ws/build/dynamixel_control/build/lib/dynamixel_control
copying dynamixel_control/dynamixel_controller.py -> /home/yt6/ros2_py_ws/build/dynamixel_control/build/lib/dynamixel_control
copying dynamixel_control/keyboard_current_publisher.py -> /home/yt6/ros2_py_ws/build/dynamixel_control/build/lib/dynamixel_control
copying dynamixel_control/dynamixel_current_controller.py -> /home/yt6/ros2_py_ws/build/dynamixel_control/build/lib/dynamixel_control
running install
running install_lib
creating /home/yt6/ros2_py_ws/install/dynamixel_control/lib/python3.8/site-packages/dynamixel_control
copying /home/yt6/ros2_py_ws/build/dynamixel_control/build/lib/dynamixel_control/__init__.py -> /home/yt6/ros2_py_ws/install/dynamixel_control/lib/python3.8/site-packages/dynamixel_control
copying /home/yt6/ros2_py_ws/build/dynamixel_control/build/lib/dynamixel_control/dynamixel_controller.py -> /home/yt6/ros2_py_ws/install/dynamixel_control/lib/python3.8/site-packages/dynamixel_control
copying /home/yt6/ros2_py_ws/build/dynamixel_control/build/lib/dynamixel_control/keyboard_current_publisher.py -> /home/yt6/ros2_py_ws/install/dynamixel_control/lib/python3.8/site-packages/dynamixel_control
copying /home/yt6/ros2_py_ws/build/dynamixel_control/build/lib/dynamixel_control/dynamixel_current_controller.py -> /home/yt6/ros2_py_ws/install/dynamixel_control/lib/python3.8/site-packages/dynamixel_control
byte-compiling /home/yt6/ros2_py_ws/install/dynamixel_control/lib/python3.8/site-packages/dynamixel_control/__init__.py to __init__.cpython-38.pyc
byte-compiling /home/yt6/ros2_py_ws/install/dynamixel_control/lib/python3.8/site-packages/dynamixel_control/dynamixel_controller.py to dynamixel_controller.cpython-38.pyc
byte-compiling /home/yt6/ros2_py_ws/install/dynamixel_control/lib/python3.8/site-packages/dynamixel_control/keyboard_current_publisher.py to keyboard_current_publisher.cpython-38.pyc
byte-compiling /home/yt6/ros2_py_ws/install/dynamixel_control/lib/python3.8/site-packages/dynamixel_control/dynamixel_current_controller.py to dynamixel_current_controller.cpython-38.pyc
running install_data
copying package.xml -> /home/yt6/ros2_py_ws/install/dynamixel_control/share/dynamixel_control
running install_egg_info
Copying ../../build/dynamixel_control/dynamixel_control.egg-info to /home/yt6/ros2_py_ws/install/dynamixel_control/lib/python3.8/site-packages/dynamixel_control-0.0.0-py3.8.egg-info
running install_scripts
Installing dynamixel_controller script to /home/yt6/ros2_py_ws/install/dynamixel_control/lib/dynamixel_control
Installing dynamixel_current_controller script to /home/yt6/ros2_py_ws/install/dynamixel_control/lib/dynamixel_control
Installing keyboard_current_publisher script to /home/yt6/ros2_py_ws/install/dynamixel_control/lib/dynamixel_control
writing list of installed files to '/home/yt6/ros2_py_ws/build/dynamixel_control/install.log'
