[0.804s] Invoking command in '/home/yt6/ros2_py_ws/build/dynamixel_control': AMENT_PREFIX_PATH=/home/yt6/ros2_py_ws/install/dynamixel_sdk_custom_interfaces:/home/yt6/ros2_py_ws/install/dynamixel_sdk:${AMENT_PREFIX_PATH} CMAKE_PREFIX_PATH=/home/yt6/ros2_py_ws/install/dynamixel_sdk_custom_interfaces:/home/yt6/ros2_py_ws/install/dynamixel_sdk PYTHONPATH=/home/yt6/ros2_py_ws/build/dynamixel_control/prefix_override:/usr/lib/python3/dist-packages/colcon_core/task/python/colcon_distutils_commands:/home/yt6/ros2_py_ws/install/dynamixel_control/lib/python3.8/site-packages:/home/yt6/ros2_py_ws/install/dynamixel_sdk_custom_interfaces/lib/python3.8/site-packages:/home/yt6/ros2_py_ws/build/my_vision_pkg:/home/yt6/ros2_py_ws/install/my_vision_pkg/lib/python3.8/site-packages:/home/yt6/ros2_py_ws/build/my_py_pkg:/home/yt6/ros2_py_ws/install/my_py_pkg/lib/python3.8/site-packages:/home/yt6/ros2_py_ws/build/dynamixel_publisher:/home/yt6/ros2_py_ws/install/dynamixel_publisher/lib/python3.8/site-packages:/home/yt6/ros2_py_ws/build/dynamixel_control:/home/yt6/ros2_py_ws/install/dynamixel_control/lib/python3.8/site-packages:/home/yt6/ros2_py_ws/src/my_vision_pkg/install/my_vision_pkg/lib/python3.8/site-packages:/opt/ros/humble/lib/python3.8/site-packages /usr/bin/python3 -W ignore:setup.py install is deprecated -W ignore:easy_install command is deprecated setup.py develop --uninstall --editable --build-directory /home/yt6/ros2_py_ws/build/dynamixel_control/build
[1.004s] running develop
[1.162s] Removing /home/yt6/ros2_py_ws/install/dynamixel_control/lib/python3.8/site-packages/dynamixel-control.egg-link (link to .)
[1.194s] Invoked command in '/home/yt6/ros2_py_ws/build/dynamixel_control' returned '0': AMENT_PREFIX_PATH=/home/yt6/ros2_py_ws/install/dynamixel_sdk_custom_interfaces:/home/yt6/ros2_py_ws/install/dynamixel_sdk:${AMENT_PREFIX_PATH} CMAKE_PREFIX_PATH=/home/yt6/ros2_py_ws/install/dynamixel_sdk_custom_interfaces:/home/yt6/ros2_py_ws/install/dynamixel_sdk PYTHONPATH=/home/yt6/ros2_py_ws/build/dynamixel_control/prefix_override:/usr/lib/python3/dist-packages/colcon_core/task/python/colcon_distutils_commands:/home/yt6/ros2_py_ws/install/dynamixel_control/lib/python3.8/site-packages:/home/yt6/ros2_py_ws/install/dynamixel_sdk_custom_interfaces/lib/python3.8/site-packages:/home/yt6/ros2_py_ws/build/my_vision_pkg:/home/yt6/ros2_py_ws/install/my_vision_pkg/lib/python3.8/site-packages:/home/yt6/ros2_py_ws/build/my_py_pkg:/home/yt6/ros2_py_ws/install/my_py_pkg/lib/python3.8/site-packages:/home/yt6/ros2_py_ws/build/dynamixel_publisher:/home/yt6/ros2_py_ws/install/dynamixel_publisher/lib/python3.8/site-packages:/home/yt6/ros2_py_ws/build/dynamixel_control:/home/yt6/ros2_py_ws/install/dynamixel_control/lib/python3.8/site-packages:/home/yt6/ros2_py_ws/src/my_vision_pkg/install/my_vision_pkg/lib/python3.8/site-packages:/opt/ros/humble/lib/python3.8/site-packages /usr/bin/python3 -W ignore:setup.py install is deprecated -W ignore:easy_install command is deprecated setup.py develop --uninstall --editable --build-directory /home/yt6/ros2_py_ws/build/dynamixel_control/build
[1.197s] Invoking command in '/home/yt6/ros2_py_ws/src/dynamixel_control': AMENT_PREFIX_PATH=/home/yt6/ros2_py_ws/install/dynamixel_sdk_custom_interfaces:/home/yt6/ros2_py_ws/install/dynamixel_sdk:${AMENT_PREFIX_PATH} CMAKE_PREFIX_PATH=/home/yt6/ros2_py_ws/install/dynamixel_sdk_custom_interfaces:/home/yt6/ros2_py_ws/install/dynamixel_sdk PYTHONPATH=/home/yt6/ros2_py_ws/build/dynamixel_control/prefix_override:/usr/lib/python3/dist-packages/colcon_core/task/python/colcon_distutils_commands:/home/yt6/ros2_py_ws/install/dynamixel_control/lib/python3.8/site-packages:/home/yt6/ros2_py_ws/install/dynamixel_sdk_custom_interfaces/lib/python3.8/site-packages:/home/yt6/ros2_py_ws/build/my_vision_pkg:/home/yt6/ros2_py_ws/install/my_vision_pkg/lib/python3.8/site-packages:/home/yt6/ros2_py_ws/build/my_py_pkg:/home/yt6/ros2_py_ws/install/my_py_pkg/lib/python3.8/site-packages:/home/yt6/ros2_py_ws/build/dynamixel_publisher:/home/yt6/ros2_py_ws/install/dynamixel_publisher/lib/python3.8/site-packages:/home/yt6/ros2_py_ws/build/dynamixel_control:/home/yt6/ros2_py_ws/install/dynamixel_control/lib/python3.8/site-packages:/home/yt6/ros2_py_ws/src/my_vision_pkg/install/my_vision_pkg/lib/python3.8/site-packages:/opt/ros/humble/lib/python3.8/site-packages /usr/bin/python3 -W ignore:setup.py install is deprecated -W ignore:easy_install command is deprecated setup.py egg_info --egg-base ../../build/dynamixel_control build --build-base /home/yt6/ros2_py_ws/build/dynamixel_control/build install --record /home/yt6/ros2_py_ws/build/dynamixel_control/install.log --single-version-externally-managed install_data --force
[1.388s] running egg_info
[1.388s] writing ../../build/dynamixel_control/dynamixel_control.egg-info/PKG-INFO
[1.388s] writing dependency_links to ../../build/dynamixel_control/dynamixel_control.egg-info/dependency_links.txt
[1.388s] writing entry points to ../../build/dynamixel_control/dynamixel_control.egg-info/entry_points.txt
[1.389s] writing requirements to ../../build/dynamixel_control/dynamixel_control.egg-info/requires.txt
[1.389s] writing top-level names to ../../build/dynamixel_control/dynamixel_control.egg-info/top_level.txt
[1.412s] reading manifest file '../../build/dynamixel_control/dynamixel_control.egg-info/SOURCES.txt'
[1.412s] writing manifest file '../../build/dynamixel_control/dynamixel_control.egg-info/SOURCES.txt'
[1.412s] running build
[1.412s] running build_py
[1.413s] creating /home/yt6/ros2_py_ws/build/dynamixel_control/build
[1.413s] creating /home/yt6/ros2_py_ws/build/dynamixel_control/build/lib
[1.413s] creating /home/yt6/ros2_py_ws/build/dynamixel_control/build/lib/dynamixel_control
[1.413s] copying dynamixel_control/__init__.py -> /home/yt6/ros2_py_ws/build/dynamixel_control/build/lib/dynamixel_control
[1.413s] copying dynamixel_control/dynamixel_controller.py -> /home/yt6/ros2_py_ws/build/dynamixel_control/build/lib/dynamixel_control
[1.413s] copying dynamixel_control/keyboard_current_publisher.py -> /home/yt6/ros2_py_ws/build/dynamixel_control/build/lib/dynamixel_control
[1.413s] copying dynamixel_control/dynamixel_current_controller.py -> /home/yt6/ros2_py_ws/build/dynamixel_control/build/lib/dynamixel_control
[1.413s] running install
[1.414s] running install_lib
[1.414s] creating /home/yt6/ros2_py_ws/install/dynamixel_control/lib/python3.8/site-packages/dynamixel_control
[1.414s] copying /home/yt6/ros2_py_ws/build/dynamixel_control/build/lib/dynamixel_control/__init__.py -> /home/yt6/ros2_py_ws/install/dynamixel_control/lib/python3.8/site-packages/dynamixel_control
[1.414s] copying /home/yt6/ros2_py_ws/build/dynamixel_control/build/lib/dynamixel_control/dynamixel_controller.py -> /home/yt6/ros2_py_ws/install/dynamixel_control/lib/python3.8/site-packages/dynamixel_control
[1.414s] copying /home/yt6/ros2_py_ws/build/dynamixel_control/build/lib/dynamixel_control/keyboard_current_publisher.py -> /home/yt6/ros2_py_ws/install/dynamixel_control/lib/python3.8/site-packages/dynamixel_control
[1.415s] copying /home/yt6/ros2_py_ws/build/dynamixel_control/build/lib/dynamixel_control/dynamixel_current_controller.py -> /home/yt6/ros2_py_ws/install/dynamixel_control/lib/python3.8/site-packages/dynamixel_control
[1.415s] byte-compiling /home/yt6/ros2_py_ws/install/dynamixel_control/lib/python3.8/site-packages/dynamixel_control/__init__.py to __init__.cpython-38.pyc
[1.416s] byte-compiling /home/yt6/ros2_py_ws/install/dynamixel_control/lib/python3.8/site-packages/dynamixel_control/dynamixel_controller.py to dynamixel_controller.cpython-38.pyc
[1.416s] byte-compiling /home/yt6/ros2_py_ws/install/dynamixel_control/lib/python3.8/site-packages/dynamixel_control/keyboard_current_publisher.py to keyboard_current_publisher.cpython-38.pyc
[1.416s] byte-compiling /home/yt6/ros2_py_ws/install/dynamixel_control/lib/python3.8/site-packages/dynamixel_control/dynamixel_current_controller.py to dynamixel_current_controller.cpython-38.pyc
[1.417s] running install_data
[1.417s] copying package.xml -> /home/yt6/ros2_py_ws/install/dynamixel_control/share/dynamixel_control
[1.417s] running install_egg_info
[1.418s] Copying ../../build/dynamixel_control/dynamixel_control.egg-info to /home/yt6/ros2_py_ws/install/dynamixel_control/lib/python3.8/site-packages/dynamixel_control-0.0.0-py3.8.egg-info
[1.419s] running install_scripts
[1.431s] Installing dynamixel_controller script to /home/yt6/ros2_py_ws/install/dynamixel_control/lib/dynamixel_control
[1.432s] Installing dynamixel_current_controller script to /home/yt6/ros2_py_ws/install/dynamixel_control/lib/dynamixel_control
[1.432s] Installing keyboard_current_publisher script to /home/yt6/ros2_py_ws/install/dynamixel_control/lib/dynamixel_control
[1.432s] writing list of installed files to '/home/yt6/ros2_py_ws/build/dynamixel_control/install.log'
[1.455s] Invoked command in '/home/yt6/ros2_py_ws/src/dynamixel_control' returned '0': AMENT_PREFIX_PATH=/home/yt6/ros2_py_ws/install/dynamixel_sdk_custom_interfaces:/home/yt6/ros2_py_ws/install/dynamixel_sdk:${AMENT_PREFIX_PATH} CMAKE_PREFIX_PATH=/home/yt6/ros2_py_ws/install/dynamixel_sdk_custom_interfaces:/home/yt6/ros2_py_ws/install/dynamixel_sdk PYTHONPATH=/home/yt6/ros2_py_ws/build/dynamixel_control/prefix_override:/usr/lib/python3/dist-packages/colcon_core/task/python/colcon_distutils_commands:/home/yt6/ros2_py_ws/install/dynamixel_control/lib/python3.8/site-packages:/home/yt6/ros2_py_ws/install/dynamixel_sdk_custom_interfaces/lib/python3.8/site-packages:/home/yt6/ros2_py_ws/build/my_vision_pkg:/home/yt6/ros2_py_ws/install/my_vision_pkg/lib/python3.8/site-packages:/home/yt6/ros2_py_ws/build/my_py_pkg:/home/yt6/ros2_py_ws/install/my_py_pkg/lib/python3.8/site-packages:/home/yt6/ros2_py_ws/build/dynamixel_publisher:/home/yt6/ros2_py_ws/install/dynamixel_publisher/lib/python3.8/site-packages:/home/yt6/ros2_py_ws/build/dynamixel_control:/home/yt6/ros2_py_ws/install/dynamixel_control/lib/python3.8/site-packages:/home/yt6/ros2_py_ws/src/my_vision_pkg/install/my_vision_pkg/lib/python3.8/site-packages:/opt/ros/humble/lib/python3.8/site-packages /usr/bin/python3 -W ignore:setup.py install is deprecated -W ignore:easy_install command is deprecated setup.py egg_info --egg-base ../../build/dynamixel_control build --build-base /home/yt6/ros2_py_ws/build/dynamixel_control/build install --record /home/yt6/ros2_py_ws/build/dynamixel_control/install.log --single-version-externally-managed install_data --force
