/home/tabatakenta/kikuchi_jikken/my_ros2/install/my_vision_pkg/lib/python3.10/site-packages/my_vision_pkg/circle_subscriber_node.py
/home/tabatakenta/kikuchi_jikken/my_ros2/install/my_vision_pkg/lib/python3.10/site-packages/my_vision_pkg/__init__.py
/home/tabatakenta/kikuchi_jikken/my_ros2/install/my_vision_pkg/lib/python3.10/site-packages/my_vision_pkg/detect_circles_node.py
/home/tabatakenta/kikuchi_jikken/my_ros2/install/my_vision_pkg/lib/python3.10/site-packages/my_vision_pkg/circle_subscriber_no_msg.py
/home/tabatakenta/kikuchi_jikken/my_ros2/install/my_vision_pkg/lib/python3.10/site-packages/my_vision_pkg/detect_circles_node2.py
/home/tabatakenta/kikuchi_jikken/my_ros2/install/my_vision_pkg/lib/python3.10/site-packages/my_vision_pkg/__pycache__/circle_subscriber_node.cpython-310.pyc
/home/tabatakenta/kikuchi_jikken/my_ros2/install/my_vision_pkg/lib/python3.10/site-packages/my_vision_pkg/__pycache__/__init__.cpython-310.pyc
/home/tabatakenta/kikuchi_jikken/my_ros2/install/my_vision_pkg/lib/python3.10/site-packages/my_vision_pkg/__pycache__/detect_circles_node.cpython-310.pyc
/home/tabatakenta/kikuchi_jikken/my_ros2/install/my_vision_pkg/lib/python3.10/site-packages/my_vision_pkg/__pycache__/circle_subscriber_no_msg.cpython-310.pyc
/home/tabatakenta/kikuchi_jikken/my_ros2/install/my_vision_pkg/lib/python3.10/site-packages/my_vision_pkg/__pycache__/detect_circles_node2.cpython-310.pyc
/home/tabatakenta/kikuchi_jikken/my_ros2/install/my_vision_pkg/share/ament_index/resource_index/packages/my_vision_pkg
/home/tabatakenta/kikuchi_jikken/my_ros2/install/my_vision_pkg/share/my_vision_pkg/package.xml
/home/tabatakenta/kikuchi_jikken/my_ros2/install/my_vision_pkg/lib/python3.10/site-packages/my_vision_pkg-0.0.0-py3.10.egg-info/PKG-INFO
/home/tabatakenta/kikuchi_jikken/my_ros2/install/my_vision_pkg/lib/python3.10/site-packages/my_vision_pkg-0.0.0-py3.10.egg-info/zip-safe
/home/tabatakenta/kikuchi_jikken/my_ros2/install/my_vision_pkg/lib/python3.10/site-packages/my_vision_pkg-0.0.0-py3.10.egg-info/requires.txt
/home/tabatakenta/kikuchi_jikken/my_ros2/install/my_vision_pkg/lib/python3.10/site-packages/my_vision_pkg-0.0.0-py3.10.egg-info/SOURCES.txt
/home/tabatakenta/kikuchi_jikken/my_ros2/install/my_vision_pkg/lib/python3.10/site-packages/my_vision_pkg-0.0.0-py3.10.egg-info/dependency_links.txt
/home/tabatakenta/kikuchi_jikken/my_ros2/install/my_vision_pkg/lib/python3.10/site-packages/my_vision_pkg-0.0.0-py3.10.egg-info/top_level.txt
/home/tabatakenta/kikuchi_jikken/my_ros2/install/my_vision_pkg/lib/python3.10/site-packages/my_vision_pkg-0.0.0-py3.10.egg-info/entry_points.txt
/home/tabatakenta/kikuchi_jikken/my_ros2/install/my_vision_pkg/lib/my_vision_pkg/circle_subscriber
/home/tabatakenta/kikuchi_jikken/my_ros2/install/my_vision_pkg/lib/my_vision_pkg/detect_circles
/home/tabatakenta/kikuchi_jikken/my_ros2/install/my_vision_pkg/lib/my_vision_pkg/detect_circles_1shot
