[0.028s] Invoking command in '/home/yt6/ros2_py_ws/build/dynamixel_sdk_custom_interfaces': CMAKE_PREFIX_PATH=/home/yt6/ros2_py_ws/src/my_vision_pkg/install/my_vision_pkg:/opt/ros/humble /usr/bin/cmake /home/yt6/ros2_py_ws/src/DynamixelSDK/dynamixel_sdk_custom_interfaces -DAMENT_CMAKE_SYMLINK_INSTALL=1 -DCMAKE_INSTALL_PREFIX=/home/yt6/ros2_py_ws/install/dynamixel_sdk_custom_interfaces
[0.463s] -- The C compiler identification is GNU 9.4.0
[0.463s] -- The CXX compiler identification is GNU 9.4.0
[0.463s] -- Detecting C compiler ABI info
[0.464s] -- Detecting C compiler ABI info - done
[0.464s] -- Check for working C compiler: /usr/bin/cc - skipped
[0.464s] -- Detecting C compile features
[0.464s] -- Detecting C compile features - done
[0.464s] -- Detecting CXX compiler ABI info
[0.466s] -- Detecting CXX compiler ABI info - done
[0.467s] -- Check for working CXX compiler: /usr/bin/c++ - skipped
[0.467s] -- Detecting CXX compile features
[0.468s] -- Detecting CXX compile features - done
[0.468s] -- Found ament_cmake: 1.3.9 (/opt/ros/humble/share/ament_cmake/cmake)
[0.468s] [0mCMake Deprecation Warning at CMakeLists.txt:1 (cmake_minimum_required):
[0.468s]   Compatibility with CMake < 3.10 will be removed from a future version of
[0.468s]   CMake.
[0.468s] 
[0.468s]   Update the VERSION argument <min> value.  Or, use the <min>...<max> syntax
[0.468s]   to tell CMake that the project requires at least <min> but has been updated
[0.468s]   to work with policies introduced by <max> or earlier.
[0.469s] 
[0.469s] [0m
[0.480s] -- Found Python3: /usr/bin/python3 (found version "3.8.10") found components: Interpreter
[0.530s] -- Override CMake install command with custom implementation using symlinks instead of copying resources
[0.569s] -- Found builtin_interfaces: 1.2.1 (/opt/ros/humble/share/builtin_interfaces/cmake)
[0.613s] -- Found rosidl_generator_c: 3.1.5 (/opt/ros/humble/share/rosidl_generator_c/cmake)
[0.618s] -- Found rosidl_adapter: 3.1.5 (/opt/ros/humble/share/rosidl_adapter/cmake)
[0.627s] -- Found rosidl_generator_cpp: 3.1.5 (/opt/ros/humble/share/rosidl_generator_cpp/cmake)
[0.639s] -- Using all available rosidl_typesupport_c: rosidl_typesupport_fastrtps_c;rosidl_typesupport_introspection_c
[0.656s] -- Using all available rosidl_typesupport_cpp: rosidl_typesupport_fastrtps_cpp;rosidl_typesupport_introspection_cpp
[0.674s] -- Found rosidl_default_generators: 1.2.0 (/opt/ros/humble/share/rosidl_default_generators/cmake)
[1.119s] -- Found ament_cmake_ros: 0.10.0 (/opt/ros/humble/share/ament_cmake_ros/cmake)
[1.894s] -- Using all available rosidl_typesupport_c: rosidl_typesupport_fastrtps_c;rosidl_typesupport_introspection_c
[2.215s] -- Using all available rosidl_typesupport_cpp: rosidl_typesupport_fastrtps_cpp;rosidl_typesupport_introspection_cpp
[2.218s] [33mCMake Warning (dev) at /opt/ros/humble/share/rosidl_generator_py/cmake/rosidl_generator_py_generate_interfaces.cmake:20 (find_package):
[2.218s]   Policy CMP0148 is not set: The FindPythonInterp and FindPythonLibs modules
[2.218s]   are removed.  Run "cmake --help-policy CMP0148" for policy details.  Use
[2.218s]   the cmake_policy command to set the policy and suppress this warning.
[2.218s] 
[2.218s] Call Stack (most recent call first):
[2.219s]   /opt/ros/humble/share/ament_cmake_core/cmake/core/ament_execute_extensions.cmake:48 (include)
[2.219s]   /opt/ros/humble/share/rosidl_cmake/cmake/rosidl_generate_interfaces.cmake:286 (ament_execute_extensions)
[2.219s]   CMakeLists.txt:26 (rosidl_generate_interfaces)
[2.219s] This warning is for project developers.  Use -Wno-dev to suppress it.
[2.219s] [0m
[2.239s] -- Found PythonInterp: /usr/bin/python3 (found suitable version "3.8.10", minimum required is "3.6")
[2.241s] -- Found python_cmake_module: 0.10.0 (/opt/ros/humble/share/python_cmake_module/cmake)
[2.242s] [33mCMake Warning (dev) at /opt/ros/humble/share/python_cmake_module/cmake/Modules/FindPythonExtra.cmake:52 (find_package):
[2.242s]   Policy CMP0148 is not set: The FindPythonInterp and FindPythonLibs modules
[2.242s]   are removed.  Run "cmake --help-policy CMP0148" for policy details.  Use
[2.242s]   the cmake_policy command to set the policy and suppress this warning.
[2.242s] 
[2.242s] Call Stack (most recent call first):
[2.242s]   /opt/ros/humble/share/rosidl_generator_py/cmake/rosidl_generator_py_generate_interfaces.cmake:23 (find_package)
[2.242s]   /opt/ros/humble/share/ament_cmake_core/cmake/core/ament_execute_extensions.cmake:48 (include)
[2.242s]   /opt/ros/humble/share/rosidl_cmake/cmake/rosidl_generate_interfaces.cmake:286 (ament_execute_extensions)
[2.243s]   CMakeLists.txt:26 (rosidl_generate_interfaces)
[2.243s] This warning is for project developers.  Use -Wno-dev to suppress it.
[2.243s] [0m
[2.265s] [33mCMake Warning (dev) at /opt/ros/humble/share/python_cmake_module/cmake/Modules/FindPythonExtra.cmake:140 (find_package):
[2.265s]   Policy CMP0148 is not set: The FindPythonInterp and FindPythonLibs modules
[2.265s]   are removed.  Run "cmake --help-policy CMP0148" for policy details.  Use
[2.265s]   the cmake_policy command to set the policy and suppress this warning.
[2.265s] 
[2.265s] Call Stack (most recent call first):
[2.265s]   /opt/ros/humble/share/rosidl_generator_py/cmake/rosidl_generator_py_generate_interfaces.cmake:23 (find_package)
[2.265s]   /opt/ros/humble/share/ament_cmake_core/cmake/core/ament_execute_extensions.cmake:48 (include)
[2.265s]   /opt/ros/humble/share/rosidl_cmake/cmake/rosidl_generate_interfaces.cmake:286 (ament_execute_extensions)
[2.265s]   CMakeLists.txt:26 (rosidl_generate_interfaces)
[2.265s] This warning is for project developers.  Use -Wno-dev to suppress it.
[2.266s] [0m
[2.273s] -- Found PythonLibs: /usr/lib/x86_64-linux-gnu/libpython3.8.so (found suitable version "3.8.10", minimum required is "3.5")
[2.273s] -- Using PYTHON_EXECUTABLE: /usr/bin/python3
[2.274s] -- Using PYTHON_INCLUDE_DIRS: /usr/include/python3.8
[2.274s] -- Using PYTHON_LIBRARIES: /usr/lib/x86_64-linux-gnu/libpython3.8.so
[2.298s] -- Found PythonExtra: .so
[2.347s] -- Configuring done (2.3s)
[2.376s] -- Generating done (0.0s)
[2.381s] -- Build files have been written to: /home/yt6/ros2_py_ws/build/dynamixel_sdk_custom_interfaces
