[0.724s] Invoking command in '/home/tabatakenta/kikuchi_jikken/my_ros2/src/my_vision_pkg': PYTHONPATH=/home/tabatakenta/kikuchi_jikken/my_ros2/build/my_vision_pkg/prefix_override:/usr/lib/python3/dist-packages/colcon_core/task/python/colcon_distutils_commands:/home/tabatakenta/kikuchi_jikken/my_ros2/install/my_vision_pkg/lib/python3.10/site-packages:${PYTHONPATH} /usr/bin/python3 -W ignore:setup.py install is deprecated -W ignore:easy_install command is deprecated setup.py egg_info --egg-base ../../build/my_vision_pkg build --build-base /home/tabatakenta/kikuchi_jikken/my_ros2/build/my_vision_pkg/build install --record /home/tabatakenta/kikuchi_jikken/my_ros2/build/my_vision_pkg/install.log --single-version-externally-managed install_data
[0.836s] running egg_info
[0.836s] writing ../../build/my_vision_pkg/my_vision_pkg.egg-info/PKG-INFO
[0.836s] writing dependency_links to ../../build/my_vision_pkg/my_vision_pkg.egg-info/dependency_links.txt
[0.837s] writing entry points to ../../build/my_vision_pkg/my_vision_pkg.egg-info/entry_points.txt
[0.837s] writing requirements to ../../build/my_vision_pkg/my_vision_pkg.egg-info/requires.txt
[0.837s] writing top-level names to ../../build/my_vision_pkg/my_vision_pkg.egg-info/top_level.txt
[0.837s] reading manifest file '../../build/my_vision_pkg/my_vision_pkg.egg-info/SOURCES.txt'
[0.838s] writing manifest file '../../build/my_vision_pkg/my_vision_pkg.egg-info/SOURCES.txt'
[0.838s] running build
[0.838s] running build_py
[0.838s] running install
[0.838s] running install_lib
[0.839s] creating /home/tabatakenta/kikuchi_jikken/my_ros2/install/my_vision_pkg/lib/python3.10/site-packages/my_vision_pkg
[0.839s] copying /home/tabatakenta/kikuchi_jikken/my_ros2/build/my_vision_pkg/build/lib/my_vision_pkg/circle_subscriber_node.py -> /home/tabatakenta/kikuchi_jikken/my_ros2/install/my_vision_pkg/lib/python3.10/site-packages/my_vision_pkg
[0.839s] copying /home/tabatakenta/kikuchi_jikken/my_ros2/build/my_vision_pkg/build/lib/my_vision_pkg/__init__.py -> /home/tabatakenta/kikuchi_jikken/my_ros2/install/my_vision_pkg/lib/python3.10/site-packages/my_vision_pkg
[0.839s] copying /home/tabatakenta/kikuchi_jikken/my_ros2/build/my_vision_pkg/build/lib/my_vision_pkg/detect_circles_node.py -> /home/tabatakenta/kikuchi_jikken/my_ros2/install/my_vision_pkg/lib/python3.10/site-packages/my_vision_pkg
[0.839s] copying /home/tabatakenta/kikuchi_jikken/my_ros2/build/my_vision_pkg/build/lib/my_vision_pkg/circle_subscriber_no_msg.py -> /home/tabatakenta/kikuchi_jikken/my_ros2/install/my_vision_pkg/lib/python3.10/site-packages/my_vision_pkg
[0.839s] copying /home/tabatakenta/kikuchi_jikken/my_ros2/build/my_vision_pkg/build/lib/my_vision_pkg/detect_circles_node2.py -> /home/tabatakenta/kikuchi_jikken/my_ros2/install/my_vision_pkg/lib/python3.10/site-packages/my_vision_pkg
[0.839s] byte-compiling /home/tabatakenta/kikuchi_jikken/my_ros2/install/my_vision_pkg/lib/python3.10/site-packages/my_vision_pkg/circle_subscriber_node.py to circle_subscriber_node.cpython-310.pyc
[0.839s] byte-compiling /home/tabatakenta/kikuchi_jikken/my_ros2/install/my_vision_pkg/lib/python3.10/site-packages/my_vision_pkg/__init__.py to __init__.cpython-310.pyc
[0.839s] byte-compiling /home/tabatakenta/kikuchi_jikken/my_ros2/install/my_vision_pkg/lib/python3.10/site-packages/my_vision_pkg/detect_circles_node.py to detect_circles_node.cpython-310.pyc
[0.840s] byte-compiling /home/tabatakenta/kikuchi_jikken/my_ros2/install/my_vision_pkg/lib/python3.10/site-packages/my_vision_pkg/circle_subscriber_no_msg.py to circle_subscriber_no_msg.cpython-310.pyc
[0.840s] byte-compiling /home/tabatakenta/kikuchi_jikken/my_ros2/install/my_vision_pkg/lib/python3.10/site-packages/my_vision_pkg/detect_circles_node2.py to detect_circles_node2.cpython-310.pyc
[0.840s] running install_data
[0.841s] running install_egg_info
[0.841s] Copying ../../build/my_vision_pkg/my_vision_pkg.egg-info to /home/tabatakenta/kikuchi_jikken/my_ros2/install/my_vision_pkg/lib/python3.10/site-packages/my_vision_pkg-0.0.0-py3.10.egg-info
[0.842s] running install_scripts
[0.851s] Installing circle_subscriber script to /home/tabatakenta/kikuchi_jikken/my_ros2/install/my_vision_pkg/lib/my_vision_pkg
[0.852s] Installing detect_circles script to /home/tabatakenta/kikuchi_jikken/my_ros2/install/my_vision_pkg/lib/my_vision_pkg
[0.852s] Installing detect_circles_1shot script to /home/tabatakenta/kikuchi_jikken/my_ros2/install/my_vision_pkg/lib/my_vision_pkg
[0.852s] writing list of installed files to '/home/tabatakenta/kikuchi_jikken/my_ros2/build/my_vision_pkg/install.log'
[0.866s] Invoked command in '/home/tabatakenta/kikuchi_jikken/my_ros2/src/my_vision_pkg' returned '0': PYTHONPATH=/home/tabatakenta/kikuchi_jikken/my_ros2/build/my_vision_pkg/prefix_override:/usr/lib/python3/dist-packages/colcon_core/task/python/colcon_distutils_commands:/home/tabatakenta/kikuchi_jikken/my_ros2/install/my_vision_pkg/lib/python3.10/site-packages:${PYTHONPATH} /usr/bin/python3 -W ignore:setup.py install is deprecated -W ignore:easy_install command is deprecated setup.py egg_info --egg-base ../../build/my_vision_pkg build --build-base /home/tabatakenta/kikuchi_jikken/my_ros2/build/my_vision_pkg/build install --record /home/tabatakenta/kikuchi_jikken/my_ros2/build/my_vision_pkg/install.log --single-version-externally-managed install_data
