[0.768s] Invoking command in '/home/yt6/ros2_py_ws/src/dynamixel_control': CMAKE_PREFIX_PATH=/home/yt6/ros2_py_ws/install/dynamixel_sdk_custom_interfaces:/home/yt6/ros2_py_ws/install/dynamixel_sdk:/home/yt6/ros2_py_ws/install/dynamixel_sdk_examples PYTHONPATH=/home/yt6/ros2_py_ws/build/dynamixel_control/prefix_override:/usr/lib/python3/dist-packages/colcon_core/task/python/colcon_distutils_commands:/home/yt6/ros2_py_ws/install/dynamixel_control/lib/python3.8/site-packages:/home/yt6/ros2_py_ws/install/dynamixel_sdk_custom_interfaces/lib/python3.8/site-packages:/home/yt6/ros2_py_ws/install/my_vision_pkg/lib/python3.8/site-packages:/home/yt6/ros2_py_ws/install/my_py_pkg/lib/python3.8/site-packages:/home/yt6/ros2_py_ws/install/dynamixel_publisher/lib/python3.8/site-packages:/home/yt6/ros2_py_ws/install/dynamixel_control/lib/python3.8/site-packages:/opt/ros/humble/lib/python3.8/site-packages /usr/bin/python3 -W ignore:setup.py install is deprecated -W ignore:easy_install command is deprecated setup.py egg_info --egg-base ../../build/dynamixel_control build --build-base /home/yt6/ros2_py_ws/build/dynamixel_control/build install --record /home/yt6/ros2_py_ws/build/dynamixel_control/install.log --single-version-externally-managed install_data
[0.951s] running egg_info
[0.951s] writing ../../build/dynamixel_control/dynamixel_control.egg-info/PKG-INFO
[0.951s] writing dependency_links to ../../build/dynamixel_control/dynamixel_control.egg-info/dependency_links.txt
[0.951s] writing entry points to ../../build/dynamixel_control/dynamixel_control.egg-info/entry_points.txt
[0.951s] writing requirements to ../../build/dynamixel_control/dynamixel_control.egg-info/requires.txt
[0.952s] writing top-level names to ../../build/dynamixel_control/dynamixel_control.egg-info/top_level.txt
[0.974s] reading manifest file '../../build/dynamixel_control/dynamixel_control.egg-info/SOURCES.txt'
[0.974s] writing manifest file '../../build/dynamixel_control/dynamixel_control.egg-info/SOURCES.txt'
[0.975s] running build
[0.975s] running build_py
[0.975s] running install
[0.975s] running install_lib
[0.976s] running install_data
[0.976s] running install_egg_info
[0.978s] removing '/home/yt6/ros2_py_ws/install/dynamixel_control/lib/python3.8/site-packages/dynamixel_control-0.0.0-py3.8.egg-info' (and everything under it)
[0.978s] Copying ../../build/dynamixel_control/dynamixel_control.egg-info to /home/yt6/ros2_py_ws/install/dynamixel_control/lib/python3.8/site-packages/dynamixel_control-0.0.0-py3.8.egg-info
[0.979s] running install_scripts
[0.991s] Installing dynamixel_controller script to /home/yt6/ros2_py_ws/install/dynamixel_control/lib/dynamixel_control
[0.991s] Installing dynamixel_current_controller script to /home/yt6/ros2_py_ws/install/dynamixel_control/lib/dynamixel_control
[0.991s] Installing keyboard_current_publisher script to /home/yt6/ros2_py_ws/install/dynamixel_control/lib/dynamixel_control
[0.991s] writing list of installed files to '/home/yt6/ros2_py_ws/build/dynamixel_control/install.log'
[1.012s] Invoked command in '/home/yt6/ros2_py_ws/src/dynamixel_control' returned '0': CMAKE_PREFIX_PATH=/home/yt6/ros2_py_ws/install/dynamixel_sdk_custom_interfaces:/home/yt6/ros2_py_ws/install/dynamixel_sdk:/home/yt6/ros2_py_ws/install/dynamixel_sdk_examples PYTHONPATH=/home/yt6/ros2_py_ws/build/dynamixel_control/prefix_override:/usr/lib/python3/dist-packages/colcon_core/task/python/colcon_distutils_commands:/home/yt6/ros2_py_ws/install/dynamixel_control/lib/python3.8/site-packages:/home/yt6/ros2_py_ws/install/dynamixel_sdk_custom_interfaces/lib/python3.8/site-packages:/home/yt6/ros2_py_ws/install/my_vision_pkg/lib/python3.8/site-packages:/home/yt6/ros2_py_ws/install/my_py_pkg/lib/python3.8/site-packages:/home/yt6/ros2_py_ws/install/dynamixel_publisher/lib/python3.8/site-packages:/home/yt6/ros2_py_ws/install/dynamixel_control/lib/python3.8/site-packages:/opt/ros/humble/lib/python3.8/site-packages /usr/bin/python3 -W ignore:setup.py install is deprecated -W ignore:easy_install command is deprecated setup.py egg_info --egg-base ../../build/dynamixel_control build --build-base /home/yt6/ros2_py_ws/build/dynamixel_control/build install --record /home/yt6/ros2_py_ws/build/dynamixel_control/install.log --single-version-externally-managed install_data
