running egg_info
writing ../../build/dynamixel_control/dynamixel_control.egg-info/PKG-INFO
writing dependency_links to ../../build/dynamixel_control/dynamixel_control.egg-info/dependency_links.txt
writing entry points to ../../build/dynamixel_control/dynamixel_control.egg-info/entry_points.txt
writing requirements to ../../build/dynamixel_control/dynamixel_control.egg-info/requires.txt
writing top-level names to ../../build/dynamixel_control/dynamixel_control.egg-info/top_level.txt
reading manifest file '../../build/dynamixel_control/dynamixel_control.egg-info/SOURCES.txt'
writing manifest file '../../build/dynamixel_control/dynamixel_control.egg-info/SOURCES.txt'
running build
running build_py
running install
running install_lib
creating /home/tabatakenta/kikuchi_jikken/my_ros2/install/dynamixel_control/lib/python3.10/site-packages/dynamixel_control
copying /home/tabatakenta/kikuchi_jikken/my_ros2/build/dynamixel_control/build/lib/dynamixel_control/__init__.py -> /home/tabatakenta/kikuchi_jikken/my_ros2/install/dynamixel_control/lib/python3.10/site-packages/dynamixel_control
copying /home/tabatakenta/kikuchi_jikken/my_ros2/build/dynamixel_control/build/lib/dynamixel_control/dynamixel_controller.py -> /home/tabatakenta/kikuchi_jikken/my_ros2/install/dynamixel_control/lib/python3.10/site-packages/dynamixel_control
copying /home/tabatakenta/kikuchi_jikken/my_ros2/build/dynamixel_control/build/lib/dynamixel_control/dynamixel_current_controller.py -> /home/tabatakenta/kikuchi_jikken/my_ros2/install/dynamixel_control/lib/python3.10/site-packages/dynamixel_control
copying /home/tabatakenta/kikuchi_jikken/my_ros2/build/dynamixel_control/build/lib/dynamixel_control/keyboard_current_publisher.py -> /home/tabatakenta/kikuchi_jikken/my_ros2/install/dynamixel_control/lib/python3.10/site-packages/dynamixel_control
byte-compiling /home/tabatakenta/kikuchi_jikken/my_ros2/install/dynamixel_control/lib/python3.10/site-packages/dynamixel_control/__init__.py to __init__.cpython-310.pyc
byte-compiling /home/tabatakenta/kikuchi_jikken/my_ros2/install/dynamixel_control/lib/python3.10/site-packages/dynamixel_control/dynamixel_controller.py to dynamixel_controller.cpython-310.pyc
byte-compiling /home/tabatakenta/kikuchi_jikken/my_ros2/install/dynamixel_control/lib/python3.10/site-packages/dynamixel_control/dynamixel_current_controller.py to dynamixel_current_controller.cpython-310.pyc
byte-compiling /home/tabatakenta/kikuchi_jikken/my_ros2/install/dynamixel_control/lib/python3.10/site-packages/dynamixel_control/keyboard_current_publisher.py to keyboard_current_publisher.cpython-310.pyc
running install_data
running install_egg_info
Copying ../../build/dynamixel_control/dynamixel_control.egg-info to /home/tabatakenta/kikuchi_jikken/my_ros2/install/dynamixel_control/lib/python3.10/site-packages/dynamixel_control-0.0.0-py3.10.egg-info
running install_scripts
Installing dynamixel_controller script to /home/tabatakenta/kikuchi_jikken/my_ros2/install/dynamixel_control/lib/dynamixel_control
Installing dynamixel_current_controller script to /home/tabatakenta/kikuchi_jikken/my_ros2/install/dynamixel_control/lib/dynamixel_control
Installing keyboard_current_publisher script to /home/tabatakenta/kikuchi_jikken/my_ros2/install/dynamixel_control/lib/dynamixel_control
writing list of installed files to '/home/tabatakenta/kikuchi_jikken/my_ros2/build/dynamixel_control/install.log'
