[0.743s] Invoking command in '/home/tabatakenta/kikuchi_jikken/my_ros2/src/dynamixel_control': PYTHONPATH=/home/tabatakenta/kikuchi_jikken/my_ros2/build/dynamixel_control/prefix_override:/usr/lib/python3/dist-packages/colcon_core/task/python/colcon_distutils_commands:/home/tabatakenta/kikuchi_jikken/my_ros2/install/dynamixel_control/lib/python3.10/site-packages:${PYTHONPATH} /usr/bin/python3 -W ignore:setup.py install is deprecated -W ignore:easy_install command is deprecated setup.py egg_info --egg-base ../../build/dynamixel_control build --build-base /home/tabatakenta/kikuchi_jikken/my_ros2/build/dynamixel_control/build install --record /home/tabatakenta/kikuchi_jikken/my_ros2/build/dynamixel_control/install.log --single-version-externally-managed install_data
[0.859s] running egg_info
[0.860s] writing ../../build/dynamixel_control/dynamixel_control.egg-info/PKG-INFO
[0.860s] writing dependency_links to ../../build/dynamixel_control/dynamixel_control.egg-info/dependency_links.txt
[0.860s] writing entry points to ../../build/dynamixel_control/dynamixel_control.egg-info/entry_points.txt
[0.860s] writing requirements to ../../build/dynamixel_control/dynamixel_control.egg-info/requires.txt
[0.860s] writing top-level names to ../../build/dynamixel_control/dynamixel_control.egg-info/top_level.txt
[0.861s] reading manifest file '../../build/dynamixel_control/dynamixel_control.egg-info/SOURCES.txt'
[0.861s] writing manifest file '../../build/dynamixel_control/dynamixel_control.egg-info/SOURCES.txt'
[0.861s] running build
[0.861s] running build_py
[0.861s] running install
[0.862s] running install_lib
[0.862s] creating /home/tabatakenta/kikuchi_jikken/my_ros2/install/dynamixel_control/lib/python3.10/site-packages/dynamixel_control
[0.862s] copying /home/tabatakenta/kikuchi_jikken/my_ros2/build/dynamixel_control/build/lib/dynamixel_control/__init__.py -> /home/tabatakenta/kikuchi_jikken/my_ros2/install/dynamixel_control/lib/python3.10/site-packages/dynamixel_control
[0.862s] copying /home/tabatakenta/kikuchi_jikken/my_ros2/build/dynamixel_control/build/lib/dynamixel_control/dynamixel_controller.py -> /home/tabatakenta/kikuchi_jikken/my_ros2/install/dynamixel_control/lib/python3.10/site-packages/dynamixel_control
[0.862s] copying /home/tabatakenta/kikuchi_jikken/my_ros2/build/dynamixel_control/build/lib/dynamixel_control/dynamixel_current_controller.py -> /home/tabatakenta/kikuchi_jikken/my_ros2/install/dynamixel_control/lib/python3.10/site-packages/dynamixel_control
[0.862s] copying /home/tabatakenta/kikuchi_jikken/my_ros2/build/dynamixel_control/build/lib/dynamixel_control/keyboard_current_publisher.py -> /home/tabatakenta/kikuchi_jikken/my_ros2/install/dynamixel_control/lib/python3.10/site-packages/dynamixel_control
[0.862s] byte-compiling /home/tabatakenta/kikuchi_jikken/my_ros2/install/dynamixel_control/lib/python3.10/site-packages/dynamixel_control/__init__.py to __init__.cpython-310.pyc
[0.862s] byte-compiling /home/tabatakenta/kikuchi_jikken/my_ros2/install/dynamixel_control/lib/python3.10/site-packages/dynamixel_control/dynamixel_controller.py to dynamixel_controller.cpython-310.pyc
[0.863s] byte-compiling /home/tabatakenta/kikuchi_jikken/my_ros2/install/dynamixel_control/lib/python3.10/site-packages/dynamixel_control/dynamixel_current_controller.py to dynamixel_current_controller.cpython-310.pyc
[0.863s] byte-compiling /home/tabatakenta/kikuchi_jikken/my_ros2/install/dynamixel_control/lib/python3.10/site-packages/dynamixel_control/keyboard_current_publisher.py to keyboard_current_publisher.cpython-310.pyc
[0.863s] running install_data
[0.864s] running install_egg_info
[0.864s] Copying ../../build/dynamixel_control/dynamixel_control.egg-info to /home/tabatakenta/kikuchi_jikken/my_ros2/install/dynamixel_control/lib/python3.10/site-packages/dynamixel_control-0.0.0-py3.10.egg-info
[0.865s] running install_scripts
[0.875s] Installing dynamixel_controller script to /home/tabatakenta/kikuchi_jikken/my_ros2/install/dynamixel_control/lib/dynamixel_control
[0.875s] Installing dynamixel_current_controller script to /home/tabatakenta/kikuchi_jikken/my_ros2/install/dynamixel_control/lib/dynamixel_control
[0.875s] Installing keyboard_current_publisher script to /home/tabatakenta/kikuchi_jikken/my_ros2/install/dynamixel_control/lib/dynamixel_control
[0.876s] writing list of installed files to '/home/tabatakenta/kikuchi_jikken/my_ros2/build/dynamixel_control/install.log'
[0.896s] Invoked command in '/home/tabatakenta/kikuchi_jikken/my_ros2/src/dynamixel_control' returned '0': PYTHONPATH=/home/tabatakenta/kikuchi_jikken/my_ros2/build/dynamixel_control/prefix_override:/usr/lib/python3/dist-packages/colcon_core/task/python/colcon_distutils_commands:/home/tabatakenta/kikuchi_jikken/my_ros2/install/dynamixel_control/lib/python3.10/site-packages:${PYTHONPATH} /usr/bin/python3 -W ignore:setup.py install is deprecated -W ignore:easy_install command is deprecated setup.py egg_info --egg-base ../../build/dynamixel_control build --build-base /home/tabatakenta/kikuchi_jikken/my_ros2/build/dynamixel_control/build install --record /home/tabatakenta/kikuchi_jikken/my_ros2/build/dynamixel_control/install.log --single-version-externally-managed install_data
