[0.819s] Invoking command in '/home/yt6/ros2_py_ws/build/my_py_pkg': PYTHONPATH=/home/yt6/ros2_py_ws/build/my_py_pkg/prefix_override:/usr/lib/python3/dist-packages/colcon_core/task/python/colcon_distutils_commands:/home/yt6/ros2_py_ws/install/my_py_pkg/lib/python3.8/site-packages:${PYTHONPATH} /usr/bin/python3 -W ignore:setup.py install is deprecated -W ignore:easy_install command is deprecated setup.py develop --uninstall --editable --build-directory /home/yt6/ros2_py_ws/build/my_py_pkg/build
[1.014s] running develop
[1.157s] Removing /home/yt6/ros2_py_ws/install/my_py_pkg/lib/python3.8/site-packages/my-py-pkg.egg-link (link to .)
[1.178s] Invoked command in '/home/yt6/ros2_py_ws/build/my_py_pkg' returned '0': PYTHONPATH=/home/yt6/ros2_py_ws/build/my_py_pkg/prefix_override:/usr/lib/python3/dist-packages/colcon_core/task/python/colcon_distutils_commands:/home/yt6/ros2_py_ws/install/my_py_pkg/lib/python3.8/site-packages:${PYTHONPATH} /usr/bin/python3 -W ignore:setup.py install is deprecated -W ignore:easy_install command is deprecated setup.py develop --uninstall --editable --build-directory /home/yt6/ros2_py_ws/build/my_py_pkg/build
[1.181s] Invoking command in '/home/yt6/ros2_py_ws/src/my_py_pkg': PYTHONPATH=/home/yt6/ros2_py_ws/build/my_py_pkg/prefix_override:/usr/lib/python3/dist-packages/colcon_core/task/python/colcon_distutils_commands:/home/yt6/ros2_py_ws/install/my_py_pkg/lib/python3.8/site-packages:${PYTHONPATH} /usr/bin/python3 -W ignore:setup.py install is deprecated -W ignore:easy_install command is deprecated setup.py egg_info --egg-base ../../build/my_py_pkg build --build-base /home/yt6/ros2_py_ws/build/my_py_pkg/build install --record /home/yt6/ros2_py_ws/build/my_py_pkg/install.log --single-version-externally-managed install_data --force
[1.372s] running egg_info
[1.372s] writing ../../build/my_py_pkg/my_py_pkg.egg-info/PKG-INFO
[1.372s] writing dependency_links to ../../build/my_py_pkg/my_py_pkg.egg-info/dependency_links.txt
[1.372s] writing entry points to ../../build/my_py_pkg/my_py_pkg.egg-info/entry_points.txt
[1.373s] writing requirements to ../../build/my_py_pkg/my_py_pkg.egg-info/requires.txt
[1.373s] writing top-level names to ../../build/my_py_pkg/my_py_pkg.egg-info/top_level.txt
[1.395s] reading manifest file '../../build/my_py_pkg/my_py_pkg.egg-info/SOURCES.txt'
[1.396s] writing manifest file '../../build/my_py_pkg/my_py_pkg.egg-info/SOURCES.txt'
[1.396s] running build
[1.396s] running build_py
[1.396s] creating /home/yt6/ros2_py_ws/build/my_py_pkg/build
[1.396s] creating /home/yt6/ros2_py_ws/build/my_py_pkg/build/lib
[1.396s] creating /home/yt6/ros2_py_ws/build/my_py_pkg/build/lib/my_py_pkg
[1.397s] copying my_py_pkg/subscriber_node.py -> /home/yt6/ros2_py_ws/build/my_py_pkg/build/lib/my_py_pkg
[1.397s] copying my_py_pkg/__init__.py -> /home/yt6/ros2_py_ws/build/my_py_pkg/build/lib/my_py_pkg
[1.397s] copying my_py_pkg/publisher_node.py -> /home/yt6/ros2_py_ws/build/my_py_pkg/build/lib/my_py_pkg
[1.397s] creating /home/yt6/ros2_py_ws/build/my_py_pkg/build/lib/my_py_pkg/nodes
[1.397s] copying my_py_pkg/nodes/talker.py -> /home/yt6/ros2_py_ws/build/my_py_pkg/build/lib/my_py_pkg/nodes
[1.397s] copying my_py_pkg/nodes/__init__.py -> /home/yt6/ros2_py_ws/build/my_py_pkg/build/lib/my_py_pkg/nodes
[1.397s] copying my_py_pkg/nodes/listener.py -> /home/yt6/ros2_py_ws/build/my_py_pkg/build/lib/my_py_pkg/nodes
[1.397s] running install
[1.398s] running install_lib
[1.399s] creating /home/yt6/ros2_py_ws/install/my_py_pkg/lib/python3.8/site-packages/my_py_pkg
[1.399s] copying /home/yt6/ros2_py_ws/build/my_py_pkg/build/lib/my_py_pkg/subscriber_node.py -> /home/yt6/ros2_py_ws/install/my_py_pkg/lib/python3.8/site-packages/my_py_pkg
[1.399s] copying /home/yt6/ros2_py_ws/build/my_py_pkg/build/lib/my_py_pkg/__init__.py -> /home/yt6/ros2_py_ws/install/my_py_pkg/lib/python3.8/site-packages/my_py_pkg
[1.399s] creating /home/yt6/ros2_py_ws/install/my_py_pkg/lib/python3.8/site-packages/my_py_pkg/nodes
[1.399s] copying /home/yt6/ros2_py_ws/build/my_py_pkg/build/lib/my_py_pkg/nodes/talker.py -> /home/yt6/ros2_py_ws/install/my_py_pkg/lib/python3.8/site-packages/my_py_pkg/nodes
[1.399s] copying /home/yt6/ros2_py_ws/build/my_py_pkg/build/lib/my_py_pkg/nodes/__init__.py -> /home/yt6/ros2_py_ws/install/my_py_pkg/lib/python3.8/site-packages/my_py_pkg/nodes
[1.399s] copying /home/yt6/ros2_py_ws/build/my_py_pkg/build/lib/my_py_pkg/nodes/listener.py -> /home/yt6/ros2_py_ws/install/my_py_pkg/lib/python3.8/site-packages/my_py_pkg/nodes
[1.399s] copying /home/yt6/ros2_py_ws/build/my_py_pkg/build/lib/my_py_pkg/publisher_node.py -> /home/yt6/ros2_py_ws/install/my_py_pkg/lib/python3.8/site-packages/my_py_pkg
[1.399s] byte-compiling /home/yt6/ros2_py_ws/install/my_py_pkg/lib/python3.8/site-packages/my_py_pkg/subscriber_node.py to subscriber_node.cpython-38.pyc
[1.400s] byte-compiling /home/yt6/ros2_py_ws/install/my_py_pkg/lib/python3.8/site-packages/my_py_pkg/__init__.py to __init__.cpython-38.pyc
[1.400s] byte-compiling /home/yt6/ros2_py_ws/install/my_py_pkg/lib/python3.8/site-packages/my_py_pkg/nodes/talker.py to talker.cpython-38.pyc
[1.401s] byte-compiling /home/yt6/ros2_py_ws/install/my_py_pkg/lib/python3.8/site-packages/my_py_pkg/nodes/__init__.py to __init__.cpython-38.pyc
[1.401s] byte-compiling /home/yt6/ros2_py_ws/install/my_py_pkg/lib/python3.8/site-packages/my_py_pkg/nodes/listener.py to listener.cpython-38.pyc
[1.401s] byte-compiling /home/yt6/ros2_py_ws/install/my_py_pkg/lib/python3.8/site-packages/my_py_pkg/publisher_node.py to publisher_node.cpython-38.pyc
[1.401s] running install_data
[1.401s] copying resource/my_py_pkg -> /home/yt6/ros2_py_ws/install/my_py_pkg/share/ament_index/resource_index/packages
[1.401s] copying package.xml -> /home/yt6/ros2_py_ws/install/my_py_pkg/share/my_py_pkg
[1.401s] running install_egg_info
[1.403s] Copying ../../build/my_py_pkg/my_py_pkg.egg-info to /home/yt6/ros2_py_ws/install/my_py_pkg/lib/python3.8/site-packages/my_py_pkg-0.0.0-py3.8.egg-info
[1.403s] running install_scripts
[1.415s] Installing listener script to /home/yt6/ros2_py_ws/install/my_py_pkg/lib/my_py_pkg
[1.415s] Installing publisher script to /home/yt6/ros2_py_ws/install/my_py_pkg/lib/my_py_pkg
[1.415s] Installing subscriber script to /home/yt6/ros2_py_ws/install/my_py_pkg/lib/my_py_pkg
[1.416s] Installing talker script to /home/yt6/ros2_py_ws/install/my_py_pkg/lib/my_py_pkg
[1.416s] writing list of installed files to '/home/yt6/ros2_py_ws/build/my_py_pkg/install.log'
[1.437s] Invoked command in '/home/yt6/ros2_py_ws/src/my_py_pkg' returned '0': PYTHONPATH=/home/yt6/ros2_py_ws/build/my_py_pkg/prefix_override:/usr/lib/python3/dist-packages/colcon_core/task/python/colcon_distutils_commands:/home/yt6/ros2_py_ws/install/my_py_pkg/lib/python3.8/site-packages:${PYTHONPATH} /usr/bin/python3 -W ignore:setup.py install is deprecated -W ignore:easy_install command is deprecated setup.py egg_info --egg-base ../../build/my_py_pkg build --build-base /home/yt6/ros2_py_ws/build/my_py_pkg/build install --record /home/yt6/ros2_py_ws/build/my_py_pkg/install.log --single-version-externally-managed install_data --force
