running develop
Removing /home/yt6/ros2_py_ws/install/my_vision_pkg/lib/python3.8/site-packages/my-vision-pkg.egg-link (link to .)
running egg_info
writing ../../build/my_vision_pkg/my_vision_pkg.egg-info/PKG-INFO
writing dependency_links to ../../build/my_vision_pkg/my_vision_pkg.egg-info/dependency_links.txt
writing entry points to ../../build/my_vision_pkg/my_vision_pkg.egg-info/entry_points.txt
writing requirements to ../../build/my_vision_pkg/my_vision_pkg.egg-info/requires.txt
writing top-level names to ../../build/my_vision_pkg/my_vision_pkg.egg-info/top_level.txt
reading manifest file '../../build/my_vision_pkg/my_vision_pkg.egg-info/SOURCES.txt'
writing manifest file '../../build/my_vision_pkg/my_vision_pkg.egg-info/SOURCES.txt'
running build
running build_py
creating /home/yt6/ros2_py_ws/build/my_vision_pkg/build
creating /home/yt6/ros2_py_ws/build/my_vision_pkg/build/lib
creating /home/yt6/ros2_py_ws/build/my_vision_pkg/build/lib/my_vision_pkg
copying my_vision_pkg/detect_circles_node.py -> /home/yt6/ros2_py_ws/build/my_vision_pkg/build/lib/my_vision_pkg
copying my_vision_pkg/circle_subscriber_node.py -> /home/yt6/ros2_py_ws/build/my_vision_pkg/build/lib/my_vision_pkg
copying my_vision_pkg/__init__.py -> /home/yt6/ros2_py_ws/build/my_vision_pkg/build/lib/my_vision_pkg
copying my_vision_pkg/detect_circles_node2.py -> /home/yt6/ros2_py_ws/build/my_vision_pkg/build/lib/my_vision_pkg
running install
running install_lib
creating /home/yt6/ros2_py_ws/install/my_vision_pkg/lib/python3.8/site-packages/my_vision_pkg
copying /home/yt6/ros2_py_ws/build/my_vision_pkg/build/lib/my_vision_pkg/detect_circles_node.py -> /home/yt6/ros2_py_ws/install/my_vision_pkg/lib/python3.8/site-packages/my_vision_pkg
copying /home/yt6/ros2_py_ws/build/my_vision_pkg/build/lib/my_vision_pkg/circle_subscriber_node.py -> /home/yt6/ros2_py_ws/install/my_vision_pkg/lib/python3.8/site-packages/my_vision_pkg
copying /home/yt6/ros2_py_ws/build/my_vision_pkg/build/lib/my_vision_pkg/__init__.py -> /home/yt6/ros2_py_ws/install/my_vision_pkg/lib/python3.8/site-packages/my_vision_pkg
copying /home/yt6/ros2_py_ws/build/my_vision_pkg/build/lib/my_vision_pkg/detect_circles_node2.py -> /home/yt6/ros2_py_ws/install/my_vision_pkg/lib/python3.8/site-packages/my_vision_pkg
byte-compiling /home/yt6/ros2_py_ws/install/my_vision_pkg/lib/python3.8/site-packages/my_vision_pkg/detect_circles_node.py to detect_circles_node.cpython-38.pyc
byte-compiling /home/yt6/ros2_py_ws/install/my_vision_pkg/lib/python3.8/site-packages/my_vision_pkg/circle_subscriber_node.py to circle_subscriber_node.cpython-38.pyc
byte-compiling /home/yt6/ros2_py_ws/install/my_vision_pkg/lib/python3.8/site-packages/my_vision_pkg/__init__.py to __init__.cpython-38.pyc
byte-compiling /home/yt6/ros2_py_ws/install/my_vision_pkg/lib/python3.8/site-packages/my_vision_pkg/detect_circles_node2.py to detect_circles_node2.cpython-38.pyc
running install_data
copying resource/my_vision_pkg -> /home/yt6/ros2_py_ws/install/my_vision_pkg/share/ament_index/resource_index/packages
copying package.xml -> /home/yt6/ros2_py_ws/install/my_vision_pkg/share/my_vision_pkg
running install_egg_info
Copying ../../build/my_vision_pkg/my_vision_pkg.egg-info to /home/yt6/ros2_py_ws/install/my_vision_pkg/lib/python3.8/site-packages/my_vision_pkg-0.0.0-py3.8.egg-info
running install_scripts
Installing circle_subscriber script to /home/yt6/ros2_py_ws/install/my_vision_pkg/lib/my_vision_pkg
Installing detect_circles script to /home/yt6/ros2_py_ws/install/my_vision_pkg/lib/my_vision_pkg
Installing detect_circles_1shot script to /home/yt6/ros2_py_ws/install/my_vision_pkg/lib/my_vision_pkg
writing list of installed files to '/home/yt6/ros2_py_ws/build/my_vision_pkg/install.log'
