[0.814s] Invoking command in '/home/yt6/ros2_py_ws/build/my_vision_pkg': PYTHONPATH=/home/yt6/ros2_py_ws/build/my_vision_pkg/prefix_override:/usr/lib/python3/dist-packages/colcon_core/task/python/colcon_distutils_commands:/home/yt6/ros2_py_ws/install/my_vision_pkg/lib/python3.8/site-packages:${PYTHONPATH} /usr/bin/python3 -W ignore:setup.py install is deprecated -W ignore:easy_install command is deprecated setup.py develop --uninstall --editable --build-directory /home/yt6/ros2_py_ws/build/my_vision_pkg/build
[1.018s] running develop
[1.167s] Removing /home/yt6/ros2_py_ws/install/my_vision_pkg/lib/python3.8/site-packages/my-vision-pkg.egg-link (link to .)
[1.189s] Invoked command in '/home/yt6/ros2_py_ws/build/my_vision_pkg' returned '0': PYTHONPATH=/home/yt6/ros2_py_ws/build/my_vision_pkg/prefix_override:/usr/lib/python3/dist-packages/colcon_core/task/python/colcon_distutils_commands:/home/yt6/ros2_py_ws/install/my_vision_pkg/lib/python3.8/site-packages:${PYTHONPATH} /usr/bin/python3 -W ignore:setup.py install is deprecated -W ignore:easy_install command is deprecated setup.py develop --uninstall --editable --build-directory /home/yt6/ros2_py_ws/build/my_vision_pkg/build
[1.192s] Invoking command in '/home/yt6/ros2_py_ws/src/my_vision_pkg': PYTHONPATH=/home/yt6/ros2_py_ws/build/my_vision_pkg/prefix_override:/usr/lib/python3/dist-packages/colcon_core/task/python/colcon_distutils_commands:/home/yt6/ros2_py_ws/install/my_vision_pkg/lib/python3.8/site-packages:${PYTHONPATH} /usr/bin/python3 -W ignore:setup.py install is deprecated -W ignore:easy_install command is deprecated setup.py egg_info --egg-base ../../build/my_vision_pkg build --build-base /home/yt6/ros2_py_ws/build/my_vision_pkg/build install --record /home/yt6/ros2_py_ws/build/my_vision_pkg/install.log --single-version-externally-managed install_data --force
[1.384s] running egg_info
[1.385s] writing ../../build/my_vision_pkg/my_vision_pkg.egg-info/PKG-INFO
[1.385s] writing dependency_links to ../../build/my_vision_pkg/my_vision_pkg.egg-info/dependency_links.txt
[1.385s] writing entry points to ../../build/my_vision_pkg/my_vision_pkg.egg-info/entry_points.txt
[1.385s] writing requirements to ../../build/my_vision_pkg/my_vision_pkg.egg-info/requires.txt
[1.385s] writing top-level names to ../../build/my_vision_pkg/my_vision_pkg.egg-info/top_level.txt
[1.409s] reading manifest file '../../build/my_vision_pkg/my_vision_pkg.egg-info/SOURCES.txt'
[1.410s] writing manifest file '../../build/my_vision_pkg/my_vision_pkg.egg-info/SOURCES.txt'
[1.410s] running build
[1.410s] running build_py
[1.410s] creating /home/yt6/ros2_py_ws/build/my_vision_pkg/build
[1.410s] creating /home/yt6/ros2_py_ws/build/my_vision_pkg/build/lib
[1.411s] creating /home/yt6/ros2_py_ws/build/my_vision_pkg/build/lib/my_vision_pkg
[1.411s] copying my_vision_pkg/detect_circles_node.py -> /home/yt6/ros2_py_ws/build/my_vision_pkg/build/lib/my_vision_pkg
[1.411s] copying my_vision_pkg/circle_subscriber_node.py -> /home/yt6/ros2_py_ws/build/my_vision_pkg/build/lib/my_vision_pkg
[1.411s] copying my_vision_pkg/__init__.py -> /home/yt6/ros2_py_ws/build/my_vision_pkg/build/lib/my_vision_pkg
[1.411s] copying my_vision_pkg/detect_circles_node2.py -> /home/yt6/ros2_py_ws/build/my_vision_pkg/build/lib/my_vision_pkg
[1.411s] running install
[1.412s] running install_lib
[1.413s] creating /home/yt6/ros2_py_ws/install/my_vision_pkg/lib/python3.8/site-packages/my_vision_pkg
[1.413s] copying /home/yt6/ros2_py_ws/build/my_vision_pkg/build/lib/my_vision_pkg/detect_circles_node.py -> /home/yt6/ros2_py_ws/install/my_vision_pkg/lib/python3.8/site-packages/my_vision_pkg
[1.413s] copying /home/yt6/ros2_py_ws/build/my_vision_pkg/build/lib/my_vision_pkg/circle_subscriber_node.py -> /home/yt6/ros2_py_ws/install/my_vision_pkg/lib/python3.8/site-packages/my_vision_pkg
[1.413s] copying /home/yt6/ros2_py_ws/build/my_vision_pkg/build/lib/my_vision_pkg/__init__.py -> /home/yt6/ros2_py_ws/install/my_vision_pkg/lib/python3.8/site-packages/my_vision_pkg
[1.413s] copying /home/yt6/ros2_py_ws/build/my_vision_pkg/build/lib/my_vision_pkg/detect_circles_node2.py -> /home/yt6/ros2_py_ws/install/my_vision_pkg/lib/python3.8/site-packages/my_vision_pkg
[1.414s] byte-compiling /home/yt6/ros2_py_ws/install/my_vision_pkg/lib/python3.8/site-packages/my_vision_pkg/detect_circles_node.py to detect_circles_node.cpython-38.pyc
[1.415s] byte-compiling /home/yt6/ros2_py_ws/install/my_vision_pkg/lib/python3.8/site-packages/my_vision_pkg/circle_subscriber_node.py to circle_subscriber_node.cpython-38.pyc
[1.415s] byte-compiling /home/yt6/ros2_py_ws/install/my_vision_pkg/lib/python3.8/site-packages/my_vision_pkg/__init__.py to __init__.cpython-38.pyc
[1.415s] byte-compiling /home/yt6/ros2_py_ws/install/my_vision_pkg/lib/python3.8/site-packages/my_vision_pkg/detect_circles_node2.py to detect_circles_node2.cpython-38.pyc
[1.416s] running install_data
[1.416s] copying resource/my_vision_pkg -> /home/yt6/ros2_py_ws/install/my_vision_pkg/share/ament_index/resource_index/packages
[1.416s] copying package.xml -> /home/yt6/ros2_py_ws/install/my_vision_pkg/share/my_vision_pkg
[1.416s] running install_egg_info
[1.418s] Copying ../../build/my_vision_pkg/my_vision_pkg.egg-info to /home/yt6/ros2_py_ws/install/my_vision_pkg/lib/python3.8/site-packages/my_vision_pkg-0.0.0-py3.8.egg-info
[1.418s] running install_scripts
[1.433s] Installing circle_subscriber script to /home/yt6/ros2_py_ws/install/my_vision_pkg/lib/my_vision_pkg
[1.433s] Installing detect_circles script to /home/yt6/ros2_py_ws/install/my_vision_pkg/lib/my_vision_pkg
[1.433s] Installing detect_circles_1shot script to /home/yt6/ros2_py_ws/install/my_vision_pkg/lib/my_vision_pkg
[1.433s] writing list of installed files to '/home/yt6/ros2_py_ws/build/my_vision_pkg/install.log'
[1.456s] Invoked command in '/home/yt6/ros2_py_ws/src/my_vision_pkg' returned '0': PYTHONPATH=/home/yt6/ros2_py_ws/build/my_vision_pkg/prefix_override:/usr/lib/python3/dist-packages/colcon_core/task/python/colcon_distutils_commands:/home/yt6/ros2_py_ws/install/my_vision_pkg/lib/python3.8/site-packages:${PYTHONPATH} /usr/bin/python3 -W ignore:setup.py install is deprecated -W ignore:easy_install command is deprecated setup.py egg_info --egg-base ../../build/my_vision_pkg build --build-base /home/yt6/ros2_py_ws/build/my_vision_pkg/build install --record /home/yt6/ros2_py_ws/build/my_vision_pkg/install.log --single-version-externally-managed install_data --force
