running develop
running egg_info
creating dynamixel_control.egg-info
writing dynamixel_control.egg-info/PKG-INFO
writing dependency_links to dynamixel_control.egg-info/dependency_links.txt
writing entry points to dynamixel_control.egg-info/entry_points.txt
writing requirements to dynamixel_control.egg-info/requires.txt
writing top-level names to dynamixel_control.egg-info/top_level.txt
writing manifest file 'dynamixel_control.egg-info/SOURCES.txt'
reading manifest file 'dynamixel_control.egg-info/SOURCES.txt'
writing manifest file 'dynamixel_control.egg-info/SOURCES.txt'
running build_ext
Creating /home/yt6/ros2_py_ws/install/dynamixel_control/lib/python3.8/site-packages/site.py
Creating /home/yt6/ros2_py_ws/install/dynamixel_control/lib/python3.8/site-packages/dynamixel-control.egg-link (link to .)
Installing dynamixel_controller script to /home/yt6/ros2_py_ws/install/dynamixel_control/lib/dynamixel_control
Installing dynamixel_current_controller script to /home/yt6/ros2_py_ws/install/dynamixel_control/lib/dynamixel_control
Installing keyboard_current_publisher script to /home/yt6/ros2_py_ws/install/dynamixel_control/lib/dynamixel_control

Installed /home/yt6/ros2_py_ws/build/dynamixel_control
running symlink_data
symbolically linking /home/yt6/ros2_py_ws/build/dynamixel_control/package.xml -> /home/yt6/ros2_py_ws/install/dynamixel_control/share/dynamixel_control
