[0.776s] Invoking command in '/home/yt6/ros2_py_ws/build/dynamixel_control': AMENT_PREFIX_PATH=/home/yt6/ros2_py_ws/install/dynamixel_sdk_custom_interfaces:/home/yt6/ros2_py_ws/install/dynamixel_sdk:${AMENT_PREFIX_PATH} CMAKE_PREFIX_PATH=/home/yt6/ros2_py_ws/install/dynamixel_sdk_custom_interfaces:/home/yt6/ros2_py_ws/install/dynamixel_sdk PYTHONPATH=/home/yt6/ros2_py_ws/build/dynamixel_control/prefix_override:/usr/lib/python3/dist-packages/colcon_core/task/python/colcon_distutils_commands:/home/yt6/ros2_py_ws/install/dynamixel_control/lib/python3.8/site-packages:/home/yt6/ros2_py_ws/install/dynamixel_sdk_custom_interfaces/lib/python3.8/site-packages:/home/yt6/ros2_py_ws/build/my_vision_pkg:/home/yt6/ros2_py_ws/install/my_vision_pkg/lib/python3.8/site-packages:/home/yt6/ros2_py_ws/build/my_py_pkg:/home/yt6/ros2_py_ws/install/my_py_pkg/lib/python3.8/site-packages:/home/yt6/ros2_py_ws/build/dynamixel_publisher:/home/yt6/ros2_py_ws/install/dynamixel_publisher/lib/python3.8/site-packages:/home/yt6/ros2_py_ws/build/dynamixel_control:/home/yt6/ros2_py_ws/install/dynamixel_control/lib/python3.8/site-packages:/home/yt6/ros2_py_ws/src/my_vision_pkg/install/my_vision_pkg/lib/python3.8/site-packages:/opt/ros/humble/lib/python3.8/site-packages /usr/bin/python3 -W ignore:setup.py install is deprecated -W ignore:easy_install command is deprecated setup.py develop --editable --build-directory /home/yt6/ros2_py_ws/build/dynamixel_control/build --no-deps symlink_data
[0.979s] running develop
[1.121s] running egg_info
[1.121s] creating dynamixel_control.egg-info
[1.121s] writing dynamixel_control.egg-info/PKG-INFO
[1.122s] writing dependency_links to dynamixel_control.egg-info/dependency_links.txt
[1.122s] writing entry points to dynamixel_control.egg-info/entry_points.txt
[1.122s] writing requirements to dynamixel_control.egg-info/requires.txt
[1.122s] writing top-level names to dynamixel_control.egg-info/top_level.txt
[1.122s] writing manifest file 'dynamixel_control.egg-info/SOURCES.txt'
[1.144s] reading manifest file 'dynamixel_control.egg-info/SOURCES.txt'
[1.144s] writing manifest file 'dynamixel_control.egg-info/SOURCES.txt'
[1.170s] running build_ext
[1.171s] Creating /home/yt6/ros2_py_ws/install/dynamixel_control/lib/python3.8/site-packages/site.py
[1.172s] Creating /home/yt6/ros2_py_ws/install/dynamixel_control/lib/python3.8/site-packages/dynamixel-control.egg-link (link to .)
[1.173s] Installing dynamixel_controller script to /home/yt6/ros2_py_ws/install/dynamixel_control/lib/dynamixel_control
[1.173s] Installing dynamixel_current_controller script to /home/yt6/ros2_py_ws/install/dynamixel_control/lib/dynamixel_control
[1.173s] Installing keyboard_current_publisher script to /home/yt6/ros2_py_ws/install/dynamixel_control/lib/dynamixel_control
[1.173s] 
[1.173s] Installed /home/yt6/ros2_py_ws/build/dynamixel_control
[1.173s] running symlink_data
[1.173s] symbolically linking /home/yt6/ros2_py_ws/build/dynamixel_control/package.xml -> /home/yt6/ros2_py_ws/install/dynamixel_control/share/dynamixel_control
[1.211s] Invoked command in '/home/yt6/ros2_py_ws/build/dynamixel_control' returned '0': AMENT_PREFIX_PATH=/home/yt6/ros2_py_ws/install/dynamixel_sdk_custom_interfaces:/home/yt6/ros2_py_ws/install/dynamixel_sdk:${AMENT_PREFIX_PATH} CMAKE_PREFIX_PATH=/home/yt6/ros2_py_ws/install/dynamixel_sdk_custom_interfaces:/home/yt6/ros2_py_ws/install/dynamixel_sdk PYTHONPATH=/home/yt6/ros2_py_ws/build/dynamixel_control/prefix_override:/usr/lib/python3/dist-packages/colcon_core/task/python/colcon_distutils_commands:/home/yt6/ros2_py_ws/install/dynamixel_control/lib/python3.8/site-packages:/home/yt6/ros2_py_ws/install/dynamixel_sdk_custom_interfaces/lib/python3.8/site-packages:/home/yt6/ros2_py_ws/build/my_vision_pkg:/home/yt6/ros2_py_ws/install/my_vision_pkg/lib/python3.8/site-packages:/home/yt6/ros2_py_ws/build/my_py_pkg:/home/yt6/ros2_py_ws/install/my_py_pkg/lib/python3.8/site-packages:/home/yt6/ros2_py_ws/build/dynamixel_publisher:/home/yt6/ros2_py_ws/install/dynamixel_publisher/lib/python3.8/site-packages:/home/yt6/ros2_py_ws/build/dynamixel_control:/home/yt6/ros2_py_ws/install/dynamixel_control/lib/python3.8/site-packages:/home/yt6/ros2_py_ws/src/my_vision_pkg/install/my_vision_pkg/lib/python3.8/site-packages:/opt/ros/humble/lib/python3.8/site-packages /usr/bin/python3 -W ignore:setup.py install is deprecated -W ignore:easy_install command is deprecated setup.py develop --editable --build-directory /home/yt6/ros2_py_ws/build/dynamixel_control/build --no-deps symlink_data
