[0.030s] Invoking command in '/home/yt6/ros2_py_ws/build/dynamixel_sdk': CMAKE_PREFIX_PATH=${CMAKE_PREFIX_PATH}:/home/yt6/ros2_py_ws/install/my_vision_pkg:/home/yt6/ros2_py_ws/install/my_py_pkg:/home/yt6/ws_moveit2/install/moveit_configs_utils:/home/yt6/ws_moveit2/install/launch_param_builder:/home/yt6/ros2_ws/install/ament_cmake_export_link_flags:/home/yt6/ros2_ws/install/uf_ros_lib:/home/yt6/ros2_ws/install/py_pubsub:/home/yt6/ros2_ws/install/my_package:/home/yt6/ros2_ws/install/launch_testing_examples:/home/yt6/ros2_ws/install/kikuchi_package:/home/yt6/ros2_ws/install/examples_rclpy_pointcloud_publisher:/home/yt6/ros2_ws/install/examples_rclpy_minimal_subscriber:/home/yt6/ros2_ws/install/examples_rclpy_minimal_service:/home/yt6/ros2_ws/install/examples_rclpy_minimal_publisher:/home/yt6/ros2_ws/install/examples_rclpy_minimal_client:/home/yt6/ros2_ws/install/examples_rclpy_minimal_action_server:/home/yt6/ros2_ws/install/examples_rclpy_minimal_action_client:/home/yt6/ros2_ws/install/examples_rclpy_guard_conditions:/home/yt6/ros2_ws/install/examples_rclpy_executors /usr/bin/cmake /home/yt6/ros2_py_ws/src/DynamixelSDK/dynamixel_sdk -DAMENT_CMAKE_SYMLINK_INSTALL=1 -DCMAKE_INSTALL_PREFIX=/home/yt6/ros2_py_ws/install/dynamixel_sdk
[0.247s] -- The C compiler identification is GNU 9.4.0
[0.248s] [0mCMake Deprecation Warning at CMakeLists.txt:4 (cmake_minimum_required):
[0.248s]   Compatibility with CMake < 3.10 will be removed from a future version of
[0.248s]   CMake.
[0.249s] 
[0.249s]   Update the VERSION argument <min> value.  Or, use the <min>...<max> syntax
[0.250s]   to tell CMake that the project requires at least <min> but has been updated
[0.250s]   to work with policies introduced by <max> or earlier.
[0.251s] 
[0.251s] [0m
[0.289s] -- The CXX compiler identification is GNU 9.4.0
[0.298s] -- Detecting C compiler ABI info
[0.365s] -- Detecting C compiler ABI info - done
[0.378s] -- Check for working C compiler: /usr/bin/cc - skipped
[0.378s] -- Detecting C compile features
[0.378s] -- Detecting C compile features - done
[0.391s] -- Detecting CXX compiler ABI info
[0.477s] -- Detecting CXX compiler ABI info - done
[0.491s] -- Check for working CXX compiler: /usr/bin/c++ - skipped
[0.491s] -- Detecting CXX compile features
[0.491s] -- Detecting CXX compile features - done
[0.500s] -- Found ament_cmake: 1.3.9 (/opt/ros/humble/share/ament_cmake/cmake)
[0.626s] -- Found Python3: /usr/bin/python3 (found version "3.8.10") found components: Interpreter
[0.689s] -- Override CMake install command with custom implementation using symlinks instead of copying resources
[0.793s] -- Configuring done (0.7s)
[0.801s] -- Generating done (0.0s)
[0.802s] -- Build files have been written to: /home/yt6/ros2_py_ws/build/dynamixel_sdk
[0.807s] Invoked command in '/home/yt6/ros2_py_ws/build/dynamixel_sdk' returned '0': CMAKE_PREFIX_PATH=${CMAKE_PREFIX_PATH}:/home/yt6/ros2_py_ws/install/my_vision_pkg:/home/yt6/ros2_py_ws/install/my_py_pkg:/home/yt6/ws_moveit2/install/moveit_configs_utils:/home/yt6/ws_moveit2/install/launch_param_builder:/home/yt6/ros2_ws/install/ament_cmake_export_link_flags:/home/yt6/ros2_ws/install/uf_ros_lib:/home/yt6/ros2_ws/install/py_pubsub:/home/yt6/ros2_ws/install/my_package:/home/yt6/ros2_ws/install/launch_testing_examples:/home/yt6/ros2_ws/install/kikuchi_package:/home/yt6/ros2_ws/install/examples_rclpy_pointcloud_publisher:/home/yt6/ros2_ws/install/examples_rclpy_minimal_subscriber:/home/yt6/ros2_ws/install/examples_rclpy_minimal_service:/home/yt6/ros2_ws/install/examples_rclpy_minimal_publisher:/home/yt6/ros2_ws/install/examples_rclpy_minimal_client:/home/yt6/ros2_ws/install/examples_rclpy_minimal_action_server:/home/yt6/ros2_ws/install/examples_rclpy_minimal_action_client:/home/yt6/ros2_ws/install/examples_rclpy_guard_conditions:/home/yt6/ros2_ws/install/examples_rclpy_executors /usr/bin/cmake /home/yt6/ros2_py_ws/src/DynamixelSDK/dynamixel_sdk -DAMENT_CMAKE_SYMLINK_INSTALL=1 -DCMAKE_INSTALL_PREFIX=/home/yt6/ros2_py_ws/install/dynamixel_sdk
[0.810s] Invoking command in '/home/yt6/ros2_py_ws/build/dynamixel_sdk': CMAKE_PREFIX_PATH=${CMAKE_PREFIX_PATH}:/home/yt6/ros2_py_ws/install/my_vision_pkg:/home/yt6/ros2_py_ws/install/my_py_pkg:/home/yt6/ws_moveit2/install/moveit_configs_utils:/home/yt6/ws_moveit2/install/launch_param_builder:/home/yt6/ros2_ws/install/ament_cmake_export_link_flags:/home/yt6/ros2_ws/install/uf_ros_lib:/home/yt6/ros2_ws/install/py_pubsub:/home/yt6/ros2_ws/install/my_package:/home/yt6/ros2_ws/install/launch_testing_examples:/home/yt6/ros2_ws/install/kikuchi_package:/home/yt6/ros2_ws/install/examples_rclpy_pointcloud_publisher:/home/yt6/ros2_ws/install/examples_rclpy_minimal_subscriber:/home/yt6/ros2_ws/install/examples_rclpy_minimal_service:/home/yt6/ros2_ws/install/examples_rclpy_minimal_publisher:/home/yt6/ros2_ws/install/examples_rclpy_minimal_client:/home/yt6/ros2_ws/install/examples_rclpy_minimal_action_server:/home/yt6/ros2_ws/install/examples_rclpy_minimal_action_client:/home/yt6/ros2_ws/install/examples_rclpy_guard_conditions:/home/yt6/ros2_ws/install/examples_rclpy_executors /usr/bin/cmake --build /home/yt6/ros2_py_ws/build/dynamixel_sdk -- -j16 -l16
[0.837s] [ 40%] [32mBuilding CXX object CMakeFiles/dynamixel_sdk.dir/src/dynamixel_sdk/group_sync_write.cpp.o[0m
[0.837s] [ 60%] [32mBuilding CXX object CMakeFiles/dynamixel_sdk.dir/src/dynamixel_sdk/protocol1_packet_handler.cpp.o[0m
[0.838s] [ 60%] [32mBuilding CXX object CMakeFiles/dynamixel_sdk.dir/src/dynamixel_sdk/port_handler.cpp.o[0m
[0.838s] [ 40%] [32mBuilding CXX object CMakeFiles/dynamixel_sdk.dir/src/dynamixel_sdk/group_sync_read.cpp.o[0m
[0.838s] [ 40%] [32mBuilding CXX object CMakeFiles/dynamixel_sdk.dir/src/dynamixel_sdk/packet_handler.cpp.o[0m
[0.838s] [ 60%] [32mBuilding CXX object CMakeFiles/dynamixel_sdk.dir/src/dynamixel_sdk/protocol2_packet_handler.cpp.o[0m
[0.838s] [ 70%] [32mBuilding CXX object CMakeFiles/dynamixel_sdk.dir/src/dynamixel_sdk/group_bulk_write.cpp.o[0m
[0.838s] [ 80%] [32mBuilding CXX object CMakeFiles/dynamixel_sdk.dir/src/dynamixel_sdk/group_bulk_read.cpp.o[0m
[0.838s] [ 90%] [32mBuilding CXX object CMakeFiles/dynamixel_sdk.dir/src/dynamixel_sdk/port_handler_linux.cpp.o[0m
[1.495s] [100%] [32m[1mLinking CXX shared library libdynamixel_sdk.so[0m
[1.566s] [100%] Built target dynamixel_sdk
[1.573s] Invoked command in '/home/yt6/ros2_py_ws/build/dynamixel_sdk' returned '0': CMAKE_PREFIX_PATH=${CMAKE_PREFIX_PATH}:/home/yt6/ros2_py_ws/install/my_vision_pkg:/home/yt6/ros2_py_ws/install/my_py_pkg:/home/yt6/ws_moveit2/install/moveit_configs_utils:/home/yt6/ws_moveit2/install/launch_param_builder:/home/yt6/ros2_ws/install/ament_cmake_export_link_flags:/home/yt6/ros2_ws/install/uf_ros_lib:/home/yt6/ros2_ws/install/py_pubsub:/home/yt6/ros2_ws/install/my_package:/home/yt6/ros2_ws/install/launch_testing_examples:/home/yt6/ros2_ws/install/kikuchi_package:/home/yt6/ros2_ws/install/examples_rclpy_pointcloud_publisher:/home/yt6/ros2_ws/install/examples_rclpy_minimal_subscriber:/home/yt6/ros2_ws/install/examples_rclpy_minimal_service:/home/yt6/ros2_ws/install/examples_rclpy_minimal_publisher:/home/yt6/ros2_ws/install/examples_rclpy_minimal_client:/home/yt6/ros2_ws/install/examples_rclpy_minimal_action_server:/home/yt6/ros2_ws/install/examples_rclpy_minimal_action_client:/home/yt6/ros2_ws/install/examples_rclpy_guard_conditions:/home/yt6/ros2_ws/install/examples_rclpy_executors /usr/bin/cmake --build /home/yt6/ros2_py_ws/build/dynamixel_sdk -- -j16 -l16
[1.583s] Invoking command in '/home/yt6/ros2_py_ws/build/dynamixel_sdk': CMAKE_PREFIX_PATH=${CMAKE_PREFIX_PATH}:/home/yt6/ros2_py_ws/install/my_vision_pkg:/home/yt6/ros2_py_ws/install/my_py_pkg:/home/yt6/ws_moveit2/install/moveit_configs_utils:/home/yt6/ws_moveit2/install/launch_param_builder:/home/yt6/ros2_ws/install/ament_cmake_export_link_flags:/home/yt6/ros2_ws/install/uf_ros_lib:/home/yt6/ros2_ws/install/py_pubsub:/home/yt6/ros2_ws/install/my_package:/home/yt6/ros2_ws/install/launch_testing_examples:/home/yt6/ros2_ws/install/kikuchi_package:/home/yt6/ros2_ws/install/examples_rclpy_pointcloud_publisher:/home/yt6/ros2_ws/install/examples_rclpy_minimal_subscriber:/home/yt6/ros2_ws/install/examples_rclpy_minimal_service:/home/yt6/ros2_ws/install/examples_rclpy_minimal_publisher:/home/yt6/ros2_ws/install/examples_rclpy_minimal_client:/home/yt6/ros2_ws/install/examples_rclpy_minimal_action_server:/home/yt6/ros2_ws/install/examples_rclpy_minimal_action_client:/home/yt6/ros2_ws/install/examples_rclpy_guard_conditions:/home/yt6/ros2_ws/install/examples_rclpy_executors /usr/bin/cmake --install /home/yt6/ros2_py_ws/build/dynamixel_sdk
[1.588s] -- Install configuration: ""
[1.588s] -- Execute custom install script
[1.589s] -- Symlinking: /home/yt6/ros2_py_ws/install/dynamixel_sdk/include//dynamixel_sdk/dynamixel_sdk.h
[1.593s] -- Symlinking: /home/yt6/ros2_py_ws/install/dynamixel_sdk/include//dynamixel_sdk/group_bulk_read.h
[1.597s] -- Symlinking: /home/yt6/ros2_py_ws/install/dynamixel_sdk/include//dynamixel_sdk/group_bulk_write.h
[1.601s] -- Symlinking: /home/yt6/ros2_py_ws/install/dynamixel_sdk/include//dynamixel_sdk/group_sync_read.h
[1.605s] -- Symlinking: /home/yt6/ros2_py_ws/install/dynamixel_sdk/include//dynamixel_sdk/group_sync_write.h
[1.609s] -- Symlinking: /home/yt6/ros2_py_ws/install/dynamixel_sdk/include//dynamixel_sdk/packet_handler.h
[1.613s] -- Symlinking: /home/yt6/ros2_py_ws/install/dynamixel_sdk/include//dynamixel_sdk/port_handler.h
[1.617s] -- Symlinking: /home/yt6/ros2_py_ws/install/dynamixel_sdk/include//dynamixel_sdk/port_handler_arduino.h
[1.621s] -- Symlinking: /home/yt6/ros2_py_ws/install/dynamixel_sdk/include//dynamixel_sdk/port_handler_linux.h
[1.625s] -- Symlinking: /home/yt6/ros2_py_ws/install/dynamixel_sdk/include//dynamixel_sdk/port_handler_mac.h
[1.629s] -- Symlinking: /home/yt6/ros2_py_ws/install/dynamixel_sdk/include//dynamixel_sdk/port_handler_windows.h
[1.633s] -- Symlinking: /home/yt6/ros2_py_ws/install/dynamixel_sdk/include//dynamixel_sdk/protocol1_packet_handler.h
[1.637s] -- Symlinking: /home/yt6/ros2_py_ws/install/dynamixel_sdk/include//dynamixel_sdk/protocol2_packet_handler.h
[1.642s] -- Symlinking: /home/yt6/ros2_py_ws/install/dynamixel_sdk/lib/libdynamixel_sdk.so
[1.646s] -- Symlinking: /home/yt6/ros2_py_ws/install/dynamixel_sdk/share/dynamixel_sdk/environment/library_path.sh
[1.649s] -- Symlinking: /home/yt6/ros2_py_ws/install/dynamixel_sdk/share/dynamixel_sdk/environment/library_path.dsv
[1.654s] -- Symlinking: /home/yt6/ros2_py_ws/install/dynamixel_sdk/share/ament_index/resource_index/package_run_dependencies/dynamixel_sdk
[1.658s] -- Symlinking: /home/yt6/ros2_py_ws/install/dynamixel_sdk/share/ament_index/resource_index/parent_prefix_path/dynamixel_sdk
[1.662s] -- Symlinking: /home/yt6/ros2_py_ws/install/dynamixel_sdk/share/dynamixel_sdk/environment/ament_prefix_path.sh
[1.666s] -- Symlinking: /home/yt6/ros2_py_ws/install/dynamixel_sdk/share/dynamixel_sdk/environment/ament_prefix_path.dsv
[1.670s] -- Symlinking: /home/yt6/ros2_py_ws/install/dynamixel_sdk/share/dynamixel_sdk/environment/path.sh
[1.674s] -- Symlinking: /home/yt6/ros2_py_ws/install/dynamixel_sdk/share/dynamixel_sdk/environment/path.dsv
[1.677s] -- Symlinking: /home/yt6/ros2_py_ws/install/dynamixel_sdk/share/dynamixel_sdk/local_setup.bash
[1.680s] -- Symlinking: /home/yt6/ros2_py_ws/install/dynamixel_sdk/share/dynamixel_sdk/local_setup.sh
[1.684s] -- Symlinking: /home/yt6/ros2_py_ws/install/dynamixel_sdk/share/dynamixel_sdk/local_setup.zsh
[1.687s] -- Symlinking: /home/yt6/ros2_py_ws/install/dynamixel_sdk/share/dynamixel_sdk/local_setup.dsv
[1.691s] -- Symlinking: /home/yt6/ros2_py_ws/install/dynamixel_sdk/share/dynamixel_sdk/package.dsv
[1.696s] -- Symlinking: /home/yt6/ros2_py_ws/install/dynamixel_sdk/share/ament_index/resource_index/packages/dynamixel_sdk
[1.701s] -- Symlinking: /home/yt6/ros2_py_ws/install/dynamixel_sdk/share/dynamixel_sdk/cmake/ament_cmake_export_include_directories-extras.cmake
[1.705s] -- Symlinking: /home/yt6/ros2_py_ws/install/dynamixel_sdk/share/dynamixel_sdk/cmake/ament_cmake_export_libraries-extras.cmake
[1.708s] -- Symlinking: /home/yt6/ros2_py_ws/install/dynamixel_sdk/share/dynamixel_sdk/cmake/dynamixel_sdkConfig.cmake
[1.714s] -- Symlinking: /home/yt6/ros2_py_ws/install/dynamixel_sdk/share/dynamixel_sdk/cmake/dynamixel_sdkConfig-version.cmake
[1.718s] -- Symlinking: /home/yt6/ros2_py_ws/install/dynamixel_sdk/share/dynamixel_sdk/package.xml
[1.723s] Invoked command in '/home/yt6/ros2_py_ws/build/dynamixel_sdk' returned '0': CMAKE_PREFIX_PATH=${CMAKE_PREFIX_PATH}:/home/yt6/ros2_py_ws/install/my_vision_pkg:/home/yt6/ros2_py_ws/install/my_py_pkg:/home/yt6/ws_moveit2/install/moveit_configs_utils:/home/yt6/ws_moveit2/install/launch_param_builder:/home/yt6/ros2_ws/install/ament_cmake_export_link_flags:/home/yt6/ros2_ws/install/uf_ros_lib:/home/yt6/ros2_ws/install/py_pubsub:/home/yt6/ros2_ws/install/my_package:/home/yt6/ros2_ws/install/launch_testing_examples:/home/yt6/ros2_ws/install/kikuchi_package:/home/yt6/ros2_ws/install/examples_rclpy_pointcloud_publisher:/home/yt6/ros2_ws/install/examples_rclpy_minimal_subscriber:/home/yt6/ros2_ws/install/examples_rclpy_minimal_service:/home/yt6/ros2_ws/install/examples_rclpy_minimal_publisher:/home/yt6/ros2_ws/install/examples_rclpy_minimal_client:/home/yt6/ros2_ws/install/examples_rclpy_minimal_action_server:/home/yt6/ros2_ws/install/examples_rclpy_minimal_action_client:/home/yt6/ros2_ws/install/examples_rclpy_guard_conditions:/home/yt6/ros2_ws/install/examples_rclpy_executors /usr/bin/cmake --install /home/yt6/ros2_py_ws/build/dynamixel_sdk
