[0.413s] Invoking command in '/home/yt6/ros2_py_ws/build/dynamixel_sdk_examples': AMENT_PREFIX_PATH=/home/yt6/ros2_py_ws/install/dynamixel_sdk_custom_interfaces:/home/yt6/ros2_py_ws/install/dynamixel_sdk:${AMENT_PREFIX_PATH} CMAKE_PREFIX_PATH=/home/yt6/ros2_py_ws/install/dynamixel_sdk_custom_interfaces:/home/yt6/ros2_py_ws/install/dynamixel_sdk:/opt/ros/humble LD_LIBRARY_PATH=/home/yt6/ros2_py_ws/install/dynamixel_sdk_custom_interfaces/lib:/home/yt6/ros2_py_ws/install/dynamixel_sdk/lib:${LD_LIBRARY_PATH} PYTHONPATH=/home/yt6/ros2_py_ws/install/dynamixel_sdk_custom_interfaces/lib/python3.8/site-packages:${PYTHONPATH} /usr/bin/cmake --build /home/yt6/ros2_py_ws/build/dynamixel_sdk_examples -- -j16 -l16
[0.443s] [100%] Built target read_write_node
[0.449s] Invoked command in '/home/yt6/ros2_py_ws/build/dynamixel_sdk_examples' returned '0': AMENT_PREFIX_PATH=/home/yt6/ros2_py_ws/install/dynamixel_sdk_custom_interfaces:/home/yt6/ros2_py_ws/install/dynamixel_sdk:${AMENT_PREFIX_PATH} CMAKE_PREFIX_PATH=/home/yt6/ros2_py_ws/install/dynamixel_sdk_custom_interfaces:/home/yt6/ros2_py_ws/install/dynamixel_sdk:/opt/ros/humble LD_LIBRARY_PATH=/home/yt6/ros2_py_ws/install/dynamixel_sdk_custom_interfaces/lib:/home/yt6/ros2_py_ws/install/dynamixel_sdk/lib:${LD_LIBRARY_PATH} PYTHONPATH=/home/yt6/ros2_py_ws/install/dynamixel_sdk_custom_interfaces/lib/python3.8/site-packages:${PYTHONPATH} /usr/bin/cmake --build /home/yt6/ros2_py_ws/build/dynamixel_sdk_examples -- -j16 -l16
[0.452s] Invoking command in '/home/yt6/ros2_py_ws/build/dynamixel_sdk_examples': AMENT_PREFIX_PATH=/home/yt6/ros2_py_ws/install/dynamixel_sdk_custom_interfaces:/home/yt6/ros2_py_ws/install/dynamixel_sdk:${AMENT_PREFIX_PATH} CMAKE_PREFIX_PATH=/home/yt6/ros2_py_ws/install/dynamixel_sdk_custom_interfaces:/home/yt6/ros2_py_ws/install/dynamixel_sdk:/opt/ros/humble LD_LIBRARY_PATH=/home/yt6/ros2_py_ws/install/dynamixel_sdk_custom_interfaces/lib:/home/yt6/ros2_py_ws/install/dynamixel_sdk/lib:${LD_LIBRARY_PATH} PYTHONPATH=/home/yt6/ros2_py_ws/install/dynamixel_sdk_custom_interfaces/lib/python3.8/site-packages:${PYTHONPATH} /usr/bin/cmake --install /home/yt6/ros2_py_ws/build/dynamixel_sdk_examples
[0.455s] -- Install configuration: ""
[0.456s] -- Execute custom install script
[0.456s] -- Up-to-date symlink: /home/yt6/ros2_py_ws/install/dynamixel_sdk_examples/lib/dynamixel_sdk_examples/read_write_node
[0.456s] -- Up-to-date symlink: /home/yt6/ros2_py_ws/install/dynamixel_sdk_examples/share/ament_index/resource_index/package_run_dependencies/dynamixel_sdk_examples
[0.456s] -- Up-to-date symlink: /home/yt6/ros2_py_ws/install/dynamixel_sdk_examples/share/ament_index/resource_index/parent_prefix_path/dynamixel_sdk_examples
[0.456s] -- Up-to-date symlink: /home/yt6/ros2_py_ws/install/dynamixel_sdk_examples/share/dynamixel_sdk_examples/environment/ament_prefix_path.sh
[0.456s] -- Up-to-date symlink: /home/yt6/ros2_py_ws/install/dynamixel_sdk_examples/share/dynamixel_sdk_examples/environment/ament_prefix_path.dsv
[0.456s] -- Up-to-date symlink: /home/yt6/ros2_py_ws/install/dynamixel_sdk_examples/share/dynamixel_sdk_examples/environment/path.sh
[0.457s] -- Up-to-date symlink: /home/yt6/ros2_py_ws/install/dynamixel_sdk_examples/share/dynamixel_sdk_examples/environment/path.dsv
[0.457s] -- Up-to-date symlink: /home/yt6/ros2_py_ws/install/dynamixel_sdk_examples/share/dynamixel_sdk_examples/local_setup.bash
[0.457s] -- Up-to-date symlink: /home/yt6/ros2_py_ws/install/dynamixel_sdk_examples/share/dynamixel_sdk_examples/local_setup.sh
[0.457s] -- Up-to-date symlink: /home/yt6/ros2_py_ws/install/dynamixel_sdk_examples/share/dynamixel_sdk_examples/local_setup.zsh
[0.457s] -- Up-to-date symlink: /home/yt6/ros2_py_ws/install/dynamixel_sdk_examples/share/dynamixel_sdk_examples/local_setup.dsv
[0.457s] -- Symlinking: /home/yt6/ros2_py_ws/install/dynamixel_sdk_examples/share/dynamixel_sdk_examples/package.dsv
[0.462s] -- Up-to-date symlink: /home/yt6/ros2_py_ws/install/dynamixel_sdk_examples/share/ament_index/resource_index/packages/dynamixel_sdk_examples
[0.462s] -- Up-to-date symlink: /home/yt6/ros2_py_ws/install/dynamixel_sdk_examples/share/dynamixel_sdk_examples/cmake/dynamixel_sdk_examplesConfig.cmake
[0.462s] -- Up-to-date symlink: /home/yt6/ros2_py_ws/install/dynamixel_sdk_examples/share/dynamixel_sdk_examples/cmake/dynamixel_sdk_examplesConfig-version.cmake
[0.462s] -- Up-to-date symlink: /home/yt6/ros2_py_ws/install/dynamixel_sdk_examples/share/dynamixel_sdk_examples/package.xml
[0.464s] Invoked command in '/home/yt6/ros2_py_ws/build/dynamixel_sdk_examples' returned '0': AMENT_PREFIX_PATH=/home/yt6/ros2_py_ws/install/dynamixel_sdk_custom_interfaces:/home/yt6/ros2_py_ws/install/dynamixel_sdk:${AMENT_PREFIX_PATH} CMAKE_PREFIX_PATH=/home/yt6/ros2_py_ws/install/dynamixel_sdk_custom_interfaces:/home/yt6/ros2_py_ws/install/dynamixel_sdk:/opt/ros/humble LD_LIBRARY_PATH=/home/yt6/ros2_py_ws/install/dynamixel_sdk_custom_interfaces/lib:/home/yt6/ros2_py_ws/install/dynamixel_sdk/lib:${LD_LIBRARY_PATH} PYTHONPATH=/home/yt6/ros2_py_ws/install/dynamixel_sdk_custom_interfaces/lib/python3.8/site-packages:${PYTHONPATH} /usr/bin/cmake --install /home/yt6/ros2_py_ws/build/dynamixel_sdk_examples
