[0.164s] DEBUG:colcon:Command line arguments: ['/usr/bin/colcon', 'build']
[0.164s] DEBUG:colcon:Parsed command line arguments: Namespace(allow_overriding=[], ament_cmake_args=None, base_paths=['.'], build_base='build', catkin_cmake_args=None, catkin_skip_building_tests=False, cmake_args=None, cmake_clean_cache=False, cmake_clean_first=False, cmake_force_configure=False, cmake_target=None, cmake_target_skip_unavailable=False, continue_on_error=False, event_handlers=None, executor='parallel', ignore_user_meta=False, install_base='install', log_base=None, log_level=None, main=<bound method BuildVerb.main of <colcon_core.verb.build.BuildVerb object at 0x7efd365c6af0>>, merge_install=False, metas=['./colcon.meta'], mixin=None, mixin_files=None, mixin_verb=('build',), packages_above=None, packages_above_and_dependencies=None, packages_above_depth=None, packages_end=None, packages_ignore=None, packages_ignore_regex=None, packages_select=None, packages_select_build_failed=False, packages_select_by_dep=None, packages_select_regex=None, packages_select_test_failures=False, packages_skip=None, packages_skip_build_finished=False, packages_skip_by_dep=None, packages_skip_regex=None, packages_skip_test_passed=False, packages_skip_up_to=None, packages_start=None, packages_up_to=None, packages_up_to_regex=None, parallel_workers=16, paths=None, symlink_install=False, test_result_base=None, verb_extension=<colcon_core.verb.build.BuildVerb object at 0x7efd365c6af0>, verb_name='build', verb_parser=<colcon_mixin.mixin.mixin_argument.MixinArgumentDecorator object at 0x7efd365c6fd0>)
[0.295s] Level 1:colcon.colcon_core.package_discovery:discover_packages(colcon_meta) check parameters
[0.295s] Level 1:colcon.colcon_core.package_discovery:discover_packages(recursive) check parameters
[0.295s] Level 1:colcon.colcon_core.package_discovery:discover_packages(ignore) check parameters
[0.295s] Level 1:colcon.colcon_core.package_discovery:discover_packages(path) check parameters
[0.296s] Level 1:colcon.colcon_core.package_discovery:discover_packages(colcon_meta) discover
[0.296s] Level 1:colcon.colcon_core.package_discovery:discover_packages(recursive) discover
[0.296s] INFO:colcon.colcon_core.package_discovery:Crawling recursively for packages in '/home/yt6/ros2_py_ws/src'
[0.296s] Level 1:colcon.colcon_core.package_identification:_identify(.) by extensions ['ignore', 'ignore_ament_install']
[0.296s] Level 1:colcon.colcon_core.package_identification:_identify(.) by extension 'ignore'
[0.296s] Level 1:colcon.colcon_core.package_identification:_identify(.) by extension 'ignore_ament_install'
[0.296s] Level 1:colcon.colcon_core.package_identification:_identify(.) by extensions ['colcon_pkg']
[0.296s] Level 1:colcon.colcon_core.package_identification:_identify(.) by extension 'colcon_pkg'
[0.296s] Level 1:colcon.colcon_core.package_identification:_identify(.) by extensions ['colcon_meta']
[0.296s] Level 1:colcon.colcon_core.package_identification:_identify(.) by extension 'colcon_meta'
[0.296s] Level 1:colcon.colcon_core.package_identification:_identify(.) by extensions ['ros']
[0.296s] Level 1:colcon.colcon_core.package_identification:_identify(.) by extension 'ros'
[0.303s] Level 1:colcon.colcon_core.package_identification:_identify(.) by extensions ['cmake', 'python']
[0.303s] Level 1:colcon.colcon_core.package_identification:_identify(.) by extension 'cmake'
[0.303s] Level 1:colcon.colcon_core.package_identification:_identify(.) by extension 'python'
[0.303s] Level 1:colcon.colcon_core.package_identification:_identify(.) by extensions ['python_setup_py']
[0.303s] Level 1:colcon.colcon_core.package_identification:_identify(.) by extension 'python_setup_py'
[0.303s] Level 1:colcon.colcon_core.package_identification:_identify(DynamixelSDK) by extensions ['ignore', 'ignore_ament_install']
[0.303s] Level 1:colcon.colcon_core.package_identification:_identify(DynamixelSDK) by extension 'ignore'
[0.303s] Level 1:colcon.colcon_core.package_identification:_identify(DynamixelSDK) by extension 'ignore_ament_install'
[0.303s] Level 1:colcon.colcon_core.package_identification:_identify(DynamixelSDK) by extensions ['colcon_pkg']
[0.303s] Level 1:colcon.colcon_core.package_identification:_identify(DynamixelSDK) by extension 'colcon_pkg'
[0.304s] Level 1:colcon.colcon_core.package_identification:_identify(DynamixelSDK) by extensions ['colcon_meta']
[0.304s] Level 1:colcon.colcon_core.package_identification:_identify(DynamixelSDK) by extension 'colcon_meta'
[0.304s] Level 1:colcon.colcon_core.package_identification:_identify(DynamixelSDK) by extensions ['ros']
[0.304s] Level 1:colcon.colcon_core.package_identification:_identify(DynamixelSDK) by extension 'ros'
[0.304s] Level 1:colcon.colcon_core.package_identification:_identify(DynamixelSDK) by extensions ['cmake', 'python']
[0.304s] Level 1:colcon.colcon_core.package_identification:_identify(DynamixelSDK) by extension 'cmake'
[0.304s] Level 1:colcon.colcon_core.package_identification:_identify(DynamixelSDK) by extension 'python'
[0.304s] Level 1:colcon.colcon_core.package_identification:_identify(DynamixelSDK) by extensions ['python_setup_py']
[0.304s] Level 1:colcon.colcon_core.package_identification:_identify(DynamixelSDK) by extension 'python_setup_py'
[0.304s] Level 1:colcon.colcon_core.package_identification:_identify(DynamixelSDK/dynamixel_sdk) by extensions ['ignore', 'ignore_ament_install']
[0.304s] Level 1:colcon.colcon_core.package_identification:_identify(DynamixelSDK/dynamixel_sdk) by extension 'ignore'
[0.304s] Level 1:colcon.colcon_core.package_identification:_identify(DynamixelSDK/dynamixel_sdk) by extension 'ignore_ament_install'
[0.304s] Level 1:colcon.colcon_core.package_identification:_identify(DynamixelSDK/dynamixel_sdk) by extensions ['colcon_pkg']
[0.304s] Level 1:colcon.colcon_core.package_identification:_identify(DynamixelSDK/dynamixel_sdk) by extension 'colcon_pkg'
[0.304s] Level 1:colcon.colcon_core.package_identification:_identify(DynamixelSDK/dynamixel_sdk) by extensions ['colcon_meta']
[0.304s] Level 1:colcon.colcon_core.package_identification:_identify(DynamixelSDK/dynamixel_sdk) by extension 'colcon_meta'
[0.304s] Level 1:colcon.colcon_core.package_identification:_identify(DynamixelSDK/dynamixel_sdk) by extensions ['ros']
[0.304s] Level 1:colcon.colcon_core.package_identification:_identify(DynamixelSDK/dynamixel_sdk) by extension 'ros'
[0.306s] DEBUG:colcon.colcon_core.package_identification:Package 'DynamixelSDK/dynamixel_sdk' with type 'ros.ament_cmake' and name 'dynamixel_sdk'
[0.306s] Level 1:colcon.colcon_core.package_identification:_identify(DynamixelSDK/dynamixel_sdk_custom_interfaces) by extensions ['ignore', 'ignore_ament_install']
[0.306s] Level 1:colcon.colcon_core.package_identification:_identify(DynamixelSDK/dynamixel_sdk_custom_interfaces) by extension 'ignore'
[0.306s] Level 1:colcon.colcon_core.package_identification:_identify(DynamixelSDK/dynamixel_sdk_custom_interfaces) by extension 'ignore_ament_install'
[0.306s] Level 1:colcon.colcon_core.package_identification:_identify(DynamixelSDK/dynamixel_sdk_custom_interfaces) by extensions ['colcon_pkg']
[0.306s] Level 1:colcon.colcon_core.package_identification:_identify(DynamixelSDK/dynamixel_sdk_custom_interfaces) by extension 'colcon_pkg'
[0.306s] Level 1:colcon.colcon_core.package_identification:_identify(DynamixelSDK/dynamixel_sdk_custom_interfaces) by extensions ['colcon_meta']
[0.306s] Level 1:colcon.colcon_core.package_identification:_identify(DynamixelSDK/dynamixel_sdk_custom_interfaces) by extension 'colcon_meta'
[0.306s] Level 1:colcon.colcon_core.package_identification:_identify(DynamixelSDK/dynamixel_sdk_custom_interfaces) by extensions ['ros']
[0.306s] Level 1:colcon.colcon_core.package_identification:_identify(DynamixelSDK/dynamixel_sdk_custom_interfaces) by extension 'ros'
[0.307s] DEBUG:colcon.colcon_core.package_identification:Package 'DynamixelSDK/dynamixel_sdk_custom_interfaces' with type 'ros.ament_cmake' and name 'dynamixel_sdk_custom_interfaces'
[0.307s] Level 1:colcon.colcon_core.package_identification:_identify(DynamixelSDK/dynamixel_sdk_examples) by extensions ['ignore', 'ignore_ament_install']
[0.307s] Level 1:colcon.colcon_core.package_identification:_identify(DynamixelSDK/dynamixel_sdk_examples) by extension 'ignore'
[0.307s] Level 1:colcon.colcon_core.package_identification:_identify(DynamixelSDK/dynamixel_sdk_examples) by extension 'ignore_ament_install'
[0.307s] Level 1:colcon.colcon_core.package_identification:_identify(DynamixelSDK/dynamixel_sdk_examples) by extensions ['colcon_pkg']
[0.307s] Level 1:colcon.colcon_core.package_identification:_identify(DynamixelSDK/dynamixel_sdk_examples) by extension 'colcon_pkg'
[0.307s] Level 1:colcon.colcon_core.package_identification:_identify(DynamixelSDK/dynamixel_sdk_examples) by extensions ['colcon_meta']
[0.307s] Level 1:colcon.colcon_core.package_identification:_identify(DynamixelSDK/dynamixel_sdk_examples) by extension 'colcon_meta'
[0.307s] Level 1:colcon.colcon_core.package_identification:_identify(DynamixelSDK/dynamixel_sdk_examples) by extensions ['ros']
[0.307s] Level 1:colcon.colcon_core.package_identification:_identify(DynamixelSDK/dynamixel_sdk_examples) by extension 'ros'
[0.308s] DEBUG:colcon.colcon_core.package_identification:Package 'DynamixelSDK/dynamixel_sdk_examples' with type 'ros.ament_cmake' and name 'dynamixel_sdk_examples'
[0.308s] Level 1:colcon.colcon_core.package_identification:_identify(build) by extensions ['ignore', 'ignore_ament_install']
[0.308s] Level 1:colcon.colcon_core.package_identification:_identify(build) by extension 'ignore'
[0.308s] Level 1:colcon.colcon_core.package_identification:_identify(build) ignored
[0.308s] Level 1:colcon.colcon_core.package_identification:_identify(dynamixel_control) by extensions ['ignore', 'ignore_ament_install']
[0.308s] Level 1:colcon.colcon_core.package_identification:_identify(dynamixel_control) by extension 'ignore'
[0.308s] Level 1:colcon.colcon_core.package_identification:_identify(dynamixel_control) by extension 'ignore_ament_install'
[0.308s] Level 1:colcon.colcon_core.package_identification:_identify(dynamixel_control) by extensions ['colcon_pkg']
[0.308s] Level 1:colcon.colcon_core.package_identification:_identify(dynamixel_control) by extension 'colcon_pkg'
[0.308s] Level 1:colcon.colcon_core.package_identification:_identify(dynamixel_control) by extensions ['colcon_meta']
[0.308s] Level 1:colcon.colcon_core.package_identification:_identify(dynamixel_control) by extension 'colcon_meta'
[0.309s] Level 1:colcon.colcon_core.package_identification:_identify(dynamixel_control) by extensions ['ros']
[0.309s] Level 1:colcon.colcon_core.package_identification:_identify(dynamixel_control) by extension 'ros'
[0.309s] DEBUG:colcon.colcon_core.package_identification:Package 'dynamixel_control' with type 'ros.ament_python' and name 'dynamixel_control'
[0.309s] Level 1:colcon.colcon_core.package_identification:_identify(install) by extensions ['ignore', 'ignore_ament_install']
[0.309s] Level 1:colcon.colcon_core.package_identification:_identify(install) by extension 'ignore'
[0.309s] Level 1:colcon.colcon_core.package_identification:_identify(install) ignored
[0.309s] Level 1:colcon.colcon_core.package_identification:_identify(log) by extensions ['ignore', 'ignore_ament_install']
[0.309s] Level 1:colcon.colcon_core.package_identification:_identify(log) by extension 'ignore'
[0.309s] Level 1:colcon.colcon_core.package_identification:_identify(log) ignored
[0.309s] Level 1:colcon.colcon_core.package_identification:_identify(my_py_pkg) by extensions ['ignore', 'ignore_ament_install']
[0.309s] Level 1:colcon.colcon_core.package_identification:_identify(my_py_pkg) by extension 'ignore'
[0.309s] Level 1:colcon.colcon_core.package_identification:_identify(my_py_pkg) by extension 'ignore_ament_install'
[0.309s] Level 1:colcon.colcon_core.package_identification:_identify(my_py_pkg) by extensions ['colcon_pkg']
[0.309s] Level 1:colcon.colcon_core.package_identification:_identify(my_py_pkg) by extension 'colcon_pkg'
[0.309s] Level 1:colcon.colcon_core.package_identification:_identify(my_py_pkg) by extensions ['colcon_meta']
[0.310s] Level 1:colcon.colcon_core.package_identification:_identify(my_py_pkg) by extension 'colcon_meta'
[0.310s] Level 1:colcon.colcon_core.package_identification:_identify(my_py_pkg) by extensions ['ros']
[0.310s] Level 1:colcon.colcon_core.package_identification:_identify(my_py_pkg) by extension 'ros'
[0.310s] DEBUG:colcon.colcon_core.package_identification:Package 'my_py_pkg' with type 'ros.ament_python' and name 'my_py_pkg'
[0.310s] Level 1:colcon.colcon_core.package_identification:_identify(my_vision_pkg) by extensions ['ignore', 'ignore_ament_install']
[0.310s] Level 1:colcon.colcon_core.package_identification:_identify(my_vision_pkg) by extension 'ignore'
[0.310s] Level 1:colcon.colcon_core.package_identification:_identify(my_vision_pkg) by extension 'ignore_ament_install'
[0.310s] Level 1:colcon.colcon_core.package_identification:_identify(my_vision_pkg) by extensions ['colcon_pkg']
[0.310s] Level 1:colcon.colcon_core.package_identification:_identify(my_vision_pkg) by extension 'colcon_pkg'
[0.310s] Level 1:colcon.colcon_core.package_identification:_identify(my_vision_pkg) by extensions ['colcon_meta']
[0.310s] Level 1:colcon.colcon_core.package_identification:_identify(my_vision_pkg) by extension 'colcon_meta'
[0.310s] Level 1:colcon.colcon_core.package_identification:_identify(my_vision_pkg) by extensions ['ros']
[0.310s] Level 1:colcon.colcon_core.package_identification:_identify(my_vision_pkg) by extension 'ros'
[0.311s] DEBUG:colcon.colcon_core.package_identification:Package 'my_vision_pkg' with type 'ros.ament_python' and name 'my_vision_pkg'
[0.311s] Level 1:colcon.colcon_core.package_identification:_identify(nodes) by extensions ['ignore', 'ignore_ament_install']
[0.311s] Level 1:colcon.colcon_core.package_identification:_identify(nodes) by extension 'ignore'
[0.311s] Level 1:colcon.colcon_core.package_identification:_identify(nodes) by extension 'ignore_ament_install'
[0.311s] Level 1:colcon.colcon_core.package_identification:_identify(nodes) by extensions ['colcon_pkg']
[0.311s] Level 1:colcon.colcon_core.package_identification:_identify(nodes) by extension 'colcon_pkg'
[0.311s] Level 1:colcon.colcon_core.package_identification:_identify(nodes) by extensions ['colcon_meta']
[0.311s] Level 1:colcon.colcon_core.package_identification:_identify(nodes) by extension 'colcon_meta'
[0.311s] Level 1:colcon.colcon_core.package_identification:_identify(nodes) by extensions ['ros']
[0.311s] Level 1:colcon.colcon_core.package_identification:_identify(nodes) by extension 'ros'
[0.311s] Level 1:colcon.colcon_core.package_identification:_identify(nodes) by extensions ['cmake', 'python']
[0.311s] Level 1:colcon.colcon_core.package_identification:_identify(nodes) by extension 'cmake'
[0.311s] Level 1:colcon.colcon_core.package_identification:_identify(nodes) by extension 'python'
[0.311s] Level 1:colcon.colcon_core.package_identification:_identify(nodes) by extensions ['python_setup_py']
[0.311s] Level 1:colcon.colcon_core.package_identification:_identify(nodes) by extension 'python_setup_py'
[0.311s] Level 1:colcon.colcon_core.package_discovery:discover_packages(recursive) using defaults
[0.311s] Level 1:colcon.colcon_core.package_discovery:discover_packages(ignore) discover
[0.311s] Level 1:colcon.colcon_core.package_discovery:discover_packages(ignore) using defaults
[0.311s] Level 1:colcon.colcon_core.package_discovery:discover_packages(path) discover
[0.311s] Level 1:colcon.colcon_core.package_discovery:discover_packages(path) using defaults
[0.332s] Level 1:colcon.colcon_core.package_discovery:discover_packages(prefix_path) check parameters
[0.332s] Level 1:colcon.colcon_core.package_discovery:discover_packages(prefix_path) discover
[0.334s] DEBUG:colcon.colcon_installed_package_information.package_discovery:Found 6 installed packages in /home/yt6/ros2_py_ws/src/install
[0.334s] DEBUG:colcon.colcon_installed_package_information.package_discovery:Found 5 installed packages in /home/yt6/ros2_py_ws/install
[0.335s] DEBUG:colcon.colcon_installed_package_information.package_discovery:Found 12 installed packages in /home/yt6/ws_moveit2/install
[0.336s] DEBUG:colcon.colcon_installed_package_information.package_discovery:Found 356 installed packages in /opt/ros/humble
[0.338s] Level 1:colcon.colcon_core.package_discovery:discover_packages(prefix_path) using defaults
[0.394s] Level 5:colcon.colcon_core.verb:set package 'dynamixel_control' build argument 'cmake_args' from command line to 'None'
[0.394s] Level 5:colcon.colcon_core.verb:set package 'dynamixel_control' build argument 'cmake_target' from command line to 'None'
[0.394s] Level 5:colcon.colcon_core.verb:set package 'dynamixel_control' build argument 'cmake_target_skip_unavailable' from command line to 'False'
[0.394s] Level 5:colcon.colcon_core.verb:set package 'dynamixel_control' build argument 'cmake_clean_cache' from command line to 'False'
[0.394s] Level 5:colcon.colcon_core.verb:set package 'dynamixel_control' build argument 'cmake_clean_first' from command line to 'False'
[0.394s] Level 5:colcon.colcon_core.verb:set package 'dynamixel_control' build argument 'cmake_force_configure' from command line to 'False'
[0.394s] Level 5:colcon.colcon_core.verb:set package 'dynamixel_control' build argument 'ament_cmake_args' from command line to 'None'
[0.394s] Level 5:colcon.colcon_core.verb:set package 'dynamixel_control' build argument 'catkin_cmake_args' from command line to 'None'
[0.394s] Level 5:colcon.colcon_core.verb:set package 'dynamixel_control' build argument 'catkin_skip_building_tests' from command line to 'False'
[0.394s] DEBUG:colcon.colcon_core.verb:Building package 'dynamixel_control' with the following arguments: {'ament_cmake_args': None, 'build_base': '/home/yt6/ros2_py_ws/src/build/dynamixel_control', 'catkin_cmake_args': None, 'catkin_skip_building_tests': False, 'cmake_args': None, 'cmake_clean_cache': False, 'cmake_clean_first': False, 'cmake_force_configure': False, 'cmake_target': None, 'cmake_target_skip_unavailable': False, 'install_base': '/home/yt6/ros2_py_ws/src/install/dynamixel_control', 'merge_install': False, 'path': '/home/yt6/ros2_py_ws/src/dynamixel_control', 'symlink_install': False, 'test_result_base': None}
[0.394s] Level 5:colcon.colcon_core.verb:set package 'dynamixel_sdk' build argument 'cmake_args' from command line to 'None'
[0.394s] Level 5:colcon.colcon_core.verb:set package 'dynamixel_sdk' build argument 'cmake_target' from command line to 'None'
[0.394s] Level 5:colcon.colcon_core.verb:set package 'dynamixel_sdk' build argument 'cmake_target_skip_unavailable' from command line to 'False'
[0.394s] Level 5:colcon.colcon_core.verb:set package 'dynamixel_sdk' build argument 'cmake_clean_cache' from command line to 'False'
[0.394s] Level 5:colcon.colcon_core.verb:set package 'dynamixel_sdk' build argument 'cmake_clean_first' from command line to 'False'
[0.394s] Level 5:colcon.colcon_core.verb:set package 'dynamixel_sdk' build argument 'cmake_force_configure' from command line to 'False'
[0.394s] Level 5:colcon.colcon_core.verb:set package 'dynamixel_sdk' build argument 'ament_cmake_args' from command line to 'None'
[0.394s] Level 5:colcon.colcon_core.verb:set package 'dynamixel_sdk' build argument 'catkin_cmake_args' from command line to 'None'
[0.394s] Level 5:colcon.colcon_core.verb:set package 'dynamixel_sdk' build argument 'catkin_skip_building_tests' from command line to 'False'
[0.394s] DEBUG:colcon.colcon_core.verb:Building package 'dynamixel_sdk' with the following arguments: {'ament_cmake_args': None, 'build_base': '/home/yt6/ros2_py_ws/src/build/dynamixel_sdk', 'catkin_cmake_args': None, 'catkin_skip_building_tests': False, 'cmake_args': None, 'cmake_clean_cache': False, 'cmake_clean_first': False, 'cmake_force_configure': False, 'cmake_target': None, 'cmake_target_skip_unavailable': False, 'install_base': '/home/yt6/ros2_py_ws/src/install/dynamixel_sdk', 'merge_install': False, 'path': '/home/yt6/ros2_py_ws/src/DynamixelSDK/dynamixel_sdk', 'symlink_install': False, 'test_result_base': None}
[0.394s] Level 5:colcon.colcon_core.verb:set package 'dynamixel_sdk_custom_interfaces' build argument 'cmake_args' from command line to 'None'
[0.395s] Level 5:colcon.colcon_core.verb:set package 'dynamixel_sdk_custom_interfaces' build argument 'cmake_target' from command line to 'None'
[0.395s] Level 5:colcon.colcon_core.verb:set package 'dynamixel_sdk_custom_interfaces' build argument 'cmake_target_skip_unavailable' from command line to 'False'
[0.395s] Level 5:colcon.colcon_core.verb:set package 'dynamixel_sdk_custom_interfaces' build argument 'cmake_clean_cache' from command line to 'False'
[0.395s] Level 5:colcon.colcon_core.verb:set package 'dynamixel_sdk_custom_interfaces' build argument 'cmake_clean_first' from command line to 'False'
[0.395s] Level 5:colcon.colcon_core.verb:set package 'dynamixel_sdk_custom_interfaces' build argument 'cmake_force_configure' from command line to 'False'
[0.395s] Level 5:colcon.colcon_core.verb:set package 'dynamixel_sdk_custom_interfaces' build argument 'ament_cmake_args' from command line to 'None'
[0.395s] Level 5:colcon.colcon_core.verb:set package 'dynamixel_sdk_custom_interfaces' build argument 'catkin_cmake_args' from command line to 'None'
[0.395s] Level 5:colcon.colcon_core.verb:set package 'dynamixel_sdk_custom_interfaces' build argument 'catkin_skip_building_tests' from command line to 'False'
[0.395s] DEBUG:colcon.colcon_core.verb:Building package 'dynamixel_sdk_custom_interfaces' with the following arguments: {'ament_cmake_args': None, 'build_base': '/home/yt6/ros2_py_ws/src/build/dynamixel_sdk_custom_interfaces', 'catkin_cmake_args': None, 'catkin_skip_building_tests': False, 'cmake_args': None, 'cmake_clean_cache': False, 'cmake_clean_first': False, 'cmake_force_configure': False, 'cmake_target': None, 'cmake_target_skip_unavailable': False, 'install_base': '/home/yt6/ros2_py_ws/src/install/dynamixel_sdk_custom_interfaces', 'merge_install': False, 'path': '/home/yt6/ros2_py_ws/src/DynamixelSDK/dynamixel_sdk_custom_interfaces', 'symlink_install': False, 'test_result_base': None}
[0.395s] Level 5:colcon.colcon_core.verb:set package 'my_py_pkg' build argument 'cmake_args' from command line to 'None'
[0.395s] Level 5:colcon.colcon_core.verb:set package 'my_py_pkg' build argument 'cmake_target' from command line to 'None'
[0.395s] Level 5:colcon.colcon_core.verb:set package 'my_py_pkg' build argument 'cmake_target_skip_unavailable' from command line to 'False'
[0.395s] Level 5:colcon.colcon_core.verb:set package 'my_py_pkg' build argument 'cmake_clean_cache' from command line to 'False'
[0.395s] Level 5:colcon.colcon_core.verb:set package 'my_py_pkg' build argument 'cmake_clean_first' from command line to 'False'
[0.395s] Level 5:colcon.colcon_core.verb:set package 'my_py_pkg' build argument 'cmake_force_configure' from command line to 'False'
[0.395s] Level 5:colcon.colcon_core.verb:set package 'my_py_pkg' build argument 'ament_cmake_args' from command line to 'None'
[0.395s] Level 5:colcon.colcon_core.verb:set package 'my_py_pkg' build argument 'catkin_cmake_args' from command line to 'None'
[0.395s] Level 5:colcon.colcon_core.verb:set package 'my_py_pkg' build argument 'catkin_skip_building_tests' from command line to 'False'
[0.395s] DEBUG:colcon.colcon_core.verb:Building package 'my_py_pkg' with the following arguments: {'ament_cmake_args': None, 'build_base': '/home/yt6/ros2_py_ws/src/build/my_py_pkg', 'catkin_cmake_args': None, 'catkin_skip_building_tests': False, 'cmake_args': None, 'cmake_clean_cache': False, 'cmake_clean_first': False, 'cmake_force_configure': False, 'cmake_target': None, 'cmake_target_skip_unavailable': False, 'install_base': '/home/yt6/ros2_py_ws/src/install/my_py_pkg', 'merge_install': False, 'path': '/home/yt6/ros2_py_ws/src/my_py_pkg', 'symlink_install': False, 'test_result_base': None}
[0.395s] Level 5:colcon.colcon_core.verb:set package 'my_vision_pkg' build argument 'cmake_args' from command line to 'None'
[0.395s] Level 5:colcon.colcon_core.verb:set package 'my_vision_pkg' build argument 'cmake_target' from command line to 'None'
[0.395s] Level 5:colcon.colcon_core.verb:set package 'my_vision_pkg' build argument 'cmake_target_skip_unavailable' from command line to 'False'
[0.395s] Level 5:colcon.colcon_core.verb:set package 'my_vision_pkg' build argument 'cmake_clean_cache' from command line to 'False'
[0.395s] Level 5:colcon.colcon_core.verb:set package 'my_vision_pkg' build argument 'cmake_clean_first' from command line to 'False'
[0.395s] Level 5:colcon.colcon_core.verb:set package 'my_vision_pkg' build argument 'cmake_force_configure' from command line to 'False'
[0.395s] Level 5:colcon.colcon_core.verb:set package 'my_vision_pkg' build argument 'ament_cmake_args' from command line to 'None'
[0.395s] Level 5:colcon.colcon_core.verb:set package 'my_vision_pkg' build argument 'catkin_cmake_args' from command line to 'None'
[0.395s] Level 5:colcon.colcon_core.verb:set package 'my_vision_pkg' build argument 'catkin_skip_building_tests' from command line to 'False'
[0.396s] DEBUG:colcon.colcon_core.verb:Building package 'my_vision_pkg' with the following arguments: {'ament_cmake_args': None, 'build_base': '/home/yt6/ros2_py_ws/src/build/my_vision_pkg', 'catkin_cmake_args': None, 'catkin_skip_building_tests': False, 'cmake_args': None, 'cmake_clean_cache': False, 'cmake_clean_first': False, 'cmake_force_configure': False, 'cmake_target': None, 'cmake_target_skip_unavailable': False, 'install_base': '/home/yt6/ros2_py_ws/src/install/my_vision_pkg', 'merge_install': False, 'path': '/home/yt6/ros2_py_ws/src/my_vision_pkg', 'symlink_install': False, 'test_result_base': None}
[0.396s] Level 5:colcon.colcon_core.verb:set package 'dynamixel_sdk_examples' build argument 'cmake_args' from command line to 'None'
[0.396s] Level 5:colcon.colcon_core.verb:set package 'dynamixel_sdk_examples' build argument 'cmake_target' from command line to 'None'
[0.396s] Level 5:colcon.colcon_core.verb:set package 'dynamixel_sdk_examples' build argument 'cmake_target_skip_unavailable' from command line to 'False'
[0.396s] Level 5:colcon.colcon_core.verb:set package 'dynamixel_sdk_examples' build argument 'cmake_clean_cache' from command line to 'False'
[0.396s] Level 5:colcon.colcon_core.verb:set package 'dynamixel_sdk_examples' build argument 'cmake_clean_first' from command line to 'False'
[0.396s] Level 5:colcon.colcon_core.verb:set package 'dynamixel_sdk_examples' build argument 'cmake_force_configure' from command line to 'False'
[0.396s] Level 5:colcon.colcon_core.verb:set package 'dynamixel_sdk_examples' build argument 'ament_cmake_args' from command line to 'None'
[0.396s] Level 5:colcon.colcon_core.verb:set package 'dynamixel_sdk_examples' build argument 'catkin_cmake_args' from command line to 'None'
[0.396s] Level 5:colcon.colcon_core.verb:set package 'dynamixel_sdk_examples' build argument 'catkin_skip_building_tests' from command line to 'False'
[0.396s] DEBUG:colcon.colcon_core.verb:Building package 'dynamixel_sdk_examples' with the following arguments: {'ament_cmake_args': None, 'build_base': '/home/yt6/ros2_py_ws/src/build/dynamixel_sdk_examples', 'catkin_cmake_args': None, 'catkin_skip_building_tests': False, 'cmake_args': None, 'cmake_clean_cache': False, 'cmake_clean_first': False, 'cmake_force_configure': False, 'cmake_target': None, 'cmake_target_skip_unavailable': False, 'install_base': '/home/yt6/ros2_py_ws/src/install/dynamixel_sdk_examples', 'merge_install': False, 'path': '/home/yt6/ros2_py_ws/src/DynamixelSDK/dynamixel_sdk_examples', 'symlink_install': False, 'test_result_base': None}
[0.396s] INFO:colcon.colcon_core.executor:Executing jobs using 'parallel' executor
[0.397s] DEBUG:colcon.colcon_parallel_executor.executor.parallel:run_until_complete
[0.397s] INFO:colcon.colcon_ros.task.ament_cmake.build:Building ROS package in '/home/yt6/ros2_py_ws/src/DynamixelSDK/dynamixel_sdk' with build type 'ament_cmake'
[0.397s] INFO:colcon.colcon_cmake.task.cmake.build:Building CMake package in '/home/yt6/ros2_py_ws/src/DynamixelSDK/dynamixel_sdk'
[0.399s] INFO:colcon.colcon_core.plugin_system:Skipping extension 'colcon_core.shell.bat': Not used on non-Windows systems
[0.399s] INFO:colcon.colcon_core.shell:Skip shell extension 'powershell' for command environment: Not usable outside of PowerShell
[0.399s] DEBUG:colcon.colcon_core.shell:Skip shell extension 'dsv' for command environment
[0.405s] INFO:colcon.colcon_ros.task.ament_cmake.build:Building ROS package in '/home/yt6/ros2_py_ws/src/DynamixelSDK/dynamixel_sdk_custom_interfaces' with build type 'ament_cmake'
[0.405s] INFO:colcon.colcon_cmake.task.cmake.build:Building CMake package in '/home/yt6/ros2_py_ws/src/DynamixelSDK/dynamixel_sdk_custom_interfaces'
[0.405s] INFO:colcon.colcon_core.shell:Skip shell extension 'powershell' for command environment: Not usable outside of PowerShell
[0.405s] DEBUG:colcon.colcon_core.shell:Skip shell extension 'dsv' for command environment
[0.412s] INFO:colcon.colcon_ros.task.ament_python.build:Building ROS package in '/home/yt6/ros2_py_ws/src/dynamixel_control' with build type 'ament_python'
[0.412s] Level 1:colcon.colcon_core.shell:create_environment_hook('dynamixel_control', 'ament_prefix_path')
[0.412s] INFO:colcon.colcon_core.shell:Creating environment hook '/home/yt6/ros2_py_ws/src/install/dynamixel_control/share/dynamixel_control/hook/ament_prefix_path.ps1'
[0.413s] INFO:colcon.colcon_core.shell:Creating environment descriptor '/home/yt6/ros2_py_ws/src/install/dynamixel_control/share/dynamixel_control/hook/ament_prefix_path.dsv'
[0.414s] INFO:colcon.colcon_core.shell:Creating environment hook '/home/yt6/ros2_py_ws/src/install/dynamixel_control/share/dynamixel_control/hook/ament_prefix_path.sh'
[0.414s] INFO:colcon.colcon_core.shell:Skip shell extension 'powershell' for command environment: Not usable outside of PowerShell
[0.414s] DEBUG:colcon.colcon_core.shell:Skip shell extension 'dsv' for command environment
[0.420s] INFO:colcon.colcon_ros.task.ament_python.build:Building ROS package in '/home/yt6/ros2_py_ws/src/my_py_pkg' with build type 'ament_python'
[0.420s] Level 1:colcon.colcon_core.shell:create_environment_hook('my_py_pkg', 'ament_prefix_path')
[0.420s] INFO:colcon.colcon_core.shell:Creating environment hook '/home/yt6/ros2_py_ws/src/install/my_py_pkg/share/my_py_pkg/hook/ament_prefix_path.ps1'
[0.421s] INFO:colcon.colcon_core.shell:Creating environment descriptor '/home/yt6/ros2_py_ws/src/install/my_py_pkg/share/my_py_pkg/hook/ament_prefix_path.dsv'
[0.421s] INFO:colcon.colcon_core.shell:Creating environment hook '/home/yt6/ros2_py_ws/src/install/my_py_pkg/share/my_py_pkg/hook/ament_prefix_path.sh'
[0.421s] INFO:colcon.colcon_core.shell:Skip shell extension 'powershell' for command environment: Not usable outside of PowerShell
[0.421s] DEBUG:colcon.colcon_core.shell:Skip shell extension 'dsv' for command environment
[0.427s] INFO:colcon.colcon_ros.task.ament_python.build:Building ROS package in '/home/yt6/ros2_py_ws/src/my_vision_pkg' with build type 'ament_python'
[0.427s] Level 1:colcon.colcon_core.shell:create_environment_hook('my_vision_pkg', 'ament_prefix_path')
[0.427s] INFO:colcon.colcon_core.shell:Creating environment hook '/home/yt6/ros2_py_ws/src/install/my_vision_pkg/share/my_vision_pkg/hook/ament_prefix_path.ps1'
[0.428s] INFO:colcon.colcon_core.shell:Creating environment descriptor '/home/yt6/ros2_py_ws/src/install/my_vision_pkg/share/my_vision_pkg/hook/ament_prefix_path.dsv'
[0.428s] INFO:colcon.colcon_core.shell:Creating environment hook '/home/yt6/ros2_py_ws/src/install/my_vision_pkg/share/my_vision_pkg/hook/ament_prefix_path.sh'
[0.429s] INFO:colcon.colcon_core.shell:Skip shell extension 'powershell' for command environment: Not usable outside of PowerShell
[0.429s] DEBUG:colcon.colcon_core.shell:Skip shell extension 'dsv' for command environment
[0.439s] DEBUG:colcon.colcon_core.event_handler.log_command:Invoking command in '/home/yt6/ros2_py_ws/src/build/dynamixel_sdk': CMAKE_PREFIX_PATH=${CMAKE_PREFIX_PATH}:/home/yt6/ros2_py_ws/src/install/my_vision_pkg:/home/yt6/ros2_py_ws/src/install/my_py_pkg:/home/yt6/ros2_py_ws/src/install/dynamixel_control:/home/yt6/ros2_py_ws/install/my_vision_pkg:/home/yt6/ros2_py_ws/install/my_py_pkg:/home/yt6/ws_moveit2/install/moveit_configs_utils:/opt/ros/humble /usr/bin/cmake --build /home/yt6/ros2_py_ws/src/build/dynamixel_sdk -- -j16 -l16
[0.443s] DEBUG:colcon.colcon_core.event_handler.log_command:Invoking command in '/home/yt6/ros2_py_ws/src/build/dynamixel_sdk_custom_interfaces': CMAKE_PREFIX_PATH=${CMAKE_PREFIX_PATH}:/home/yt6/ros2_py_ws/src/install/my_vision_pkg:/home/yt6/ros2_py_ws/src/install/my_py_pkg:/home/yt6/ros2_py_ws/src/install/dynamixel_control:/home/yt6/ros2_py_ws/install/my_vision_pkg:/home/yt6/ros2_py_ws/install/my_py_pkg:/home/yt6/ws_moveit2/install/moveit_configs_utils:/opt/ros/humble /usr/bin/cmake --build /home/yt6/ros2_py_ws/src/build/dynamixel_sdk_custom_interfaces -- -j16 -l16
[0.645s] WARNING:colcon.colcon_ros.task.ament_python.build:Package 'dynamixel_control' doesn't explicitly install a marker in the package index (colcon-ros currently does it implicitly but that fallback will be removed in the future)
[0.646s] INFO:colcon.colcon_core.task.python.build:Building Python package in '/home/yt6/ros2_py_ws/src/dynamixel_control'
[0.646s] INFO:colcon.colcon_core.shell:Skip shell extension 'powershell' for command environment: Not usable outside of PowerShell
[0.646s] DEBUG:colcon.colcon_core.shell:Skip shell extension 'dsv' for command environment
[0.859s] INFO:colcon.colcon_core.task.python.build:Building Python package in '/home/yt6/ros2_py_ws/src/my_py_pkg'
[0.860s] INFO:colcon.colcon_core.shell:Skip shell extension 'powershell' for command environment: Not usable outside of PowerShell
[0.860s] DEBUG:colcon.colcon_core.shell:Skip shell extension 'dsv' for command environment
[0.873s] DEBUG:colcon.colcon_core.event_handler.log_command:Invoked command in '/home/yt6/ros2_py_ws/src/build/dynamixel_sdk' returned '0': CMAKE_PREFIX_PATH=${CMAKE_PREFIX_PATH}:/home/yt6/ros2_py_ws/src/install/my_vision_pkg:/home/yt6/ros2_py_ws/src/install/my_py_pkg:/home/yt6/ros2_py_ws/src/install/dynamixel_control:/home/yt6/ros2_py_ws/install/my_vision_pkg:/home/yt6/ros2_py_ws/install/my_py_pkg:/home/yt6/ws_moveit2/install/moveit_configs_utils:/opt/ros/humble /usr/bin/cmake --build /home/yt6/ros2_py_ws/src/build/dynamixel_sdk -- -j16 -l16
[0.883s] DEBUG:colcon.colcon_core.event_handler.log_command:Invoking command in '/home/yt6/ros2_py_ws/src/build/dynamixel_sdk': CMAKE_PREFIX_PATH=${CMAKE_PREFIX_PATH}:/home/yt6/ros2_py_ws/src/install/my_vision_pkg:/home/yt6/ros2_py_ws/src/install/my_py_pkg:/home/yt6/ros2_py_ws/src/install/dynamixel_control:/home/yt6/ros2_py_ws/install/my_vision_pkg:/home/yt6/ros2_py_ws/install/my_py_pkg:/home/yt6/ws_moveit2/install/moveit_configs_utils:/opt/ros/humble /usr/bin/cmake --install /home/yt6/ros2_py_ws/src/build/dynamixel_sdk
[0.883s] DEBUG:colcon.colcon_core.event_handler.log_command:Invoked command in '/home/yt6/ros2_py_ws/src/build/dynamixel_sdk_custom_interfaces' returned '0': CMAKE_PREFIX_PATH=${CMAKE_PREFIX_PATH}:/home/yt6/ros2_py_ws/src/install/my_vision_pkg:/home/yt6/ros2_py_ws/src/install/my_py_pkg:/home/yt6/ros2_py_ws/src/install/dynamixel_control:/home/yt6/ros2_py_ws/install/my_vision_pkg:/home/yt6/ros2_py_ws/install/my_py_pkg:/home/yt6/ws_moveit2/install/moveit_configs_utils:/opt/ros/humble /usr/bin/cmake --build /home/yt6/ros2_py_ws/src/build/dynamixel_sdk_custom_interfaces -- -j16 -l16
[0.886s] DEBUG:colcon.colcon_core.event_handler.log_command:Invoking command in '/home/yt6/ros2_py_ws/src/build/dynamixel_sdk_custom_interfaces': CMAKE_PREFIX_PATH=${CMAKE_PREFIX_PATH}:/home/yt6/ros2_py_ws/src/install/my_vision_pkg:/home/yt6/ros2_py_ws/src/install/my_py_pkg:/home/yt6/ros2_py_ws/src/install/dynamixel_control:/home/yt6/ros2_py_ws/install/my_vision_pkg:/home/yt6/ros2_py_ws/install/my_py_pkg:/home/yt6/ws_moveit2/install/moveit_configs_utils:/opt/ros/humble /usr/bin/cmake --install /home/yt6/ros2_py_ws/src/build/dynamixel_sdk_custom_interfaces
[1.084s] INFO:colcon.colcon_core.task.python.build:Building Python package in '/home/yt6/ros2_py_ws/src/my_vision_pkg'
[1.084s] INFO:colcon.colcon_core.shell:Skip shell extension 'powershell' for command environment: Not usable outside of PowerShell
[1.084s] DEBUG:colcon.colcon_core.shell:Skip shell extension 'dsv' for command environment
[1.105s] Level 1:colcon.colcon_core.environment:create_environment_scripts_only(dynamixel_sdk)
[1.109s] Level 1:colcon.colcon_core.environment:checking '/home/yt6/ros2_py_ws/src/install/dynamixel_sdk' for CMake module files
[1.109s] Level 1:colcon.colcon_core.environment:checking '/home/yt6/ros2_py_ws/src/install/dynamixel_sdk' for CMake config files
[1.110s] Level 1:colcon.colcon_core.shell:create_environment_hook('dynamixel_sdk', 'cmake_prefix_path')
[1.110s] INFO:colcon.colcon_core.shell:Creating environment hook '/home/yt6/ros2_py_ws/src/install/dynamixel_sdk/share/dynamixel_sdk/hook/cmake_prefix_path.ps1'
[1.111s] INFO:colcon.colcon_core.shell:Creating environment descriptor '/home/yt6/ros2_py_ws/src/install/dynamixel_sdk/share/dynamixel_sdk/hook/cmake_prefix_path.dsv'
[1.111s] INFO:colcon.colcon_core.shell:Creating environment hook '/home/yt6/ros2_py_ws/src/install/dynamixel_sdk/share/dynamixel_sdk/hook/cmake_prefix_path.sh'
[1.112s] Level 1:colcon.colcon_core.environment:checking '/home/yt6/ros2_py_ws/src/install/dynamixel_sdk/lib'
[1.112s] Level 1:colcon.colcon_core.shell:create_environment_hook('dynamixel_sdk', 'ld_library_path_lib')
[1.112s] INFO:colcon.colcon_core.shell:Creating environment hook '/home/yt6/ros2_py_ws/src/install/dynamixel_sdk/share/dynamixel_sdk/hook/ld_library_path_lib.ps1'
[1.113s] INFO:colcon.colcon_core.shell:Creating environment descriptor '/home/yt6/ros2_py_ws/src/install/dynamixel_sdk/share/dynamixel_sdk/hook/ld_library_path_lib.dsv'
[1.113s] INFO:colcon.colcon_core.shell:Creating environment hook '/home/yt6/ros2_py_ws/src/install/dynamixel_sdk/share/dynamixel_sdk/hook/ld_library_path_lib.sh'
[1.114s] Level 1:colcon.colcon_core.environment:checking '/home/yt6/ros2_py_ws/src/install/dynamixel_sdk/bin'
[1.114s] Level 1:colcon.colcon_core.environment:checking '/home/yt6/ros2_py_ws/src/install/dynamixel_sdk/lib/pkgconfig/dynamixel_sdk.pc'
[1.114s] Level 1:colcon.colcon_core.environment:checking '/home/yt6/ros2_py_ws/src/install/dynamixel_sdk/lib/python3.8/site-packages'
[1.114s] Level 1:colcon.colcon_core.environment:checking '/home/yt6/ros2_py_ws/src/install/dynamixel_sdk/bin'
[1.114s] INFO:colcon.colcon_core.shell:Creating package script '/home/yt6/ros2_py_ws/src/install/dynamixel_sdk/share/dynamixel_sdk/package.ps1'
[1.115s] INFO:colcon.colcon_core.shell:Creating package descriptor '/home/yt6/ros2_py_ws/src/install/dynamixel_sdk/share/dynamixel_sdk/package.dsv'
[1.115s] INFO:colcon.colcon_core.shell:Creating package script '/home/yt6/ros2_py_ws/src/install/dynamixel_sdk/share/dynamixel_sdk/package.sh'
[1.116s] INFO:colcon.colcon_core.shell:Creating package script '/home/yt6/ros2_py_ws/src/install/dynamixel_sdk/share/dynamixel_sdk/package.bash'
[1.117s] INFO:colcon.colcon_core.shell:Creating package script '/home/yt6/ros2_py_ws/src/install/dynamixel_sdk/share/dynamixel_sdk/package.zsh'
[1.118s] Level 1:colcon.colcon_core.environment:create_file_with_runtime_dependencies(/home/yt6/ros2_py_ws/src/install/dynamixel_sdk/share/colcon-core/packages/dynamixel_sdk)
[1.118s] Level 1:colcon.colcon_core.environment:create_environment_scripts_only(dynamixel_sdk)
[1.118s] Level 1:colcon.colcon_core.environment:checking '/home/yt6/ros2_py_ws/src/install/dynamixel_sdk' for CMake module files
[1.119s] Level 1:colcon.colcon_core.environment:checking '/home/yt6/ros2_py_ws/src/install/dynamixel_sdk' for CMake config files
[1.120s] Level 1:colcon.colcon_core.shell:create_environment_hook('dynamixel_sdk', 'cmake_prefix_path')
[1.120s] INFO:colcon.colcon_core.shell:Creating environment hook '/home/yt6/ros2_py_ws/src/install/dynamixel_sdk/share/dynamixel_sdk/hook/cmake_prefix_path.ps1'
[1.120s] INFO:colcon.colcon_core.shell:Creating environment descriptor '/home/yt6/ros2_py_ws/src/install/dynamixel_sdk/share/dynamixel_sdk/hook/cmake_prefix_path.dsv'
[1.121s] INFO:colcon.colcon_core.shell:Creating environment hook '/home/yt6/ros2_py_ws/src/install/dynamixel_sdk/share/dynamixel_sdk/hook/cmake_prefix_path.sh'
[1.121s] Level 1:colcon.colcon_core.environment:checking '/home/yt6/ros2_py_ws/src/install/dynamixel_sdk/lib'
[1.121s] Level 1:colcon.colcon_core.shell:create_environment_hook('dynamixel_sdk', 'ld_library_path_lib')
[1.122s] INFO:colcon.colcon_core.shell:Creating environment hook '/home/yt6/ros2_py_ws/src/install/dynamixel_sdk/share/dynamixel_sdk/hook/ld_library_path_lib.ps1'
[1.122s] INFO:colcon.colcon_core.shell:Creating environment descriptor '/home/yt6/ros2_py_ws/src/install/dynamixel_sdk/share/dynamixel_sdk/hook/ld_library_path_lib.dsv'
[1.122s] INFO:colcon.colcon_core.shell:Creating environment hook '/home/yt6/ros2_py_ws/src/install/dynamixel_sdk/share/dynamixel_sdk/hook/ld_library_path_lib.sh'
[1.123s] Level 1:colcon.colcon_core.environment:checking '/home/yt6/ros2_py_ws/src/install/dynamixel_sdk/bin'
[1.123s] Level 1:colcon.colcon_core.environment:checking '/home/yt6/ros2_py_ws/src/install/dynamixel_sdk/lib/pkgconfig/dynamixel_sdk.pc'
[1.123s] Level 1:colcon.colcon_core.environment:checking '/home/yt6/ros2_py_ws/src/install/dynamixel_sdk/lib/python3.8/site-packages'
[1.123s] Level 1:colcon.colcon_core.environment:checking '/home/yt6/ros2_py_ws/src/install/dynamixel_sdk/bin'
[1.124s] INFO:colcon.colcon_core.shell:Creating package script '/home/yt6/ros2_py_ws/src/install/dynamixel_sdk/share/dynamixel_sdk/package.ps1'
[1.124s] INFO:colcon.colcon_core.shell:Creating package descriptor '/home/yt6/ros2_py_ws/src/install/dynamixel_sdk/share/dynamixel_sdk/package.dsv'
[1.125s] INFO:colcon.colcon_core.shell:Creating package script '/home/yt6/ros2_py_ws/src/install/dynamixel_sdk/share/dynamixel_sdk/package.sh'
[1.125s] INFO:colcon.colcon_core.shell:Creating package script '/home/yt6/ros2_py_ws/src/install/dynamixel_sdk/share/dynamixel_sdk/package.bash'
[1.125s] INFO:colcon.colcon_core.shell:Creating package script '/home/yt6/ros2_py_ws/src/install/dynamixel_sdk/share/dynamixel_sdk/package.zsh'
[1.126s] Level 1:colcon.colcon_core.environment:create_file_with_runtime_dependencies(/home/yt6/ros2_py_ws/src/install/dynamixel_sdk/share/colcon-core/packages/dynamixel_sdk)
[1.131s] DEBUG:colcon.colcon_core.event_handler.log_command:Invoked command in '/home/yt6/ros2_py_ws/src/build/dynamixel_sdk' returned '0': CMAKE_PREFIX_PATH=${CMAKE_PREFIX_PATH}:/home/yt6/ros2_py_ws/src/install/my_vision_pkg:/home/yt6/ros2_py_ws/src/install/my_py_pkg:/home/yt6/ros2_py_ws/src/install/dynamixel_control:/home/yt6/ros2_py_ws/install/my_vision_pkg:/home/yt6/ros2_py_ws/install/my_py_pkg:/home/yt6/ws_moveit2/install/moveit_configs_utils:/opt/ros/humble /usr/bin/cmake --install /home/yt6/ros2_py_ws/src/build/dynamixel_sdk
[1.133s] Level 1:colcon.colcon_core.environment:create_environment_scripts_only(dynamixel_sdk_custom_interfaces)
[1.134s] Level 1:colcon.colcon_core.environment:checking '/home/yt6/ros2_py_ws/src/install/dynamixel_sdk_custom_interfaces' for CMake module files
[1.136s] Level 1:colcon.colcon_core.environment:checking '/home/yt6/ros2_py_ws/src/install/dynamixel_sdk_custom_interfaces' for CMake config files
[1.137s] DEBUG:colcon.colcon_core.event_handler.log_command:Invoked command in '/home/yt6/ros2_py_ws/src/build/dynamixel_sdk_custom_interfaces' returned '0': CMAKE_PREFIX_PATH=${CMAKE_PREFIX_PATH}:/home/yt6/ros2_py_ws/src/install/my_vision_pkg:/home/yt6/ros2_py_ws/src/install/my_py_pkg:/home/yt6/ros2_py_ws/src/install/dynamixel_control:/home/yt6/ros2_py_ws/install/my_vision_pkg:/home/yt6/ros2_py_ws/install/my_py_pkg:/home/yt6/ws_moveit2/install/moveit_configs_utils:/opt/ros/humble /usr/bin/cmake --install /home/yt6/ros2_py_ws/src/build/dynamixel_sdk_custom_interfaces
[1.137s] Level 1:colcon.colcon_core.shell:create_environment_hook('dynamixel_sdk_custom_interfaces', 'cmake_prefix_path')
[1.138s] INFO:colcon.colcon_core.shell:Creating environment hook '/home/yt6/ros2_py_ws/src/install/dynamixel_sdk_custom_interfaces/share/dynamixel_sdk_custom_interfaces/hook/cmake_prefix_path.ps1'
[1.138s] INFO:colcon.colcon_core.shell:Creating environment descriptor '/home/yt6/ros2_py_ws/src/install/dynamixel_sdk_custom_interfaces/share/dynamixel_sdk_custom_interfaces/hook/cmake_prefix_path.dsv'
[1.139s] INFO:colcon.colcon_core.shell:Creating environment hook '/home/yt6/ros2_py_ws/src/install/dynamixel_sdk_custom_interfaces/share/dynamixel_sdk_custom_interfaces/hook/cmake_prefix_path.sh'
[1.139s] Level 1:colcon.colcon_core.environment:checking '/home/yt6/ros2_py_ws/src/install/dynamixel_sdk_custom_interfaces/lib'
[1.139s] Level 1:colcon.colcon_core.shell:create_environment_hook('dynamixel_sdk_custom_interfaces', 'ld_library_path_lib')
[1.139s] INFO:colcon.colcon_core.shell:Creating environment hook '/home/yt6/ros2_py_ws/src/install/dynamixel_sdk_custom_interfaces/share/dynamixel_sdk_custom_interfaces/hook/ld_library_path_lib.ps1'
[1.140s] INFO:colcon.colcon_core.shell:Creating environment descriptor '/home/yt6/ros2_py_ws/src/install/dynamixel_sdk_custom_interfaces/share/dynamixel_sdk_custom_interfaces/hook/ld_library_path_lib.dsv'
[1.140s] INFO:colcon.colcon_core.shell:Creating environment hook '/home/yt6/ros2_py_ws/src/install/dynamixel_sdk_custom_interfaces/share/dynamixel_sdk_custom_interfaces/hook/ld_library_path_lib.sh'
[1.140s] Level 1:colcon.colcon_core.environment:checking '/home/yt6/ros2_py_ws/src/install/dynamixel_sdk_custom_interfaces/bin'
[1.140s] Level 1:colcon.colcon_core.environment:checking '/home/yt6/ros2_py_ws/src/install/dynamixel_sdk_custom_interfaces/lib/pkgconfig/dynamixel_sdk_custom_interfaces.pc'
[1.141s] Level 1:colcon.colcon_core.environment:checking '/home/yt6/ros2_py_ws/src/install/dynamixel_sdk_custom_interfaces/lib/python3.8/site-packages'
[1.141s] Level 1:colcon.colcon_core.shell:create_environment_hook('dynamixel_sdk_custom_interfaces', 'pythonpath')
[1.141s] INFO:colcon.colcon_core.shell:Creating environment hook '/home/yt6/ros2_py_ws/src/install/dynamixel_sdk_custom_interfaces/share/dynamixel_sdk_custom_interfaces/hook/pythonpath.ps1'
[1.141s] INFO:colcon.colcon_core.shell:Creating environment descriptor '/home/yt6/ros2_py_ws/src/install/dynamixel_sdk_custom_interfaces/share/dynamixel_sdk_custom_interfaces/hook/pythonpath.dsv'
[1.142s] INFO:colcon.colcon_core.shell:Creating environment hook '/home/yt6/ros2_py_ws/src/install/dynamixel_sdk_custom_interfaces/share/dynamixel_sdk_custom_interfaces/hook/pythonpath.sh'
[1.142s] Level 1:colcon.colcon_core.environment:checking '/home/yt6/ros2_py_ws/src/install/dynamixel_sdk_custom_interfaces/bin'
[1.142s] INFO:colcon.colcon_core.shell:Creating package script '/home/yt6/ros2_py_ws/src/install/dynamixel_sdk_custom_interfaces/share/dynamixel_sdk_custom_interfaces/package.ps1'
[1.143s] INFO:colcon.colcon_core.shell:Creating package descriptor '/home/yt6/ros2_py_ws/src/install/dynamixel_sdk_custom_interfaces/share/dynamixel_sdk_custom_interfaces/package.dsv'
[1.143s] INFO:colcon.colcon_core.shell:Creating package script '/home/yt6/ros2_py_ws/src/install/dynamixel_sdk_custom_interfaces/share/dynamixel_sdk_custom_interfaces/package.sh'
[1.144s] INFO:colcon.colcon_core.shell:Creating package script '/home/yt6/ros2_py_ws/src/install/dynamixel_sdk_custom_interfaces/share/dynamixel_sdk_custom_interfaces/package.bash'
[1.144s] INFO:colcon.colcon_core.shell:Creating package script '/home/yt6/ros2_py_ws/src/install/dynamixel_sdk_custom_interfaces/share/dynamixel_sdk_custom_interfaces/package.zsh'
[1.144s] Level 1:colcon.colcon_core.environment:create_file_with_runtime_dependencies(/home/yt6/ros2_py_ws/src/install/dynamixel_sdk_custom_interfaces/share/colcon-core/packages/dynamixel_sdk_custom_interfaces)
[1.145s] Level 1:colcon.colcon_core.environment:create_environment_scripts_only(dynamixel_sdk_custom_interfaces)
[1.145s] Level 1:colcon.colcon_core.environment:checking '/home/yt6/ros2_py_ws/src/install/dynamixel_sdk_custom_interfaces' for CMake module files
[1.145s] Level 1:colcon.colcon_core.environment:checking '/home/yt6/ros2_py_ws/src/install/dynamixel_sdk_custom_interfaces' for CMake config files
[1.146s] Level 1:colcon.colcon_core.shell:create_environment_hook('dynamixel_sdk_custom_interfaces', 'cmake_prefix_path')
[1.146s] INFO:colcon.colcon_core.shell:Creating environment hook '/home/yt6/ros2_py_ws/src/install/dynamixel_sdk_custom_interfaces/share/dynamixel_sdk_custom_interfaces/hook/cmake_prefix_path.ps1'
[1.146s] INFO:colcon.colcon_core.shell:Creating environment descriptor '/home/yt6/ros2_py_ws/src/install/dynamixel_sdk_custom_interfaces/share/dynamixel_sdk_custom_interfaces/hook/cmake_prefix_path.dsv'
[1.146s] INFO:colcon.colcon_core.shell:Creating environment hook '/home/yt6/ros2_py_ws/src/install/dynamixel_sdk_custom_interfaces/share/dynamixel_sdk_custom_interfaces/hook/cmake_prefix_path.sh'
[1.147s] Level 1:colcon.colcon_core.environment:checking '/home/yt6/ros2_py_ws/src/install/dynamixel_sdk_custom_interfaces/lib'
[1.147s] Level 1:colcon.colcon_core.shell:create_environment_hook('dynamixel_sdk_custom_interfaces', 'ld_library_path_lib')
[1.147s] INFO:colcon.colcon_core.shell:Creating environment hook '/home/yt6/ros2_py_ws/src/install/dynamixel_sdk_custom_interfaces/share/dynamixel_sdk_custom_interfaces/hook/ld_library_path_lib.ps1'
[1.147s] INFO:colcon.colcon_core.shell:Creating environment descriptor '/home/yt6/ros2_py_ws/src/install/dynamixel_sdk_custom_interfaces/share/dynamixel_sdk_custom_interfaces/hook/ld_library_path_lib.dsv'
[1.147s] INFO:colcon.colcon_core.shell:Creating environment hook '/home/yt6/ros2_py_ws/src/install/dynamixel_sdk_custom_interfaces/share/dynamixel_sdk_custom_interfaces/hook/ld_library_path_lib.sh'
[1.148s] Level 1:colcon.colcon_core.environment:checking '/home/yt6/ros2_py_ws/src/install/dynamixel_sdk_custom_interfaces/bin'
[1.148s] Level 1:colcon.colcon_core.environment:checking '/home/yt6/ros2_py_ws/src/install/dynamixel_sdk_custom_interfaces/lib/pkgconfig/dynamixel_sdk_custom_interfaces.pc'
[1.148s] Level 1:colcon.colcon_core.environment:checking '/home/yt6/ros2_py_ws/src/install/dynamixel_sdk_custom_interfaces/lib/python3.8/site-packages'
[1.148s] Level 1:colcon.colcon_core.shell:create_environment_hook('dynamixel_sdk_custom_interfaces', 'pythonpath')
[1.148s] INFO:colcon.colcon_core.shell:Creating environment hook '/home/yt6/ros2_py_ws/src/install/dynamixel_sdk_custom_interfaces/share/dynamixel_sdk_custom_interfaces/hook/pythonpath.ps1'
[1.148s] INFO:colcon.colcon_core.shell:Creating environment descriptor '/home/yt6/ros2_py_ws/src/install/dynamixel_sdk_custom_interfaces/share/dynamixel_sdk_custom_interfaces/hook/pythonpath.dsv'
[1.149s] INFO:colcon.colcon_core.shell:Creating environment hook '/home/yt6/ros2_py_ws/src/install/dynamixel_sdk_custom_interfaces/share/dynamixel_sdk_custom_interfaces/hook/pythonpath.sh'
[1.149s] Level 1:colcon.colcon_core.environment:checking '/home/yt6/ros2_py_ws/src/install/dynamixel_sdk_custom_interfaces/bin'
[1.149s] INFO:colcon.colcon_core.shell:Creating package script '/home/yt6/ros2_py_ws/src/install/dynamixel_sdk_custom_interfaces/share/dynamixel_sdk_custom_interfaces/package.ps1'
[1.150s] INFO:colcon.colcon_core.shell:Creating package descriptor '/home/yt6/ros2_py_ws/src/install/dynamixel_sdk_custom_interfaces/share/dynamixel_sdk_custom_interfaces/package.dsv'
[1.150s] INFO:colcon.colcon_core.shell:Creating package script '/home/yt6/ros2_py_ws/src/install/dynamixel_sdk_custom_interfaces/share/dynamixel_sdk_custom_interfaces/package.sh'
[1.150s] INFO:colcon.colcon_core.shell:Creating package script '/home/yt6/ros2_py_ws/src/install/dynamixel_sdk_custom_interfaces/share/dynamixel_sdk_custom_interfaces/package.bash'
[1.150s] INFO:colcon.colcon_core.shell:Creating package script '/home/yt6/ros2_py_ws/src/install/dynamixel_sdk_custom_interfaces/share/dynamixel_sdk_custom_interfaces/package.zsh'
[1.151s] Level 1:colcon.colcon_core.environment:create_file_with_runtime_dependencies(/home/yt6/ros2_py_ws/src/install/dynamixel_sdk_custom_interfaces/share/colcon-core/packages/dynamixel_sdk_custom_interfaces)
[1.151s] INFO:colcon.colcon_ros.task.ament_cmake.build:Building ROS package in '/home/yt6/ros2_py_ws/src/DynamixelSDK/dynamixel_sdk_examples' with build type 'ament_cmake'
[1.151s] INFO:colcon.colcon_cmake.task.cmake.build:Building CMake package in '/home/yt6/ros2_py_ws/src/DynamixelSDK/dynamixel_sdk_examples'
[1.151s] INFO:colcon.colcon_core.shell:Skip shell extension 'powershell' for command environment: Not usable outside of PowerShell
[1.152s] DEBUG:colcon.colcon_core.shell:Skip shell extension 'dsv' for command environment
[1.169s] DEBUG:colcon.colcon_core.event_handler.log_command:Invoking command in '/home/yt6/ros2_py_ws/src/build/dynamixel_sdk_examples': CMAKE_PREFIX_PATH=/home/yt6/ros2_py_ws/src/install/dynamixel_sdk_custom_interfaces:/home/yt6/ros2_py_ws/src/install/dynamixel_sdk:/home/yt6/ros2_py_ws/src/install/dynamixel_sdk_examples:/home/yt6/ros2_py_ws/install/dynamixel_sdk_examples:/home/yt6/ros2_py_ws/install/dynamixel_sdk_custom_interfaces:/home/yt6/ros2_py_ws/install/dynamixel_sdk:/home/yt6/ws_moveit2/install/rviz_marker_tools:/home/yt6/ws_moveit2/install/moveit_resources_prbt_support:/home/yt6/ws_moveit2/install/moveit_resources:/home/yt6/ws_moveit2/install/moveit_resources_pr2_description:/home/yt6/ws_moveit2/install/moveit_resources_panda_moveit_config:/home/yt6/ws_moveit2/install/moveit_resources_panda_description:/home/yt6/ws_moveit2/install/moveit_resources_fanuc_moveit_config:/home/yt6/ws_moveit2/install/moveit_resources_fanuc_description:/home/yt6/ws_moveit2/install/moveit_msgs:/home/yt6/ws_moveit2/install/moveit_common:/home/yt6/ros2_py_ws/src/install/my_vision_pkg:/home/yt6/ros2_py_ws/src/install/my_py_pkg:/home/yt6/ros2_py_ws/src/install/dynamixel_control:/home/yt6/ros2_py_ws/install/my_vision_pkg:/home/yt6/ros2_py_ws/install/my_py_pkg:/home/yt6/ws_moveit2/install/moveit_configs_utils:/opt/ros/humble PYTHONPATH=/home/yt6/ros2_py_ws/src/install/dynamixel_sdk_custom_interfaces/lib/python3.8/site-packages:/home/yt6/ros2_py_ws/src/install/my_vision_pkg/lib/python3.8/site-packages:/home/yt6/ros2_py_ws/src/install/my_py_pkg/lib/python3.8/site-packages:/home/yt6/ros2_py_ws/src/install/dynamixel_control/lib/python3.8/site-packages:/home/yt6/ros2_py_ws/build/my_vision_pkg:/home/yt6/ros2_py_ws/install/my_vision_pkg/lib/python3.8/site-packages:/home/yt6/ros2_py_ws/build/my_py_pkg:/home/yt6/ros2_py_ws/install/my_py_pkg/lib/python3.8/site-packages:/home/yt6/ros2_py_ws/install/dynamixel_sdk_custom_interfaces/lib/python3.8/site-packages:/home/yt6/ws_moveit2/install/moveit_msgs/lib/python3.8/site-packages:/home/yt6/ws_moveit2/install/moveit_configs_utils/lib/python3.8/site-packages:/opt/ros/humble/lib/python3.8/site-packages /usr/bin/cmake --build /home/yt6/ros2_py_ws/src/build/dynamixel_sdk_examples -- -j16 -l16
[1.208s] DEBUG:colcon.colcon_core.event_handler.log_command:Invoked command in '/home/yt6/ros2_py_ws/src/build/dynamixel_sdk_examples' returned '0': CMAKE_PREFIX_PATH=/home/yt6/ros2_py_ws/src/install/dynamixel_sdk_custom_interfaces:/home/yt6/ros2_py_ws/src/install/dynamixel_sdk:/home/yt6/ros2_py_ws/src/install/dynamixel_sdk_examples:/home/yt6/ros2_py_ws/install/dynamixel_sdk_examples:/home/yt6/ros2_py_ws/install/dynamixel_sdk_custom_interfaces:/home/yt6/ros2_py_ws/install/dynamixel_sdk:/home/yt6/ws_moveit2/install/rviz_marker_tools:/home/yt6/ws_moveit2/install/moveit_resources_prbt_support:/home/yt6/ws_moveit2/install/moveit_resources:/home/yt6/ws_moveit2/install/moveit_resources_pr2_description:/home/yt6/ws_moveit2/install/moveit_resources_panda_moveit_config:/home/yt6/ws_moveit2/install/moveit_resources_panda_description:/home/yt6/ws_moveit2/install/moveit_resources_fanuc_moveit_config:/home/yt6/ws_moveit2/install/moveit_resources_fanuc_description:/home/yt6/ws_moveit2/install/moveit_msgs:/home/yt6/ws_moveit2/install/moveit_common:/home/yt6/ros2_py_ws/src/install/my_vision_pkg:/home/yt6/ros2_py_ws/src/install/my_py_pkg:/home/yt6/ros2_py_ws/src/install/dynamixel_control:/home/yt6/ros2_py_ws/install/my_vision_pkg:/home/yt6/ros2_py_ws/install/my_py_pkg:/home/yt6/ws_moveit2/install/moveit_configs_utils:/opt/ros/humble PYTHONPATH=/home/yt6/ros2_py_ws/src/install/dynamixel_sdk_custom_interfaces/lib/python3.8/site-packages:/home/yt6/ros2_py_ws/src/install/my_vision_pkg/lib/python3.8/site-packages:/home/yt6/ros2_py_ws/src/install/my_py_pkg/lib/python3.8/site-packages:/home/yt6/ros2_py_ws/src/install/dynamixel_control/lib/python3.8/site-packages:/home/yt6/ros2_py_ws/build/my_vision_pkg:/home/yt6/ros2_py_ws/install/my_vision_pkg/lib/python3.8/site-packages:/home/yt6/ros2_py_ws/build/my_py_pkg:/home/yt6/ros2_py_ws/install/my_py_pkg/lib/python3.8/site-packages:/home/yt6/ros2_py_ws/install/dynamixel_sdk_custom_interfaces/lib/python3.8/site-packages:/home/yt6/ws_moveit2/install/moveit_msgs/lib/python3.8/site-packages:/home/yt6/ws_moveit2/install/moveit_configs_utils/lib/python3.8/site-packages:/opt/ros/humble/lib/python3.8/site-packages /usr/bin/cmake --build /home/yt6/ros2_py_ws/src/build/dynamixel_sdk_examples -- -j16 -l16
[1.212s] DEBUG:colcon.colcon_core.event_handler.log_command:Invoking command in '/home/yt6/ros2_py_ws/src/build/dynamixel_sdk_examples': CMAKE_PREFIX_PATH=/home/yt6/ros2_py_ws/src/install/dynamixel_sdk_custom_interfaces:/home/yt6/ros2_py_ws/src/install/dynamixel_sdk:/home/yt6/ros2_py_ws/src/install/dynamixel_sdk_examples:/home/yt6/ros2_py_ws/install/dynamixel_sdk_examples:/home/yt6/ros2_py_ws/install/dynamixel_sdk_custom_interfaces:/home/yt6/ros2_py_ws/install/dynamixel_sdk:/home/yt6/ws_moveit2/install/rviz_marker_tools:/home/yt6/ws_moveit2/install/moveit_resources_prbt_support:/home/yt6/ws_moveit2/install/moveit_resources:/home/yt6/ws_moveit2/install/moveit_resources_pr2_description:/home/yt6/ws_moveit2/install/moveit_resources_panda_moveit_config:/home/yt6/ws_moveit2/install/moveit_resources_panda_description:/home/yt6/ws_moveit2/install/moveit_resources_fanuc_moveit_config:/home/yt6/ws_moveit2/install/moveit_resources_fanuc_description:/home/yt6/ws_moveit2/install/moveit_msgs:/home/yt6/ws_moveit2/install/moveit_common:/home/yt6/ros2_py_ws/src/install/my_vision_pkg:/home/yt6/ros2_py_ws/src/install/my_py_pkg:/home/yt6/ros2_py_ws/src/install/dynamixel_control:/home/yt6/ros2_py_ws/install/my_vision_pkg:/home/yt6/ros2_py_ws/install/my_py_pkg:/home/yt6/ws_moveit2/install/moveit_configs_utils:/opt/ros/humble PYTHONPATH=/home/yt6/ros2_py_ws/src/install/dynamixel_sdk_custom_interfaces/lib/python3.8/site-packages:/home/yt6/ros2_py_ws/src/install/my_vision_pkg/lib/python3.8/site-packages:/home/yt6/ros2_py_ws/src/install/my_py_pkg/lib/python3.8/site-packages:/home/yt6/ros2_py_ws/src/install/dynamixel_control/lib/python3.8/site-packages:/home/yt6/ros2_py_ws/build/my_vision_pkg:/home/yt6/ros2_py_ws/install/my_vision_pkg/lib/python3.8/site-packages:/home/yt6/ros2_py_ws/build/my_py_pkg:/home/yt6/ros2_py_ws/install/my_py_pkg/lib/python3.8/site-packages:/home/yt6/ros2_py_ws/install/dynamixel_sdk_custom_interfaces/lib/python3.8/site-packages:/home/yt6/ws_moveit2/install/moveit_msgs/lib/python3.8/site-packages:/home/yt6/ws_moveit2/install/moveit_configs_utils/lib/python3.8/site-packages:/opt/ros/humble/lib/python3.8/site-packages /usr/bin/cmake --install /home/yt6/ros2_py_ws/src/build/dynamixel_sdk_examples
[1.218s] Level 1:colcon.colcon_core.environment:create_environment_scripts_only(dynamixel_sdk_examples)
[1.219s] Level 1:colcon.colcon_core.environment:checking '/home/yt6/ros2_py_ws/src/install/dynamixel_sdk_examples' for CMake module files
[1.219s] DEBUG:colcon.colcon_core.event_handler.log_command:Invoked command in '/home/yt6/ros2_py_ws/src/build/dynamixel_sdk_examples' returned '0': CMAKE_PREFIX_PATH=/home/yt6/ros2_py_ws/src/install/dynamixel_sdk_custom_interfaces:/home/yt6/ros2_py_ws/src/install/dynamixel_sdk:/home/yt6/ros2_py_ws/src/install/dynamixel_sdk_examples:/home/yt6/ros2_py_ws/install/dynamixel_sdk_examples:/home/yt6/ros2_py_ws/install/dynamixel_sdk_custom_interfaces:/home/yt6/ros2_py_ws/install/dynamixel_sdk:/home/yt6/ws_moveit2/install/rviz_marker_tools:/home/yt6/ws_moveit2/install/moveit_resources_prbt_support:/home/yt6/ws_moveit2/install/moveit_resources:/home/yt6/ws_moveit2/install/moveit_resources_pr2_description:/home/yt6/ws_moveit2/install/moveit_resources_panda_moveit_config:/home/yt6/ws_moveit2/install/moveit_resources_panda_description:/home/yt6/ws_moveit2/install/moveit_resources_fanuc_moveit_config:/home/yt6/ws_moveit2/install/moveit_resources_fanuc_description:/home/yt6/ws_moveit2/install/moveit_msgs:/home/yt6/ws_moveit2/install/moveit_common:/home/yt6/ros2_py_ws/src/install/my_vision_pkg:/home/yt6/ros2_py_ws/src/install/my_py_pkg:/home/yt6/ros2_py_ws/src/install/dynamixel_control:/home/yt6/ros2_py_ws/install/my_vision_pkg:/home/yt6/ros2_py_ws/install/my_py_pkg:/home/yt6/ws_moveit2/install/moveit_configs_utils:/opt/ros/humble PYTHONPATH=/home/yt6/ros2_py_ws/src/install/dynamixel_sdk_custom_interfaces/lib/python3.8/site-packages:/home/yt6/ros2_py_ws/src/install/my_vision_pkg/lib/python3.8/site-packages:/home/yt6/ros2_py_ws/src/install/my_py_pkg/lib/python3.8/site-packages:/home/yt6/ros2_py_ws/src/install/dynamixel_control/lib/python3.8/site-packages:/home/yt6/ros2_py_ws/build/my_vision_pkg:/home/yt6/ros2_py_ws/install/my_vision_pkg/lib/python3.8/site-packages:/home/yt6/ros2_py_ws/build/my_py_pkg:/home/yt6/ros2_py_ws/install/my_py_pkg/lib/python3.8/site-packages:/home/yt6/ros2_py_ws/install/dynamixel_sdk_custom_interfaces/lib/python3.8/site-packages:/home/yt6/ws_moveit2/install/moveit_msgs/lib/python3.8/site-packages:/home/yt6/ws_moveit2/install/moveit_configs_utils/lib/python3.8/site-packages:/opt/ros/humble/lib/python3.8/site-packages /usr/bin/cmake --install /home/yt6/ros2_py_ws/src/build/dynamixel_sdk_examples
[1.219s] Level 1:colcon.colcon_core.environment:checking '/home/yt6/ros2_py_ws/src/install/dynamixel_sdk_examples' for CMake config files
[1.220s] Level 1:colcon.colcon_core.shell:create_environment_hook('dynamixel_sdk_examples', 'cmake_prefix_path')
[1.220s] INFO:colcon.colcon_core.shell:Creating environment hook '/home/yt6/ros2_py_ws/src/install/dynamixel_sdk_examples/share/dynamixel_sdk_examples/hook/cmake_prefix_path.ps1'
[1.221s] INFO:colcon.colcon_core.shell:Creating environment descriptor '/home/yt6/ros2_py_ws/src/install/dynamixel_sdk_examples/share/dynamixel_sdk_examples/hook/cmake_prefix_path.dsv'
[1.221s] INFO:colcon.colcon_core.shell:Creating environment hook '/home/yt6/ros2_py_ws/src/install/dynamixel_sdk_examples/share/dynamixel_sdk_examples/hook/cmake_prefix_path.sh'
[1.222s] Level 1:colcon.colcon_core.environment:checking '/home/yt6/ros2_py_ws/src/install/dynamixel_sdk_examples/lib'
[1.222s] Level 1:colcon.colcon_core.environment:checking '/home/yt6/ros2_py_ws/src/install/dynamixel_sdk_examples/bin'
[1.222s] Level 1:colcon.colcon_core.environment:checking '/home/yt6/ros2_py_ws/src/install/dynamixel_sdk_examples/lib/pkgconfig/dynamixel_sdk_examples.pc'
[1.222s] Level 1:colcon.colcon_core.environment:checking '/home/yt6/ros2_py_ws/src/install/dynamixel_sdk_examples/lib/python3.8/site-packages'
[1.222s] Level 1:colcon.colcon_core.environment:checking '/home/yt6/ros2_py_ws/src/install/dynamixel_sdk_examples/bin'
[1.222s] INFO:colcon.colcon_core.shell:Creating package script '/home/yt6/ros2_py_ws/src/install/dynamixel_sdk_examples/share/dynamixel_sdk_examples/package.ps1'
[1.223s] INFO:colcon.colcon_core.shell:Creating package descriptor '/home/yt6/ros2_py_ws/src/install/dynamixel_sdk_examples/share/dynamixel_sdk_examples/package.dsv'
[1.223s] INFO:colcon.colcon_core.shell:Creating package script '/home/yt6/ros2_py_ws/src/install/dynamixel_sdk_examples/share/dynamixel_sdk_examples/package.sh'
[1.224s] INFO:colcon.colcon_core.shell:Creating package script '/home/yt6/ros2_py_ws/src/install/dynamixel_sdk_examples/share/dynamixel_sdk_examples/package.bash'
[1.224s] INFO:colcon.colcon_core.shell:Creating package script '/home/yt6/ros2_py_ws/src/install/dynamixel_sdk_examples/share/dynamixel_sdk_examples/package.zsh'
[1.225s] Level 1:colcon.colcon_core.environment:create_file_with_runtime_dependencies(/home/yt6/ros2_py_ws/src/install/dynamixel_sdk_examples/share/colcon-core/packages/dynamixel_sdk_examples)
[1.225s] Level 1:colcon.colcon_core.environment:create_environment_scripts_only(dynamixel_sdk_examples)
[1.225s] Level 1:colcon.colcon_core.environment:checking '/home/yt6/ros2_py_ws/src/install/dynamixel_sdk_examples' for CMake module files
[1.226s] Level 1:colcon.colcon_core.environment:checking '/home/yt6/ros2_py_ws/src/install/dynamixel_sdk_examples' for CMake config files
[1.226s] Level 1:colcon.colcon_core.shell:create_environment_hook('dynamixel_sdk_examples', 'cmake_prefix_path')
[1.226s] INFO:colcon.colcon_core.shell:Creating environment hook '/home/yt6/ros2_py_ws/src/install/dynamixel_sdk_examples/share/dynamixel_sdk_examples/hook/cmake_prefix_path.ps1'
[1.227s] INFO:colcon.colcon_core.shell:Creating environment descriptor '/home/yt6/ros2_py_ws/src/install/dynamixel_sdk_examples/share/dynamixel_sdk_examples/hook/cmake_prefix_path.dsv'
[1.227s] INFO:colcon.colcon_core.shell:Creating environment hook '/home/yt6/ros2_py_ws/src/install/dynamixel_sdk_examples/share/dynamixel_sdk_examples/hook/cmake_prefix_path.sh'
[1.228s] Level 1:colcon.colcon_core.environment:checking '/home/yt6/ros2_py_ws/src/install/dynamixel_sdk_examples/lib'
[1.228s] Level 1:colcon.colcon_core.environment:checking '/home/yt6/ros2_py_ws/src/install/dynamixel_sdk_examples/bin'
[1.228s] Level 1:colcon.colcon_core.environment:checking '/home/yt6/ros2_py_ws/src/install/dynamixel_sdk_examples/lib/pkgconfig/dynamixel_sdk_examples.pc'
[1.228s] Level 1:colcon.colcon_core.environment:checking '/home/yt6/ros2_py_ws/src/install/dynamixel_sdk_examples/lib/python3.8/site-packages'
[1.228s] Level 1:colcon.colcon_core.environment:checking '/home/yt6/ros2_py_ws/src/install/dynamixel_sdk_examples/bin'
[1.228s] INFO:colcon.colcon_core.shell:Creating package script '/home/yt6/ros2_py_ws/src/install/dynamixel_sdk_examples/share/dynamixel_sdk_examples/package.ps1'
[1.229s] INFO:colcon.colcon_core.shell:Creating package descriptor '/home/yt6/ros2_py_ws/src/install/dynamixel_sdk_examples/share/dynamixel_sdk_examples/package.dsv'
[1.229s] INFO:colcon.colcon_core.shell:Creating package script '/home/yt6/ros2_py_ws/src/install/dynamixel_sdk_examples/share/dynamixel_sdk_examples/package.sh'
[1.230s] INFO:colcon.colcon_core.shell:Creating package script '/home/yt6/ros2_py_ws/src/install/dynamixel_sdk_examples/share/dynamixel_sdk_examples/package.bash'
[1.230s] INFO:colcon.colcon_core.shell:Creating package script '/home/yt6/ros2_py_ws/src/install/dynamixel_sdk_examples/share/dynamixel_sdk_examples/package.zsh'
[1.230s] Level 1:colcon.colcon_core.environment:create_file_with_runtime_dependencies(/home/yt6/ros2_py_ws/src/install/dynamixel_sdk_examples/share/colcon-core/packages/dynamixel_sdk_examples)
[1.433s] DEBUG:colcon.colcon_core.event_handler.log_command:Invoking command in '/home/yt6/ros2_py_ws/src/my_py_pkg': PYTHONPATH=/home/yt6/ros2_py_ws/src/build/my_py_pkg/prefix_override:/usr/lib/python3/dist-packages/colcon_core/task/python/colcon_distutils_commands:/home/yt6/ros2_py_ws/src/install/my_py_pkg/lib/python3.8/site-packages:${PYTHONPATH} /usr/bin/python3 -W ignore:setup.py install is deprecated -W ignore:easy_install command is deprecated setup.py egg_info --egg-base ../build/my_py_pkg build --build-base /home/yt6/ros2_py_ws/src/build/my_py_pkg/build install --record /home/yt6/ros2_py_ws/src/build/my_py_pkg/install.log --single-version-externally-managed install_data
[1.458s] DEBUG:colcon.colcon_core.event_handler.log_command:Invoking command in '/home/yt6/ros2_py_ws/src/dynamixel_control': PYTHONPATH=/home/yt6/ros2_py_ws/src/build/dynamixel_control/prefix_override:/usr/lib/python3/dist-packages/colcon_core/task/python/colcon_distutils_commands:/home/yt6/ros2_py_ws/src/install/dynamixel_control/lib/python3.8/site-packages:${PYTHONPATH} /usr/bin/python3 -W ignore:setup.py install is deprecated -W ignore:easy_install command is deprecated setup.py egg_info --egg-base ../build/dynamixel_control build --build-base /home/yt6/ros2_py_ws/src/build/dynamixel_control/build install --record /home/yt6/ros2_py_ws/src/build/dynamixel_control/install.log --single-version-externally-managed install_data
[1.486s] DEBUG:colcon.colcon_core.event_handler.log_command:Invoking command in '/home/yt6/ros2_py_ws/src/my_vision_pkg': PYTHONPATH=/home/yt6/ros2_py_ws/src/build/my_vision_pkg/prefix_override:/usr/lib/python3/dist-packages/colcon_core/task/python/colcon_distutils_commands:/home/yt6/ros2_py_ws/src/install/my_vision_pkg/lib/python3.8/site-packages:${PYTHONPATH} /usr/bin/python3 -W ignore:setup.py install is deprecated -W ignore:easy_install command is deprecated setup.py egg_info --egg-base ../build/my_vision_pkg build --build-base /home/yt6/ros2_py_ws/src/build/my_vision_pkg/build install --record /home/yt6/ros2_py_ws/src/build/my_vision_pkg/install.log --single-version-externally-managed install_data
[1.687s] Level 1:colcon.colcon_core.environment:checking '/home/yt6/ros2_py_ws/src/install/my_py_pkg' for CMake module files
[1.688s] DEBUG:colcon.colcon_core.event_handler.log_command:Invoked command in '/home/yt6/ros2_py_ws/src/my_py_pkg' returned '0': PYTHONPATH=/home/yt6/ros2_py_ws/src/build/my_py_pkg/prefix_override:/usr/lib/python3/dist-packages/colcon_core/task/python/colcon_distutils_commands:/home/yt6/ros2_py_ws/src/install/my_py_pkg/lib/python3.8/site-packages:${PYTHONPATH} /usr/bin/python3 -W ignore:setup.py install is deprecated -W ignore:easy_install command is deprecated setup.py egg_info --egg-base ../build/my_py_pkg build --build-base /home/yt6/ros2_py_ws/src/build/my_py_pkg/build install --record /home/yt6/ros2_py_ws/src/build/my_py_pkg/install.log --single-version-externally-managed install_data
[1.688s] Level 1:colcon.colcon_core.environment:checking '/home/yt6/ros2_py_ws/src/install/my_py_pkg' for CMake config files
[1.688s] Level 1:colcon.colcon_core.environment:checking '/home/yt6/ros2_py_ws/src/install/my_py_pkg/lib'
[1.689s] Level 1:colcon.colcon_core.environment:checking '/home/yt6/ros2_py_ws/src/install/my_py_pkg/bin'
[1.689s] Level 1:colcon.colcon_core.environment:checking '/home/yt6/ros2_py_ws/src/install/my_py_pkg/lib/pkgconfig/my_py_pkg.pc'
[1.689s] Level 1:colcon.colcon_core.environment:checking '/home/yt6/ros2_py_ws/src/install/my_py_pkg/lib/python3.8/site-packages'
[1.689s] Level 1:colcon.colcon_core.shell:create_environment_hook('my_py_pkg', 'pythonpath')
[1.689s] INFO:colcon.colcon_core.shell:Creating environment hook '/home/yt6/ros2_py_ws/src/install/my_py_pkg/share/my_py_pkg/hook/pythonpath.ps1'
[1.689s] INFO:colcon.colcon_core.shell:Creating environment descriptor '/home/yt6/ros2_py_ws/src/install/my_py_pkg/share/my_py_pkg/hook/pythonpath.dsv'
[1.690s] INFO:colcon.colcon_core.shell:Creating environment hook '/home/yt6/ros2_py_ws/src/install/my_py_pkg/share/my_py_pkg/hook/pythonpath.sh'
[1.690s] Level 1:colcon.colcon_core.environment:checking '/home/yt6/ros2_py_ws/src/install/my_py_pkg/bin'
[1.690s] Level 1:colcon.colcon_core.environment:create_environment_scripts_only(my_py_pkg)
[1.690s] INFO:colcon.colcon_core.shell:Creating package script '/home/yt6/ros2_py_ws/src/install/my_py_pkg/share/my_py_pkg/package.ps1'
[1.691s] INFO:colcon.colcon_core.shell:Creating package descriptor '/home/yt6/ros2_py_ws/src/install/my_py_pkg/share/my_py_pkg/package.dsv'
[1.691s] INFO:colcon.colcon_core.shell:Creating package script '/home/yt6/ros2_py_ws/src/install/my_py_pkg/share/my_py_pkg/package.sh'
[1.691s] INFO:colcon.colcon_core.shell:Creating package script '/home/yt6/ros2_py_ws/src/install/my_py_pkg/share/my_py_pkg/package.bash'
[1.692s] INFO:colcon.colcon_core.shell:Creating package script '/home/yt6/ros2_py_ws/src/install/my_py_pkg/share/my_py_pkg/package.zsh'
[1.692s] Level 1:colcon.colcon_core.environment:create_file_with_runtime_dependencies(/home/yt6/ros2_py_ws/src/install/my_py_pkg/share/colcon-core/packages/my_py_pkg)
[1.714s] Level 1:colcon.colcon_core.environment:checking '/home/yt6/ros2_py_ws/src/install/dynamixel_control' for CMake module files
[1.714s] DEBUG:colcon.colcon_core.event_handler.log_command:Invoked command in '/home/yt6/ros2_py_ws/src/dynamixel_control' returned '0': PYTHONPATH=/home/yt6/ros2_py_ws/src/build/dynamixel_control/prefix_override:/usr/lib/python3/dist-packages/colcon_core/task/python/colcon_distutils_commands:/home/yt6/ros2_py_ws/src/install/dynamixel_control/lib/python3.8/site-packages:${PYTHONPATH} /usr/bin/python3 -W ignore:setup.py install is deprecated -W ignore:easy_install command is deprecated setup.py egg_info --egg-base ../build/dynamixel_control build --build-base /home/yt6/ros2_py_ws/src/build/dynamixel_control/build install --record /home/yt6/ros2_py_ws/src/build/dynamixel_control/install.log --single-version-externally-managed install_data
[1.714s] Level 1:colcon.colcon_core.environment:checking '/home/yt6/ros2_py_ws/src/install/dynamixel_control' for CMake config files
[1.715s] Level 1:colcon.colcon_core.environment:checking '/home/yt6/ros2_py_ws/src/install/dynamixel_control/lib'
[1.715s] Level 1:colcon.colcon_core.environment:checking '/home/yt6/ros2_py_ws/src/install/dynamixel_control/bin'
[1.715s] Level 1:colcon.colcon_core.environment:checking '/home/yt6/ros2_py_ws/src/install/dynamixel_control/lib/pkgconfig/dynamixel_control.pc'
[1.715s] Level 1:colcon.colcon_core.environment:checking '/home/yt6/ros2_py_ws/src/install/dynamixel_control/lib/python3.8/site-packages'
[1.715s] Level 1:colcon.colcon_core.shell:create_environment_hook('dynamixel_control', 'pythonpath')
[1.715s] INFO:colcon.colcon_core.shell:Creating environment hook '/home/yt6/ros2_py_ws/src/install/dynamixel_control/share/dynamixel_control/hook/pythonpath.ps1'
[1.716s] INFO:colcon.colcon_core.shell:Creating environment descriptor '/home/yt6/ros2_py_ws/src/install/dynamixel_control/share/dynamixel_control/hook/pythonpath.dsv'
[1.716s] INFO:colcon.colcon_core.shell:Creating environment hook '/home/yt6/ros2_py_ws/src/install/dynamixel_control/share/dynamixel_control/hook/pythonpath.sh'
[1.716s] Level 1:colcon.colcon_core.environment:checking '/home/yt6/ros2_py_ws/src/install/dynamixel_control/bin'
[1.717s] Level 1:colcon.colcon_core.environment:create_environment_scripts_only(dynamixel_control)
[1.717s] INFO:colcon.colcon_core.shell:Creating package script '/home/yt6/ros2_py_ws/src/install/dynamixel_control/share/dynamixel_control/package.ps1'
[1.717s] INFO:colcon.colcon_core.shell:Creating package descriptor '/home/yt6/ros2_py_ws/src/install/dynamixel_control/share/dynamixel_control/package.dsv'
[1.718s] INFO:colcon.colcon_core.shell:Creating package script '/home/yt6/ros2_py_ws/src/install/dynamixel_control/share/dynamixel_control/package.sh'
[1.718s] INFO:colcon.colcon_core.shell:Creating package script '/home/yt6/ros2_py_ws/src/install/dynamixel_control/share/dynamixel_control/package.bash'
[1.718s] INFO:colcon.colcon_core.shell:Creating package script '/home/yt6/ros2_py_ws/src/install/dynamixel_control/share/dynamixel_control/package.zsh'
[1.719s] Level 1:colcon.colcon_core.environment:create_file_with_runtime_dependencies(/home/yt6/ros2_py_ws/src/install/dynamixel_control/share/colcon-core/packages/dynamixel_control)
[1.737s] Level 1:colcon.colcon_core.environment:checking '/home/yt6/ros2_py_ws/src/install/my_vision_pkg' for CMake module files
[1.737s] DEBUG:colcon.colcon_core.event_handler.log_command:Invoked command in '/home/yt6/ros2_py_ws/src/my_vision_pkg' returned '0': PYTHONPATH=/home/yt6/ros2_py_ws/src/build/my_vision_pkg/prefix_override:/usr/lib/python3/dist-packages/colcon_core/task/python/colcon_distutils_commands:/home/yt6/ros2_py_ws/src/install/my_vision_pkg/lib/python3.8/site-packages:${PYTHONPATH} /usr/bin/python3 -W ignore:setup.py install is deprecated -W ignore:easy_install command is deprecated setup.py egg_info --egg-base ../build/my_vision_pkg build --build-base /home/yt6/ros2_py_ws/src/build/my_vision_pkg/build install --record /home/yt6/ros2_py_ws/src/build/my_vision_pkg/install.log --single-version-externally-managed install_data
[1.738s] Level 1:colcon.colcon_core.environment:checking '/home/yt6/ros2_py_ws/src/install/my_vision_pkg' for CMake config files
[1.738s] Level 1:colcon.colcon_core.environment:checking '/home/yt6/ros2_py_ws/src/install/my_vision_pkg/lib'
[1.738s] Level 1:colcon.colcon_core.environment:checking '/home/yt6/ros2_py_ws/src/install/my_vision_pkg/bin'
[1.739s] Level 1:colcon.colcon_core.environment:checking '/home/yt6/ros2_py_ws/src/install/my_vision_pkg/lib/pkgconfig/my_vision_pkg.pc'
[1.739s] Level 1:colcon.colcon_core.environment:checking '/home/yt6/ros2_py_ws/src/install/my_vision_pkg/lib/python3.8/site-packages'
[1.739s] Level 1:colcon.colcon_core.shell:create_environment_hook('my_vision_pkg', 'pythonpath')
[1.739s] INFO:colcon.colcon_core.shell:Creating environment hook '/home/yt6/ros2_py_ws/src/install/my_vision_pkg/share/my_vision_pkg/hook/pythonpath.ps1'
[1.740s] INFO:colcon.colcon_core.shell:Creating environment descriptor '/home/yt6/ros2_py_ws/src/install/my_vision_pkg/share/my_vision_pkg/hook/pythonpath.dsv'
[1.740s] INFO:colcon.colcon_core.shell:Creating environment hook '/home/yt6/ros2_py_ws/src/install/my_vision_pkg/share/my_vision_pkg/hook/pythonpath.sh'
[1.741s] Level 1:colcon.colcon_core.environment:checking '/home/yt6/ros2_py_ws/src/install/my_vision_pkg/bin'
[1.741s] Level 1:colcon.colcon_core.environment:create_environment_scripts_only(my_vision_pkg)
[1.741s] INFO:colcon.colcon_core.shell:Creating package script '/home/yt6/ros2_py_ws/src/install/my_vision_pkg/share/my_vision_pkg/package.ps1'
[1.742s] INFO:colcon.colcon_core.shell:Creating package descriptor '/home/yt6/ros2_py_ws/src/install/my_vision_pkg/share/my_vision_pkg/package.dsv'
[1.742s] INFO:colcon.colcon_core.shell:Creating package script '/home/yt6/ros2_py_ws/src/install/my_vision_pkg/share/my_vision_pkg/package.sh'
[1.743s] INFO:colcon.colcon_core.shell:Creating package script '/home/yt6/ros2_py_ws/src/install/my_vision_pkg/share/my_vision_pkg/package.bash'
[1.743s] INFO:colcon.colcon_core.shell:Creating package script '/home/yt6/ros2_py_ws/src/install/my_vision_pkg/share/my_vision_pkg/package.zsh'
[1.744s] Level 1:colcon.colcon_core.environment:create_file_with_runtime_dependencies(/home/yt6/ros2_py_ws/src/install/my_vision_pkg/share/colcon-core/packages/my_vision_pkg)
[1.744s] DEBUG:colcon.colcon_parallel_executor.executor.parallel:closing loop
[1.745s] DEBUG:colcon.colcon_parallel_executor.executor.parallel:loop closed
[1.745s] DEBUG:colcon.colcon_parallel_executor.executor.parallel:run_until_complete finished with '0'
[1.745s] DEBUG:colcon.colcon_core.event_reactor:joining thread
[1.751s] INFO:colcon.colcon_core.plugin_system:Skipping extension 'colcon_notification.desktop_notification.terminal_notifier': Not used on non-Darwin systems
[1.751s] INFO:colcon.colcon_core.plugin_system:Skipping extension 'colcon_notification.desktop_notification.win32': Not used on non-Windows systems
[1.751s] INFO:colcon.colcon_notification.desktop_notification:Sending desktop notification using 'notify2'
[1.764s] DEBUG:colcon.colcon_core.event_reactor:joined thread
[1.764s] INFO:colcon.colcon_core.shell:Creating prefix script '/home/yt6/ros2_py_ws/src/install/local_setup.ps1'
[1.765s] INFO:colcon.colcon_core.shell:Creating prefix util module '/home/yt6/ros2_py_ws/src/install/_local_setup_util_ps1.py'
[1.768s] INFO:colcon.colcon_core.shell:Creating prefix chain script '/home/yt6/ros2_py_ws/src/install/setup.ps1'
[1.770s] INFO:colcon.colcon_core.shell:Creating prefix script '/home/yt6/ros2_py_ws/src/install/local_setup.sh'
[1.770s] INFO:colcon.colcon_core.shell:Creating prefix util module '/home/yt6/ros2_py_ws/src/install/_local_setup_util_sh.py'
[1.771s] INFO:colcon.colcon_core.shell:Creating prefix chain script '/home/yt6/ros2_py_ws/src/install/setup.sh'
[1.773s] INFO:colcon.colcon_core.shell:Creating prefix script '/home/yt6/ros2_py_ws/src/install/local_setup.bash'
[1.774s] INFO:colcon.colcon_core.shell:Creating prefix chain script '/home/yt6/ros2_py_ws/src/install/setup.bash'
[1.776s] INFO:colcon.colcon_core.shell:Creating prefix script '/home/yt6/ros2_py_ws/src/install/local_setup.zsh'
[1.776s] INFO:colcon.colcon_core.shell:Creating prefix chain script '/home/yt6/ros2_py_ws/src/install/setup.zsh'
