[0.030s] Invoking command in '/home/yt6/ros2_py_ws/build/dynamixel_sdk': CMAKE_PREFIX_PATH=${CMAKE_PREFIX_PATH}:/home/yt6/ros2_py_ws/install/my_vision_pkg:/home/yt6/ros2_py_ws/install/my_py_pkg:/home/yt6/ros2_py_ws/install/dynamixel_publisher:/home/yt6/ros2_py_ws/install/dynamixel_control:/opt/ros/humble /usr/bin/cmake --build /home/yt6/ros2_py_ws/build/dynamixel_sdk -- -j16 -l16
[0.417s] [ 10%] [32mBuilding CXX object CMakeFiles/dynamixel_sdk.dir/src/dynamixel_sdk/packet_handler.cpp.o[0m
[0.417s] [ 20%] [32mBuilding CXX object CMakeFiles/dynamixel_sdk.dir/src/dynamixel_sdk/protocol1_packet_handler.cpp.o[0m
[0.417s] [ 30%] [32mBuilding CXX object CMakeFiles/dynamixel_sdk.dir/src/dynamixel_sdk/protocol2_packet_handler.cpp.o[0m
[0.417s] [ 40%] [32mBuilding CXX object CMakeFiles/dynamixel_sdk.dir/src/dynamixel_sdk/group_sync_write.cpp.o[0m
[0.417s] [ 50%] [32mBuilding CXX object CMakeFiles/dynamixel_sdk.dir/src/dynamixel_sdk/group_bulk_read.cpp.o[0m
[0.418s] [ 60%] [32mBuilding CXX object CMakeFiles/dynamixel_sdk.dir/src/dynamixel_sdk/group_sync_read.cpp.o[0m
[0.418s] [ 70%] [32mBuilding CXX object CMakeFiles/dynamixel_sdk.dir/src/dynamixel_sdk/group_bulk_write.cpp.o[0m
[0.418s] [ 80%] [32mBuilding CXX object CMakeFiles/dynamixel_sdk.dir/src/dynamixel_sdk/port_handler.cpp.o[0m
[0.418s] [ 90%] [32mBuilding CXX object CMakeFiles/dynamixel_sdk.dir/src/dynamixel_sdk/port_handler_linux.cpp.o[0m
[0.866s] [100%] [32m[1mLinking CXX shared library libdynamixel_sdk.so[0m
[0.930s] [100%] Built target dynamixel_sdk
[0.936s] Invoked command in '/home/yt6/ros2_py_ws/build/dynamixel_sdk' returned '0': CMAKE_PREFIX_PATH=${CMAKE_PREFIX_PATH}:/home/yt6/ros2_py_ws/install/my_vision_pkg:/home/yt6/ros2_py_ws/install/my_py_pkg:/home/yt6/ros2_py_ws/install/dynamixel_publisher:/home/yt6/ros2_py_ws/install/dynamixel_control:/opt/ros/humble /usr/bin/cmake --build /home/yt6/ros2_py_ws/build/dynamixel_sdk -- -j16 -l16
[0.945s] Invoking command in '/home/yt6/ros2_py_ws/build/dynamixel_sdk': CMAKE_PREFIX_PATH=${CMAKE_PREFIX_PATH}:/home/yt6/ros2_py_ws/install/my_vision_pkg:/home/yt6/ros2_py_ws/install/my_py_pkg:/home/yt6/ros2_py_ws/install/dynamixel_publisher:/home/yt6/ros2_py_ws/install/dynamixel_control:/opt/ros/humble /usr/bin/cmake --install /home/yt6/ros2_py_ws/build/dynamixel_sdk
[0.948s] -- Install configuration: ""
[0.949s] -- Execute custom install script
[0.949s] -- Up-to-date symlink: /home/yt6/ros2_py_ws/install/dynamixel_sdk/include//dynamixel_sdk/dynamixel_sdk.h
[0.949s] -- Up-to-date symlink: /home/yt6/ros2_py_ws/install/dynamixel_sdk/include//dynamixel_sdk/group_bulk_read.h
[0.949s] -- Up-to-date symlink: /home/yt6/ros2_py_ws/install/dynamixel_sdk/include//dynamixel_sdk/group_bulk_write.h
[0.949s] -- Up-to-date symlink: /home/yt6/ros2_py_ws/install/dynamixel_sdk/include//dynamixel_sdk/group_sync_read.h
[0.949s] -- Up-to-date symlink: /home/yt6/ros2_py_ws/install/dynamixel_sdk/include//dynamixel_sdk/group_sync_write.h
[0.949s] -- Up-to-date symlink: /home/yt6/ros2_py_ws/install/dynamixel_sdk/include//dynamixel_sdk/packet_handler.h
[0.949s] -- Up-to-date symlink: /home/yt6/ros2_py_ws/install/dynamixel_sdk/include//dynamixel_sdk/port_handler.h
[0.950s] -- Up-to-date symlink: /home/yt6/ros2_py_ws/install/dynamixel_sdk/include//dynamixel_sdk/port_handler_arduino.h
[0.950s] -- Up-to-date symlink: /home/yt6/ros2_py_ws/install/dynamixel_sdk/include//dynamixel_sdk/port_handler_linux.h
[0.950s] -- Up-to-date symlink: /home/yt6/ros2_py_ws/install/dynamixel_sdk/include//dynamixel_sdk/port_handler_mac.h
[0.950s] -- Up-to-date symlink: /home/yt6/ros2_py_ws/install/dynamixel_sdk/include//dynamixel_sdk/port_handler_windows.h
[0.950s] -- Up-to-date symlink: /home/yt6/ros2_py_ws/install/dynamixel_sdk/include//dynamixel_sdk/protocol1_packet_handler.h
[0.950s] -- Up-to-date symlink: /home/yt6/ros2_py_ws/install/dynamixel_sdk/include//dynamixel_sdk/protocol2_packet_handler.h
[0.950s] -- Up-to-date symlink: /home/yt6/ros2_py_ws/install/dynamixel_sdk/lib/libdynamixel_sdk.so
[0.950s] -- Up-to-date symlink: /home/yt6/ros2_py_ws/install/dynamixel_sdk/share/dynamixel_sdk/environment/library_path.sh
[0.950s] -- Up-to-date symlink: /home/yt6/ros2_py_ws/install/dynamixel_sdk/share/dynamixel_sdk/environment/library_path.dsv
[0.951s] -- Up-to-date symlink: /home/yt6/ros2_py_ws/install/dynamixel_sdk/share/ament_index/resource_index/package_run_dependencies/dynamixel_sdk
[0.951s] -- Up-to-date symlink: /home/yt6/ros2_py_ws/install/dynamixel_sdk/share/ament_index/resource_index/parent_prefix_path/dynamixel_sdk
[0.951s] -- Up-to-date symlink: /home/yt6/ros2_py_ws/install/dynamixel_sdk/share/dynamixel_sdk/environment/ament_prefix_path.sh
[0.951s] -- Up-to-date symlink: /home/yt6/ros2_py_ws/install/dynamixel_sdk/share/dynamixel_sdk/environment/ament_prefix_path.dsv
[0.951s] -- Up-to-date symlink: /home/yt6/ros2_py_ws/install/dynamixel_sdk/share/dynamixel_sdk/environment/path.sh
[0.951s] -- Up-to-date symlink: /home/yt6/ros2_py_ws/install/dynamixel_sdk/share/dynamixel_sdk/environment/path.dsv
[0.951s] -- Up-to-date symlink: /home/yt6/ros2_py_ws/install/dynamixel_sdk/share/dynamixel_sdk/local_setup.bash
[0.951s] -- Up-to-date symlink: /home/yt6/ros2_py_ws/install/dynamixel_sdk/share/dynamixel_sdk/local_setup.sh
[0.951s] -- Up-to-date symlink: /home/yt6/ros2_py_ws/install/dynamixel_sdk/share/dynamixel_sdk/local_setup.zsh
[0.951s] -- Up-to-date symlink: /home/yt6/ros2_py_ws/install/dynamixel_sdk/share/dynamixel_sdk/local_setup.dsv
[0.951s] -- Symlinking: /home/yt6/ros2_py_ws/install/dynamixel_sdk/share/dynamixel_sdk/package.dsv
[0.956s] -- Up-to-date symlink: /home/yt6/ros2_py_ws/install/dynamixel_sdk/share/ament_index/resource_index/packages/dynamixel_sdk
[0.956s] -- Up-to-date symlink: /home/yt6/ros2_py_ws/install/dynamixel_sdk/share/dynamixel_sdk/cmake/ament_cmake_export_include_directories-extras.cmake
[0.956s] -- Up-to-date symlink: /home/yt6/ros2_py_ws/install/dynamixel_sdk/share/dynamixel_sdk/cmake/ament_cmake_export_libraries-extras.cmake
[0.956s] -- Up-to-date symlink: /home/yt6/ros2_py_ws/install/dynamixel_sdk/share/dynamixel_sdk/cmake/dynamixel_sdkConfig.cmake
[0.956s] -- Up-to-date symlink: /home/yt6/ros2_py_ws/install/dynamixel_sdk/share/dynamixel_sdk/cmake/dynamixel_sdkConfig-version.cmake
[0.956s] -- Up-to-date symlink: /home/yt6/ros2_py_ws/install/dynamixel_sdk/share/dynamixel_sdk/package.xml
[0.958s] Invoked command in '/home/yt6/ros2_py_ws/build/dynamixel_sdk' returned '0': CMAKE_PREFIX_PATH=${CMAKE_PREFIX_PATH}:/home/yt6/ros2_py_ws/install/my_vision_pkg:/home/yt6/ros2_py_ws/install/my_py_pkg:/home/yt6/ros2_py_ws/install/dynamixel_publisher:/home/yt6/ros2_py_ws/install/dynamixel_control:/opt/ros/humble /usr/bin/cmake --install /home/yt6/ros2_py_ws/build/dynamixel_sdk
