[0.510s] Invoking command in '/home/yt6/ros2_py_ws/src/my_py_pkg': PYTHONPATH=/home/yt6/ros2_py_ws/build/my_py_pkg/prefix_override:/usr/lib/python3/dist-packages/colcon_core/task/python/colcon_distutils_commands:/home/yt6/ros2_py_ws/install/my_py_pkg/lib/python3.8/site-packages:${PYTHONPATH} /usr/bin/python3 -W ignore:setup.py install is deprecated -W ignore:easy_install command is deprecated setup.py egg_info --egg-base ../../build/my_py_pkg build --build-base /home/yt6/ros2_py_ws/build/my_py_pkg/build install --record /home/yt6/ros2_py_ws/build/my_py_pkg/install.log --single-version-externally-managed install_data
[0.692s] running egg_info
[0.693s] writing ../../build/my_py_pkg/my_py_pkg.egg-info/PKG-INFO
[0.693s] writing dependency_links to ../../build/my_py_pkg/my_py_pkg.egg-info/dependency_links.txt
[0.693s] writing entry points to ../../build/my_py_pkg/my_py_pkg.egg-info/entry_points.txt
[0.693s] writing requirements to ../../build/my_py_pkg/my_py_pkg.egg-info/requires.txt
[0.693s] writing top-level names to ../../build/my_py_pkg/my_py_pkg.egg-info/top_level.txt
[0.715s] reading manifest file '../../build/my_py_pkg/my_py_pkg.egg-info/SOURCES.txt'
[0.715s] writing manifest file '../../build/my_py_pkg/my_py_pkg.egg-info/SOURCES.txt'
[0.716s] running build
[0.716s] running build_py
[0.716s] copying my_py_pkg/nodes/listener.py -> /home/yt6/ros2_py_ws/build/my_py_pkg/build/lib/my_py_pkg/nodes
[0.716s] running install
[0.716s] running install_lib
[0.717s] copying /home/yt6/ros2_py_ws/build/my_py_pkg/build/lib/my_py_pkg/nodes/listener.py -> /home/yt6/ros2_py_ws/install/my_py_pkg/lib/python3.8/site-packages/my_py_pkg/nodes
[0.717s] byte-compiling /home/yt6/ros2_py_ws/install/my_py_pkg/lib/python3.8/site-packages/my_py_pkg/nodes/listener.py to listener.cpython-38.pyc
[0.718s] running install_data
[0.718s] running install_egg_info
[0.719s] removing '/home/yt6/ros2_py_ws/install/my_py_pkg/lib/python3.8/site-packages/my_py_pkg-0.0.0-py3.8.egg-info' (and everything under it)
[0.720s] Copying ../../build/my_py_pkg/my_py_pkg.egg-info to /home/yt6/ros2_py_ws/install/my_py_pkg/lib/python3.8/site-packages/my_py_pkg-0.0.0-py3.8.egg-info
[0.720s] running install_scripts
[0.732s] Installing listener script to /home/yt6/ros2_py_ws/install/my_py_pkg/lib/my_py_pkg
[0.732s] Installing talker script to /home/yt6/ros2_py_ws/install/my_py_pkg/lib/my_py_pkg
[0.732s] writing list of installed files to '/home/yt6/ros2_py_ws/build/my_py_pkg/install.log'
[0.751s] Invoked command in '/home/yt6/ros2_py_ws/src/my_py_pkg' returned '0': PYTHONPATH=/home/yt6/ros2_py_ws/build/my_py_pkg/prefix_override:/usr/lib/python3/dist-packages/colcon_core/task/python/colcon_distutils_commands:/home/yt6/ros2_py_ws/install/my_py_pkg/lib/python3.8/site-packages:${PYTHONPATH} /usr/bin/python3 -W ignore:setup.py install is deprecated -W ignore:easy_install command is deprecated setup.py egg_info --egg-base ../../build/my_py_pkg build --build-base /home/yt6/ros2_py_ws/build/my_py_pkg/build install --record /home/yt6/ros2_py_ws/build/my_py_pkg/install.log --single-version-externally-managed install_data
