[0.553s] Invoking command in '/home/yt6/ros2_py_ws/src/my_vision_pkg': PYTHONPATH=/home/yt6/ros2_py_ws/build/my_vision_pkg/prefix_override:/usr/lib/python3/dist-packages/colcon_core/task/python/colcon_distutils_commands:/home/yt6/ros2_py_ws/install/my_vision_pkg/lib/python3.8/site-packages:${PYTHONPATH} /usr/bin/python3 -W ignore:setup.py install is deprecated -W ignore:easy_install command is deprecated setup.py egg_info --egg-base ../../build/my_vision_pkg build --build-base /home/yt6/ros2_py_ws/build/my_vision_pkg/build install --record /home/yt6/ros2_py_ws/build/my_vision_pkg/install.log --single-version-externally-managed install_data
[0.746s] running egg_info
[0.746s] creating ../../build/my_vision_pkg/my_vision_pkg.egg-info
[0.746s] writing ../../build/my_vision_pkg/my_vision_pkg.egg-info/PKG-INFO
[0.747s] writing dependency_links to ../../build/my_vision_pkg/my_vision_pkg.egg-info/dependency_links.txt
[0.747s] writing entry points to ../../build/my_vision_pkg/my_vision_pkg.egg-info/entry_points.txt
[0.747s] writing requirements to ../../build/my_vision_pkg/my_vision_pkg.egg-info/requires.txt
[0.747s] writing top-level names to ../../build/my_vision_pkg/my_vision_pkg.egg-info/top_level.txt
[0.747s] writing manifest file '../../build/my_vision_pkg/my_vision_pkg.egg-info/SOURCES.txt'
[0.770s] reading manifest file '../../build/my_vision_pkg/my_vision_pkg.egg-info/SOURCES.txt'
[0.770s] writing manifest file '../../build/my_vision_pkg/my_vision_pkg.egg-info/SOURCES.txt'
[0.771s] running build
[0.771s] running build_py
[0.771s] creating /home/yt6/ros2_py_ws/build/my_vision_pkg/build
[0.771s] creating /home/yt6/ros2_py_ws/build/my_vision_pkg/build/lib
[0.771s] creating /home/yt6/ros2_py_ws/build/my_vision_pkg/build/lib/my_vision_pkg
[0.771s] copying my_vision_pkg/__init__.py -> /home/yt6/ros2_py_ws/build/my_vision_pkg/build/lib/my_vision_pkg
[0.771s] copying my_vision_pkg/circle_detector.py -> /home/yt6/ros2_py_ws/build/my_vision_pkg/build/lib/my_vision_pkg
[0.771s] running install
[0.772s] running install_lib
[0.772s] creating /home/yt6/ros2_py_ws/install/my_vision_pkg/lib/python3.8/site-packages/my_vision_pkg
[0.772s] copying /home/yt6/ros2_py_ws/build/my_vision_pkg/build/lib/my_vision_pkg/__init__.py -> /home/yt6/ros2_py_ws/install/my_vision_pkg/lib/python3.8/site-packages/my_vision_pkg
[0.772s] copying /home/yt6/ros2_py_ws/build/my_vision_pkg/build/lib/my_vision_pkg/circle_detector.py -> /home/yt6/ros2_py_ws/install/my_vision_pkg/lib/python3.8/site-packages/my_vision_pkg
[0.773s] byte-compiling /home/yt6/ros2_py_ws/install/my_vision_pkg/lib/python3.8/site-packages/my_vision_pkg/__init__.py to __init__.cpython-38.pyc
[0.773s] byte-compiling /home/yt6/ros2_py_ws/install/my_vision_pkg/lib/python3.8/site-packages/my_vision_pkg/circle_detector.py to circle_detector.cpython-38.pyc
[0.774s] running install_data
[0.774s] creating /home/yt6/ros2_py_ws/install/my_vision_pkg/share
[0.774s] creating /home/yt6/ros2_py_ws/install/my_vision_pkg/share/ament_index
[0.774s] creating /home/yt6/ros2_py_ws/install/my_vision_pkg/share/ament_index/resource_index
[0.774s] creating /home/yt6/ros2_py_ws/install/my_vision_pkg/share/ament_index/resource_index/packages
[0.774s] copying resource/my_vision_pkg -> /home/yt6/ros2_py_ws/install/my_vision_pkg/share/ament_index/resource_index/packages
[0.774s] creating /home/yt6/ros2_py_ws/install/my_vision_pkg/share/my_vision_pkg
[0.774s] copying package.xml -> /home/yt6/ros2_py_ws/install/my_vision_pkg/share/my_vision_pkg
[0.775s] running install_egg_info
[0.775s] Copying ../../build/my_vision_pkg/my_vision_pkg.egg-info to /home/yt6/ros2_py_ws/install/my_vision_pkg/lib/python3.8/site-packages/my_vision_pkg-0.0.0-py3.8.egg-info
[0.776s] running install_scripts
[0.787s] Installing circle_detector script to /home/yt6/ros2_py_ws/install/my_vision_pkg/lib/my_vision_pkg
[0.788s] writing list of installed files to '/home/yt6/ros2_py_ws/build/my_vision_pkg/install.log'
[0.804s] Invoked command in '/home/yt6/ros2_py_ws/src/my_vision_pkg' returned '0': PYTHONPATH=/home/yt6/ros2_py_ws/build/my_vision_pkg/prefix_override:/usr/lib/python3/dist-packages/colcon_core/task/python/colcon_distutils_commands:/home/yt6/ros2_py_ws/install/my_vision_pkg/lib/python3.8/site-packages:${PYTHONPATH} /usr/bin/python3 -W ignore:setup.py install is deprecated -W ignore:easy_install command is deprecated setup.py egg_info --egg-base ../../build/my_vision_pkg build --build-base /home/yt6/ros2_py_ws/build/my_vision_pkg/build install --record /home/yt6/ros2_py_ws/build/my_vision_pkg/install.log --single-version-externally-managed install_data
