[0.052s] Invoking command in '/home/yt6/ros2_py_ws/build/dynamixel_sdk': CMAKE_PREFIX_PATH=/home/yt6/ros2_py_ws/src/my_vision_pkg/install/my_vision_pkg:/opt/ros/humble /usr/bin/cmake /home/yt6/ros2_py_ws/src/DynamixelSDK/dynamixel_sdk -DCMAKE_INSTALL_PREFIX=/home/yt6/ros2_py_ws/install/dynamixel_sdk
[0.271s] -- Found ament_cmake: 1.3.9 (/opt/ros/humble/share/ament_cmake/cmake)
[0.272s] [0mCMake Deprecation Warning at CMakeLists.txt:4 (cmake_minimum_required):
[0.272s]   Compatibility with CMake < 3.10 will be removed from a future version of
[0.274s]   CMake.
[0.274s] 
[0.274s]   Update the VERSION argument <min> value.  Or, use the <min>...<max> syntax
[0.275s]   to tell CMake that the project requires at least <min> but has been updated
[0.275s]   to work with policies introduced by <max> or earlier.
[0.275s] 
[0.275s] [0m
[0.283s] -- Override CMake install command with custom implementation using symlinks instead of copying resources
[0.345s] -- Configuring done (0.3s)
[0.350s] -- Generating done (0.0s)
[0.351s] -- Build files have been written to: /home/yt6/ros2_py_ws/build/dynamixel_sdk
[0.487s] Invoked command in '/home/yt6/ros2_py_ws/build/dynamixel_sdk' returned '0': CMAKE_PREFIX_PATH=/home/yt6/ros2_py_ws/src/my_vision_pkg/install/my_vision_pkg:/opt/ros/humble /usr/bin/cmake /home/yt6/ros2_py_ws/src/DynamixelSDK/dynamixel_sdk -DCMAKE_INSTALL_PREFIX=/home/yt6/ros2_py_ws/install/dynamixel_sdk
[0.491s] Invoking command in '/home/yt6/ros2_py_ws/build/dynamixel_sdk': CMAKE_PREFIX_PATH=/home/yt6/ros2_py_ws/src/my_vision_pkg/install/my_vision_pkg:/opt/ros/humble /usr/bin/cmake --build /home/yt6/ros2_py_ws/build/dynamixel_sdk -- -j16 -l16
[0.522s] [100%] Built target dynamixel_sdk
[0.529s] Invoked command in '/home/yt6/ros2_py_ws/build/dynamixel_sdk' returned '0': CMAKE_PREFIX_PATH=/home/yt6/ros2_py_ws/src/my_vision_pkg/install/my_vision_pkg:/opt/ros/humble /usr/bin/cmake --build /home/yt6/ros2_py_ws/build/dynamixel_sdk -- -j16 -l16
[0.538s] Invoking command in '/home/yt6/ros2_py_ws/build/dynamixel_sdk': CMAKE_PREFIX_PATH=/home/yt6/ros2_py_ws/src/my_vision_pkg/install/my_vision_pkg:/opt/ros/humble /usr/bin/cmake --install /home/yt6/ros2_py_ws/build/dynamixel_sdk
[0.543s] -- Install configuration: ""
[0.543s] -- Execute custom install script
[0.543s] -- Up-to-date symlink: /home/yt6/ros2_py_ws/install/dynamixel_sdk/include//dynamixel_sdk/dynamixel_sdk.h
[0.543s] -- Up-to-date symlink: /home/yt6/ros2_py_ws/install/dynamixel_sdk/include//dynamixel_sdk/group_bulk_read.h
[0.543s] -- Up-to-date symlink: /home/yt6/ros2_py_ws/install/dynamixel_sdk/include//dynamixel_sdk/group_bulk_write.h
[0.544s] -- Up-to-date symlink: /home/yt6/ros2_py_ws/install/dynamixel_sdk/include//dynamixel_sdk/group_sync_read.h
[0.544s] -- Up-to-date symlink: /home/yt6/ros2_py_ws/install/dynamixel_sdk/include//dynamixel_sdk/group_sync_write.h
[0.544s] -- Up-to-date symlink: /home/yt6/ros2_py_ws/install/dynamixel_sdk/include//dynamixel_sdk/packet_handler.h
[0.544s] -- Up-to-date symlink: /home/yt6/ros2_py_ws/install/dynamixel_sdk/include//dynamixel_sdk/port_handler.h
[0.544s] -- Up-to-date symlink: /home/yt6/ros2_py_ws/install/dynamixel_sdk/include//dynamixel_sdk/port_handler_arduino.h
[0.544s] -- Up-to-date symlink: /home/yt6/ros2_py_ws/install/dynamixel_sdk/include//dynamixel_sdk/port_handler_linux.h
[0.544s] -- Up-to-date symlink: /home/yt6/ros2_py_ws/install/dynamixel_sdk/include//dynamixel_sdk/port_handler_mac.h
[0.544s] -- Up-to-date symlink: /home/yt6/ros2_py_ws/install/dynamixel_sdk/include//dynamixel_sdk/port_handler_windows.h
[0.544s] -- Up-to-date symlink: /home/yt6/ros2_py_ws/install/dynamixel_sdk/include//dynamixel_sdk/protocol1_packet_handler.h
[0.544s] -- Up-to-date symlink: /home/yt6/ros2_py_ws/install/dynamixel_sdk/include//dynamixel_sdk/protocol2_packet_handler.h
[0.545s] -- Up-to-date symlink: /home/yt6/ros2_py_ws/install/dynamixel_sdk/lib/libdynamixel_sdk.so
[0.545s] -- Up-to-date symlink: /home/yt6/ros2_py_ws/install/dynamixel_sdk/share/dynamixel_sdk/environment/library_path.sh
[0.545s] -- Up-to-date symlink: /home/yt6/ros2_py_ws/install/dynamixel_sdk/share/dynamixel_sdk/environment/library_path.dsv
[0.545s] -- Up-to-date symlink: /home/yt6/ros2_py_ws/install/dynamixel_sdk/share/ament_index/resource_index/package_run_dependencies/dynamixel_sdk
[0.545s] -- Up-to-date symlink: /home/yt6/ros2_py_ws/install/dynamixel_sdk/share/ament_index/resource_index/parent_prefix_path/dynamixel_sdk
[0.545s] -- Up-to-date symlink: /home/yt6/ros2_py_ws/install/dynamixel_sdk/share/dynamixel_sdk/environment/ament_prefix_path.sh
[0.545s] -- Up-to-date symlink: /home/yt6/ros2_py_ws/install/dynamixel_sdk/share/dynamixel_sdk/environment/ament_prefix_path.dsv
[0.546s] -- Up-to-date symlink: /home/yt6/ros2_py_ws/install/dynamixel_sdk/share/dynamixel_sdk/environment/path.sh
[0.546s] -- Up-to-date symlink: /home/yt6/ros2_py_ws/install/dynamixel_sdk/share/dynamixel_sdk/environment/path.dsv
[0.546s] -- Up-to-date symlink: /home/yt6/ros2_py_ws/install/dynamixel_sdk/share/dynamixel_sdk/local_setup.bash
[0.546s] -- Up-to-date symlink: /home/yt6/ros2_py_ws/install/dynamixel_sdk/share/dynamixel_sdk/local_setup.sh
[0.546s] -- Up-to-date symlink: /home/yt6/ros2_py_ws/install/dynamixel_sdk/share/dynamixel_sdk/local_setup.zsh
[0.546s] -- Up-to-date symlink: /home/yt6/ros2_py_ws/install/dynamixel_sdk/share/dynamixel_sdk/local_setup.dsv
[0.546s] -- Symlinking: /home/yt6/ros2_py_ws/install/dynamixel_sdk/share/dynamixel_sdk/package.dsv
[0.550s] -- Up-to-date symlink: /home/yt6/ros2_py_ws/install/dynamixel_sdk/share/ament_index/resource_index/packages/dynamixel_sdk
[0.550s] -- Up-to-date symlink: /home/yt6/ros2_py_ws/install/dynamixel_sdk/share/dynamixel_sdk/cmake/ament_cmake_export_include_directories-extras.cmake
[0.550s] -- Up-to-date symlink: /home/yt6/ros2_py_ws/install/dynamixel_sdk/share/dynamixel_sdk/cmake/ament_cmake_export_libraries-extras.cmake
[0.551s] -- Up-to-date symlink: /home/yt6/ros2_py_ws/install/dynamixel_sdk/share/dynamixel_sdk/cmake/dynamixel_sdkConfig.cmake
[0.551s] -- Up-to-date symlink: /home/yt6/ros2_py_ws/install/dynamixel_sdk/share/dynamixel_sdk/cmake/dynamixel_sdkConfig-version.cmake
[0.551s] -- Up-to-date symlink: /home/yt6/ros2_py_ws/install/dynamixel_sdk/share/dynamixel_sdk/package.xml
[0.552s] Invoked command in '/home/yt6/ros2_py_ws/build/dynamixel_sdk' returned '0': CMAKE_PREFIX_PATH=/home/yt6/ros2_py_ws/src/my_vision_pkg/install/my_vision_pkg:/opt/ros/humble /usr/bin/cmake --install /home/yt6/ros2_py_ws/build/dynamixel_sdk
