[0.762s] Invoking command in '/home/tabatakenta/kikuchi_jikken/my_ros2/src/dynamixel_control': PYTHONPATH=/home/tabatakenta/kikuchi_jikken/my_ros2/build/dynamixel_control/prefix_override:/usr/lib/python3/dist-packages/colcon_core/task/python/colcon_distutils_commands:/home/tabatakenta/kikuchi_jikken/my_ros2/install/dynamixel_control/lib/python3.10/site-packages:${PYTHONPATH} /usr/bin/python3 -W ignore:setup.py install is deprecated -W ignore:easy_install command is deprecated setup.py egg_info --egg-base ../../build/dynamixel_control build --build-base /home/tabatakenta/kikuchi_jikken/my_ros2/build/dynamixel_control/build install --record /home/tabatakenta/kikuchi_jikken/my_ros2/build/dynamixel_control/install.log --single-version-externally-managed install_data
[0.885s] running egg_info
[0.885s] writing ../../build/dynamixel_control/dynamixel_control.egg-info/PKG-INFO
[0.885s] writing dependency_links to ../../build/dynamixel_control/dynamixel_control.egg-info/dependency_links.txt
[0.885s] writing entry points to ../../build/dynamixel_control/dynamixel_control.egg-info/entry_points.txt
[0.885s] writing requirements to ../../build/dynamixel_control/dynamixel_control.egg-info/requires.txt
[0.885s] writing top-level names to ../../build/dynamixel_control/dynamixel_control.egg-info/top_level.txt
[0.886s] reading manifest file '../../build/dynamixel_control/dynamixel_control.egg-info/SOURCES.txt'
[0.886s] writing manifest file '../../build/dynamixel_control/dynamixel_control.egg-info/SOURCES.txt'
[0.886s] running build
[0.886s] running build_py
[0.887s] running install
[0.887s] running install_lib
[0.887s] running install_data
[0.887s] running install_egg_info
[0.888s] removing '/home/tabatakenta/kikuchi_jikken/my_ros2/install/dynamixel_control/lib/python3.10/site-packages/dynamixel_control-0.0.0-py3.10.egg-info' (and everything under it)
[0.889s] Copying ../../build/dynamixel_control/dynamixel_control.egg-info to /home/tabatakenta/kikuchi_jikken/my_ros2/install/dynamixel_control/lib/python3.10/site-packages/dynamixel_control-0.0.0-py3.10.egg-info
[0.889s] running install_scripts
[0.900s] Installing dynamixel_controller script to /home/tabatakenta/kikuchi_jikken/my_ros2/install/dynamixel_control/lib/dynamixel_control
[0.900s] Installing dynamixel_current_controller script to /home/tabatakenta/kikuchi_jikken/my_ros2/install/dynamixel_control/lib/dynamixel_control
[0.900s] Installing keyboard_current_publisher script to /home/tabatakenta/kikuchi_jikken/my_ros2/install/dynamixel_control/lib/dynamixel_control
[0.901s] writing list of installed files to '/home/tabatakenta/kikuchi_jikken/my_ros2/build/dynamixel_control/install.log'
[0.919s] Invoked command in '/home/tabatakenta/kikuchi_jikken/my_ros2/src/dynamixel_control' returned '0': PYTHONPATH=/home/tabatakenta/kikuchi_jikken/my_ros2/build/dynamixel_control/prefix_override:/usr/lib/python3/dist-packages/colcon_core/task/python/colcon_distutils_commands:/home/tabatakenta/kikuchi_jikken/my_ros2/install/dynamixel_control/lib/python3.10/site-packages:${PYTHONPATH} /usr/bin/python3 -W ignore:setup.py install is deprecated -W ignore:easy_install command is deprecated setup.py egg_info --egg-base ../../build/dynamixel_control build --build-base /home/tabatakenta/kikuchi_jikken/my_ros2/build/dynamixel_control/build install --record /home/tabatakenta/kikuchi_jikken/my_ros2/build/dynamixel_control/install.log --single-version-externally-managed install_data
