running egg_info
writing ../../build/dynamixel_control/dynamixel_control.egg-info/PKG-INFO
writing dependency_links to ../../build/dynamixel_control/dynamixel_control.egg-info/dependency_links.txt
writing entry points to ../../build/dynamixel_control/dynamixel_control.egg-info/entry_points.txt
writing requirements to ../../build/dynamixel_control/dynamixel_control.egg-info/requires.txt
writing top-level names to ../../build/dynamixel_control/dynamixel_control.egg-info/top_level.txt
reading manifest file '../../build/dynamixel_control/dynamixel_control.egg-info/SOURCES.txt'
writing manifest file '../../build/dynamixel_control/dynamixel_control.egg-info/SOURCES.txt'
running build
running build_py
copying dynamixel_control/dynamixel_controller.py -> /home/yt6/ros2_py_ws/build/dynamixel_control/build/lib/dynamixel_control
running install
running install_lib
copying /home/yt6/ros2_py_ws/build/dynamixel_control/build/lib/dynamixel_control/dynamixel_controller.py -> /home/yt6/ros2_py_ws/install/dynamixel_control/lib/python3.8/site-packages/dynamixel_control
byte-compiling /home/yt6/ros2_py_ws/install/dynamixel_control/lib/python3.8/site-packages/dynamixel_control/dynamixel_controller.py to dynamixel_controller.cpython-38.pyc
running install_data
running install_egg_info
removing '/home/yt6/ros2_py_ws/install/dynamixel_control/lib/python3.8/site-packages/dynamixel_control-0.0.0-py3.8.egg-info' (and everything under it)
Copying ../../build/dynamixel_control/dynamixel_control.egg-info to /home/yt6/ros2_py_ws/install/dynamixel_control/lib/python3.8/site-packages/dynamixel_control-0.0.0-py3.8.egg-info
running install_scripts
Installing dynamixel_controller script to /home/yt6/ros2_py_ws/install/dynamixel_control/lib/dynamixel_control
writing list of installed files to '/home/yt6/ros2_py_ws/build/dynamixel_control/install.log'
