/home/tabatakenta/kikuchi_jikken/my_ros2/install/my_py_pkg/lib/python3.10/site-packages/my_py_pkg/__init__.py
/home/tabatakenta/kikuchi_jikken/my_ros2/install/my_py_pkg/lib/python3.10/site-packages/my_py_pkg/publisher_node.py
/home/tabatakenta/kikuchi_jikken/my_ros2/install/my_py_pkg/lib/python3.10/site-packages/my_py_pkg/subscriber_node.py
/home/tabatakenta/kikuchi_jikken/my_ros2/install/my_py_pkg/lib/python3.10/site-packages/my_py_pkg/xarm_keyboard_control.py
/home/tabatakenta/kikuchi_jikken/my_ros2/install/my_py_pkg/lib/python3.10/site-packages/my_py_pkg/nodes/__init__.py
/home/tabatakenta/kikuchi_jikken/my_ros2/install/my_py_pkg/lib/python3.10/site-packages/my_py_pkg/nodes/talker.py
/home/tabatakenta/kikuchi_jikken/my_ros2/install/my_py_pkg/lib/python3.10/site-packages/my_py_pkg/nodes/listener.py
/home/tabatakenta/kikuchi_jikken/my_ros2/install/my_py_pkg/lib/python3.10/site-packages/my_py_pkg/__pycache__/__init__.cpython-310.pyc
/home/tabatakenta/kikuchi_jikken/my_ros2/install/my_py_pkg/lib/python3.10/site-packages/my_py_pkg/__pycache__/publisher_node.cpython-310.pyc
/home/tabatakenta/kikuchi_jikken/my_ros2/install/my_py_pkg/lib/python3.10/site-packages/my_py_pkg/__pycache__/subscriber_node.cpython-310.pyc
/home/tabatakenta/kikuchi_jikken/my_ros2/install/my_py_pkg/lib/python3.10/site-packages/my_py_pkg/__pycache__/xarm_keyboard_control.cpython-310.pyc
/home/tabatakenta/kikuchi_jikken/my_ros2/install/my_py_pkg/lib/python3.10/site-packages/my_py_pkg/nodes/__pycache__/__init__.cpython-310.pyc
/home/tabatakenta/kikuchi_jikken/my_ros2/install/my_py_pkg/lib/python3.10/site-packages/my_py_pkg/nodes/__pycache__/talker.cpython-310.pyc
/home/tabatakenta/kikuchi_jikken/my_ros2/install/my_py_pkg/lib/python3.10/site-packages/my_py_pkg/nodes/__pycache__/listener.cpython-310.pyc
/home/tabatakenta/kikuchi_jikken/my_ros2/install/my_py_pkg/share/ament_index/resource_index/packages/my_py_pkg
/home/tabatakenta/kikuchi_jikken/my_ros2/install/my_py_pkg/share/my_py_pkg/package.xml
/home/tabatakenta/kikuchi_jikken/my_ros2/install/my_py_pkg/lib/python3.10/site-packages/my_py_pkg-0.0.0-py3.10.egg-info/PKG-INFO
/home/tabatakenta/kikuchi_jikken/my_ros2/install/my_py_pkg/lib/python3.10/site-packages/my_py_pkg-0.0.0-py3.10.egg-info/zip-safe
/home/tabatakenta/kikuchi_jikken/my_ros2/install/my_py_pkg/lib/python3.10/site-packages/my_py_pkg-0.0.0-py3.10.egg-info/requires.txt
/home/tabatakenta/kikuchi_jikken/my_ros2/install/my_py_pkg/lib/python3.10/site-packages/my_py_pkg-0.0.0-py3.10.egg-info/SOURCES.txt
/home/tabatakenta/kikuchi_jikken/my_ros2/install/my_py_pkg/lib/python3.10/site-packages/my_py_pkg-0.0.0-py3.10.egg-info/dependency_links.txt
/home/tabatakenta/kikuchi_jikken/my_ros2/install/my_py_pkg/lib/python3.10/site-packages/my_py_pkg-0.0.0-py3.10.egg-info/top_level.txt
/home/tabatakenta/kikuchi_jikken/my_ros2/install/my_py_pkg/lib/python3.10/site-packages/my_py_pkg-0.0.0-py3.10.egg-info/entry_points.txt
/home/tabatakenta/kikuchi_jikken/my_ros2/install/my_py_pkg/lib/my_py_pkg/listener
/home/tabatakenta/kikuchi_jikken/my_ros2/install/my_py_pkg/lib/my_py_pkg/publisher
/home/tabatakenta/kikuchi_jikken/my_ros2/install/my_py_pkg/lib/my_py_pkg/robotarm
/home/tabatakenta/kikuchi_jikken/my_ros2/install/my_py_pkg/lib/my_py_pkg/subscriber
/home/tabatakenta/kikuchi_jikken/my_ros2/install/my_py_pkg/lib/my_py_pkg/talker
