[0.254s] DEBUG:colcon:Command line arguments: ['/usr/bin/colcon', 'build']
[0.254s] DEBUG:colcon:Parsed command line arguments: Namespace(allow_overriding=[], ament_cmake_args=None, base_paths=['.'], build_base='build', catkin_cmake_args=None, catkin_skip_building_tests=False, cmake_args=None, cmake_clean_cache=False, cmake_clean_first=False, cmake_force_configure=False, cmake_target=None, cmake_target_skip_unavailable=False, continue_on_error=False, event_handlers=None, executor='parallel', ignore_user_meta=False, install_base='install', log_base=None, log_level=None, main=<bound method BuildVerb.main of <colcon_core.verb.build.BuildVerb object at 0x7f0d6ffa5490>>, merge_install=False, metas=['./colcon.meta'], mixin=None, mixin_files=None, mixin_verb=('build',), packages_above=None, packages_above_and_dependencies=None, packages_above_depth=None, packages_end=None, packages_ignore=None, packages_ignore_regex=None, packages_select=None, packages_select_build_failed=False, packages_select_by_dep=None, packages_select_regex=None, packages_select_test_failures=False, packages_skip=None, packages_skip_build_finished=False, packages_skip_by_dep=None, packages_skip_regex=None, packages_skip_test_passed=False, packages_skip_up_to=None, packages_start=None, packages_up_to=None, packages_up_to_regex=None, parallel_workers=16, paths=None, symlink_install=False, test_result_base=None, verb_extension=<colcon_core.verb.build.BuildVerb object at 0x7f0d6ffa5490>, verb_name='build', verb_parser=<colcon_mixin.mixin.mixin_argument.MixinArgumentDecorator object at 0x7f0d6ffa5970>)
[0.398s] Level 1:colcon.colcon_core.package_discovery:discover_packages(colcon_meta) check parameters
[0.398s] Level 1:colcon.colcon_core.package_discovery:discover_packages(recursive) check parameters
[0.398s] Level 1:colcon.colcon_core.package_discovery:discover_packages(ignore) check parameters
[0.398s] Level 1:colcon.colcon_core.package_discovery:discover_packages(path) check parameters
[0.398s] Level 1:colcon.colcon_core.package_discovery:discover_packages(colcon_meta) discover
[0.398s] Level 1:colcon.colcon_core.package_discovery:discover_packages(recursive) discover
[0.399s] INFO:colcon.colcon_core.package_discovery:Crawling recursively for packages in '/home/yt6/ros2_py_ws'
[0.399s] Level 1:colcon.colcon_core.package_identification:_identify(.) by extensions ['ignore', 'ignore_ament_install']
[0.399s] Level 1:colcon.colcon_core.package_identification:_identify(.) by extension 'ignore'
[0.399s] Level 1:colcon.colcon_core.package_identification:_identify(.) by extension 'ignore_ament_install'
[0.399s] Level 1:colcon.colcon_core.package_identification:_identify(.) by extensions ['colcon_pkg']
[0.399s] Level 1:colcon.colcon_core.package_identification:_identify(.) by extension 'colcon_pkg'
[0.399s] Level 1:colcon.colcon_core.package_identification:_identify(.) by extensions ['colcon_meta']
[0.399s] Level 1:colcon.colcon_core.package_identification:_identify(.) by extension 'colcon_meta'
[0.399s] Level 1:colcon.colcon_core.package_identification:_identify(.) by extensions ['ros']
[0.399s] Level 1:colcon.colcon_core.package_identification:_identify(.) by extension 'ros'
[0.410s] Level 1:colcon.colcon_core.package_identification:_identify(.) by extensions ['cmake', 'python']
[0.410s] Level 1:colcon.colcon_core.package_identification:_identify(.) by extension 'cmake'
[0.410s] Level 1:colcon.colcon_core.package_identification:_identify(.) by extension 'python'
[0.410s] Level 1:colcon.colcon_core.package_identification:_identify(.) by extensions ['python_setup_py']
[0.410s] Level 1:colcon.colcon_core.package_identification:_identify(.) by extension 'python_setup_py'
[0.410s] Level 1:colcon.colcon_core.package_identification:_identify(build) by extensions ['ignore', 'ignore_ament_install']
[0.410s] Level 1:colcon.colcon_core.package_identification:_identify(build) by extension 'ignore'
[0.411s] Level 1:colcon.colcon_core.package_identification:_identify(build) ignored
[0.411s] Level 1:colcon.colcon_core.package_identification:_identify(install) by extensions ['ignore', 'ignore_ament_install']
[0.411s] Level 1:colcon.colcon_core.package_identification:_identify(install) by extension 'ignore'
[0.411s] Level 1:colcon.colcon_core.package_identification:_identify(install) ignored
[0.412s] Level 1:colcon.colcon_core.package_identification:_identify(log) by extensions ['ignore', 'ignore_ament_install']
[0.412s] Level 1:colcon.colcon_core.package_identification:_identify(log) by extension 'ignore'
[0.412s] Level 1:colcon.colcon_core.package_identification:_identify(log) ignored
[0.412s] Level 1:colcon.colcon_core.package_identification:_identify(pic) by extensions ['ignore', 'ignore_ament_install']
[0.412s] Level 1:colcon.colcon_core.package_identification:_identify(pic) by extension 'ignore'
[0.412s] Level 1:colcon.colcon_core.package_identification:_identify(pic) by extension 'ignore_ament_install'
[0.413s] Level 1:colcon.colcon_core.package_identification:_identify(pic) by extensions ['colcon_pkg']
[0.413s] Level 1:colcon.colcon_core.package_identification:_identify(pic) by extension 'colcon_pkg'
[0.413s] Level 1:colcon.colcon_core.package_identification:_identify(pic) by extensions ['colcon_meta']
[0.413s] Level 1:colcon.colcon_core.package_identification:_identify(pic) by extension 'colcon_meta'
[0.413s] Level 1:colcon.colcon_core.package_identification:_identify(pic) by extensions ['ros']
[0.413s] Level 1:colcon.colcon_core.package_identification:_identify(pic) by extension 'ros'
[0.413s] Level 1:colcon.colcon_core.package_identification:_identify(pic) by extensions ['cmake', 'python']
[0.413s] Level 1:colcon.colcon_core.package_identification:_identify(pic) by extension 'cmake'
[0.413s] Level 1:colcon.colcon_core.package_identification:_identify(pic) by extension 'python'
[0.413s] Level 1:colcon.colcon_core.package_identification:_identify(pic) by extensions ['python_setup_py']
[0.414s] Level 1:colcon.colcon_core.package_identification:_identify(pic) by extension 'python_setup_py'
[0.414s] Level 1:colcon.colcon_core.package_identification:_identify(src) by extensions ['ignore', 'ignore_ament_install']
[0.414s] Level 1:colcon.colcon_core.package_identification:_identify(src) by extension 'ignore'
[0.414s] Level 1:colcon.colcon_core.package_identification:_identify(src) by extension 'ignore_ament_install'
[0.414s] Level 1:colcon.colcon_core.package_identification:_identify(src) by extensions ['colcon_pkg']
[0.414s] Level 1:colcon.colcon_core.package_identification:_identify(src) by extension 'colcon_pkg'
[0.414s] Level 1:colcon.colcon_core.package_identification:_identify(src) by extensions ['colcon_meta']
[0.414s] Level 1:colcon.colcon_core.package_identification:_identify(src) by extension 'colcon_meta'
[0.414s] Level 1:colcon.colcon_core.package_identification:_identify(src) by extensions ['ros']
[0.414s] Level 1:colcon.colcon_core.package_identification:_identify(src) by extension 'ros'
[0.414s] Level 1:colcon.colcon_core.package_identification:_identify(src) by extensions ['cmake', 'python']
[0.414s] Level 1:colcon.colcon_core.package_identification:_identify(src) by extension 'cmake'
[0.414s] Level 1:colcon.colcon_core.package_identification:_identify(src) by extension 'python'
[0.414s] Level 1:colcon.colcon_core.package_identification:_identify(src) by extensions ['python_setup_py']
[0.414s] Level 1:colcon.colcon_core.package_identification:_identify(src) by extension 'python_setup_py'
[0.414s] Level 1:colcon.colcon_core.package_identification:_identify(src/DynamixelSDK) by extensions ['ignore', 'ignore_ament_install']
[0.415s] Level 1:colcon.colcon_core.package_identification:_identify(src/DynamixelSDK) by extension 'ignore'
[0.415s] Level 1:colcon.colcon_core.package_identification:_identify(src/DynamixelSDK) by extension 'ignore_ament_install'
[0.415s] Level 1:colcon.colcon_core.package_identification:_identify(src/DynamixelSDK) by extensions ['colcon_pkg']
[0.415s] Level 1:colcon.colcon_core.package_identification:_identify(src/DynamixelSDK) by extension 'colcon_pkg'
[0.415s] Level 1:colcon.colcon_core.package_identification:_identify(src/DynamixelSDK) by extensions ['colcon_meta']
[0.415s] Level 1:colcon.colcon_core.package_identification:_identify(src/DynamixelSDK) by extension 'colcon_meta'
[0.415s] Level 1:colcon.colcon_core.package_identification:_identify(src/DynamixelSDK) by extensions ['ros']
[0.415s] Level 1:colcon.colcon_core.package_identification:_identify(src/DynamixelSDK) by extension 'ros'
[0.415s] Level 1:colcon.colcon_core.package_identification:_identify(src/DynamixelSDK) by extensions ['cmake', 'python']
[0.415s] Level 1:colcon.colcon_core.package_identification:_identify(src/DynamixelSDK) by extension 'cmake'
[0.415s] Level 1:colcon.colcon_core.package_identification:_identify(src/DynamixelSDK) by extension 'python'
[0.415s] Level 1:colcon.colcon_core.package_identification:_identify(src/DynamixelSDK) by extensions ['python_setup_py']
[0.415s] Level 1:colcon.colcon_core.package_identification:_identify(src/DynamixelSDK) by extension 'python_setup_py'
[0.415s] Level 1:colcon.colcon_core.package_identification:_identify(src/DynamixelSDK/dynamixel_sdk) by extensions ['ignore', 'ignore_ament_install']
[0.415s] Level 1:colcon.colcon_core.package_identification:_identify(src/DynamixelSDK/dynamixel_sdk) by extension 'ignore'
[0.415s] Level 1:colcon.colcon_core.package_identification:_identify(src/DynamixelSDK/dynamixel_sdk) by extension 'ignore_ament_install'
[0.415s] Level 1:colcon.colcon_core.package_identification:_identify(src/DynamixelSDK/dynamixel_sdk) by extensions ['colcon_pkg']
[0.415s] Level 1:colcon.colcon_core.package_identification:_identify(src/DynamixelSDK/dynamixel_sdk) by extension 'colcon_pkg'
[0.415s] Level 1:colcon.colcon_core.package_identification:_identify(src/DynamixelSDK/dynamixel_sdk) by extensions ['colcon_meta']
[0.415s] Level 1:colcon.colcon_core.package_identification:_identify(src/DynamixelSDK/dynamixel_sdk) by extension 'colcon_meta'
[0.415s] Level 1:colcon.colcon_core.package_identification:_identify(src/DynamixelSDK/dynamixel_sdk) by extensions ['ros']
[0.415s] Level 1:colcon.colcon_core.package_identification:_identify(src/DynamixelSDK/dynamixel_sdk) by extension 'ros'
[0.418s] DEBUG:colcon.colcon_core.package_identification:Package 'src/DynamixelSDK/dynamixel_sdk' with type 'ros.ament_cmake' and name 'dynamixel_sdk'
[0.418s] Level 1:colcon.colcon_core.package_identification:_identify(src/DynamixelSDK/dynamixel_sdk_custom_interfaces) by extensions ['ignore', 'ignore_ament_install']
[0.418s] Level 1:colcon.colcon_core.package_identification:_identify(src/DynamixelSDK/dynamixel_sdk_custom_interfaces) by extension 'ignore'
[0.418s] Level 1:colcon.colcon_core.package_identification:_identify(src/DynamixelSDK/dynamixel_sdk_custom_interfaces) by extension 'ignore_ament_install'
[0.418s] Level 1:colcon.colcon_core.package_identification:_identify(src/DynamixelSDK/dynamixel_sdk_custom_interfaces) by extensions ['colcon_pkg']
[0.418s] Level 1:colcon.colcon_core.package_identification:_identify(src/DynamixelSDK/dynamixel_sdk_custom_interfaces) by extension 'colcon_pkg'
[0.418s] Level 1:colcon.colcon_core.package_identification:_identify(src/DynamixelSDK/dynamixel_sdk_custom_interfaces) by extensions ['colcon_meta']
[0.419s] Level 1:colcon.colcon_core.package_identification:_identify(src/DynamixelSDK/dynamixel_sdk_custom_interfaces) by extension 'colcon_meta'
[0.419s] Level 1:colcon.colcon_core.package_identification:_identify(src/DynamixelSDK/dynamixel_sdk_custom_interfaces) by extensions ['ros']
[0.419s] Level 1:colcon.colcon_core.package_identification:_identify(src/DynamixelSDK/dynamixel_sdk_custom_interfaces) by extension 'ros'
[0.419s] DEBUG:colcon.colcon_core.package_identification:Package 'src/DynamixelSDK/dynamixel_sdk_custom_interfaces' with type 'ros.ament_cmake' and name 'dynamixel_sdk_custom_interfaces'
[0.419s] Level 1:colcon.colcon_core.package_identification:_identify(src/DynamixelSDK/dynamixel_sdk_examples) by extensions ['ignore', 'ignore_ament_install']
[0.419s] Level 1:colcon.colcon_core.package_identification:_identify(src/DynamixelSDK/dynamixel_sdk_examples) by extension 'ignore'
[0.419s] Level 1:colcon.colcon_core.package_identification:_identify(src/DynamixelSDK/dynamixel_sdk_examples) by extension 'ignore_ament_install'
[0.419s] Level 1:colcon.colcon_core.package_identification:_identify(src/DynamixelSDK/dynamixel_sdk_examples) by extensions ['colcon_pkg']
[0.419s] Level 1:colcon.colcon_core.package_identification:_identify(src/DynamixelSDK/dynamixel_sdk_examples) by extension 'colcon_pkg'
[0.419s] Level 1:colcon.colcon_core.package_identification:_identify(src/DynamixelSDK/dynamixel_sdk_examples) by extensions ['colcon_meta']
[0.420s] Level 1:colcon.colcon_core.package_identification:_identify(src/DynamixelSDK/dynamixel_sdk_examples) by extension 'colcon_meta'
[0.420s] Level 1:colcon.colcon_core.package_identification:_identify(src/DynamixelSDK/dynamixel_sdk_examples) by extensions ['ros']
[0.420s] Level 1:colcon.colcon_core.package_identification:_identify(src/DynamixelSDK/dynamixel_sdk_examples) by extension 'ros'
[0.428s] DEBUG:colcon.colcon_core.package_identification:Package 'src/DynamixelSDK/dynamixel_sdk_examples' with type 'ros.ament_cmake' and name 'dynamixel_sdk_examples'
[0.428s] Level 1:colcon.colcon_core.package_identification:_identify(src/build) by extensions ['ignore', 'ignore_ament_install']
[0.428s] Level 1:colcon.colcon_core.package_identification:_identify(src/build) by extension 'ignore'
[0.428s] Level 1:colcon.colcon_core.package_identification:_identify(src/build) ignored
[0.428s] Level 1:colcon.colcon_core.package_identification:_identify(src/dynamixel_control) by extensions ['ignore', 'ignore_ament_install']
[0.428s] Level 1:colcon.colcon_core.package_identification:_identify(src/dynamixel_control) by extension 'ignore'
[0.428s] Level 1:colcon.colcon_core.package_identification:_identify(src/dynamixel_control) by extension 'ignore_ament_install'
[0.428s] Level 1:colcon.colcon_core.package_identification:_identify(src/dynamixel_control) by extensions ['colcon_pkg']
[0.428s] Level 1:colcon.colcon_core.package_identification:_identify(src/dynamixel_control) by extension 'colcon_pkg'
[0.428s] Level 1:colcon.colcon_core.package_identification:_identify(src/dynamixel_control) by extensions ['colcon_meta']
[0.428s] Level 1:colcon.colcon_core.package_identification:_identify(src/dynamixel_control) by extension 'colcon_meta'
[0.428s] Level 1:colcon.colcon_core.package_identification:_identify(src/dynamixel_control) by extensions ['ros']
[0.428s] Level 1:colcon.colcon_core.package_identification:_identify(src/dynamixel_control) by extension 'ros'
[0.429s] DEBUG:colcon.colcon_core.package_identification:Package 'src/dynamixel_control' with type 'ros.ament_python' and name 'dynamixel_control'
[0.429s] Level 1:colcon.colcon_core.package_identification:_identify(src/dynamixel_publisher) by extensions ['ignore', 'ignore_ament_install']
[0.429s] Level 1:colcon.colcon_core.package_identification:_identify(src/dynamixel_publisher) by extension 'ignore'
[0.429s] Level 1:colcon.colcon_core.package_identification:_identify(src/dynamixel_publisher) by extension 'ignore_ament_install'
[0.429s] Level 1:colcon.colcon_core.package_identification:_identify(src/dynamixel_publisher) by extensions ['colcon_pkg']
[0.429s] Level 1:colcon.colcon_core.package_identification:_identify(src/dynamixel_publisher) by extension 'colcon_pkg'
[0.429s] Level 1:colcon.colcon_core.package_identification:_identify(src/dynamixel_publisher) by extensions ['colcon_meta']
[0.429s] Level 1:colcon.colcon_core.package_identification:_identify(src/dynamixel_publisher) by extension 'colcon_meta'
[0.429s] Level 1:colcon.colcon_core.package_identification:_identify(src/dynamixel_publisher) by extensions ['ros']
[0.429s] Level 1:colcon.colcon_core.package_identification:_identify(src/dynamixel_publisher) by extension 'ros'
[0.430s] DEBUG:colcon.colcon_core.package_identification:Package 'src/dynamixel_publisher' with type 'ros.ament_python' and name 'dynamixel_publisher'
[0.430s] Level 1:colcon.colcon_core.package_identification:_identify(src/install) by extensions ['ignore', 'ignore_ament_install']
[0.430s] Level 1:colcon.colcon_core.package_identification:_identify(src/install) by extension 'ignore'
[0.430s] Level 1:colcon.colcon_core.package_identification:_identify(src/install) ignored
[0.430s] Level 1:colcon.colcon_core.package_identification:_identify(src/log) by extensions ['ignore', 'ignore_ament_install']
[0.430s] Level 1:colcon.colcon_core.package_identification:_identify(src/log) by extension 'ignore'
[0.430s] Level 1:colcon.colcon_core.package_identification:_identify(src/log) ignored
[0.430s] Level 1:colcon.colcon_core.package_identification:_identify(src/my_py_pkg) by extensions ['ignore', 'ignore_ament_install']
[0.430s] Level 1:colcon.colcon_core.package_identification:_identify(src/my_py_pkg) by extension 'ignore'
[0.430s] Level 1:colcon.colcon_core.package_identification:_identify(src/my_py_pkg) by extension 'ignore_ament_install'
[0.430s] Level 1:colcon.colcon_core.package_identification:_identify(src/my_py_pkg) by extensions ['colcon_pkg']
[0.430s] Level 1:colcon.colcon_core.package_identification:_identify(src/my_py_pkg) by extension 'colcon_pkg'
[0.430s] Level 1:colcon.colcon_core.package_identification:_identify(src/my_py_pkg) by extensions ['colcon_meta']
[0.430s] Level 1:colcon.colcon_core.package_identification:_identify(src/my_py_pkg) by extension 'colcon_meta'
[0.430s] Level 1:colcon.colcon_core.package_identification:_identify(src/my_py_pkg) by extensions ['ros']
[0.430s] Level 1:colcon.colcon_core.package_identification:_identify(src/my_py_pkg) by extension 'ros'
[0.431s] DEBUG:colcon.colcon_core.package_identification:Package 'src/my_py_pkg' with type 'ros.ament_python' and name 'my_py_pkg'
[0.431s] Level 1:colcon.colcon_core.package_identification:_identify(src/my_vision_pkg) by extensions ['ignore', 'ignore_ament_install']
[0.431s] Level 1:colcon.colcon_core.package_identification:_identify(src/my_vision_pkg) by extension 'ignore'
[0.431s] Level 1:colcon.colcon_core.package_identification:_identify(src/my_vision_pkg) by extension 'ignore_ament_install'
[0.431s] Level 1:colcon.colcon_core.package_identification:_identify(src/my_vision_pkg) by extensions ['colcon_pkg']
[0.431s] Level 1:colcon.colcon_core.package_identification:_identify(src/my_vision_pkg) by extension 'colcon_pkg'
[0.431s] Level 1:colcon.colcon_core.package_identification:_identify(src/my_vision_pkg) by extensions ['colcon_meta']
[0.431s] Level 1:colcon.colcon_core.package_identification:_identify(src/my_vision_pkg) by extension 'colcon_meta'
[0.431s] Level 1:colcon.colcon_core.package_identification:_identify(src/my_vision_pkg) by extensions ['ros']
[0.431s] Level 1:colcon.colcon_core.package_identification:_identify(src/my_vision_pkg) by extension 'ros'
[0.432s] DEBUG:colcon.colcon_core.package_identification:Package 'src/my_vision_pkg' with type 'ros.ament_python' and name 'my_vision_pkg'
[0.432s] Level 1:colcon.colcon_core.package_identification:_identify(src/nodes) by extensions ['ignore', 'ignore_ament_install']
[0.432s] Level 1:colcon.colcon_core.package_identification:_identify(src/nodes) by extension 'ignore'
[0.432s] Level 1:colcon.colcon_core.package_identification:_identify(src/nodes) by extension 'ignore_ament_install'
[0.432s] Level 1:colcon.colcon_core.package_identification:_identify(src/nodes) by extensions ['colcon_pkg']
[0.432s] Level 1:colcon.colcon_core.package_identification:_identify(src/nodes) by extension 'colcon_pkg'
[0.432s] Level 1:colcon.colcon_core.package_identification:_identify(src/nodes) by extensions ['colcon_meta']
[0.432s] Level 1:colcon.colcon_core.package_identification:_identify(src/nodes) by extension 'colcon_meta'
[0.432s] Level 1:colcon.colcon_core.package_identification:_identify(src/nodes) by extensions ['ros']
[0.432s] Level 1:colcon.colcon_core.package_identification:_identify(src/nodes) by extension 'ros'
[0.432s] Level 1:colcon.colcon_core.package_identification:_identify(src/nodes) by extensions ['cmake', 'python']
[0.432s] Level 1:colcon.colcon_core.package_identification:_identify(src/nodes) by extension 'cmake'
[0.432s] Level 1:colcon.colcon_core.package_identification:_identify(src/nodes) by extension 'python'
[0.432s] Level 1:colcon.colcon_core.package_identification:_identify(src/nodes) by extensions ['python_setup_py']
[0.432s] Level 1:colcon.colcon_core.package_identification:_identify(src/nodes) by extension 'python_setup_py'
[0.432s] Level 1:colcon.colcon_core.package_discovery:discover_packages(recursive) using defaults
[0.433s] Level 1:colcon.colcon_core.package_discovery:discover_packages(ignore) discover
[0.433s] Level 1:colcon.colcon_core.package_discovery:discover_packages(ignore) using defaults
[0.433s] Level 1:colcon.colcon_core.package_discovery:discover_packages(path) discover
[0.433s] Level 1:colcon.colcon_core.package_discovery:discover_packages(path) using defaults
[0.448s] Level 1:colcon.colcon_core.package_discovery:discover_packages(prefix_path) check parameters
[0.448s] Level 1:colcon.colcon_core.package_discovery:discover_packages(prefix_path) discover
[0.450s] DEBUG:colcon.colcon_installed_package_information.package_discovery:Found 7 installed packages in /home/yt6/ros2_py_ws/install
[0.452s] DEBUG:colcon.colcon_installed_package_information.package_discovery:Found 356 installed packages in /opt/ros/humble
[0.454s] Level 1:colcon.colcon_core.package_discovery:discover_packages(prefix_path) using defaults
[0.572s] Level 5:colcon.colcon_core.verb:set package 'dynamixel_sdk' build argument 'cmake_args' from command line to 'None'
[0.572s] Level 5:colcon.colcon_core.verb:set package 'dynamixel_sdk' build argument 'cmake_target' from command line to 'None'
[0.572s] Level 5:colcon.colcon_core.verb:set package 'dynamixel_sdk' build argument 'cmake_target_skip_unavailable' from command line to 'False'
[0.572s] Level 5:colcon.colcon_core.verb:set package 'dynamixel_sdk' build argument 'cmake_clean_cache' from command line to 'False'
[0.572s] Level 5:colcon.colcon_core.verb:set package 'dynamixel_sdk' build argument 'cmake_clean_first' from command line to 'False'
[0.573s] Level 5:colcon.colcon_core.verb:set package 'dynamixel_sdk' build argument 'cmake_force_configure' from command line to 'False'
[0.573s] Level 5:colcon.colcon_core.verb:set package 'dynamixel_sdk' build argument 'ament_cmake_args' from command line to 'None'
[0.573s] Level 5:colcon.colcon_core.verb:set package 'dynamixel_sdk' build argument 'catkin_cmake_args' from command line to 'None'
[0.573s] Level 5:colcon.colcon_core.verb:set package 'dynamixel_sdk' build argument 'catkin_skip_building_tests' from command line to 'False'
[0.573s] DEBUG:colcon.colcon_core.verb:Building package 'dynamixel_sdk' with the following arguments: {'ament_cmake_args': None, 'build_base': '/home/yt6/ros2_py_ws/build/dynamixel_sdk', 'catkin_cmake_args': None, 'catkin_skip_building_tests': False, 'cmake_args': None, 'cmake_clean_cache': False, 'cmake_clean_first': False, 'cmake_force_configure': False, 'cmake_target': None, 'cmake_target_skip_unavailable': False, 'install_base': '/home/yt6/ros2_py_ws/install/dynamixel_sdk', 'merge_install': False, 'path': '/home/yt6/ros2_py_ws/src/DynamixelSDK/dynamixel_sdk', 'symlink_install': False, 'test_result_base': None}
[0.573s] Level 5:colcon.colcon_core.verb:set package 'dynamixel_sdk_custom_interfaces' build argument 'cmake_args' from command line to 'None'
[0.573s] Level 5:colcon.colcon_core.verb:set package 'dynamixel_sdk_custom_interfaces' build argument 'cmake_target' from command line to 'None'
[0.573s] Level 5:colcon.colcon_core.verb:set package 'dynamixel_sdk_custom_interfaces' build argument 'cmake_target_skip_unavailable' from command line to 'False'
[0.573s] Level 5:colcon.colcon_core.verb:set package 'dynamixel_sdk_custom_interfaces' build argument 'cmake_clean_cache' from command line to 'False'
[0.573s] Level 5:colcon.colcon_core.verb:set package 'dynamixel_sdk_custom_interfaces' build argument 'cmake_clean_first' from command line to 'False'
[0.573s] Level 5:colcon.colcon_core.verb:set package 'dynamixel_sdk_custom_interfaces' build argument 'cmake_force_configure' from command line to 'False'
[0.573s] Level 5:colcon.colcon_core.verb:set package 'dynamixel_sdk_custom_interfaces' build argument 'ament_cmake_args' from command line to 'None'
[0.573s] Level 5:colcon.colcon_core.verb:set package 'dynamixel_sdk_custom_interfaces' build argument 'catkin_cmake_args' from command line to 'None'
[0.573s] Level 5:colcon.colcon_core.verb:set package 'dynamixel_sdk_custom_interfaces' build argument 'catkin_skip_building_tests' from command line to 'False'
[0.573s] DEBUG:colcon.colcon_core.verb:Building package 'dynamixel_sdk_custom_interfaces' with the following arguments: {'ament_cmake_args': None, 'build_base': '/home/yt6/ros2_py_ws/build/dynamixel_sdk_custom_interfaces', 'catkin_cmake_args': None, 'catkin_skip_building_tests': False, 'cmake_args': None, 'cmake_clean_cache': False, 'cmake_clean_first': False, 'cmake_force_configure': False, 'cmake_target': None, 'cmake_target_skip_unavailable': False, 'install_base': '/home/yt6/ros2_py_ws/install/dynamixel_sdk_custom_interfaces', 'merge_install': False, 'path': '/home/yt6/ros2_py_ws/src/DynamixelSDK/dynamixel_sdk_custom_interfaces', 'symlink_install': False, 'test_result_base': None}
[0.573s] Level 5:colcon.colcon_core.verb:set package 'my_py_pkg' build argument 'cmake_args' from command line to 'None'
[0.573s] Level 5:colcon.colcon_core.verb:set package 'my_py_pkg' build argument 'cmake_target' from command line to 'None'
[0.573s] Level 5:colcon.colcon_core.verb:set package 'my_py_pkg' build argument 'cmake_target_skip_unavailable' from command line to 'False'
[0.573s] Level 5:colcon.colcon_core.verb:set package 'my_py_pkg' build argument 'cmake_clean_cache' from command line to 'False'
[0.573s] Level 5:colcon.colcon_core.verb:set package 'my_py_pkg' build argument 'cmake_clean_first' from command line to 'False'
[0.573s] Level 5:colcon.colcon_core.verb:set package 'my_py_pkg' build argument 'cmake_force_configure' from command line to 'False'
[0.574s] Level 5:colcon.colcon_core.verb:set package 'my_py_pkg' build argument 'ament_cmake_args' from command line to 'None'
[0.574s] Level 5:colcon.colcon_core.verb:set package 'my_py_pkg' build argument 'catkin_cmake_args' from command line to 'None'
[0.574s] Level 5:colcon.colcon_core.verb:set package 'my_py_pkg' build argument 'catkin_skip_building_tests' from command line to 'False'
[0.574s] DEBUG:colcon.colcon_core.verb:Building package 'my_py_pkg' with the following arguments: {'ament_cmake_args': None, 'build_base': '/home/yt6/ros2_py_ws/build/my_py_pkg', 'catkin_cmake_args': None, 'catkin_skip_building_tests': False, 'cmake_args': None, 'cmake_clean_cache': False, 'cmake_clean_first': False, 'cmake_force_configure': False, 'cmake_target': None, 'cmake_target_skip_unavailable': False, 'install_base': '/home/yt6/ros2_py_ws/install/my_py_pkg', 'merge_install': False, 'path': '/home/yt6/ros2_py_ws/src/my_py_pkg', 'symlink_install': False, 'test_result_base': None}
[0.574s] Level 5:colcon.colcon_core.verb:set package 'my_vision_pkg' build argument 'cmake_args' from command line to 'None'
[0.574s] Level 5:colcon.colcon_core.verb:set package 'my_vision_pkg' build argument 'cmake_target' from command line to 'None'
[0.574s] Level 5:colcon.colcon_core.verb:set package 'my_vision_pkg' build argument 'cmake_target_skip_unavailable' from command line to 'False'
[0.574s] Level 5:colcon.colcon_core.verb:set package 'my_vision_pkg' build argument 'cmake_clean_cache' from command line to 'False'
[0.574s] Level 5:colcon.colcon_core.verb:set package 'my_vision_pkg' build argument 'cmake_clean_first' from command line to 'False'
[0.574s] Level 5:colcon.colcon_core.verb:set package 'my_vision_pkg' build argument 'cmake_force_configure' from command line to 'False'
[0.574s] Level 5:colcon.colcon_core.verb:set package 'my_vision_pkg' build argument 'ament_cmake_args' from command line to 'None'
[0.574s] Level 5:colcon.colcon_core.verb:set package 'my_vision_pkg' build argument 'catkin_cmake_args' from command line to 'None'
[0.574s] Level 5:colcon.colcon_core.verb:set package 'my_vision_pkg' build argument 'catkin_skip_building_tests' from command line to 'False'
[0.574s] DEBUG:colcon.colcon_core.verb:Building package 'my_vision_pkg' with the following arguments: {'ament_cmake_args': None, 'build_base': '/home/yt6/ros2_py_ws/build/my_vision_pkg', 'catkin_cmake_args': None, 'catkin_skip_building_tests': False, 'cmake_args': None, 'cmake_clean_cache': False, 'cmake_clean_first': False, 'cmake_force_configure': False, 'cmake_target': None, 'cmake_target_skip_unavailable': False, 'install_base': '/home/yt6/ros2_py_ws/install/my_vision_pkg', 'merge_install': False, 'path': '/home/yt6/ros2_py_ws/src/my_vision_pkg', 'symlink_install': False, 'test_result_base': None}
[0.574s] Level 5:colcon.colcon_core.verb:set package 'dynamixel_control' build argument 'cmake_args' from command line to 'None'
[0.574s] Level 5:colcon.colcon_core.verb:set package 'dynamixel_control' build argument 'cmake_target' from command line to 'None'
[0.574s] Level 5:colcon.colcon_core.verb:set package 'dynamixel_control' build argument 'cmake_target_skip_unavailable' from command line to 'False'
[0.574s] Level 5:colcon.colcon_core.verb:set package 'dynamixel_control' build argument 'cmake_clean_cache' from command line to 'False'
[0.574s] Level 5:colcon.colcon_core.verb:set package 'dynamixel_control' build argument 'cmake_clean_first' from command line to 'False'
[0.574s] Level 5:colcon.colcon_core.verb:set package 'dynamixel_control' build argument 'cmake_force_configure' from command line to 'False'
[0.574s] Level 5:colcon.colcon_core.verb:set package 'dynamixel_control' build argument 'ament_cmake_args' from command line to 'None'
[0.574s] Level 5:colcon.colcon_core.verb:set package 'dynamixel_control' build argument 'catkin_cmake_args' from command line to 'None'
[0.574s] Level 5:colcon.colcon_core.verb:set package 'dynamixel_control' build argument 'catkin_skip_building_tests' from command line to 'False'
[0.574s] DEBUG:colcon.colcon_core.verb:Building package 'dynamixel_control' with the following arguments: {'ament_cmake_args': None, 'build_base': '/home/yt6/ros2_py_ws/build/dynamixel_control', 'catkin_cmake_args': None, 'catkin_skip_building_tests': False, 'cmake_args': None, 'cmake_clean_cache': False, 'cmake_clean_first': False, 'cmake_force_configure': False, 'cmake_target': None, 'cmake_target_skip_unavailable': False, 'install_base': '/home/yt6/ros2_py_ws/install/dynamixel_control', 'merge_install': False, 'path': '/home/yt6/ros2_py_ws/src/dynamixel_control', 'symlink_install': False, 'test_result_base': None}
[0.575s] Level 5:colcon.colcon_core.verb:set package 'dynamixel_publisher' build argument 'cmake_args' from command line to 'None'
[0.575s] Level 5:colcon.colcon_core.verb:set package 'dynamixel_publisher' build argument 'cmake_target' from command line to 'None'
[0.575s] Level 5:colcon.colcon_core.verb:set package 'dynamixel_publisher' build argument 'cmake_target_skip_unavailable' from command line to 'False'
[0.575s] Level 5:colcon.colcon_core.verb:set package 'dynamixel_publisher' build argument 'cmake_clean_cache' from command line to 'False'
[0.575s] Level 5:colcon.colcon_core.verb:set package 'dynamixel_publisher' build argument 'cmake_clean_first' from command line to 'False'
[0.575s] Level 5:colcon.colcon_core.verb:set package 'dynamixel_publisher' build argument 'cmake_force_configure' from command line to 'False'
[0.575s] Level 5:colcon.colcon_core.verb:set package 'dynamixel_publisher' build argument 'ament_cmake_args' from command line to 'None'
[0.575s] Level 5:colcon.colcon_core.verb:set package 'dynamixel_publisher' build argument 'catkin_cmake_args' from command line to 'None'
[0.575s] Level 5:colcon.colcon_core.verb:set package 'dynamixel_publisher' build argument 'catkin_skip_building_tests' from command line to 'False'
[0.575s] DEBUG:colcon.colcon_core.verb:Building package 'dynamixel_publisher' with the following arguments: {'ament_cmake_args': None, 'build_base': '/home/yt6/ros2_py_ws/build/dynamixel_publisher', 'catkin_cmake_args': None, 'catkin_skip_building_tests': False, 'cmake_args': None, 'cmake_clean_cache': False, 'cmake_clean_first': False, 'cmake_force_configure': False, 'cmake_target': None, 'cmake_target_skip_unavailable': False, 'install_base': '/home/yt6/ros2_py_ws/install/dynamixel_publisher', 'merge_install': False, 'path': '/home/yt6/ros2_py_ws/src/dynamixel_publisher', 'symlink_install': False, 'test_result_base': None}
[0.575s] Level 5:colcon.colcon_core.verb:set package 'dynamixel_sdk_examples' build argument 'cmake_args' from command line to 'None'
[0.575s] Level 5:colcon.colcon_core.verb:set package 'dynamixel_sdk_examples' build argument 'cmake_target' from command line to 'None'
[0.575s] Level 5:colcon.colcon_core.verb:set package 'dynamixel_sdk_examples' build argument 'cmake_target_skip_unavailable' from command line to 'False'
[0.575s] Level 5:colcon.colcon_core.verb:set package 'dynamixel_sdk_examples' build argument 'cmake_clean_cache' from command line to 'False'
[0.575s] Level 5:colcon.colcon_core.verb:set package 'dynamixel_sdk_examples' build argument 'cmake_clean_first' from command line to 'False'
[0.575s] Level 5:colcon.colcon_core.verb:set package 'dynamixel_sdk_examples' build argument 'cmake_force_configure' from command line to 'False'
[0.575s] Level 5:colcon.colcon_core.verb:set package 'dynamixel_sdk_examples' build argument 'ament_cmake_args' from command line to 'None'
[0.575s] Level 5:colcon.colcon_core.verb:set package 'dynamixel_sdk_examples' build argument 'catkin_cmake_args' from command line to 'None'
[0.575s] Level 5:colcon.colcon_core.verb:set package 'dynamixel_sdk_examples' build argument 'catkin_skip_building_tests' from command line to 'False'
[0.575s] DEBUG:colcon.colcon_core.verb:Building package 'dynamixel_sdk_examples' with the following arguments: {'ament_cmake_args': None, 'build_base': '/home/yt6/ros2_py_ws/build/dynamixel_sdk_examples', 'catkin_cmake_args': None, 'catkin_skip_building_tests': False, 'cmake_args': None, 'cmake_clean_cache': False, 'cmake_clean_first': False, 'cmake_force_configure': False, 'cmake_target': None, 'cmake_target_skip_unavailable': False, 'install_base': '/home/yt6/ros2_py_ws/install/dynamixel_sdk_examples', 'merge_install': False, 'path': '/home/yt6/ros2_py_ws/src/DynamixelSDK/dynamixel_sdk_examples', 'symlink_install': False, 'test_result_base': None}
[0.575s] INFO:colcon.colcon_core.executor:Executing jobs using 'parallel' executor
[0.576s] DEBUG:colcon.colcon_parallel_executor.executor.parallel:run_until_complete
[0.576s] INFO:colcon.colcon_ros.task.ament_cmake.build:Building ROS package in '/home/yt6/ros2_py_ws/src/DynamixelSDK/dynamixel_sdk' with build type 'ament_cmake'
[0.576s] INFO:colcon.colcon_cmake.task.cmake.build:Building CMake package in '/home/yt6/ros2_py_ws/src/DynamixelSDK/dynamixel_sdk'
[0.579s] INFO:colcon.colcon_core.plugin_system:Skipping extension 'colcon_core.shell.bat': Not used on non-Windows systems
[0.579s] INFO:colcon.colcon_core.shell:Skip shell extension 'powershell' for command environment: Not usable outside of PowerShell
[0.579s] DEBUG:colcon.colcon_core.shell:Skip shell extension 'dsv' for command environment
[0.585s] INFO:colcon.colcon_ros.task.ament_cmake.build:Building ROS package in '/home/yt6/ros2_py_ws/src/DynamixelSDK/dynamixel_sdk_custom_interfaces' with build type 'ament_cmake'
[0.586s] INFO:colcon.colcon_cmake.task.cmake.build:Building CMake package in '/home/yt6/ros2_py_ws/src/DynamixelSDK/dynamixel_sdk_custom_interfaces'
[0.586s] INFO:colcon.colcon_core.shell:Skip shell extension 'powershell' for command environment: Not usable outside of PowerShell
[0.586s] DEBUG:colcon.colcon_core.shell:Skip shell extension 'dsv' for command environment
[0.591s] INFO:colcon.colcon_ros.task.ament_python.build:Building ROS package in '/home/yt6/ros2_py_ws/src/my_py_pkg' with build type 'ament_python'
[0.591s] Level 1:colcon.colcon_core.shell:create_environment_hook('my_py_pkg', 'ament_prefix_path')
[0.591s] INFO:colcon.colcon_core.shell:Creating environment hook '/home/yt6/ros2_py_ws/install/my_py_pkg/share/my_py_pkg/hook/ament_prefix_path.ps1'
[0.592s] INFO:colcon.colcon_core.shell:Creating environment descriptor '/home/yt6/ros2_py_ws/install/my_py_pkg/share/my_py_pkg/hook/ament_prefix_path.dsv'
[0.593s] INFO:colcon.colcon_core.shell:Creating environment hook '/home/yt6/ros2_py_ws/install/my_py_pkg/share/my_py_pkg/hook/ament_prefix_path.sh'
[0.593s] INFO:colcon.colcon_core.shell:Skip shell extension 'powershell' for command environment: Not usable outside of PowerShell
[0.593s] DEBUG:colcon.colcon_core.shell:Skip shell extension 'dsv' for command environment
[0.597s] INFO:colcon.colcon_ros.task.ament_python.build:Building ROS package in '/home/yt6/ros2_py_ws/src/my_vision_pkg' with build type 'ament_python'
[0.597s] Level 1:colcon.colcon_core.shell:create_environment_hook('my_vision_pkg', 'ament_prefix_path')
[0.598s] INFO:colcon.colcon_core.shell:Creating environment hook '/home/yt6/ros2_py_ws/install/my_vision_pkg/share/my_vision_pkg/hook/ament_prefix_path.ps1'
[0.598s] INFO:colcon.colcon_core.shell:Creating environment descriptor '/home/yt6/ros2_py_ws/install/my_vision_pkg/share/my_vision_pkg/hook/ament_prefix_path.dsv'
[0.599s] INFO:colcon.colcon_core.shell:Creating environment hook '/home/yt6/ros2_py_ws/install/my_vision_pkg/share/my_vision_pkg/hook/ament_prefix_path.sh'
[0.599s] INFO:colcon.colcon_core.shell:Skip shell extension 'powershell' for command environment: Not usable outside of PowerShell
[0.599s] DEBUG:colcon.colcon_core.shell:Skip shell extension 'dsv' for command environment
[0.612s] DEBUG:colcon.colcon_core.event_handler.log_command:Invoking command in '/home/yt6/ros2_py_ws/build/dynamixel_sdk': CMAKE_PREFIX_PATH=${CMAKE_PREFIX_PATH}:/home/yt6/ros2_py_ws/install/my_vision_pkg:/home/yt6/ros2_py_ws/install/my_py_pkg:/home/yt6/ros2_py_ws/install/dynamixel_publisher:/home/yt6/ros2_py_ws/install/dynamixel_control:/opt/ros/humble /usr/bin/cmake --build /home/yt6/ros2_py_ws/build/dynamixel_sdk -- -j16 -l16
[0.619s] DEBUG:colcon.colcon_core.event_handler.log_command:Invoking command in '/home/yt6/ros2_py_ws/build/dynamixel_sdk_custom_interfaces': CMAKE_PREFIX_PATH=${CMAKE_PREFIX_PATH}:/home/yt6/ros2_py_ws/install/my_vision_pkg:/home/yt6/ros2_py_ws/install/my_py_pkg:/home/yt6/ros2_py_ws/install/dynamixel_publisher:/home/yt6/ros2_py_ws/install/dynamixel_control:/opt/ros/humble /usr/bin/cmake --build /home/yt6/ros2_py_ws/build/dynamixel_sdk_custom_interfaces -- -j16 -l16
[0.816s] INFO:colcon.colcon_core.task.python.build:Building Python package in '/home/yt6/ros2_py_ws/src/my_py_pkg'
[0.817s] INFO:colcon.colcon_core.shell:Skip shell extension 'powershell' for command environment: Not usable outside of PowerShell
[0.817s] DEBUG:colcon.colcon_core.shell:Skip shell extension 'dsv' for command environment
[1.059s] INFO:colcon.colcon_core.task.python.build:Building Python package in '/home/yt6/ros2_py_ws/src/my_vision_pkg'
[1.059s] INFO:colcon.colcon_core.shell:Skip shell extension 'powershell' for command environment: Not usable outside of PowerShell
[1.059s] DEBUG:colcon.colcon_core.shell:Skip shell extension 'dsv' for command environment
[1.067s] DEBUG:colcon.colcon_core.event_handler.log_command:Invoked command in '/home/yt6/ros2_py_ws/build/dynamixel_sdk' returned '0': CMAKE_PREFIX_PATH=${CMAKE_PREFIX_PATH}:/home/yt6/ros2_py_ws/install/my_vision_pkg:/home/yt6/ros2_py_ws/install/my_py_pkg:/home/yt6/ros2_py_ws/install/dynamixel_publisher:/home/yt6/ros2_py_ws/install/dynamixel_control:/opt/ros/humble /usr/bin/cmake --build /home/yt6/ros2_py_ws/build/dynamixel_sdk -- -j16 -l16
[1.078s] DEBUG:colcon.colcon_core.event_handler.log_command:Invoking command in '/home/yt6/ros2_py_ws/build/dynamixel_sdk': CMAKE_PREFIX_PATH=${CMAKE_PREFIX_PATH}:/home/yt6/ros2_py_ws/install/my_vision_pkg:/home/yt6/ros2_py_ws/install/my_py_pkg:/home/yt6/ros2_py_ws/install/dynamixel_publisher:/home/yt6/ros2_py_ws/install/dynamixel_control:/opt/ros/humble /usr/bin/cmake --install /home/yt6/ros2_py_ws/build/dynamixel_sdk
[1.081s] DEBUG:colcon.colcon_core.event_handler.log_command:Invoked command in '/home/yt6/ros2_py_ws/build/dynamixel_sdk_custom_interfaces' returned '0': CMAKE_PREFIX_PATH=${CMAKE_PREFIX_PATH}:/home/yt6/ros2_py_ws/install/my_vision_pkg:/home/yt6/ros2_py_ws/install/my_py_pkg:/home/yt6/ros2_py_ws/install/dynamixel_publisher:/home/yt6/ros2_py_ws/install/dynamixel_control:/opt/ros/humble /usr/bin/cmake --build /home/yt6/ros2_py_ws/build/dynamixel_sdk_custom_interfaces -- -j16 -l16
[1.085s] DEBUG:colcon.colcon_core.event_handler.log_command:Invoking command in '/home/yt6/ros2_py_ws/build/dynamixel_sdk_custom_interfaces': CMAKE_PREFIX_PATH=${CMAKE_PREFIX_PATH}:/home/yt6/ros2_py_ws/install/my_vision_pkg:/home/yt6/ros2_py_ws/install/my_py_pkg:/home/yt6/ros2_py_ws/install/dynamixel_publisher:/home/yt6/ros2_py_ws/install/dynamixel_control:/opt/ros/humble /usr/bin/cmake --install /home/yt6/ros2_py_ws/build/dynamixel_sdk_custom_interfaces
[1.096s] Level 1:colcon.colcon_core.environment:create_environment_scripts_only(dynamixel_sdk)
[1.103s] Level 1:colcon.colcon_core.environment:checking '/home/yt6/ros2_py_ws/install/dynamixel_sdk' for CMake module files
[1.104s] DEBUG:colcon.colcon_core.event_handler.log_command:Invoked command in '/home/yt6/ros2_py_ws/build/dynamixel_sdk' returned '0': CMAKE_PREFIX_PATH=${CMAKE_PREFIX_PATH}:/home/yt6/ros2_py_ws/install/my_vision_pkg:/home/yt6/ros2_py_ws/install/my_py_pkg:/home/yt6/ros2_py_ws/install/dynamixel_publisher:/home/yt6/ros2_py_ws/install/dynamixel_control:/opt/ros/humble /usr/bin/cmake --install /home/yt6/ros2_py_ws/build/dynamixel_sdk
[1.104s] Level 1:colcon.colcon_core.environment:checking '/home/yt6/ros2_py_ws/install/dynamixel_sdk' for CMake config files
[1.105s] Level 1:colcon.colcon_core.shell:create_environment_hook('dynamixel_sdk', 'cmake_prefix_path')
[1.105s] INFO:colcon.colcon_core.shell:Creating environment hook '/home/yt6/ros2_py_ws/install/dynamixel_sdk/share/dynamixel_sdk/hook/cmake_prefix_path.ps1'
[1.107s] INFO:colcon.colcon_core.shell:Creating environment descriptor '/home/yt6/ros2_py_ws/install/dynamixel_sdk/share/dynamixel_sdk/hook/cmake_prefix_path.dsv'
[1.107s] INFO:colcon.colcon_core.shell:Creating environment hook '/home/yt6/ros2_py_ws/install/dynamixel_sdk/share/dynamixel_sdk/hook/cmake_prefix_path.sh'
[1.109s] Level 1:colcon.colcon_core.environment:checking '/home/yt6/ros2_py_ws/install/dynamixel_sdk/lib'
[1.109s] Level 1:colcon.colcon_core.shell:create_environment_hook('dynamixel_sdk', 'ld_library_path_lib')
[1.110s] INFO:colcon.colcon_core.shell:Creating environment hook '/home/yt6/ros2_py_ws/install/dynamixel_sdk/share/dynamixel_sdk/hook/ld_library_path_lib.ps1'
[1.110s] INFO:colcon.colcon_core.shell:Creating environment descriptor '/home/yt6/ros2_py_ws/install/dynamixel_sdk/share/dynamixel_sdk/hook/ld_library_path_lib.dsv'
[1.111s] INFO:colcon.colcon_core.shell:Creating environment hook '/home/yt6/ros2_py_ws/install/dynamixel_sdk/share/dynamixel_sdk/hook/ld_library_path_lib.sh'
[1.112s] Level 1:colcon.colcon_core.environment:checking '/home/yt6/ros2_py_ws/install/dynamixel_sdk/bin'
[1.112s] Level 1:colcon.colcon_core.environment:checking '/home/yt6/ros2_py_ws/install/dynamixel_sdk/lib/pkgconfig/dynamixel_sdk.pc'
[1.112s] Level 1:colcon.colcon_core.environment:checking '/home/yt6/ros2_py_ws/install/dynamixel_sdk/lib/python3.8/site-packages'
[1.113s] Level 1:colcon.colcon_core.environment:checking '/home/yt6/ros2_py_ws/install/dynamixel_sdk/bin'
[1.113s] INFO:colcon.colcon_core.shell:Creating package script '/home/yt6/ros2_py_ws/install/dynamixel_sdk/share/dynamixel_sdk/package.ps1'
[1.114s] INFO:colcon.colcon_core.shell:Creating package descriptor '/home/yt6/ros2_py_ws/install/dynamixel_sdk/share/dynamixel_sdk/package.dsv'
[1.115s] INFO:colcon.colcon_core.shell:Creating package script '/home/yt6/ros2_py_ws/install/dynamixel_sdk/share/dynamixel_sdk/package.sh'
[1.117s] INFO:colcon.colcon_core.shell:Creating package script '/home/yt6/ros2_py_ws/install/dynamixel_sdk/share/dynamixel_sdk/package.bash'
[1.118s] INFO:colcon.colcon_core.shell:Creating package script '/home/yt6/ros2_py_ws/install/dynamixel_sdk/share/dynamixel_sdk/package.zsh'
[1.119s] Level 1:colcon.colcon_core.environment:create_file_with_runtime_dependencies(/home/yt6/ros2_py_ws/install/dynamixel_sdk/share/colcon-core/packages/dynamixel_sdk)
[1.120s] Level 1:colcon.colcon_core.environment:create_environment_scripts_only(dynamixel_sdk)
[1.120s] Level 1:colcon.colcon_core.environment:checking '/home/yt6/ros2_py_ws/install/dynamixel_sdk' for CMake module files
[1.120s] Level 1:colcon.colcon_core.environment:checking '/home/yt6/ros2_py_ws/install/dynamixel_sdk' for CMake config files
[1.120s] Level 1:colcon.colcon_core.shell:create_environment_hook('dynamixel_sdk', 'cmake_prefix_path')
[1.121s] INFO:colcon.colcon_core.shell:Creating environment hook '/home/yt6/ros2_py_ws/install/dynamixel_sdk/share/dynamixel_sdk/hook/cmake_prefix_path.ps1'
[1.121s] INFO:colcon.colcon_core.shell:Creating environment descriptor '/home/yt6/ros2_py_ws/install/dynamixel_sdk/share/dynamixel_sdk/hook/cmake_prefix_path.dsv'
[1.121s] INFO:colcon.colcon_core.shell:Creating environment hook '/home/yt6/ros2_py_ws/install/dynamixel_sdk/share/dynamixel_sdk/hook/cmake_prefix_path.sh'
[1.122s] Level 1:colcon.colcon_core.environment:checking '/home/yt6/ros2_py_ws/install/dynamixel_sdk/lib'
[1.122s] Level 1:colcon.colcon_core.shell:create_environment_hook('dynamixel_sdk', 'ld_library_path_lib')
[1.122s] INFO:colcon.colcon_core.shell:Creating environment hook '/home/yt6/ros2_py_ws/install/dynamixel_sdk/share/dynamixel_sdk/hook/ld_library_path_lib.ps1'
[1.122s] INFO:colcon.colcon_core.shell:Creating environment descriptor '/home/yt6/ros2_py_ws/install/dynamixel_sdk/share/dynamixel_sdk/hook/ld_library_path_lib.dsv'
[1.123s] INFO:colcon.colcon_core.shell:Creating environment hook '/home/yt6/ros2_py_ws/install/dynamixel_sdk/share/dynamixel_sdk/hook/ld_library_path_lib.sh'
[1.123s] Level 1:colcon.colcon_core.environment:checking '/home/yt6/ros2_py_ws/install/dynamixel_sdk/bin'
[1.123s] Level 1:colcon.colcon_core.environment:checking '/home/yt6/ros2_py_ws/install/dynamixel_sdk/lib/pkgconfig/dynamixel_sdk.pc'
[1.123s] Level 1:colcon.colcon_core.environment:checking '/home/yt6/ros2_py_ws/install/dynamixel_sdk/lib/python3.8/site-packages'
[1.123s] Level 1:colcon.colcon_core.environment:checking '/home/yt6/ros2_py_ws/install/dynamixel_sdk/bin'
[1.124s] INFO:colcon.colcon_core.shell:Creating package script '/home/yt6/ros2_py_ws/install/dynamixel_sdk/share/dynamixel_sdk/package.ps1'
[1.124s] INFO:colcon.colcon_core.shell:Creating package descriptor '/home/yt6/ros2_py_ws/install/dynamixel_sdk/share/dynamixel_sdk/package.dsv'
[1.124s] INFO:colcon.colcon_core.shell:Creating package script '/home/yt6/ros2_py_ws/install/dynamixel_sdk/share/dynamixel_sdk/package.sh'
[1.125s] INFO:colcon.colcon_core.shell:Creating package script '/home/yt6/ros2_py_ws/install/dynamixel_sdk/share/dynamixel_sdk/package.bash'
[1.125s] INFO:colcon.colcon_core.shell:Creating package script '/home/yt6/ros2_py_ws/install/dynamixel_sdk/share/dynamixel_sdk/package.zsh'
[1.125s] Level 1:colcon.colcon_core.environment:create_file_with_runtime_dependencies(/home/yt6/ros2_py_ws/install/dynamixel_sdk/share/colcon-core/packages/dynamixel_sdk)
[1.148s] Level 1:colcon.colcon_core.environment:create_environment_scripts_only(dynamixel_sdk_custom_interfaces)
[1.149s] Level 1:colcon.colcon_core.environment:checking '/home/yt6/ros2_py_ws/install/dynamixel_sdk_custom_interfaces' for CMake module files
[1.149s] DEBUG:colcon.colcon_core.event_handler.log_command:Invoked command in '/home/yt6/ros2_py_ws/build/dynamixel_sdk_custom_interfaces' returned '0': CMAKE_PREFIX_PATH=${CMAKE_PREFIX_PATH}:/home/yt6/ros2_py_ws/install/my_vision_pkg:/home/yt6/ros2_py_ws/install/my_py_pkg:/home/yt6/ros2_py_ws/install/dynamixel_publisher:/home/yt6/ros2_py_ws/install/dynamixel_control:/opt/ros/humble /usr/bin/cmake --install /home/yt6/ros2_py_ws/build/dynamixel_sdk_custom_interfaces
[1.150s] Level 1:colcon.colcon_core.environment:checking '/home/yt6/ros2_py_ws/install/dynamixel_sdk_custom_interfaces' for CMake config files
[1.150s] Level 1:colcon.colcon_core.shell:create_environment_hook('dynamixel_sdk_custom_interfaces', 'cmake_prefix_path')
[1.150s] INFO:colcon.colcon_core.shell:Creating environment hook '/home/yt6/ros2_py_ws/install/dynamixel_sdk_custom_interfaces/share/dynamixel_sdk_custom_interfaces/hook/cmake_prefix_path.ps1'
[1.151s] INFO:colcon.colcon_core.shell:Creating environment descriptor '/home/yt6/ros2_py_ws/install/dynamixel_sdk_custom_interfaces/share/dynamixel_sdk_custom_interfaces/hook/cmake_prefix_path.dsv'
[1.151s] INFO:colcon.colcon_core.shell:Creating environment hook '/home/yt6/ros2_py_ws/install/dynamixel_sdk_custom_interfaces/share/dynamixel_sdk_custom_interfaces/hook/cmake_prefix_path.sh'
[1.151s] Level 1:colcon.colcon_core.environment:checking '/home/yt6/ros2_py_ws/install/dynamixel_sdk_custom_interfaces/lib'
[1.152s] Level 1:colcon.colcon_core.shell:create_environment_hook('dynamixel_sdk_custom_interfaces', 'ld_library_path_lib')
[1.152s] INFO:colcon.colcon_core.shell:Creating environment hook '/home/yt6/ros2_py_ws/install/dynamixel_sdk_custom_interfaces/share/dynamixel_sdk_custom_interfaces/hook/ld_library_path_lib.ps1'
[1.152s] INFO:colcon.colcon_core.shell:Creating environment descriptor '/home/yt6/ros2_py_ws/install/dynamixel_sdk_custom_interfaces/share/dynamixel_sdk_custom_interfaces/hook/ld_library_path_lib.dsv'
[1.152s] INFO:colcon.colcon_core.shell:Creating environment hook '/home/yt6/ros2_py_ws/install/dynamixel_sdk_custom_interfaces/share/dynamixel_sdk_custom_interfaces/hook/ld_library_path_lib.sh'
[1.153s] Level 1:colcon.colcon_core.environment:checking '/home/yt6/ros2_py_ws/install/dynamixel_sdk_custom_interfaces/bin'
[1.153s] Level 1:colcon.colcon_core.environment:checking '/home/yt6/ros2_py_ws/install/dynamixel_sdk_custom_interfaces/lib/pkgconfig/dynamixel_sdk_custom_interfaces.pc'
[1.153s] Level 1:colcon.colcon_core.environment:checking '/home/yt6/ros2_py_ws/install/dynamixel_sdk_custom_interfaces/lib/python3.8/site-packages'
[1.153s] Level 1:colcon.colcon_core.shell:create_environment_hook('dynamixel_sdk_custom_interfaces', 'pythonpath')
[1.153s] INFO:colcon.colcon_core.shell:Creating environment hook '/home/yt6/ros2_py_ws/install/dynamixel_sdk_custom_interfaces/share/dynamixel_sdk_custom_interfaces/hook/pythonpath.ps1'
[1.153s] INFO:colcon.colcon_core.shell:Creating environment descriptor '/home/yt6/ros2_py_ws/install/dynamixel_sdk_custom_interfaces/share/dynamixel_sdk_custom_interfaces/hook/pythonpath.dsv'
[1.154s] INFO:colcon.colcon_core.shell:Creating environment hook '/home/yt6/ros2_py_ws/install/dynamixel_sdk_custom_interfaces/share/dynamixel_sdk_custom_interfaces/hook/pythonpath.sh'
[1.154s] Level 1:colcon.colcon_core.environment:checking '/home/yt6/ros2_py_ws/install/dynamixel_sdk_custom_interfaces/bin'
[1.154s] INFO:colcon.colcon_core.shell:Creating package script '/home/yt6/ros2_py_ws/install/dynamixel_sdk_custom_interfaces/share/dynamixel_sdk_custom_interfaces/package.ps1'
[1.155s] INFO:colcon.colcon_core.shell:Creating package descriptor '/home/yt6/ros2_py_ws/install/dynamixel_sdk_custom_interfaces/share/dynamixel_sdk_custom_interfaces/package.dsv'
[1.155s] INFO:colcon.colcon_core.shell:Creating package script '/home/yt6/ros2_py_ws/install/dynamixel_sdk_custom_interfaces/share/dynamixel_sdk_custom_interfaces/package.sh'
[1.155s] INFO:colcon.colcon_core.shell:Creating package script '/home/yt6/ros2_py_ws/install/dynamixel_sdk_custom_interfaces/share/dynamixel_sdk_custom_interfaces/package.bash'
[1.155s] INFO:colcon.colcon_core.shell:Creating package script '/home/yt6/ros2_py_ws/install/dynamixel_sdk_custom_interfaces/share/dynamixel_sdk_custom_interfaces/package.zsh'
[1.156s] Level 1:colcon.colcon_core.environment:create_file_with_runtime_dependencies(/home/yt6/ros2_py_ws/install/dynamixel_sdk_custom_interfaces/share/colcon-core/packages/dynamixel_sdk_custom_interfaces)
[1.156s] Level 1:colcon.colcon_core.environment:create_environment_scripts_only(dynamixel_sdk_custom_interfaces)
[1.156s] Level 1:colcon.colcon_core.environment:checking '/home/yt6/ros2_py_ws/install/dynamixel_sdk_custom_interfaces' for CMake module files
[1.157s] Level 1:colcon.colcon_core.environment:checking '/home/yt6/ros2_py_ws/install/dynamixel_sdk_custom_interfaces' for CMake config files
[1.157s] Level 1:colcon.colcon_core.shell:create_environment_hook('dynamixel_sdk_custom_interfaces', 'cmake_prefix_path')
[1.157s] INFO:colcon.colcon_core.shell:Creating environment hook '/home/yt6/ros2_py_ws/install/dynamixel_sdk_custom_interfaces/share/dynamixel_sdk_custom_interfaces/hook/cmake_prefix_path.ps1'
[1.158s] INFO:colcon.colcon_core.shell:Creating environment descriptor '/home/yt6/ros2_py_ws/install/dynamixel_sdk_custom_interfaces/share/dynamixel_sdk_custom_interfaces/hook/cmake_prefix_path.dsv'
[1.158s] INFO:colcon.colcon_core.shell:Creating environment hook '/home/yt6/ros2_py_ws/install/dynamixel_sdk_custom_interfaces/share/dynamixel_sdk_custom_interfaces/hook/cmake_prefix_path.sh'
[1.158s] Level 1:colcon.colcon_core.environment:checking '/home/yt6/ros2_py_ws/install/dynamixel_sdk_custom_interfaces/lib'
[1.158s] Level 1:colcon.colcon_core.shell:create_environment_hook('dynamixel_sdk_custom_interfaces', 'ld_library_path_lib')
[1.158s] INFO:colcon.colcon_core.shell:Creating environment hook '/home/yt6/ros2_py_ws/install/dynamixel_sdk_custom_interfaces/share/dynamixel_sdk_custom_interfaces/hook/ld_library_path_lib.ps1'
[1.159s] INFO:colcon.colcon_core.shell:Creating environment descriptor '/home/yt6/ros2_py_ws/install/dynamixel_sdk_custom_interfaces/share/dynamixel_sdk_custom_interfaces/hook/ld_library_path_lib.dsv'
[1.159s] INFO:colcon.colcon_core.shell:Creating environment hook '/home/yt6/ros2_py_ws/install/dynamixel_sdk_custom_interfaces/share/dynamixel_sdk_custom_interfaces/hook/ld_library_path_lib.sh'
[1.159s] Level 1:colcon.colcon_core.environment:checking '/home/yt6/ros2_py_ws/install/dynamixel_sdk_custom_interfaces/bin'
[1.159s] Level 1:colcon.colcon_core.environment:checking '/home/yt6/ros2_py_ws/install/dynamixel_sdk_custom_interfaces/lib/pkgconfig/dynamixel_sdk_custom_interfaces.pc'
[1.159s] Level 1:colcon.colcon_core.environment:checking '/home/yt6/ros2_py_ws/install/dynamixel_sdk_custom_interfaces/lib/python3.8/site-packages'
[1.159s] Level 1:colcon.colcon_core.shell:create_environment_hook('dynamixel_sdk_custom_interfaces', 'pythonpath')
[1.159s] INFO:colcon.colcon_core.shell:Creating environment hook '/home/yt6/ros2_py_ws/install/dynamixel_sdk_custom_interfaces/share/dynamixel_sdk_custom_interfaces/hook/pythonpath.ps1'
[1.160s] INFO:colcon.colcon_core.shell:Creating environment descriptor '/home/yt6/ros2_py_ws/install/dynamixel_sdk_custom_interfaces/share/dynamixel_sdk_custom_interfaces/hook/pythonpath.dsv'
[1.160s] INFO:colcon.colcon_core.shell:Creating environment hook '/home/yt6/ros2_py_ws/install/dynamixel_sdk_custom_interfaces/share/dynamixel_sdk_custom_interfaces/hook/pythonpath.sh'
[1.160s] Level 1:colcon.colcon_core.environment:checking '/home/yt6/ros2_py_ws/install/dynamixel_sdk_custom_interfaces/bin'
[1.160s] INFO:colcon.colcon_core.shell:Creating package script '/home/yt6/ros2_py_ws/install/dynamixel_sdk_custom_interfaces/share/dynamixel_sdk_custom_interfaces/package.ps1'
[1.161s] INFO:colcon.colcon_core.shell:Creating package descriptor '/home/yt6/ros2_py_ws/install/dynamixel_sdk_custom_interfaces/share/dynamixel_sdk_custom_interfaces/package.dsv'
[1.161s] INFO:colcon.colcon_core.shell:Creating package script '/home/yt6/ros2_py_ws/install/dynamixel_sdk_custom_interfaces/share/dynamixel_sdk_custom_interfaces/package.sh'
[1.162s] INFO:colcon.colcon_core.shell:Creating package script '/home/yt6/ros2_py_ws/install/dynamixel_sdk_custom_interfaces/share/dynamixel_sdk_custom_interfaces/package.bash'
[1.162s] INFO:colcon.colcon_core.shell:Creating package script '/home/yt6/ros2_py_ws/install/dynamixel_sdk_custom_interfaces/share/dynamixel_sdk_custom_interfaces/package.zsh'
[1.162s] Level 1:colcon.colcon_core.environment:create_file_with_runtime_dependencies(/home/yt6/ros2_py_ws/install/dynamixel_sdk_custom_interfaces/share/colcon-core/packages/dynamixel_sdk_custom_interfaces)
[1.163s] INFO:colcon.colcon_ros.task.ament_python.build:Building ROS package in '/home/yt6/ros2_py_ws/src/dynamixel_control' with build type 'ament_python'
[1.163s] Level 1:colcon.colcon_core.shell:create_environment_hook('dynamixel_control', 'ament_prefix_path')
[1.163s] INFO:colcon.colcon_core.shell:Creating environment hook '/home/yt6/ros2_py_ws/install/dynamixel_control/share/dynamixel_control/hook/ament_prefix_path.ps1'
[1.163s] INFO:colcon.colcon_core.shell:Creating environment descriptor '/home/yt6/ros2_py_ws/install/dynamixel_control/share/dynamixel_control/hook/ament_prefix_path.dsv'
[1.164s] INFO:colcon.colcon_core.shell:Creating environment hook '/home/yt6/ros2_py_ws/install/dynamixel_control/share/dynamixel_control/hook/ament_prefix_path.sh'
[1.164s] INFO:colcon.colcon_core.shell:Skip shell extension 'powershell' for command environment: Not usable outside of PowerShell
[1.164s] DEBUG:colcon.colcon_core.shell:Skip shell extension 'dsv' for command environment
[1.169s] INFO:colcon.colcon_ros.task.ament_python.build:Building ROS package in '/home/yt6/ros2_py_ws/src/dynamixel_publisher' with build type 'ament_python'
[1.169s] Level 1:colcon.colcon_core.shell:create_environment_hook('dynamixel_publisher', 'ament_prefix_path')
[1.170s] INFO:colcon.colcon_core.shell:Creating environment hook '/home/yt6/ros2_py_ws/install/dynamixel_publisher/share/dynamixel_publisher/hook/ament_prefix_path.ps1'
[1.170s] INFO:colcon.colcon_core.shell:Creating environment descriptor '/home/yt6/ros2_py_ws/install/dynamixel_publisher/share/dynamixel_publisher/hook/ament_prefix_path.dsv'
[1.170s] INFO:colcon.colcon_core.shell:Creating environment hook '/home/yt6/ros2_py_ws/install/dynamixel_publisher/share/dynamixel_publisher/hook/ament_prefix_path.sh'
[1.171s] INFO:colcon.colcon_core.shell:Skip shell extension 'powershell' for command environment: Not usable outside of PowerShell
[1.171s] DEBUG:colcon.colcon_core.shell:Skip shell extension 'dsv' for command environment
[1.175s] INFO:colcon.colcon_ros.task.ament_cmake.build:Building ROS package in '/home/yt6/ros2_py_ws/src/DynamixelSDK/dynamixel_sdk_examples' with build type 'ament_cmake'
[1.176s] INFO:colcon.colcon_cmake.task.cmake.build:Building CMake package in '/home/yt6/ros2_py_ws/src/DynamixelSDK/dynamixel_sdk_examples'
[1.176s] INFO:colcon.colcon_core.shell:Skip shell extension 'powershell' for command environment: Not usable outside of PowerShell
[1.176s] DEBUG:colcon.colcon_core.shell:Skip shell extension 'dsv' for command environment
[1.384s] WARNING:colcon.colcon_ros.task.ament_python.build:Package 'dynamixel_control' doesn't explicitly install a marker in the package index (colcon-ros currently does it implicitly but that fallback will be removed in the future)
[1.384s] INFO:colcon.colcon_core.task.python.build:Building Python package in '/home/yt6/ros2_py_ws/src/dynamixel_control'
[1.384s] INFO:colcon.colcon_core.shell:Skip shell extension 'powershell' for command environment: Not usable outside of PowerShell
[1.384s] DEBUG:colcon.colcon_core.shell:Skip shell extension 'dsv' for command environment
[1.609s] INFO:colcon.colcon_core.task.python.build:Building Python package in '/home/yt6/ros2_py_ws/src/dynamixel_publisher'
[1.610s] INFO:colcon.colcon_core.shell:Skip shell extension 'powershell' for command environment: Not usable outside of PowerShell
[1.610s] DEBUG:colcon.colcon_core.shell:Skip shell extension 'dsv' for command environment
[1.622s] DEBUG:colcon.colcon_core.event_handler.log_command:Invoking command in '/home/yt6/ros2_py_ws/build/dynamixel_sdk_examples': CMAKE_PREFIX_PATH=/home/yt6/ros2_py_ws/install/dynamixel_sdk_custom_interfaces:/home/yt6/ros2_py_ws/install/dynamixel_sdk:/home/yt6/ros2_py_ws/install/dynamixel_sdk_examples:/home/yt6/ros2_py_ws/install/my_vision_pkg:/home/yt6/ros2_py_ws/install/my_py_pkg:/home/yt6/ros2_py_ws/install/dynamixel_publisher:/home/yt6/ros2_py_ws/install/dynamixel_control:/opt/ros/humble PYTHONPATH=/home/yt6/ros2_py_ws/install/dynamixel_sdk_custom_interfaces/lib/python3.8/site-packages:/home/yt6/ros2_py_ws/install/my_vision_pkg/lib/python3.8/site-packages:/home/yt6/ros2_py_ws/install/my_py_pkg/lib/python3.8/site-packages:/home/yt6/ros2_py_ws/install/dynamixel_publisher/lib/python3.8/site-packages:/home/yt6/ros2_py_ws/install/dynamixel_control/lib/python3.8/site-packages:/opt/ros/humble/lib/python3.8/site-packages /usr/bin/cmake --build /home/yt6/ros2_py_ws/build/dynamixel_sdk_examples -- -j16 -l16
[1.625s] DEBUG:colcon.colcon_core.event_handler.log_command:Invoking command in '/home/yt6/ros2_py_ws/src/my_py_pkg': PYTHONPATH=/home/yt6/ros2_py_ws/build/my_py_pkg/prefix_override:/usr/lib/python3/dist-packages/colcon_core/task/python/colcon_distutils_commands:/home/yt6/ros2_py_ws/install/my_py_pkg/lib/python3.8/site-packages:${PYTHONPATH} /usr/bin/python3 -W ignore:setup.py install is deprecated -W ignore:easy_install command is deprecated setup.py egg_info --egg-base ../../build/my_py_pkg build --build-base /home/yt6/ros2_py_ws/build/my_py_pkg/build install --record /home/yt6/ros2_py_ws/build/my_py_pkg/install.log --single-version-externally-managed install_data
[1.629s] DEBUG:colcon.colcon_core.event_handler.log_command:Invoking command in '/home/yt6/ros2_py_ws/src/my_vision_pkg': PYTHONPATH=/home/yt6/ros2_py_ws/build/my_vision_pkg/prefix_override:/usr/lib/python3/dist-packages/colcon_core/task/python/colcon_distutils_commands:/home/yt6/ros2_py_ws/install/my_vision_pkg/lib/python3.8/site-packages:${PYTHONPATH} /usr/bin/python3 -W ignore:setup.py install is deprecated -W ignore:easy_install command is deprecated setup.py egg_info --egg-base ../../build/my_vision_pkg build --build-base /home/yt6/ros2_py_ws/build/my_vision_pkg/build install --record /home/yt6/ros2_py_ws/build/my_vision_pkg/install.log --single-version-externally-managed install_data
[1.675s] DEBUG:colcon.colcon_core.event_handler.log_command:Invoked command in '/home/yt6/ros2_py_ws/build/dynamixel_sdk_examples' returned '0': CMAKE_PREFIX_PATH=/home/yt6/ros2_py_ws/install/dynamixel_sdk_custom_interfaces:/home/yt6/ros2_py_ws/install/dynamixel_sdk:/home/yt6/ros2_py_ws/install/dynamixel_sdk_examples:/home/yt6/ros2_py_ws/install/my_vision_pkg:/home/yt6/ros2_py_ws/install/my_py_pkg:/home/yt6/ros2_py_ws/install/dynamixel_publisher:/home/yt6/ros2_py_ws/install/dynamixel_control:/opt/ros/humble PYTHONPATH=/home/yt6/ros2_py_ws/install/dynamixel_sdk_custom_interfaces/lib/python3.8/site-packages:/home/yt6/ros2_py_ws/install/my_vision_pkg/lib/python3.8/site-packages:/home/yt6/ros2_py_ws/install/my_py_pkg/lib/python3.8/site-packages:/home/yt6/ros2_py_ws/install/dynamixel_publisher/lib/python3.8/site-packages:/home/yt6/ros2_py_ws/install/dynamixel_control/lib/python3.8/site-packages:/opt/ros/humble/lib/python3.8/site-packages /usr/bin/cmake --build /home/yt6/ros2_py_ws/build/dynamixel_sdk_examples -- -j16 -l16
[1.680s] DEBUG:colcon.colcon_core.event_handler.log_command:Invoking command in '/home/yt6/ros2_py_ws/build/dynamixel_sdk_examples': CMAKE_PREFIX_PATH=/home/yt6/ros2_py_ws/install/dynamixel_sdk_custom_interfaces:/home/yt6/ros2_py_ws/install/dynamixel_sdk:/home/yt6/ros2_py_ws/install/dynamixel_sdk_examples:/home/yt6/ros2_py_ws/install/my_vision_pkg:/home/yt6/ros2_py_ws/install/my_py_pkg:/home/yt6/ros2_py_ws/install/dynamixel_publisher:/home/yt6/ros2_py_ws/install/dynamixel_control:/opt/ros/humble PYTHONPATH=/home/yt6/ros2_py_ws/install/dynamixel_sdk_custom_interfaces/lib/python3.8/site-packages:/home/yt6/ros2_py_ws/install/my_vision_pkg/lib/python3.8/site-packages:/home/yt6/ros2_py_ws/install/my_py_pkg/lib/python3.8/site-packages:/home/yt6/ros2_py_ws/install/dynamixel_publisher/lib/python3.8/site-packages:/home/yt6/ros2_py_ws/install/dynamixel_control/lib/python3.8/site-packages:/opt/ros/humble/lib/python3.8/site-packages /usr/bin/cmake --install /home/yt6/ros2_py_ws/build/dynamixel_sdk_examples
[1.693s] Level 1:colcon.colcon_core.environment:create_environment_scripts_only(dynamixel_sdk_examples)
[1.694s] Level 1:colcon.colcon_core.environment:checking '/home/yt6/ros2_py_ws/install/dynamixel_sdk_examples' for CMake module files
[1.694s] DEBUG:colcon.colcon_core.event_handler.log_command:Invoked command in '/home/yt6/ros2_py_ws/build/dynamixel_sdk_examples' returned '0': CMAKE_PREFIX_PATH=/home/yt6/ros2_py_ws/install/dynamixel_sdk_custom_interfaces:/home/yt6/ros2_py_ws/install/dynamixel_sdk:/home/yt6/ros2_py_ws/install/dynamixel_sdk_examples:/home/yt6/ros2_py_ws/install/my_vision_pkg:/home/yt6/ros2_py_ws/install/my_py_pkg:/home/yt6/ros2_py_ws/install/dynamixel_publisher:/home/yt6/ros2_py_ws/install/dynamixel_control:/opt/ros/humble PYTHONPATH=/home/yt6/ros2_py_ws/install/dynamixel_sdk_custom_interfaces/lib/python3.8/site-packages:/home/yt6/ros2_py_ws/install/my_vision_pkg/lib/python3.8/site-packages:/home/yt6/ros2_py_ws/install/my_py_pkg/lib/python3.8/site-packages:/home/yt6/ros2_py_ws/install/dynamixel_publisher/lib/python3.8/site-packages:/home/yt6/ros2_py_ws/install/dynamixel_control/lib/python3.8/site-packages:/opt/ros/humble/lib/python3.8/site-packages /usr/bin/cmake --install /home/yt6/ros2_py_ws/build/dynamixel_sdk_examples
[1.695s] Level 1:colcon.colcon_core.environment:checking '/home/yt6/ros2_py_ws/install/dynamixel_sdk_examples' for CMake config files
[1.695s] Level 1:colcon.colcon_core.shell:create_environment_hook('dynamixel_sdk_examples', 'cmake_prefix_path')
[1.695s] INFO:colcon.colcon_core.shell:Creating environment hook '/home/yt6/ros2_py_ws/install/dynamixel_sdk_examples/share/dynamixel_sdk_examples/hook/cmake_prefix_path.ps1'
[1.696s] INFO:colcon.colcon_core.shell:Creating environment descriptor '/home/yt6/ros2_py_ws/install/dynamixel_sdk_examples/share/dynamixel_sdk_examples/hook/cmake_prefix_path.dsv'
[1.696s] INFO:colcon.colcon_core.shell:Creating environment hook '/home/yt6/ros2_py_ws/install/dynamixel_sdk_examples/share/dynamixel_sdk_examples/hook/cmake_prefix_path.sh'
[1.697s] Level 1:colcon.colcon_core.environment:checking '/home/yt6/ros2_py_ws/install/dynamixel_sdk_examples/lib'
[1.697s] Level 1:colcon.colcon_core.environment:checking '/home/yt6/ros2_py_ws/install/dynamixel_sdk_examples/bin'
[1.697s] Level 1:colcon.colcon_core.environment:checking '/home/yt6/ros2_py_ws/install/dynamixel_sdk_examples/lib/pkgconfig/dynamixel_sdk_examples.pc'
[1.697s] Level 1:colcon.colcon_core.environment:checking '/home/yt6/ros2_py_ws/install/dynamixel_sdk_examples/lib/python3.8/site-packages'
[1.697s] Level 1:colcon.colcon_core.environment:checking '/home/yt6/ros2_py_ws/install/dynamixel_sdk_examples/bin'
[1.698s] INFO:colcon.colcon_core.shell:Creating package script '/home/yt6/ros2_py_ws/install/dynamixel_sdk_examples/share/dynamixel_sdk_examples/package.ps1'
[1.698s] INFO:colcon.colcon_core.shell:Creating package descriptor '/home/yt6/ros2_py_ws/install/dynamixel_sdk_examples/share/dynamixel_sdk_examples/package.dsv'
[1.699s] INFO:colcon.colcon_core.shell:Creating package script '/home/yt6/ros2_py_ws/install/dynamixel_sdk_examples/share/dynamixel_sdk_examples/package.sh'
[1.699s] INFO:colcon.colcon_core.shell:Creating package script '/home/yt6/ros2_py_ws/install/dynamixel_sdk_examples/share/dynamixel_sdk_examples/package.bash'
[1.700s] INFO:colcon.colcon_core.shell:Creating package script '/home/yt6/ros2_py_ws/install/dynamixel_sdk_examples/share/dynamixel_sdk_examples/package.zsh'
[1.700s] Level 1:colcon.colcon_core.environment:create_file_with_runtime_dependencies(/home/yt6/ros2_py_ws/install/dynamixel_sdk_examples/share/colcon-core/packages/dynamixel_sdk_examples)
[1.701s] Level 1:colcon.colcon_core.environment:create_environment_scripts_only(dynamixel_sdk_examples)
[1.701s] Level 1:colcon.colcon_core.environment:checking '/home/yt6/ros2_py_ws/install/dynamixel_sdk_examples' for CMake module files
[1.702s] Level 1:colcon.colcon_core.environment:checking '/home/yt6/ros2_py_ws/install/dynamixel_sdk_examples' for CMake config files
[1.702s] Level 1:colcon.colcon_core.shell:create_environment_hook('dynamixel_sdk_examples', 'cmake_prefix_path')
[1.702s] INFO:colcon.colcon_core.shell:Creating environment hook '/home/yt6/ros2_py_ws/install/dynamixel_sdk_examples/share/dynamixel_sdk_examples/hook/cmake_prefix_path.ps1'
[1.702s] INFO:colcon.colcon_core.shell:Creating environment descriptor '/home/yt6/ros2_py_ws/install/dynamixel_sdk_examples/share/dynamixel_sdk_examples/hook/cmake_prefix_path.dsv'
[1.703s] INFO:colcon.colcon_core.shell:Creating environment hook '/home/yt6/ros2_py_ws/install/dynamixel_sdk_examples/share/dynamixel_sdk_examples/hook/cmake_prefix_path.sh'
[1.703s] Level 1:colcon.colcon_core.environment:checking '/home/yt6/ros2_py_ws/install/dynamixel_sdk_examples/lib'
[1.704s] Level 1:colcon.colcon_core.environment:checking '/home/yt6/ros2_py_ws/install/dynamixel_sdk_examples/bin'
[1.704s] Level 1:colcon.colcon_core.environment:checking '/home/yt6/ros2_py_ws/install/dynamixel_sdk_examples/lib/pkgconfig/dynamixel_sdk_examples.pc'
[1.704s] Level 1:colcon.colcon_core.environment:checking '/home/yt6/ros2_py_ws/install/dynamixel_sdk_examples/lib/python3.8/site-packages'
[1.704s] Level 1:colcon.colcon_core.environment:checking '/home/yt6/ros2_py_ws/install/dynamixel_sdk_examples/bin'
[1.704s] INFO:colcon.colcon_core.shell:Creating package script '/home/yt6/ros2_py_ws/install/dynamixel_sdk_examples/share/dynamixel_sdk_examples/package.ps1'
[1.705s] INFO:colcon.colcon_core.shell:Creating package descriptor '/home/yt6/ros2_py_ws/install/dynamixel_sdk_examples/share/dynamixel_sdk_examples/package.dsv'
[1.705s] INFO:colcon.colcon_core.shell:Creating package script '/home/yt6/ros2_py_ws/install/dynamixel_sdk_examples/share/dynamixel_sdk_examples/package.sh'
[1.706s] INFO:colcon.colcon_core.shell:Creating package script '/home/yt6/ros2_py_ws/install/dynamixel_sdk_examples/share/dynamixel_sdk_examples/package.bash'
[1.706s] INFO:colcon.colcon_core.shell:Creating package script '/home/yt6/ros2_py_ws/install/dynamixel_sdk_examples/share/dynamixel_sdk_examples/package.zsh'
[1.707s] Level 1:colcon.colcon_core.environment:create_file_with_runtime_dependencies(/home/yt6/ros2_py_ws/install/dynamixel_sdk_examples/share/colcon-core/packages/dynamixel_sdk_examples)
[1.918s] Level 1:colcon.colcon_core.environment:checking '/home/yt6/ros2_py_ws/install/my_py_pkg' for CMake module files
[1.919s] DEBUG:colcon.colcon_core.event_handler.log_command:Invoked command in '/home/yt6/ros2_py_ws/src/my_py_pkg' returned '0': PYTHONPATH=/home/yt6/ros2_py_ws/build/my_py_pkg/prefix_override:/usr/lib/python3/dist-packages/colcon_core/task/python/colcon_distutils_commands:/home/yt6/ros2_py_ws/install/my_py_pkg/lib/python3.8/site-packages:${PYTHONPATH} /usr/bin/python3 -W ignore:setup.py install is deprecated -W ignore:easy_install command is deprecated setup.py egg_info --egg-base ../../build/my_py_pkg build --build-base /home/yt6/ros2_py_ws/build/my_py_pkg/build install --record /home/yt6/ros2_py_ws/build/my_py_pkg/install.log --single-version-externally-managed install_data
[1.919s] Level 1:colcon.colcon_core.environment:checking '/home/yt6/ros2_py_ws/install/my_py_pkg' for CMake config files
[1.920s] Level 1:colcon.colcon_core.environment:checking '/home/yt6/ros2_py_ws/install/my_py_pkg/lib'
[1.920s] Level 1:colcon.colcon_core.environment:checking '/home/yt6/ros2_py_ws/install/my_py_pkg/bin'
[1.920s] Level 1:colcon.colcon_core.environment:checking '/home/yt6/ros2_py_ws/install/my_py_pkg/lib/pkgconfig/my_py_pkg.pc'
[1.920s] Level 1:colcon.colcon_core.environment:checking '/home/yt6/ros2_py_ws/install/my_py_pkg/lib/python3.8/site-packages'
[1.920s] Level 1:colcon.colcon_core.shell:create_environment_hook('my_py_pkg', 'pythonpath')
[1.920s] INFO:colcon.colcon_core.shell:Creating environment hook '/home/yt6/ros2_py_ws/install/my_py_pkg/share/my_py_pkg/hook/pythonpath.ps1'
[1.921s] INFO:colcon.colcon_core.shell:Creating environment descriptor '/home/yt6/ros2_py_ws/install/my_py_pkg/share/my_py_pkg/hook/pythonpath.dsv'
[1.921s] INFO:colcon.colcon_core.shell:Creating environment hook '/home/yt6/ros2_py_ws/install/my_py_pkg/share/my_py_pkg/hook/pythonpath.sh'
[1.922s] Level 1:colcon.colcon_core.environment:checking '/home/yt6/ros2_py_ws/install/my_py_pkg/bin'
[1.922s] Level 1:colcon.colcon_core.environment:create_environment_scripts_only(my_py_pkg)
[1.922s] INFO:colcon.colcon_core.shell:Creating package script '/home/yt6/ros2_py_ws/install/my_py_pkg/share/my_py_pkg/package.ps1'
[1.922s] INFO:colcon.colcon_core.shell:Creating package descriptor '/home/yt6/ros2_py_ws/install/my_py_pkg/share/my_py_pkg/package.dsv'
[1.923s] INFO:colcon.colcon_core.shell:Creating package script '/home/yt6/ros2_py_ws/install/my_py_pkg/share/my_py_pkg/package.sh'
[1.923s] INFO:colcon.colcon_core.shell:Creating package script '/home/yt6/ros2_py_ws/install/my_py_pkg/share/my_py_pkg/package.bash'
[1.923s] INFO:colcon.colcon_core.shell:Creating package script '/home/yt6/ros2_py_ws/install/my_py_pkg/share/my_py_pkg/package.zsh'
[1.923s] Level 1:colcon.colcon_core.environment:create_file_with_runtime_dependencies(/home/yt6/ros2_py_ws/install/my_py_pkg/share/colcon-core/packages/my_py_pkg)
[1.928s] Level 1:colcon.colcon_core.environment:checking '/home/yt6/ros2_py_ws/install/my_vision_pkg' for CMake module files
[1.928s] DEBUG:colcon.colcon_core.event_handler.log_command:Invoked command in '/home/yt6/ros2_py_ws/src/my_vision_pkg' returned '0': PYTHONPATH=/home/yt6/ros2_py_ws/build/my_vision_pkg/prefix_override:/usr/lib/python3/dist-packages/colcon_core/task/python/colcon_distutils_commands:/home/yt6/ros2_py_ws/install/my_vision_pkg/lib/python3.8/site-packages:${PYTHONPATH} /usr/bin/python3 -W ignore:setup.py install is deprecated -W ignore:easy_install command is deprecated setup.py egg_info --egg-base ../../build/my_vision_pkg build --build-base /home/yt6/ros2_py_ws/build/my_vision_pkg/build install --record /home/yt6/ros2_py_ws/build/my_vision_pkg/install.log --single-version-externally-managed install_data
[1.929s] Level 1:colcon.colcon_core.environment:checking '/home/yt6/ros2_py_ws/install/my_vision_pkg' for CMake config files
[1.929s] Level 1:colcon.colcon_core.environment:checking '/home/yt6/ros2_py_ws/install/my_vision_pkg/lib'
[1.929s] Level 1:colcon.colcon_core.environment:checking '/home/yt6/ros2_py_ws/install/my_vision_pkg/bin'
[1.929s] Level 1:colcon.colcon_core.environment:checking '/home/yt6/ros2_py_ws/install/my_vision_pkg/lib/pkgconfig/my_vision_pkg.pc'
[1.930s] Level 1:colcon.colcon_core.environment:checking '/home/yt6/ros2_py_ws/install/my_vision_pkg/lib/python3.8/site-packages'
[1.930s] Level 1:colcon.colcon_core.shell:create_environment_hook('my_vision_pkg', 'pythonpath')
[1.930s] INFO:colcon.colcon_core.shell:Creating environment hook '/home/yt6/ros2_py_ws/install/my_vision_pkg/share/my_vision_pkg/hook/pythonpath.ps1'
[1.931s] INFO:colcon.colcon_core.shell:Creating environment descriptor '/home/yt6/ros2_py_ws/install/my_vision_pkg/share/my_vision_pkg/hook/pythonpath.dsv'
[1.931s] INFO:colcon.colcon_core.shell:Creating environment hook '/home/yt6/ros2_py_ws/install/my_vision_pkg/share/my_vision_pkg/hook/pythonpath.sh'
[1.931s] Level 1:colcon.colcon_core.environment:checking '/home/yt6/ros2_py_ws/install/my_vision_pkg/bin'
[1.931s] Level 1:colcon.colcon_core.environment:create_environment_scripts_only(my_vision_pkg)
[1.931s] INFO:colcon.colcon_core.shell:Creating package script '/home/yt6/ros2_py_ws/install/my_vision_pkg/share/my_vision_pkg/package.ps1'
[1.932s] INFO:colcon.colcon_core.shell:Creating package descriptor '/home/yt6/ros2_py_ws/install/my_vision_pkg/share/my_vision_pkg/package.dsv'
[1.932s] INFO:colcon.colcon_core.shell:Creating package script '/home/yt6/ros2_py_ws/install/my_vision_pkg/share/my_vision_pkg/package.sh'
[1.933s] INFO:colcon.colcon_core.shell:Creating package script '/home/yt6/ros2_py_ws/install/my_vision_pkg/share/my_vision_pkg/package.bash'
[1.933s] INFO:colcon.colcon_core.shell:Creating package script '/home/yt6/ros2_py_ws/install/my_vision_pkg/share/my_vision_pkg/package.zsh'
[1.933s] Level 1:colcon.colcon_core.environment:create_file_with_runtime_dependencies(/home/yt6/ros2_py_ws/install/my_vision_pkg/share/colcon-core/packages/my_vision_pkg)
[2.006s] DEBUG:colcon.colcon_core.event_handler.log_command:Invoking command in '/home/yt6/ros2_py_ws/src/dynamixel_publisher': CMAKE_PREFIX_PATH=/home/yt6/ros2_py_ws/install/dynamixel_sdk_custom_interfaces:/home/yt6/ros2_py_ws/install/dynamixel_sdk:/home/yt6/ros2_py_ws/install/dynamixel_sdk_examples PYTHONPATH=/home/yt6/ros2_py_ws/build/dynamixel_publisher/prefix_override:/usr/lib/python3/dist-packages/colcon_core/task/python/colcon_distutils_commands:/home/yt6/ros2_py_ws/install/dynamixel_publisher/lib/python3.8/site-packages:/home/yt6/ros2_py_ws/install/dynamixel_sdk_custom_interfaces/lib/python3.8/site-packages:/home/yt6/ros2_py_ws/install/my_vision_pkg/lib/python3.8/site-packages:/home/yt6/ros2_py_ws/install/my_py_pkg/lib/python3.8/site-packages:/home/yt6/ros2_py_ws/install/dynamixel_publisher/lib/python3.8/site-packages:/home/yt6/ros2_py_ws/install/dynamixel_control/lib/python3.8/site-packages:/opt/ros/humble/lib/python3.8/site-packages /usr/bin/python3 -W ignore:setup.py install is deprecated -W ignore:easy_install command is deprecated setup.py egg_info --egg-base ../../build/dynamixel_publisher build --build-base /home/yt6/ros2_py_ws/build/dynamixel_publisher/build install --record /home/yt6/ros2_py_ws/build/dynamixel_publisher/install.log --single-version-externally-managed install_data
[2.026s] DEBUG:colcon.colcon_core.event_handler.log_command:Invoking command in '/home/yt6/ros2_py_ws/src/dynamixel_control': CMAKE_PREFIX_PATH=/home/yt6/ros2_py_ws/install/dynamixel_sdk_custom_interfaces:/home/yt6/ros2_py_ws/install/dynamixel_sdk:/home/yt6/ros2_py_ws/install/dynamixel_sdk_examples PYTHONPATH=/home/yt6/ros2_py_ws/build/dynamixel_control/prefix_override:/usr/lib/python3/dist-packages/colcon_core/task/python/colcon_distutils_commands:/home/yt6/ros2_py_ws/install/dynamixel_control/lib/python3.8/site-packages:/home/yt6/ros2_py_ws/install/dynamixel_sdk_custom_interfaces/lib/python3.8/site-packages:/home/yt6/ros2_py_ws/install/my_vision_pkg/lib/python3.8/site-packages:/home/yt6/ros2_py_ws/install/my_py_pkg/lib/python3.8/site-packages:/home/yt6/ros2_py_ws/install/dynamixel_publisher/lib/python3.8/site-packages:/home/yt6/ros2_py_ws/install/dynamixel_control/lib/python3.8/site-packages:/opt/ros/humble/lib/python3.8/site-packages /usr/bin/python3 -W ignore:setup.py install is deprecated -W ignore:easy_install command is deprecated setup.py egg_info --egg-base ../../build/dynamixel_control build --build-base /home/yt6/ros2_py_ws/build/dynamixel_control/build install --record /home/yt6/ros2_py_ws/build/dynamixel_control/install.log --single-version-externally-managed install_data
[2.296s] Level 1:colcon.colcon_core.environment:checking '/home/yt6/ros2_py_ws/install/dynamixel_publisher' for CMake module files
[2.297s] DEBUG:colcon.colcon_core.event_handler.log_command:Invoked command in '/home/yt6/ros2_py_ws/src/dynamixel_publisher' returned '0': CMAKE_PREFIX_PATH=/home/yt6/ros2_py_ws/install/dynamixel_sdk_custom_interfaces:/home/yt6/ros2_py_ws/install/dynamixel_sdk:/home/yt6/ros2_py_ws/install/dynamixel_sdk_examples PYTHONPATH=/home/yt6/ros2_py_ws/build/dynamixel_publisher/prefix_override:/usr/lib/python3/dist-packages/colcon_core/task/python/colcon_distutils_commands:/home/yt6/ros2_py_ws/install/dynamixel_publisher/lib/python3.8/site-packages:/home/yt6/ros2_py_ws/install/dynamixel_sdk_custom_interfaces/lib/python3.8/site-packages:/home/yt6/ros2_py_ws/install/my_vision_pkg/lib/python3.8/site-packages:/home/yt6/ros2_py_ws/install/my_py_pkg/lib/python3.8/site-packages:/home/yt6/ros2_py_ws/install/dynamixel_publisher/lib/python3.8/site-packages:/home/yt6/ros2_py_ws/install/dynamixel_control/lib/python3.8/site-packages:/opt/ros/humble/lib/python3.8/site-packages /usr/bin/python3 -W ignore:setup.py install is deprecated -W ignore:easy_install command is deprecated setup.py egg_info --egg-base ../../build/dynamixel_publisher build --build-base /home/yt6/ros2_py_ws/build/dynamixel_publisher/build install --record /home/yt6/ros2_py_ws/build/dynamixel_publisher/install.log --single-version-externally-managed install_data
[2.298s] Level 1:colcon.colcon_core.environment:checking '/home/yt6/ros2_py_ws/install/dynamixel_publisher' for CMake config files
[2.298s] Level 1:colcon.colcon_core.environment:checking '/home/yt6/ros2_py_ws/install/dynamixel_publisher/lib'
[2.298s] Level 1:colcon.colcon_core.environment:checking '/home/yt6/ros2_py_ws/install/dynamixel_publisher/bin'
[2.299s] Level 1:colcon.colcon_core.environment:checking '/home/yt6/ros2_py_ws/install/dynamixel_publisher/lib/pkgconfig/dynamixel_publisher.pc'
[2.299s] Level 1:colcon.colcon_core.environment:checking '/home/yt6/ros2_py_ws/install/dynamixel_publisher/lib/python3.8/site-packages'
[2.299s] Level 1:colcon.colcon_core.shell:create_environment_hook('dynamixel_publisher', 'pythonpath')
[2.299s] INFO:colcon.colcon_core.shell:Creating environment hook '/home/yt6/ros2_py_ws/install/dynamixel_publisher/share/dynamixel_publisher/hook/pythonpath.ps1'
[2.300s] INFO:colcon.colcon_core.shell:Creating environment descriptor '/home/yt6/ros2_py_ws/install/dynamixel_publisher/share/dynamixel_publisher/hook/pythonpath.dsv'
[2.300s] INFO:colcon.colcon_core.shell:Creating environment hook '/home/yt6/ros2_py_ws/install/dynamixel_publisher/share/dynamixel_publisher/hook/pythonpath.sh'
[2.301s] Level 1:colcon.colcon_core.environment:checking '/home/yt6/ros2_py_ws/install/dynamixel_publisher/bin'
[2.301s] Level 1:colcon.colcon_core.environment:create_environment_scripts_only(dynamixel_publisher)
[2.302s] INFO:colcon.colcon_core.shell:Creating package script '/home/yt6/ros2_py_ws/install/dynamixel_publisher/share/dynamixel_publisher/package.ps1'
[2.302s] INFO:colcon.colcon_core.shell:Creating package descriptor '/home/yt6/ros2_py_ws/install/dynamixel_publisher/share/dynamixel_publisher/package.dsv'
[2.303s] INFO:colcon.colcon_core.shell:Creating package script '/home/yt6/ros2_py_ws/install/dynamixel_publisher/share/dynamixel_publisher/package.sh'
[2.303s] INFO:colcon.colcon_core.shell:Creating package script '/home/yt6/ros2_py_ws/install/dynamixel_publisher/share/dynamixel_publisher/package.bash'
[2.303s] INFO:colcon.colcon_core.shell:Creating package script '/home/yt6/ros2_py_ws/install/dynamixel_publisher/share/dynamixel_publisher/package.zsh'
[2.303s] Level 1:colcon.colcon_core.environment:create_file_with_runtime_dependencies(/home/yt6/ros2_py_ws/install/dynamixel_publisher/share/colcon-core/packages/dynamixel_publisher)
[2.326s] Level 1:colcon.colcon_core.environment:checking '/home/yt6/ros2_py_ws/install/dynamixel_control' for CMake module files
[2.326s] DEBUG:colcon.colcon_core.event_handler.log_command:Invoked command in '/home/yt6/ros2_py_ws/src/dynamixel_control' returned '0': CMAKE_PREFIX_PATH=/home/yt6/ros2_py_ws/install/dynamixel_sdk_custom_interfaces:/home/yt6/ros2_py_ws/install/dynamixel_sdk:/home/yt6/ros2_py_ws/install/dynamixel_sdk_examples PYTHONPATH=/home/yt6/ros2_py_ws/build/dynamixel_control/prefix_override:/usr/lib/python3/dist-packages/colcon_core/task/python/colcon_distutils_commands:/home/yt6/ros2_py_ws/install/dynamixel_control/lib/python3.8/site-packages:/home/yt6/ros2_py_ws/install/dynamixel_sdk_custom_interfaces/lib/python3.8/site-packages:/home/yt6/ros2_py_ws/install/my_vision_pkg/lib/python3.8/site-packages:/home/yt6/ros2_py_ws/install/my_py_pkg/lib/python3.8/site-packages:/home/yt6/ros2_py_ws/install/dynamixel_publisher/lib/python3.8/site-packages:/home/yt6/ros2_py_ws/install/dynamixel_control/lib/python3.8/site-packages:/opt/ros/humble/lib/python3.8/site-packages /usr/bin/python3 -W ignore:setup.py install is deprecated -W ignore:easy_install command is deprecated setup.py egg_info --egg-base ../../build/dynamixel_control build --build-base /home/yt6/ros2_py_ws/build/dynamixel_control/build install --record /home/yt6/ros2_py_ws/build/dynamixel_control/install.log --single-version-externally-managed install_data
[2.326s] Level 1:colcon.colcon_core.environment:checking '/home/yt6/ros2_py_ws/install/dynamixel_control' for CMake config files
[2.327s] Level 1:colcon.colcon_core.environment:checking '/home/yt6/ros2_py_ws/install/dynamixel_control/lib'
[2.327s] Level 1:colcon.colcon_core.environment:checking '/home/yt6/ros2_py_ws/install/dynamixel_control/bin'
[2.327s] Level 1:colcon.colcon_core.environment:checking '/home/yt6/ros2_py_ws/install/dynamixel_control/lib/pkgconfig/dynamixel_control.pc'
[2.327s] Level 1:colcon.colcon_core.environment:checking '/home/yt6/ros2_py_ws/install/dynamixel_control/lib/python3.8/site-packages'
[2.327s] Level 1:colcon.colcon_core.shell:create_environment_hook('dynamixel_control', 'pythonpath')
[2.327s] INFO:colcon.colcon_core.shell:Creating environment hook '/home/yt6/ros2_py_ws/install/dynamixel_control/share/dynamixel_control/hook/pythonpath.ps1'
[2.328s] INFO:colcon.colcon_core.shell:Creating environment descriptor '/home/yt6/ros2_py_ws/install/dynamixel_control/share/dynamixel_control/hook/pythonpath.dsv'
[2.328s] INFO:colcon.colcon_core.shell:Creating environment hook '/home/yt6/ros2_py_ws/install/dynamixel_control/share/dynamixel_control/hook/pythonpath.sh'
[2.329s] Level 1:colcon.colcon_core.environment:checking '/home/yt6/ros2_py_ws/install/dynamixel_control/bin'
[2.329s] Level 1:colcon.colcon_core.environment:create_environment_scripts_only(dynamixel_control)
[2.329s] INFO:colcon.colcon_core.shell:Creating package script '/home/yt6/ros2_py_ws/install/dynamixel_control/share/dynamixel_control/package.ps1'
[2.330s] INFO:colcon.colcon_core.shell:Creating package descriptor '/home/yt6/ros2_py_ws/install/dynamixel_control/share/dynamixel_control/package.dsv'
[2.330s] INFO:colcon.colcon_core.shell:Creating package script '/home/yt6/ros2_py_ws/install/dynamixel_control/share/dynamixel_control/package.sh'
[2.331s] INFO:colcon.colcon_core.shell:Creating package script '/home/yt6/ros2_py_ws/install/dynamixel_control/share/dynamixel_control/package.bash'
[2.331s] INFO:colcon.colcon_core.shell:Creating package script '/home/yt6/ros2_py_ws/install/dynamixel_control/share/dynamixel_control/package.zsh'
[2.331s] Level 1:colcon.colcon_core.environment:create_file_with_runtime_dependencies(/home/yt6/ros2_py_ws/install/dynamixel_control/share/colcon-core/packages/dynamixel_control)
[2.332s] DEBUG:colcon.colcon_parallel_executor.executor.parallel:closing loop
[2.332s] DEBUG:colcon.colcon_parallel_executor.executor.parallel:loop closed
[2.332s] DEBUG:colcon.colcon_parallel_executor.executor.parallel:run_until_complete finished with '0'
[2.332s] DEBUG:colcon.colcon_core.event_reactor:joining thread
[2.339s] INFO:colcon.colcon_core.plugin_system:Skipping extension 'colcon_notification.desktop_notification.terminal_notifier': Not used on non-Darwin systems
[2.339s] INFO:colcon.colcon_core.plugin_system:Skipping extension 'colcon_notification.desktop_notification.win32': Not used on non-Windows systems
[2.339s] INFO:colcon.colcon_notification.desktop_notification:Sending desktop notification using 'notify2'
[2.351s] DEBUG:colcon.colcon_core.event_reactor:joined thread
[2.352s] INFO:colcon.colcon_core.shell:Creating prefix script '/home/yt6/ros2_py_ws/install/local_setup.ps1'
[2.353s] INFO:colcon.colcon_core.shell:Creating prefix util module '/home/yt6/ros2_py_ws/install/_local_setup_util_ps1.py'
[2.354s] INFO:colcon.colcon_core.shell:Creating prefix chain script '/home/yt6/ros2_py_ws/install/setup.ps1'
[2.356s] INFO:colcon.colcon_core.shell:Creating prefix script '/home/yt6/ros2_py_ws/install/local_setup.sh'
[2.356s] INFO:colcon.colcon_core.shell:Creating prefix util module '/home/yt6/ros2_py_ws/install/_local_setup_util_sh.py'
[2.357s] INFO:colcon.colcon_core.shell:Creating prefix chain script '/home/yt6/ros2_py_ws/install/setup.sh'
[2.358s] INFO:colcon.colcon_core.shell:Creating prefix script '/home/yt6/ros2_py_ws/install/local_setup.bash'
[2.358s] INFO:colcon.colcon_core.shell:Creating prefix chain script '/home/yt6/ros2_py_ws/install/setup.bash'
[2.359s] INFO:colcon.colcon_core.shell:Creating prefix script '/home/yt6/ros2_py_ws/install/local_setup.zsh'
[2.360s] INFO:colcon.colcon_core.shell:Creating prefix chain script '/home/yt6/ros2_py_ws/install/setup.zsh'
