[0.738s] Invoking command in '/home/tabatakenta/kikuchi_jikken/my_ros2/src/dynamixel_publisher': PYTHONPATH=/home/tabatakenta/kikuchi_jikken/my_ros2/build/dynamixel_publisher/prefix_override:/usr/lib/python3/dist-packages/colcon_core/task/python/colcon_distutils_commands:/home/tabatakenta/kikuchi_jikken/my_ros2/install/dynamixel_publisher/lib/python3.10/site-packages:${PYTHONPATH} /usr/bin/python3 -W ignore:setup.py install is deprecated -W ignore:easy_install command is deprecated setup.py egg_info --egg-base ../../build/dynamixel_publisher build --build-base /home/tabatakenta/kikuchi_jikken/my_ros2/build/dynamixel_publisher/build install --record /home/tabatakenta/kikuchi_jikken/my_ros2/build/dynamixel_publisher/install.log --single-version-externally-managed install_data
[0.850s] running egg_info
[0.851s] writing ../../build/dynamixel_publisher/dynamixel_publisher.egg-info/PKG-INFO
[0.851s] writing dependency_links to ../../build/dynamixel_publisher/dynamixel_publisher.egg-info/dependency_links.txt
[0.851s] writing entry points to ../../build/dynamixel_publisher/dynamixel_publisher.egg-info/entry_points.txt
[0.851s] writing requirements to ../../build/dynamixel_publisher/dynamixel_publisher.egg-info/requires.txt
[0.851s] writing top-level names to ../../build/dynamixel_publisher/dynamixel_publisher.egg-info/top_level.txt
[0.852s] reading manifest file '../../build/dynamixel_publisher/dynamixel_publisher.egg-info/SOURCES.txt'
[0.852s] writing manifest file '../../build/dynamixel_publisher/dynamixel_publisher.egg-info/SOURCES.txt'
[0.852s] running build
[0.852s] running build_py
[0.852s] running install
[0.853s] running install_lib
[0.853s] creating /home/tabatakenta/kikuchi_jikken/my_ros2/install/dynamixel_publisher/lib/python3.10/site-packages/dynamixel_publisher
[0.853s] copying /home/tabatakenta/kikuchi_jikken/my_ros2/build/dynamixel_publisher/build/lib/dynamixel_publisher/__init__.py -> /home/tabatakenta/kikuchi_jikken/my_ros2/install/dynamixel_publisher/lib/python3.10/site-packages/dynamixel_publisher
[0.853s] copying /home/tabatakenta/kikuchi_jikken/my_ros2/build/dynamixel_publisher/build/lib/dynamixel_publisher/dynamixel_current_node.py -> /home/tabatakenta/kikuchi_jikken/my_ros2/install/dynamixel_publisher/lib/python3.10/site-packages/dynamixel_publisher
[0.853s] copying /home/tabatakenta/kikuchi_jikken/my_ros2/build/dynamixel_publisher/build/lib/dynamixel_publisher/dynamixel_node.py -> /home/tabatakenta/kikuchi_jikken/my_ros2/install/dynamixel_publisher/lib/python3.10/site-packages/dynamixel_publisher
[0.853s] byte-compiling /home/tabatakenta/kikuchi_jikken/my_ros2/install/dynamixel_publisher/lib/python3.10/site-packages/dynamixel_publisher/__init__.py to __init__.cpython-310.pyc
[0.853s] byte-compiling /home/tabatakenta/kikuchi_jikken/my_ros2/install/dynamixel_publisher/lib/python3.10/site-packages/dynamixel_publisher/dynamixel_current_node.py to dynamixel_current_node.cpython-310.pyc
[0.854s] byte-compiling /home/tabatakenta/kikuchi_jikken/my_ros2/install/dynamixel_publisher/lib/python3.10/site-packages/dynamixel_publisher/dynamixel_node.py to dynamixel_node.cpython-310.pyc
[0.854s] running install_data
[0.854s] running install_egg_info
[0.855s] Copying ../../build/dynamixel_publisher/dynamixel_publisher.egg-info to /home/tabatakenta/kikuchi_jikken/my_ros2/install/dynamixel_publisher/lib/python3.10/site-packages/dynamixel_publisher-0.0.0-py3.10.egg-info
[0.855s] running install_scripts
[0.865s] Installing dynamixel_curremt_node script to /home/tabatakenta/kikuchi_jikken/my_ros2/install/dynamixel_publisher/lib/dynamixel_publisher
[0.865s] Installing dynamixel_node script to /home/tabatakenta/kikuchi_jikken/my_ros2/install/dynamixel_publisher/lib/dynamixel_publisher
[0.865s] Installing keyboard_current_publisher script to /home/tabatakenta/kikuchi_jikken/my_ros2/install/dynamixel_publisher/lib/dynamixel_publisher
[0.866s] writing list of installed files to '/home/tabatakenta/kikuchi_jikken/my_ros2/build/dynamixel_publisher/install.log'
[0.886s] Invoked command in '/home/tabatakenta/kikuchi_jikken/my_ros2/src/dynamixel_publisher' returned '0': PYTHONPATH=/home/tabatakenta/kikuchi_jikken/my_ros2/build/dynamixel_publisher/prefix_override:/usr/lib/python3/dist-packages/colcon_core/task/python/colcon_distutils_commands:/home/tabatakenta/kikuchi_jikken/my_ros2/install/dynamixel_publisher/lib/python3.10/site-packages:${PYTHONPATH} /usr/bin/python3 -W ignore:setup.py install is deprecated -W ignore:easy_install command is deprecated setup.py egg_info --egg-base ../../build/dynamixel_publisher build --build-base /home/tabatakenta/kikuchi_jikken/my_ros2/build/dynamixel_publisher/build install --record /home/tabatakenta/kikuchi_jikken/my_ros2/build/dynamixel_publisher/install.log --single-version-externally-managed install_data
