[0.712s] Invoking command in '/home/tabatakenta/kikuchi_jikken/my_ros2/src/my_py_pkg': PYTHONPATH=/home/tabatakenta/kikuchi_jikken/my_ros2/build/my_py_pkg/prefix_override:/usr/lib/python3/dist-packages/colcon_core/task/python/colcon_distutils_commands:/home/tabatakenta/kikuchi_jikken/my_ros2/install/my_py_pkg/lib/python3.10/site-packages:${PYTHONPATH} /usr/bin/python3 -W ignore:setup.py install is deprecated -W ignore:easy_install command is deprecated setup.py egg_info --egg-base ../../build/my_py_pkg build --build-base /home/tabatakenta/kikuchi_jikken/my_ros2/build/my_py_pkg/build install --record /home/tabatakenta/kikuchi_jikken/my_ros2/build/my_py_pkg/install.log --single-version-externally-managed install_data
[0.823s] running egg_info
[0.823s] writing ../../build/my_py_pkg/my_py_pkg.egg-info/PKG-INFO
[0.823s] writing dependency_links to ../../build/my_py_pkg/my_py_pkg.egg-info/dependency_links.txt
[0.823s] writing entry points to ../../build/my_py_pkg/my_py_pkg.egg-info/entry_points.txt
[0.823s] writing requirements to ../../build/my_py_pkg/my_py_pkg.egg-info/requires.txt
[0.823s] writing top-level names to ../../build/my_py_pkg/my_py_pkg.egg-info/top_level.txt
[0.824s] reading manifest file '../../build/my_py_pkg/my_py_pkg.egg-info/SOURCES.txt'
[0.825s] writing manifest file '../../build/my_py_pkg/my_py_pkg.egg-info/SOURCES.txt'
[0.825s] running build
[0.825s] running build_py
[0.825s] running install
[0.825s] running install_lib
[0.826s] byte-compiling /home/tabatakenta/kikuchi_jikken/my_ros2/install/my_py_pkg/lib/python3.10/site-packages/my_py_pkg/xarm_keyboard_control.py to xarm_keyboard_control.cpython-310.pyc
[0.826s] running install_data
[0.826s] running install_egg_info
[0.827s] removing '/home/tabatakenta/kikuchi_jikken/my_ros2/install/my_py_pkg/lib/python3.10/site-packages/my_py_pkg-0.0.0-py3.10.egg-info' (and everything under it)
[0.827s] Copying ../../build/my_py_pkg/my_py_pkg.egg-info to /home/tabatakenta/kikuchi_jikken/my_ros2/install/my_py_pkg/lib/python3.10/site-packages/my_py_pkg-0.0.0-py3.10.egg-info
[0.828s] running install_scripts
[0.837s] Installing listener script to /home/tabatakenta/kikuchi_jikken/my_ros2/install/my_py_pkg/lib/my_py_pkg
[0.837s] Installing publisher script to /home/tabatakenta/kikuchi_jikken/my_ros2/install/my_py_pkg/lib/my_py_pkg
[0.837s] Installing robotarm script to /home/tabatakenta/kikuchi_jikken/my_ros2/install/my_py_pkg/lib/my_py_pkg
[0.837s] Installing subscriber script to /home/tabatakenta/kikuchi_jikken/my_ros2/install/my_py_pkg/lib/my_py_pkg
[0.837s] Installing talker script to /home/tabatakenta/kikuchi_jikken/my_ros2/install/my_py_pkg/lib/my_py_pkg
[0.838s] writing list of installed files to '/home/tabatakenta/kikuchi_jikken/my_ros2/build/my_py_pkg/install.log'
[0.857s] Invoked command in '/home/tabatakenta/kikuchi_jikken/my_ros2/src/my_py_pkg' returned '0': PYTHONPATH=/home/tabatakenta/kikuchi_jikken/my_ros2/build/my_py_pkg/prefix_override:/usr/lib/python3/dist-packages/colcon_core/task/python/colcon_distutils_commands:/home/tabatakenta/kikuchi_jikken/my_ros2/install/my_py_pkg/lib/python3.10/site-packages:${PYTHONPATH} /usr/bin/python3 -W ignore:setup.py install is deprecated -W ignore:easy_install command is deprecated setup.py egg_info --egg-base ../../build/my_py_pkg build --build-base /home/tabatakenta/kikuchi_jikken/my_ros2/build/my_py_pkg/build install --record /home/tabatakenta/kikuchi_jikken/my_ros2/build/my_py_pkg/install.log --single-version-externally-managed install_data
