[0.031s] Invoking command in '/home/yt6/ros2_py_ws/build/dynamixel_sdk': CMAKE_PREFIX_PATH=/home/yt6/ros2_py_ws/src/my_vision_pkg/install/my_vision_pkg:/opt/ros/humble /usr/bin/cmake /home/yt6/ros2_py_ws/src/DynamixelSDK/dynamixel_sdk -DAMENT_CMAKE_SYMLINK_INSTALL=1 -DCMAKE_INSTALL_PREFIX=/home/yt6/ros2_py_ws/install/dynamixel_sdk
[0.463s] -- The C compiler identification is GNU 9.4.0
[0.464s] -- The CXX compiler identification is GNU 9.4.0
[0.464s] -- Detecting C compiler ABI info
[0.465s] -- Detecting C compiler ABI info - done
[0.465s] -- Check for working C compiler: /usr/bin/cc - skipped
[0.465s] -- Detecting C compile features
[0.465s] -- Detecting C compile features - done
[0.466s] -- Detecting CXX compiler ABI info
[0.466s] -- Detecting CXX compiler ABI info - done
[0.466s] -- Check for working CXX compiler: /usr/bin/c++ - skipped
[0.466s] -- Detecting CXX compile features
[0.466s] -- Detecting CXX compile features - done
[0.466s] -- Found ament_cmake: 1.3.9 (/opt/ros/humble/share/ament_cmake/cmake)
[0.468s] [0mCMake Deprecation Warning at CMakeLists.txt:4 (cmake_minimum_required):
[0.468s]   Compatibility with CMake < 3.10 will be removed from a future version of
[0.468s]   CMake.
[0.468s] 
[0.468s]   Update the VERSION argument <min> value.  Or, use the <min>...<max> syntax
[0.468s]   to tell CMake that the project requires at least <min> but has been updated
[0.468s]   to work with policies introduced by <max> or earlier.
[0.468s] 
[0.469s] [0m
[0.512s] -- Found Python3: /usr/bin/python3 (found version "3.8.10") found components: Interpreter
[0.564s] -- Override CMake install command with custom implementation using symlinks instead of copying resources
[0.653s] -- Configuring done (0.6s)
[0.661s] -- Generating done (0.0s)
[0.663s] -- Build files have been written to: /home/yt6/ros2_py_ws/build/dynamixel_sdk
[0.669s] Invoked command in '/home/yt6/ros2_py_ws/build/dynamixel_sdk' returned '0': CMAKE_PREFIX_PATH=/home/yt6/ros2_py_ws/src/my_vision_pkg/install/my_vision_pkg:/opt/ros/humble /usr/bin/cmake /home/yt6/ros2_py_ws/src/DynamixelSDK/dynamixel_sdk -DAMENT_CMAKE_SYMLINK_INSTALL=1 -DCMAKE_INSTALL_PREFIX=/home/yt6/ros2_py_ws/install/dynamixel_sdk
[0.672s] Invoking command in '/home/yt6/ros2_py_ws/build/dynamixel_sdk': CMAKE_PREFIX_PATH=/home/yt6/ros2_py_ws/src/my_vision_pkg/install/my_vision_pkg:/opt/ros/humble /usr/bin/cmake --build /home/yt6/ros2_py_ws/build/dynamixel_sdk -- -j16 -l16
[0.697s] [ 40%] [32mBuilding CXX object CMakeFiles/dynamixel_sdk.dir/src/dynamixel_sdk/group_sync_write.cpp.o[0m
[0.697s] [ 40%] [32mBuilding CXX object CMakeFiles/dynamixel_sdk.dir/src/dynamixel_sdk/protocol2_packet_handler.cpp.o[0m
[0.697s] [ 40%] [32mBuilding CXX object CMakeFiles/dynamixel_sdk.dir/src/dynamixel_sdk/packet_handler.cpp.o[0m
[0.697s] [ 40%] [32mBuilding CXX object CMakeFiles/dynamixel_sdk.dir/src/dynamixel_sdk/protocol1_packet_handler.cpp.o[0m
[0.697s] [ 50%] [32mBuilding CXX object CMakeFiles/dynamixel_sdk.dir/src/dynamixel_sdk/group_sync_read.cpp.o[0m
[0.697s] [ 60%] [32mBuilding CXX object CMakeFiles/dynamixel_sdk.dir/src/dynamixel_sdk/group_bulk_write.cpp.o[0m
[0.698s] [ 80%] [32mBuilding CXX object CMakeFiles/dynamixel_sdk.dir/src/dynamixel_sdk/group_bulk_read.cpp.o[0m
[0.698s] [ 70%] [32mBuilding CXX object CMakeFiles/dynamixel_sdk.dir/src/dynamixel_sdk/port_handler_linux.cpp.o[0m
[0.698s] [ 90%] [32mBuilding CXX object CMakeFiles/dynamixel_sdk.dir/src/dynamixel_sdk/port_handler.cpp.o[0m
[1.256s] [100%] [32m[1mLinking CXX shared library libdynamixel_sdk.so[0m
[1.313s] [100%] Built target dynamixel_sdk
