[0.068s] DEBUG:colcon:Command line arguments: ['/usr/bin/colcon', 'build']
[0.068s] DEBUG:colcon:Parsed command line arguments: Namespace(log_base=None, log_level=None, verb_name='build', build_base='build', install_base='install', merge_install=False, symlink_install=False, test_result_base=None, continue_on_error=False, executor='parallel', parallel_workers=24, event_handlers=None, ignore_user_meta=False, metas=['./colcon.meta'], base_paths=['.'], packages_ignore=None, packages_ignore_regex=None, paths=None, packages_up_to=None, packages_up_to_regex=None, packages_above=None, packages_above_and_dependencies=None, packages_above_depth=None, packages_select_by_dep=None, packages_skip_by_dep=None, packages_skip_up_to=None, packages_select_build_failed=False, packages_skip_build_finished=False, packages_select_test_failures=False, packages_skip_test_passed=False, packages_select=None, packages_skip=None, packages_select_regex=None, packages_skip_regex=None, packages_start=None, packages_end=None, allow_overriding=[], cmake_args=None, cmake_target=None, cmake_target_skip_unavailable=False, cmake_clean_cache=False, cmake_clean_first=False, cmake_force_configure=False, ament_cmake_args=None, catkin_cmake_args=None, catkin_skip_building_tests=False, mixin_files=None, mixin=None, verb_parser=<colcon_mixin.mixin.mixin_argument.MixinArgumentDecorator object at 0x77e761f501c0>, verb_extension=<colcon_core.verb.build.BuildVerb object at 0x77e762089120>, main=<bound method BuildVerb.main of <colcon_core.verb.build.BuildVerb object at 0x77e762089120>>, mixin_verb=('build',))
[0.153s] Level 1:colcon.colcon_core.package_discovery:discover_packages(colcon_meta) check parameters
[0.153s] Level 1:colcon.colcon_core.package_discovery:discover_packages(recursive) check parameters
[0.153s] Level 1:colcon.colcon_core.package_discovery:discover_packages(ignore) check parameters
[0.153s] Level 1:colcon.colcon_core.package_discovery:discover_packages(path) check parameters
[0.153s] Level 1:colcon.colcon_core.package_discovery:discover_packages(colcon_meta) discover
[0.153s] Level 1:colcon.colcon_core.package_discovery:discover_packages(recursive) discover
[0.153s] INFO:colcon.colcon_core.package_discovery:Crawling recursively for packages in '/home/tabatakenta/kikuchi_jikken/my_ros2'
[0.153s] Level 1:colcon.colcon_core.package_identification:_identify(.) by extensions ['ignore', 'ignore_ament_install']
[0.154s] Level 1:colcon.colcon_core.package_identification:_identify(.) by extension 'ignore'
[0.154s] Level 1:colcon.colcon_core.package_identification:_identify(.) by extension 'ignore_ament_install'
[0.154s] Level 1:colcon.colcon_core.package_identification:_identify(.) by extensions ['colcon_pkg']
[0.154s] Level 1:colcon.colcon_core.package_identification:_identify(.) by extension 'colcon_pkg'
[0.154s] Level 1:colcon.colcon_core.package_identification:_identify(.) by extensions ['colcon_meta']
[0.154s] Level 1:colcon.colcon_core.package_identification:_identify(.) by extension 'colcon_meta'
[0.154s] Level 1:colcon.colcon_core.package_identification:_identify(.) by extensions ['ros']
[0.154s] Level 1:colcon.colcon_core.package_identification:_identify(.) by extension 'ros'
[0.159s] Level 1:colcon.colcon_core.package_identification:_identify(.) by extensions ['cmake', 'python']
[0.159s] Level 1:colcon.colcon_core.package_identification:_identify(.) by extension 'cmake'
[0.159s] Level 1:colcon.colcon_core.package_identification:_identify(.) by extension 'python'
[0.159s] Level 1:colcon.colcon_core.package_identification:_identify(.) by extensions ['python_setup_py']
[0.160s] Level 1:colcon.colcon_core.package_identification:_identify(.) by extension 'python_setup_py'
[0.160s] Level 1:colcon.colcon_core.package_identification:_identify(build) by extensions ['ignore', 'ignore_ament_install']
[0.160s] Level 1:colcon.colcon_core.package_identification:_identify(build) by extension 'ignore'
[0.160s] Level 1:colcon.colcon_core.package_identification:_identify(build) ignored
[0.160s] Level 1:colcon.colcon_core.package_identification:_identify(install) by extensions ['ignore', 'ignore_ament_install']
[0.160s] Level 1:colcon.colcon_core.package_identification:_identify(install) by extension 'ignore'
[0.160s] Level 1:colcon.colcon_core.package_identification:_identify(install) ignored
[0.160s] Level 1:colcon.colcon_core.package_identification:_identify(log) by extensions ['ignore', 'ignore_ament_install']
[0.160s] Level 1:colcon.colcon_core.package_identification:_identify(log) by extension 'ignore'
[0.160s] Level 1:colcon.colcon_core.package_identification:_identify(log) ignored
[0.160s] Level 1:colcon.colcon_core.package_identification:_identify(pic) by extensions ['ignore', 'ignore_ament_install']
[0.160s] Level 1:colcon.colcon_core.package_identification:_identify(pic) by extension 'ignore'
[0.160s] Level 1:colcon.colcon_core.package_identification:_identify(pic) by extension 'ignore_ament_install'
[0.160s] Level 1:colcon.colcon_core.package_identification:_identify(pic) by extensions ['colcon_pkg']
[0.160s] Level 1:colcon.colcon_core.package_identification:_identify(pic) by extension 'colcon_pkg'
[0.160s] Level 1:colcon.colcon_core.package_identification:_identify(pic) by extensions ['colcon_meta']
[0.160s] Level 1:colcon.colcon_core.package_identification:_identify(pic) by extension 'colcon_meta'
[0.160s] Level 1:colcon.colcon_core.package_identification:_identify(pic) by extensions ['ros']
[0.160s] Level 1:colcon.colcon_core.package_identification:_identify(pic) by extension 'ros'
[0.160s] Level 1:colcon.colcon_core.package_identification:_identify(pic) by extensions ['cmake', 'python']
[0.160s] Level 1:colcon.colcon_core.package_identification:_identify(pic) by extension 'cmake'
[0.160s] Level 1:colcon.colcon_core.package_identification:_identify(pic) by extension 'python'
[0.160s] Level 1:colcon.colcon_core.package_identification:_identify(pic) by extensions ['python_setup_py']
[0.160s] Level 1:colcon.colcon_core.package_identification:_identify(pic) by extension 'python_setup_py'
[0.160s] Level 1:colcon.colcon_core.package_identification:_identify(src) by extensions ['ignore', 'ignore_ament_install']
[0.160s] Level 1:colcon.colcon_core.package_identification:_identify(src) by extension 'ignore'
[0.160s] Level 1:colcon.colcon_core.package_identification:_identify(src) by extension 'ignore_ament_install'
[0.160s] Level 1:colcon.colcon_core.package_identification:_identify(src) by extensions ['colcon_pkg']
[0.160s] Level 1:colcon.colcon_core.package_identification:_identify(src) by extension 'colcon_pkg'
[0.160s] Level 1:colcon.colcon_core.package_identification:_identify(src) by extensions ['colcon_meta']
[0.160s] Level 1:colcon.colcon_core.package_identification:_identify(src) by extension 'colcon_meta'
[0.160s] Level 1:colcon.colcon_core.package_identification:_identify(src) by extensions ['ros']
[0.160s] Level 1:colcon.colcon_core.package_identification:_identify(src) by extension 'ros'
[0.160s] Level 1:colcon.colcon_core.package_identification:_identify(src) by extensions ['cmake', 'python']
[0.160s] Level 1:colcon.colcon_core.package_identification:_identify(src) by extension 'cmake'
[0.160s] Level 1:colcon.colcon_core.package_identification:_identify(src) by extension 'python'
[0.160s] Level 1:colcon.colcon_core.package_identification:_identify(src) by extensions ['python_setup_py']
[0.160s] Level 1:colcon.colcon_core.package_identification:_identify(src) by extension 'python_setup_py'
[0.160s] Level 1:colcon.colcon_core.package_identification:_identify(src/DynamixelSDK) by extensions ['ignore', 'ignore_ament_install']
[0.160s] Level 1:colcon.colcon_core.package_identification:_identify(src/DynamixelSDK) by extension 'ignore'
[0.160s] Level 1:colcon.colcon_core.package_identification:_identify(src/DynamixelSDK) by extension 'ignore_ament_install'
[0.160s] Level 1:colcon.colcon_core.package_identification:_identify(src/DynamixelSDK) by extensions ['colcon_pkg']
[0.160s] Level 1:colcon.colcon_core.package_identification:_identify(src/DynamixelSDK) by extension 'colcon_pkg'
[0.160s] Level 1:colcon.colcon_core.package_identification:_identify(src/DynamixelSDK) by extensions ['colcon_meta']
[0.160s] Level 1:colcon.colcon_core.package_identification:_identify(src/DynamixelSDK) by extension 'colcon_meta'
[0.161s] Level 1:colcon.colcon_core.package_identification:_identify(src/DynamixelSDK) by extensions ['ros']
[0.161s] Level 1:colcon.colcon_core.package_identification:_identify(src/DynamixelSDK) by extension 'ros'
[0.161s] Level 1:colcon.colcon_core.package_identification:_identify(src/DynamixelSDK) by extensions ['cmake', 'python']
[0.161s] Level 1:colcon.colcon_core.package_identification:_identify(src/DynamixelSDK) by extension 'cmake'
[0.161s] Level 1:colcon.colcon_core.package_identification:_identify(src/DynamixelSDK) by extension 'python'
[0.161s] Level 1:colcon.colcon_core.package_identification:_identify(src/DynamixelSDK) by extensions ['python_setup_py']
[0.161s] Level 1:colcon.colcon_core.package_identification:_identify(src/DynamixelSDK) by extension 'python_setup_py'
[0.161s] Level 1:colcon.colcon_core.package_identification:_identify(src/build) by extensions ['ignore', 'ignore_ament_install']
[0.161s] Level 1:colcon.colcon_core.package_identification:_identify(src/build) by extension 'ignore'
[0.161s] Level 1:colcon.colcon_core.package_identification:_identify(src/build) ignored
[0.161s] Level 1:colcon.colcon_core.package_identification:_identify(src/dynamixel_control) by extensions ['ignore', 'ignore_ament_install']
[0.161s] Level 1:colcon.colcon_core.package_identification:_identify(src/dynamixel_control) by extension 'ignore'
[0.161s] Level 1:colcon.colcon_core.package_identification:_identify(src/dynamixel_control) by extension 'ignore_ament_install'
[0.161s] Level 1:colcon.colcon_core.package_identification:_identify(src/dynamixel_control) by extensions ['colcon_pkg']
[0.161s] Level 1:colcon.colcon_core.package_identification:_identify(src/dynamixel_control) by extension 'colcon_pkg'
[0.161s] Level 1:colcon.colcon_core.package_identification:_identify(src/dynamixel_control) by extensions ['colcon_meta']
[0.161s] Level 1:colcon.colcon_core.package_identification:_identify(src/dynamixel_control) by extension 'colcon_meta'
[0.161s] Level 1:colcon.colcon_core.package_identification:_identify(src/dynamixel_control) by extensions ['ros']
[0.161s] Level 1:colcon.colcon_core.package_identification:_identify(src/dynamixel_control) by extension 'ros'
[0.162s] DEBUG:colcon.colcon_core.package_identification:Package 'src/dynamixel_control' with type 'ros.ament_python' and name 'dynamixel_control'
[0.162s] Level 1:colcon.colcon_core.package_identification:_identify(src/dynamixel_publisher) by extensions ['ignore', 'ignore_ament_install']
[0.162s] Level 1:colcon.colcon_core.package_identification:_identify(src/dynamixel_publisher) by extension 'ignore'
[0.162s] Level 1:colcon.colcon_core.package_identification:_identify(src/dynamixel_publisher) by extension 'ignore_ament_install'
[0.162s] Level 1:colcon.colcon_core.package_identification:_identify(src/dynamixel_publisher) by extensions ['colcon_pkg']
[0.162s] Level 1:colcon.colcon_core.package_identification:_identify(src/dynamixel_publisher) by extension 'colcon_pkg'
[0.162s] Level 1:colcon.colcon_core.package_identification:_identify(src/dynamixel_publisher) by extensions ['colcon_meta']
[0.162s] Level 1:colcon.colcon_core.package_identification:_identify(src/dynamixel_publisher) by extension 'colcon_meta'
[0.162s] Level 1:colcon.colcon_core.package_identification:_identify(src/dynamixel_publisher) by extensions ['ros']
[0.162s] Level 1:colcon.colcon_core.package_identification:_identify(src/dynamixel_publisher) by extension 'ros'
[0.167s] DEBUG:colcon.colcon_core.package_identification:Package 'src/dynamixel_publisher' with type 'ros.ament_python' and name 'dynamixel_publisher'
[0.168s] Level 1:colcon.colcon_core.package_identification:_identify(src/install) by extensions ['ignore', 'ignore_ament_install']
[0.168s] Level 1:colcon.colcon_core.package_identification:_identify(src/install) by extension 'ignore'
[0.168s] Level 1:colcon.colcon_core.package_identification:_identify(src/install) ignored
[0.168s] Level 1:colcon.colcon_core.package_identification:_identify(src/log) by extensions ['ignore', 'ignore_ament_install']
[0.168s] Level 1:colcon.colcon_core.package_identification:_identify(src/log) by extension 'ignore'
[0.168s] Level 1:colcon.colcon_core.package_identification:_identify(src/log) ignored
[0.168s] Level 1:colcon.colcon_core.package_identification:_identify(src/my_py_pkg) by extensions ['ignore', 'ignore_ament_install']
[0.168s] Level 1:colcon.colcon_core.package_identification:_identify(src/my_py_pkg) by extension 'ignore'
[0.168s] Level 1:colcon.colcon_core.package_identification:_identify(src/my_py_pkg) by extension 'ignore_ament_install'
[0.168s] Level 1:colcon.colcon_core.package_identification:_identify(src/my_py_pkg) by extensions ['colcon_pkg']
[0.168s] Level 1:colcon.colcon_core.package_identification:_identify(src/my_py_pkg) by extension 'colcon_pkg'
[0.168s] Level 1:colcon.colcon_core.package_identification:_identify(src/my_py_pkg) by extensions ['colcon_meta']
[0.168s] Level 1:colcon.colcon_core.package_identification:_identify(src/my_py_pkg) by extension 'colcon_meta'
[0.168s] Level 1:colcon.colcon_core.package_identification:_identify(src/my_py_pkg) by extensions ['ros']
[0.168s] Level 1:colcon.colcon_core.package_identification:_identify(src/my_py_pkg) by extension 'ros'
[0.168s] DEBUG:colcon.colcon_core.package_identification:Package 'src/my_py_pkg' with type 'ros.ament_python' and name 'my_py_pkg'
[0.168s] Level 1:colcon.colcon_core.package_identification:_identify(src/my_vision_pkg) by extensions ['ignore', 'ignore_ament_install']
[0.168s] Level 1:colcon.colcon_core.package_identification:_identify(src/my_vision_pkg) by extension 'ignore'
[0.168s] Level 1:colcon.colcon_core.package_identification:_identify(src/my_vision_pkg) by extension 'ignore_ament_install'
[0.168s] Level 1:colcon.colcon_core.package_identification:_identify(src/my_vision_pkg) by extensions ['colcon_pkg']
[0.168s] Level 1:colcon.colcon_core.package_identification:_identify(src/my_vision_pkg) by extension 'colcon_pkg'
[0.168s] Level 1:colcon.colcon_core.package_identification:_identify(src/my_vision_pkg) by extensions ['colcon_meta']
[0.168s] Level 1:colcon.colcon_core.package_identification:_identify(src/my_vision_pkg) by extension 'colcon_meta'
[0.168s] Level 1:colcon.colcon_core.package_identification:_identify(src/my_vision_pkg) by extensions ['ros']
[0.168s] Level 1:colcon.colcon_core.package_identification:_identify(src/my_vision_pkg) by extension 'ros'
[0.169s] DEBUG:colcon.colcon_core.package_identification:Package 'src/my_vision_pkg' with type 'ros.ament_python' and name 'my_vision_pkg'
[0.169s] Level 1:colcon.colcon_core.package_discovery:discover_packages(recursive) using defaults
[0.169s] Level 1:colcon.colcon_core.package_discovery:discover_packages(ignore) discover
[0.169s] Level 1:colcon.colcon_core.package_discovery:discover_packages(ignore) using defaults
[0.169s] Level 1:colcon.colcon_core.package_discovery:discover_packages(path) discover
[0.169s] Level 1:colcon.colcon_core.package_discovery:discover_packages(path) using defaults
[0.179s] Level 1:colcon.colcon_core.package_discovery:discover_packages(prefix_path) check parameters
[0.179s] Level 1:colcon.colcon_core.package_discovery:discover_packages(prefix_path) discover
[0.181s] DEBUG:colcon.colcon_installed_package_information.package_discovery:Found 8 installed packages in /home/tabatakenta/kikuchi_jikken/my_ros2/install
[0.182s] DEBUG:colcon.colcon_installed_package_information.package_discovery:Found 51 installed packages in /home/tabatakenta/moveit2_ws/install
[0.183s] DEBUG:colcon.colcon_installed_package_information.package_discovery:Found 372 installed packages in /opt/ros/humble
[0.184s] Level 1:colcon.colcon_core.package_discovery:discover_packages(prefix_path) using defaults
[0.210s] Level 5:colcon.colcon_core.verb:set package 'dynamixel_control' build argument 'cmake_args' from command line to 'None'
[0.210s] Level 5:colcon.colcon_core.verb:set package 'dynamixel_control' build argument 'cmake_target' from command line to 'None'
[0.210s] Level 5:colcon.colcon_core.verb:set package 'dynamixel_control' build argument 'cmake_target_skip_unavailable' from command line to 'False'
[0.210s] Level 5:colcon.colcon_core.verb:set package 'dynamixel_control' build argument 'cmake_clean_cache' from command line to 'False'
[0.210s] Level 5:colcon.colcon_core.verb:set package 'dynamixel_control' build argument 'cmake_clean_first' from command line to 'False'
[0.210s] Level 5:colcon.colcon_core.verb:set package 'dynamixel_control' build argument 'cmake_force_configure' from command line to 'False'
[0.210s] Level 5:colcon.colcon_core.verb:set package 'dynamixel_control' build argument 'ament_cmake_args' from command line to 'None'
[0.210s] Level 5:colcon.colcon_core.verb:set package 'dynamixel_control' build argument 'catkin_cmake_args' from command line to 'None'
[0.210s] Level 5:colcon.colcon_core.verb:set package 'dynamixel_control' build argument 'catkin_skip_building_tests' from command line to 'False'
[0.210s] DEBUG:colcon.colcon_core.verb:Building package 'dynamixel_control' with the following arguments: {'ament_cmake_args': None, 'build_base': '/home/tabatakenta/kikuchi_jikken/my_ros2/build/dynamixel_control', 'catkin_cmake_args': None, 'catkin_skip_building_tests': False, 'cmake_args': None, 'cmake_clean_cache': False, 'cmake_clean_first': False, 'cmake_force_configure': False, 'cmake_target': None, 'cmake_target_skip_unavailable': False, 'install_base': '/home/tabatakenta/kikuchi_jikken/my_ros2/install/dynamixel_control', 'merge_install': False, 'path': '/home/tabatakenta/kikuchi_jikken/my_ros2/src/dynamixel_control', 'symlink_install': False, 'test_result_base': None}
[0.210s] Level 5:colcon.colcon_core.verb:set package 'dynamixel_publisher' build argument 'cmake_args' from command line to 'None'
[0.210s] Level 5:colcon.colcon_core.verb:set package 'dynamixel_publisher' build argument 'cmake_target' from command line to 'None'
[0.210s] Level 5:colcon.colcon_core.verb:set package 'dynamixel_publisher' build argument 'cmake_target_skip_unavailable' from command line to 'False'
[0.210s] Level 5:colcon.colcon_core.verb:set package 'dynamixel_publisher' build argument 'cmake_clean_cache' from command line to 'False'
[0.210s] Level 5:colcon.colcon_core.verb:set package 'dynamixel_publisher' build argument 'cmake_clean_first' from command line to 'False'
[0.210s] Level 5:colcon.colcon_core.verb:set package 'dynamixel_publisher' build argument 'cmake_force_configure' from command line to 'False'
[0.210s] Level 5:colcon.colcon_core.verb:set package 'dynamixel_publisher' build argument 'ament_cmake_args' from command line to 'None'
[0.210s] Level 5:colcon.colcon_core.verb:set package 'dynamixel_publisher' build argument 'catkin_cmake_args' from command line to 'None'
[0.210s] Level 5:colcon.colcon_core.verb:set package 'dynamixel_publisher' build argument 'catkin_skip_building_tests' from command line to 'False'
[0.210s] DEBUG:colcon.colcon_core.verb:Building package 'dynamixel_publisher' with the following arguments: {'ament_cmake_args': None, 'build_base': '/home/tabatakenta/kikuchi_jikken/my_ros2/build/dynamixel_publisher', 'catkin_cmake_args': None, 'catkin_skip_building_tests': False, 'cmake_args': None, 'cmake_clean_cache': False, 'cmake_clean_first': False, 'cmake_force_configure': False, 'cmake_target': None, 'cmake_target_skip_unavailable': False, 'install_base': '/home/tabatakenta/kikuchi_jikken/my_ros2/install/dynamixel_publisher', 'merge_install': False, 'path': '/home/tabatakenta/kikuchi_jikken/my_ros2/src/dynamixel_publisher', 'symlink_install': False, 'test_result_base': None}
[0.210s] Level 5:colcon.colcon_core.verb:set package 'my_py_pkg' build argument 'cmake_args' from command line to 'None'
[0.210s] Level 5:colcon.colcon_core.verb:set package 'my_py_pkg' build argument 'cmake_target' from command line to 'None'
[0.210s] Level 5:colcon.colcon_core.verb:set package 'my_py_pkg' build argument 'cmake_target_skip_unavailable' from command line to 'False'
[0.210s] Level 5:colcon.colcon_core.verb:set package 'my_py_pkg' build argument 'cmake_clean_cache' from command line to 'False'
[0.210s] Level 5:colcon.colcon_core.verb:set package 'my_py_pkg' build argument 'cmake_clean_first' from command line to 'False'
[0.210s] Level 5:colcon.colcon_core.verb:set package 'my_py_pkg' build argument 'cmake_force_configure' from command line to 'False'
[0.210s] Level 5:colcon.colcon_core.verb:set package 'my_py_pkg' build argument 'ament_cmake_args' from command line to 'None'
[0.210s] Level 5:colcon.colcon_core.verb:set package 'my_py_pkg' build argument 'catkin_cmake_args' from command line to 'None'
[0.210s] Level 5:colcon.colcon_core.verb:set package 'my_py_pkg' build argument 'catkin_skip_building_tests' from command line to 'False'
[0.210s] DEBUG:colcon.colcon_core.verb:Building package 'my_py_pkg' with the following arguments: {'ament_cmake_args': None, 'build_base': '/home/tabatakenta/kikuchi_jikken/my_ros2/build/my_py_pkg', 'catkin_cmake_args': None, 'catkin_skip_building_tests': False, 'cmake_args': None, 'cmake_clean_cache': False, 'cmake_clean_first': False, 'cmake_force_configure': False, 'cmake_target': None, 'cmake_target_skip_unavailable': False, 'install_base': '/home/tabatakenta/kikuchi_jikken/my_ros2/install/my_py_pkg', 'merge_install': False, 'path': '/home/tabatakenta/kikuchi_jikken/my_ros2/src/my_py_pkg', 'symlink_install': False, 'test_result_base': None}
[0.211s] Level 5:colcon.colcon_core.verb:set package 'my_vision_pkg' build argument 'cmake_args' from command line to 'None'
[0.211s] Level 5:colcon.colcon_core.verb:set package 'my_vision_pkg' build argument 'cmake_target' from command line to 'None'
[0.211s] Level 5:colcon.colcon_core.verb:set package 'my_vision_pkg' build argument 'cmake_target_skip_unavailable' from command line to 'False'
[0.211s] Level 5:colcon.colcon_core.verb:set package 'my_vision_pkg' build argument 'cmake_clean_cache' from command line to 'False'
[0.211s] Level 5:colcon.colcon_core.verb:set package 'my_vision_pkg' build argument 'cmake_clean_first' from command line to 'False'
[0.211s] Level 5:colcon.colcon_core.verb:set package 'my_vision_pkg' build argument 'cmake_force_configure' from command line to 'False'
[0.211s] Level 5:colcon.colcon_core.verb:set package 'my_vision_pkg' build argument 'ament_cmake_args' from command line to 'None'
[0.211s] Level 5:colcon.colcon_core.verb:set package 'my_vision_pkg' build argument 'catkin_cmake_args' from command line to 'None'
[0.211s] Level 5:colcon.colcon_core.verb:set package 'my_vision_pkg' build argument 'catkin_skip_building_tests' from command line to 'False'
[0.211s] DEBUG:colcon.colcon_core.verb:Building package 'my_vision_pkg' with the following arguments: {'ament_cmake_args': None, 'build_base': '/home/tabatakenta/kikuchi_jikken/my_ros2/build/my_vision_pkg', 'catkin_cmake_args': None, 'catkin_skip_building_tests': False, 'cmake_args': None, 'cmake_clean_cache': False, 'cmake_clean_first': False, 'cmake_force_configure': False, 'cmake_target': None, 'cmake_target_skip_unavailable': False, 'install_base': '/home/tabatakenta/kikuchi_jikken/my_ros2/install/my_vision_pkg', 'merge_install': False, 'path': '/home/tabatakenta/kikuchi_jikken/my_ros2/src/my_vision_pkg', 'symlink_install': False, 'test_result_base': None}
[0.211s] INFO:colcon.colcon_core.executor:Executing jobs using 'parallel' executor
[0.211s] DEBUG:colcon.colcon_parallel_executor.executor.parallel:run_until_complete
[0.211s] INFO:colcon.colcon_ros.task.ament_python.build:Building ROS package in '/home/tabatakenta/kikuchi_jikken/my_ros2/src/dynamixel_control' with build type 'ament_python'
[0.211s] Level 1:colcon.colcon_core.shell:create_environment_hook('dynamixel_control', 'ament_prefix_path')
[0.213s] INFO:colcon.colcon_core.plugin_system:Skipping extension 'colcon_core.shell.bat': Not used on non-Windows systems
[0.213s] INFO:colcon.colcon_core.shell:Creating environment hook '/home/tabatakenta/kikuchi_jikken/my_ros2/install/dynamixel_control/share/dynamixel_control/hook/ament_prefix_path.ps1'
[0.213s] INFO:colcon.colcon_core.shell:Creating environment descriptor '/home/tabatakenta/kikuchi_jikken/my_ros2/install/dynamixel_control/share/dynamixel_control/hook/ament_prefix_path.dsv'
[0.213s] INFO:colcon.colcon_core.shell:Creating environment hook '/home/tabatakenta/kikuchi_jikken/my_ros2/install/dynamixel_control/share/dynamixel_control/hook/ament_prefix_path.sh'
[0.214s] INFO:colcon.colcon_core.shell:Skip shell extension 'powershell' for command environment: Not usable outside of PowerShell
[0.214s] DEBUG:colcon.colcon_core.shell:Skip shell extension 'dsv' for command environment
[0.218s] INFO:colcon.colcon_ros.task.ament_python.build:Building ROS package in '/home/tabatakenta/kikuchi_jikken/my_ros2/src/dynamixel_publisher' with build type 'ament_python'
[0.218s] Level 1:colcon.colcon_core.shell:create_environment_hook('dynamixel_publisher', 'ament_prefix_path')
[0.218s] INFO:colcon.colcon_core.shell:Creating environment hook '/home/tabatakenta/kikuchi_jikken/my_ros2/install/dynamixel_publisher/share/dynamixel_publisher/hook/ament_prefix_path.ps1'
[0.218s] INFO:colcon.colcon_core.shell:Creating environment descriptor '/home/tabatakenta/kikuchi_jikken/my_ros2/install/dynamixel_publisher/share/dynamixel_publisher/hook/ament_prefix_path.dsv'
[0.218s] INFO:colcon.colcon_core.shell:Creating environment hook '/home/tabatakenta/kikuchi_jikken/my_ros2/install/dynamixel_publisher/share/dynamixel_publisher/hook/ament_prefix_path.sh'
[0.219s] INFO:colcon.colcon_core.shell:Skip shell extension 'powershell' for command environment: Not usable outside of PowerShell
[0.219s] DEBUG:colcon.colcon_core.shell:Skip shell extension 'dsv' for command environment
[0.223s] INFO:colcon.colcon_ros.task.ament_python.build:Building ROS package in '/home/tabatakenta/kikuchi_jikken/my_ros2/src/my_py_pkg' with build type 'ament_python'
[0.223s] Level 1:colcon.colcon_core.shell:create_environment_hook('my_py_pkg', 'ament_prefix_path')
[0.223s] INFO:colcon.colcon_core.shell:Creating environment hook '/home/tabatakenta/kikuchi_jikken/my_ros2/install/my_py_pkg/share/my_py_pkg/hook/ament_prefix_path.ps1'
[0.223s] INFO:colcon.colcon_core.shell:Creating environment descriptor '/home/tabatakenta/kikuchi_jikken/my_ros2/install/my_py_pkg/share/my_py_pkg/hook/ament_prefix_path.dsv'
[0.223s] INFO:colcon.colcon_core.shell:Creating environment hook '/home/tabatakenta/kikuchi_jikken/my_ros2/install/my_py_pkg/share/my_py_pkg/hook/ament_prefix_path.sh'
[0.223s] INFO:colcon.colcon_core.shell:Skip shell extension 'powershell' for command environment: Not usable outside of PowerShell
[0.223s] DEBUG:colcon.colcon_core.shell:Skip shell extension 'dsv' for command environment
[0.227s] INFO:colcon.colcon_ros.task.ament_python.build:Building ROS package in '/home/tabatakenta/kikuchi_jikken/my_ros2/src/my_vision_pkg' with build type 'ament_python'
[0.227s] Level 1:colcon.colcon_core.shell:create_environment_hook('my_vision_pkg', 'ament_prefix_path')
[0.227s] INFO:colcon.colcon_core.shell:Creating environment hook '/home/tabatakenta/kikuchi_jikken/my_ros2/install/my_vision_pkg/share/my_vision_pkg/hook/ament_prefix_path.ps1'
[0.228s] INFO:colcon.colcon_core.shell:Creating environment descriptor '/home/tabatakenta/kikuchi_jikken/my_ros2/install/my_vision_pkg/share/my_vision_pkg/hook/ament_prefix_path.dsv'
[0.228s] INFO:colcon.colcon_core.shell:Creating environment hook '/home/tabatakenta/kikuchi_jikken/my_ros2/install/my_vision_pkg/share/my_vision_pkg/hook/ament_prefix_path.sh'
[0.228s] INFO:colcon.colcon_core.shell:Skip shell extension 'powershell' for command environment: Not usable outside of PowerShell
[0.228s] DEBUG:colcon.colcon_core.shell:Skip shell extension 'dsv' for command environment
[0.364s] WARNING:colcon.colcon_ros.task.ament_python.build:Package 'dynamixel_control' doesn't explicitly install a marker in the package index (colcon-ros currently does it implicitly but that fallback will be removed in the future)
[0.364s] INFO:colcon.colcon_core.task.python.build:Building Python package in '/home/tabatakenta/kikuchi_jikken/my_ros2/src/dynamixel_control'
[0.364s] INFO:colcon.colcon_core.shell:Skip shell extension 'powershell' for command environment: Not usable outside of PowerShell
[0.364s] DEBUG:colcon.colcon_core.shell:Skip shell extension 'dsv' for command environment
[0.500s] INFO:colcon.colcon_core.task.python.build:Building Python package in '/home/tabatakenta/kikuchi_jikken/my_ros2/src/dynamixel_publisher'
[0.500s] INFO:colcon.colcon_core.shell:Skip shell extension 'powershell' for command environment: Not usable outside of PowerShell
[0.500s] DEBUG:colcon.colcon_core.shell:Skip shell extension 'dsv' for command environment
[0.634s] INFO:colcon.colcon_core.task.python.build:Building Python package in '/home/tabatakenta/kikuchi_jikken/my_ros2/src/my_py_pkg'
[0.635s] INFO:colcon.colcon_core.shell:Skip shell extension 'powershell' for command environment: Not usable outside of PowerShell
[0.635s] DEBUG:colcon.colcon_core.shell:Skip shell extension 'dsv' for command environment
[0.766s] INFO:colcon.colcon_core.task.python.build:Building Python package in '/home/tabatakenta/kikuchi_jikken/my_ros2/src/my_vision_pkg'
[0.766s] INFO:colcon.colcon_core.shell:Skip shell extension 'powershell' for command environment: Not usable outside of PowerShell
[0.766s] DEBUG:colcon.colcon_core.shell:Skip shell extension 'dsv' for command environment
[0.938s] DEBUG:colcon.colcon_core.event_handler.log_command:Invoking command in '/home/tabatakenta/kikuchi_jikken/my_ros2/src/dynamixel_control': PYTHONPATH=/home/tabatakenta/kikuchi_jikken/my_ros2/build/dynamixel_control/prefix_override:/usr/lib/python3/dist-packages/colcon_core/task/python/colcon_distutils_commands:/home/tabatakenta/kikuchi_jikken/my_ros2/install/dynamixel_control/lib/python3.10/site-packages:${PYTHONPATH} /usr/bin/python3 -W ignore:setup.py install is deprecated -W ignore:easy_install command is deprecated setup.py egg_info --egg-base ../../build/dynamixel_control build --build-base /home/tabatakenta/kikuchi_jikken/my_ros2/build/dynamixel_control/build install --record /home/tabatakenta/kikuchi_jikken/my_ros2/build/dynamixel_control/install.log --single-version-externally-managed install_data
[0.942s] DEBUG:colcon.colcon_core.event_handler.log_command:Invoking command in '/home/tabatakenta/kikuchi_jikken/my_ros2/src/my_vision_pkg': PYTHONPATH=/home/tabatakenta/kikuchi_jikken/my_ros2/build/my_vision_pkg/prefix_override:/usr/lib/python3/dist-packages/colcon_core/task/python/colcon_distutils_commands:/home/tabatakenta/kikuchi_jikken/my_ros2/install/my_vision_pkg/lib/python3.10/site-packages:${PYTHONPATH} /usr/bin/python3 -W ignore:setup.py install is deprecated -W ignore:easy_install command is deprecated setup.py egg_info --egg-base ../../build/my_vision_pkg build --build-base /home/tabatakenta/kikuchi_jikken/my_ros2/build/my_vision_pkg/build install --record /home/tabatakenta/kikuchi_jikken/my_ros2/build/my_vision_pkg/install.log --single-version-externally-managed install_data
[0.950s] DEBUG:colcon.colcon_core.event_handler.log_command:Invoking command in '/home/tabatakenta/kikuchi_jikken/my_ros2/src/dynamixel_publisher': PYTHONPATH=/home/tabatakenta/kikuchi_jikken/my_ros2/build/dynamixel_publisher/prefix_override:/usr/lib/python3/dist-packages/colcon_core/task/python/colcon_distutils_commands:/home/tabatakenta/kikuchi_jikken/my_ros2/install/dynamixel_publisher/lib/python3.10/site-packages:${PYTHONPATH} /usr/bin/python3 -W ignore:setup.py install is deprecated -W ignore:easy_install command is deprecated setup.py egg_info --egg-base ../../build/dynamixel_publisher build --build-base /home/tabatakenta/kikuchi_jikken/my_ros2/build/dynamixel_publisher/build install --record /home/tabatakenta/kikuchi_jikken/my_ros2/build/dynamixel_publisher/install.log --single-version-externally-managed install_data
[0.951s] DEBUG:colcon.colcon_core.event_handler.log_command:Invoking command in '/home/tabatakenta/kikuchi_jikken/my_ros2/src/my_py_pkg': PYTHONPATH=/home/tabatakenta/kikuchi_jikken/my_ros2/build/my_py_pkg/prefix_override:/usr/lib/python3/dist-packages/colcon_core/task/python/colcon_distutils_commands:/home/tabatakenta/kikuchi_jikken/my_ros2/install/my_py_pkg/lib/python3.10/site-packages:${PYTHONPATH} /usr/bin/python3 -W ignore:setup.py install is deprecated -W ignore:easy_install command is deprecated setup.py egg_info --egg-base ../../build/my_py_pkg build --build-base /home/tabatakenta/kikuchi_jikken/my_ros2/build/my_py_pkg/build install --record /home/tabatakenta/kikuchi_jikken/my_ros2/build/my_py_pkg/install.log --single-version-externally-managed install_data
[1.077s] DEBUG:colcon.colcon_core.event_handler.log_command:Invoked command in '/home/tabatakenta/kikuchi_jikken/my_ros2/src/dynamixel_control' returned '0': PYTHONPATH=/home/tabatakenta/kikuchi_jikken/my_ros2/build/dynamixel_control/prefix_override:/usr/lib/python3/dist-packages/colcon_core/task/python/colcon_distutils_commands:/home/tabatakenta/kikuchi_jikken/my_ros2/install/dynamixel_control/lib/python3.10/site-packages:${PYTHONPATH} /usr/bin/python3 -W ignore:setup.py install is deprecated -W ignore:easy_install command is deprecated setup.py egg_info --egg-base ../../build/dynamixel_control build --build-base /home/tabatakenta/kikuchi_jikken/my_ros2/build/dynamixel_control/build install --record /home/tabatakenta/kikuchi_jikken/my_ros2/build/dynamixel_control/install.log --single-version-externally-managed install_data
[1.078s] Level 1:colcon.colcon_core.environment:checking '/home/tabatakenta/kikuchi_jikken/my_ros2/install/dynamixel_control' for CMake module files
[1.078s] Level 1:colcon.colcon_core.environment:checking '/home/tabatakenta/kikuchi_jikken/my_ros2/install/dynamixel_control' for CMake config files
[1.079s] Level 1:colcon.colcon_core.environment:checking '/home/tabatakenta/kikuchi_jikken/my_ros2/install/dynamixel_control/lib'
[1.079s] Level 1:colcon.colcon_core.environment:checking '/home/tabatakenta/kikuchi_jikken/my_ros2/install/dynamixel_control/bin'
[1.079s] Level 1:colcon.colcon_core.environment:checking '/home/tabatakenta/kikuchi_jikken/my_ros2/install/dynamixel_control/lib/pkgconfig/dynamixel_control.pc'
[1.079s] Level 1:colcon.colcon_core.environment:checking '/home/tabatakenta/kikuchi_jikken/my_ros2/install/dynamixel_control/lib/python3.10/site-packages'
[1.079s] Level 1:colcon.colcon_core.shell:create_environment_hook('dynamixel_control', 'pythonpath')
[1.079s] INFO:colcon.colcon_core.shell:Creating environment hook '/home/tabatakenta/kikuchi_jikken/my_ros2/install/dynamixel_control/share/dynamixel_control/hook/pythonpath.ps1'
[1.079s] INFO:colcon.colcon_core.shell:Creating environment descriptor '/home/tabatakenta/kikuchi_jikken/my_ros2/install/dynamixel_control/share/dynamixel_control/hook/pythonpath.dsv'
[1.080s] INFO:colcon.colcon_core.shell:Creating environment hook '/home/tabatakenta/kikuchi_jikken/my_ros2/install/dynamixel_control/share/dynamixel_control/hook/pythonpath.sh'
[1.080s] Level 1:colcon.colcon_core.environment:checking '/home/tabatakenta/kikuchi_jikken/my_ros2/install/dynamixel_control/bin'
[1.080s] Level 1:colcon.colcon_core.environment:create_environment_scripts_only(dynamixel_control)
[1.080s] INFO:colcon.colcon_core.shell:Creating package script '/home/tabatakenta/kikuchi_jikken/my_ros2/install/dynamixel_control/share/dynamixel_control/package.ps1'
[1.081s] INFO:colcon.colcon_core.shell:Creating package descriptor '/home/tabatakenta/kikuchi_jikken/my_ros2/install/dynamixel_control/share/dynamixel_control/package.dsv'
[1.081s] INFO:colcon.colcon_core.shell:Creating package script '/home/tabatakenta/kikuchi_jikken/my_ros2/install/dynamixel_control/share/dynamixel_control/package.sh'
[1.081s] INFO:colcon.colcon_core.shell:Creating package script '/home/tabatakenta/kikuchi_jikken/my_ros2/install/dynamixel_control/share/dynamixel_control/package.bash'
[1.082s] INFO:colcon.colcon_core.shell:Creating package script '/home/tabatakenta/kikuchi_jikken/my_ros2/install/dynamixel_control/share/dynamixel_control/package.zsh'
[1.082s] Level 1:colcon.colcon_core.environment:create_file_with_runtime_dependencies(/home/tabatakenta/kikuchi_jikken/my_ros2/install/dynamixel_control/share/colcon-core/packages/dynamixel_control)
[1.083s] Level 1:colcon.colcon_core.environment:checking '/home/tabatakenta/kikuchi_jikken/my_ros2/install/my_vision_pkg' for CMake module files
[1.083s] DEBUG:colcon.colcon_core.event_handler.log_command:Invoked command in '/home/tabatakenta/kikuchi_jikken/my_ros2/src/my_vision_pkg' returned '0': PYTHONPATH=/home/tabatakenta/kikuchi_jikken/my_ros2/build/my_vision_pkg/prefix_override:/usr/lib/python3/dist-packages/colcon_core/task/python/colcon_distutils_commands:/home/tabatakenta/kikuchi_jikken/my_ros2/install/my_vision_pkg/lib/python3.10/site-packages:${PYTHONPATH} /usr/bin/python3 -W ignore:setup.py install is deprecated -W ignore:easy_install command is deprecated setup.py egg_info --egg-base ../../build/my_vision_pkg build --build-base /home/tabatakenta/kikuchi_jikken/my_ros2/build/my_vision_pkg/build install --record /home/tabatakenta/kikuchi_jikken/my_ros2/build/my_vision_pkg/install.log --single-version-externally-managed install_data
[1.084s] Level 1:colcon.colcon_core.environment:checking '/home/tabatakenta/kikuchi_jikken/my_ros2/install/my_vision_pkg' for CMake config files
[1.084s] Level 1:colcon.colcon_core.environment:checking '/home/tabatakenta/kikuchi_jikken/my_ros2/install/my_vision_pkg/lib'
[1.084s] Level 1:colcon.colcon_core.environment:checking '/home/tabatakenta/kikuchi_jikken/my_ros2/install/my_vision_pkg/bin'
[1.084s] Level 1:colcon.colcon_core.environment:checking '/home/tabatakenta/kikuchi_jikken/my_ros2/install/my_vision_pkg/lib/pkgconfig/my_vision_pkg.pc'
[1.084s] Level 1:colcon.colcon_core.environment:checking '/home/tabatakenta/kikuchi_jikken/my_ros2/install/my_vision_pkg/lib/python3.10/site-packages'
[1.084s] Level 1:colcon.colcon_core.shell:create_environment_hook('my_vision_pkg', 'pythonpath')
[1.084s] INFO:colcon.colcon_core.shell:Creating environment hook '/home/tabatakenta/kikuchi_jikken/my_ros2/install/my_vision_pkg/share/my_vision_pkg/hook/pythonpath.ps1'
[1.085s] INFO:colcon.colcon_core.shell:Creating environment descriptor '/home/tabatakenta/kikuchi_jikken/my_ros2/install/my_vision_pkg/share/my_vision_pkg/hook/pythonpath.dsv'
[1.085s] INFO:colcon.colcon_core.shell:Creating environment hook '/home/tabatakenta/kikuchi_jikken/my_ros2/install/my_vision_pkg/share/my_vision_pkg/hook/pythonpath.sh'
[1.085s] Level 1:colcon.colcon_core.environment:checking '/home/tabatakenta/kikuchi_jikken/my_ros2/install/my_vision_pkg/bin'
[1.085s] Level 1:colcon.colcon_core.environment:create_environment_scripts_only(my_vision_pkg)
[1.085s] INFO:colcon.colcon_core.shell:Creating package script '/home/tabatakenta/kikuchi_jikken/my_ros2/install/my_vision_pkg/share/my_vision_pkg/package.ps1'
[1.085s] INFO:colcon.colcon_core.shell:Creating package descriptor '/home/tabatakenta/kikuchi_jikken/my_ros2/install/my_vision_pkg/share/my_vision_pkg/package.dsv'
[1.086s] INFO:colcon.colcon_core.shell:Creating package script '/home/tabatakenta/kikuchi_jikken/my_ros2/install/my_vision_pkg/share/my_vision_pkg/package.sh'
[1.086s] INFO:colcon.colcon_core.shell:Creating package script '/home/tabatakenta/kikuchi_jikken/my_ros2/install/my_vision_pkg/share/my_vision_pkg/package.bash'
[1.086s] INFO:colcon.colcon_core.shell:Creating package script '/home/tabatakenta/kikuchi_jikken/my_ros2/install/my_vision_pkg/share/my_vision_pkg/package.zsh'
[1.086s] Level 1:colcon.colcon_core.environment:create_file_with_runtime_dependencies(/home/tabatakenta/kikuchi_jikken/my_ros2/install/my_vision_pkg/share/colcon-core/packages/my_vision_pkg)
[1.095s] Level 1:colcon.colcon_core.environment:checking '/home/tabatakenta/kikuchi_jikken/my_ros2/install/dynamixel_publisher' for CMake module files
[1.095s] DEBUG:colcon.colcon_core.event_handler.log_command:Invoked command in '/home/tabatakenta/kikuchi_jikken/my_ros2/src/dynamixel_publisher' returned '0': PYTHONPATH=/home/tabatakenta/kikuchi_jikken/my_ros2/build/dynamixel_publisher/prefix_override:/usr/lib/python3/dist-packages/colcon_core/task/python/colcon_distutils_commands:/home/tabatakenta/kikuchi_jikken/my_ros2/install/dynamixel_publisher/lib/python3.10/site-packages:${PYTHONPATH} /usr/bin/python3 -W ignore:setup.py install is deprecated -W ignore:easy_install command is deprecated setup.py egg_info --egg-base ../../build/dynamixel_publisher build --build-base /home/tabatakenta/kikuchi_jikken/my_ros2/build/dynamixel_publisher/build install --record /home/tabatakenta/kikuchi_jikken/my_ros2/build/dynamixel_publisher/install.log --single-version-externally-managed install_data
[1.095s] Level 1:colcon.colcon_core.environment:checking '/home/tabatakenta/kikuchi_jikken/my_ros2/install/dynamixel_publisher' for CMake config files
[1.095s] Level 1:colcon.colcon_core.environment:checking '/home/tabatakenta/kikuchi_jikken/my_ros2/install/dynamixel_publisher/lib'
[1.095s] Level 1:colcon.colcon_core.environment:checking '/home/tabatakenta/kikuchi_jikken/my_ros2/install/dynamixel_publisher/bin'
[1.095s] Level 1:colcon.colcon_core.environment:checking '/home/tabatakenta/kikuchi_jikken/my_ros2/install/dynamixel_publisher/lib/pkgconfig/dynamixel_publisher.pc'
[1.095s] Level 1:colcon.colcon_core.environment:checking '/home/tabatakenta/kikuchi_jikken/my_ros2/install/dynamixel_publisher/lib/python3.10/site-packages'
[1.095s] Level 1:colcon.colcon_core.shell:create_environment_hook('dynamixel_publisher', 'pythonpath')
[1.096s] INFO:colcon.colcon_core.shell:Creating environment hook '/home/tabatakenta/kikuchi_jikken/my_ros2/install/dynamixel_publisher/share/dynamixel_publisher/hook/pythonpath.ps1'
[1.096s] INFO:colcon.colcon_core.shell:Creating environment descriptor '/home/tabatakenta/kikuchi_jikken/my_ros2/install/dynamixel_publisher/share/dynamixel_publisher/hook/pythonpath.dsv'
[1.096s] INFO:colcon.colcon_core.shell:Creating environment hook '/home/tabatakenta/kikuchi_jikken/my_ros2/install/dynamixel_publisher/share/dynamixel_publisher/hook/pythonpath.sh'
[1.096s] Level 1:colcon.colcon_core.environment:checking '/home/tabatakenta/kikuchi_jikken/my_ros2/install/dynamixel_publisher/bin'
[1.096s] Level 1:colcon.colcon_core.environment:create_environment_scripts_only(dynamixel_publisher)
[1.096s] INFO:colcon.colcon_core.shell:Creating package script '/home/tabatakenta/kikuchi_jikken/my_ros2/install/dynamixel_publisher/share/dynamixel_publisher/package.ps1'
[1.097s] INFO:colcon.colcon_core.shell:Creating package descriptor '/home/tabatakenta/kikuchi_jikken/my_ros2/install/dynamixel_publisher/share/dynamixel_publisher/package.dsv'
[1.097s] INFO:colcon.colcon_core.shell:Creating package script '/home/tabatakenta/kikuchi_jikken/my_ros2/install/dynamixel_publisher/share/dynamixel_publisher/package.sh'
[1.097s] INFO:colcon.colcon_core.shell:Creating package script '/home/tabatakenta/kikuchi_jikken/my_ros2/install/dynamixel_publisher/share/dynamixel_publisher/package.bash'
[1.097s] INFO:colcon.colcon_core.shell:Creating package script '/home/tabatakenta/kikuchi_jikken/my_ros2/install/dynamixel_publisher/share/dynamixel_publisher/package.zsh'
[1.097s] Level 1:colcon.colcon_core.environment:create_file_with_runtime_dependencies(/home/tabatakenta/kikuchi_jikken/my_ros2/install/dynamixel_publisher/share/colcon-core/packages/dynamixel_publisher)
[1.098s] Level 1:colcon.colcon_core.environment:checking '/home/tabatakenta/kikuchi_jikken/my_ros2/install/my_py_pkg' for CMake module files
[1.098s] DEBUG:colcon.colcon_core.event_handler.log_command:Invoked command in '/home/tabatakenta/kikuchi_jikken/my_ros2/src/my_py_pkg' returned '0': PYTHONPATH=/home/tabatakenta/kikuchi_jikken/my_ros2/build/my_py_pkg/prefix_override:/usr/lib/python3/dist-packages/colcon_core/task/python/colcon_distutils_commands:/home/tabatakenta/kikuchi_jikken/my_ros2/install/my_py_pkg/lib/python3.10/site-packages:${PYTHONPATH} /usr/bin/python3 -W ignore:setup.py install is deprecated -W ignore:easy_install command is deprecated setup.py egg_info --egg-base ../../build/my_py_pkg build --build-base /home/tabatakenta/kikuchi_jikken/my_ros2/build/my_py_pkg/build install --record /home/tabatakenta/kikuchi_jikken/my_ros2/build/my_py_pkg/install.log --single-version-externally-managed install_data
[1.098s] Level 1:colcon.colcon_core.environment:checking '/home/tabatakenta/kikuchi_jikken/my_ros2/install/my_py_pkg' for CMake config files
[1.099s] Level 1:colcon.colcon_core.environment:checking '/home/tabatakenta/kikuchi_jikken/my_ros2/install/my_py_pkg/lib'
[1.099s] Level 1:colcon.colcon_core.environment:checking '/home/tabatakenta/kikuchi_jikken/my_ros2/install/my_py_pkg/bin'
[1.099s] Level 1:colcon.colcon_core.environment:checking '/home/tabatakenta/kikuchi_jikken/my_ros2/install/my_py_pkg/lib/pkgconfig/my_py_pkg.pc'
[1.099s] Level 1:colcon.colcon_core.environment:checking '/home/tabatakenta/kikuchi_jikken/my_ros2/install/my_py_pkg/lib/python3.10/site-packages'
[1.099s] Level 1:colcon.colcon_core.shell:create_environment_hook('my_py_pkg', 'pythonpath')
[1.099s] INFO:colcon.colcon_core.shell:Creating environment hook '/home/tabatakenta/kikuchi_jikken/my_ros2/install/my_py_pkg/share/my_py_pkg/hook/pythonpath.ps1'
[1.099s] INFO:colcon.colcon_core.shell:Creating environment descriptor '/home/tabatakenta/kikuchi_jikken/my_ros2/install/my_py_pkg/share/my_py_pkg/hook/pythonpath.dsv'
[1.099s] INFO:colcon.colcon_core.shell:Creating environment hook '/home/tabatakenta/kikuchi_jikken/my_ros2/install/my_py_pkg/share/my_py_pkg/hook/pythonpath.sh'
[1.099s] Level 1:colcon.colcon_core.environment:checking '/home/tabatakenta/kikuchi_jikken/my_ros2/install/my_py_pkg/bin'
[1.100s] Level 1:colcon.colcon_core.environment:create_environment_scripts_only(my_py_pkg)
[1.100s] INFO:colcon.colcon_core.shell:Creating package script '/home/tabatakenta/kikuchi_jikken/my_ros2/install/my_py_pkg/share/my_py_pkg/package.ps1'
[1.100s] INFO:colcon.colcon_core.shell:Creating package descriptor '/home/tabatakenta/kikuchi_jikken/my_ros2/install/my_py_pkg/share/my_py_pkg/package.dsv'
[1.100s] INFO:colcon.colcon_core.shell:Creating package script '/home/tabatakenta/kikuchi_jikken/my_ros2/install/my_py_pkg/share/my_py_pkg/package.sh'
[1.100s] INFO:colcon.colcon_core.shell:Creating package script '/home/tabatakenta/kikuchi_jikken/my_ros2/install/my_py_pkg/share/my_py_pkg/package.bash'
[1.100s] INFO:colcon.colcon_core.shell:Creating package script '/home/tabatakenta/kikuchi_jikken/my_ros2/install/my_py_pkg/share/my_py_pkg/package.zsh'
[1.101s] Level 1:colcon.colcon_core.environment:create_file_with_runtime_dependencies(/home/tabatakenta/kikuchi_jikken/my_ros2/install/my_py_pkg/share/colcon-core/packages/my_py_pkg)
[1.101s] DEBUG:colcon.colcon_parallel_executor.executor.parallel:closing loop
[1.101s] DEBUG:colcon.colcon_parallel_executor.executor.parallel:loop closed
[1.101s] DEBUG:colcon.colcon_parallel_executor.executor.parallel:run_until_complete finished with '0'
[1.101s] DEBUG:colcon.colcon_core.event_reactor:joining thread
[1.104s] INFO:colcon.colcon_core.plugin_system:Skipping extension 'colcon_notification.desktop_notification.terminal_notifier': Not used on non-Darwin systems
[1.104s] INFO:colcon.colcon_core.plugin_system:Skipping extension 'colcon_notification.desktop_notification.win32': Not used on non-Windows systems
[1.104s] INFO:colcon.colcon_notification.desktop_notification:Sending desktop notification using 'notify2'
[1.113s] DEBUG:colcon.colcon_core.event_reactor:joined thread
[1.113s] INFO:colcon.colcon_core.shell:Creating prefix script '/home/tabatakenta/kikuchi_jikken/my_ros2/install/local_setup.ps1'
[1.113s] INFO:colcon.colcon_core.shell:Creating prefix util module '/home/tabatakenta/kikuchi_jikken/my_ros2/install/_local_setup_util_ps1.py'
[1.114s] INFO:colcon.colcon_core.shell:Creating prefix chain script '/home/tabatakenta/kikuchi_jikken/my_ros2/install/setup.ps1'
[1.115s] INFO:colcon.colcon_core.shell:Creating prefix script '/home/tabatakenta/kikuchi_jikken/my_ros2/install/local_setup.sh'
[1.115s] INFO:colcon.colcon_core.shell:Creating prefix util module '/home/tabatakenta/kikuchi_jikken/my_ros2/install/_local_setup_util_sh.py'
[1.116s] INFO:colcon.colcon_core.shell:Creating prefix chain script '/home/tabatakenta/kikuchi_jikken/my_ros2/install/setup.sh'
[1.117s] INFO:colcon.colcon_core.shell:Creating prefix script '/home/tabatakenta/kikuchi_jikken/my_ros2/install/local_setup.bash'
[1.117s] INFO:colcon.colcon_core.shell:Creating prefix chain script '/home/tabatakenta/kikuchi_jikken/my_ros2/install/setup.bash'
[1.119s] INFO:colcon.colcon_core.shell:Creating prefix script '/home/tabatakenta/kikuchi_jikken/my_ros2/install/local_setup.zsh'
[1.119s] INFO:colcon.colcon_core.shell:Creating prefix chain script '/home/tabatakenta/kikuchi_jikken/my_ros2/install/setup.zsh'
