[0.169s] DEBUG:colcon:Command line arguments: ['/usr/bin/colcon', 'build', '--symlink-install']
[0.169s] DEBUG:colcon:Parsed command line arguments: Namespace(allow_overriding=[], ament_cmake_args=None, base_paths=['.'], build_base='build', catkin_cmake_args=None, catkin_skip_building_tests=False, cmake_args=None, cmake_clean_cache=False, cmake_clean_first=False, cmake_force_configure=False, cmake_target=None, cmake_target_skip_unavailable=False, continue_on_error=False, event_handlers=None, executor='parallel', ignore_user_meta=False, install_base='install', log_base=None, log_level=None, main=<bound method BuildVerb.main of <colcon_core.verb.build.BuildVerb object at 0x7f1ef9d0e6d0>>, merge_install=False, metas=['./colcon.meta'], mixin=None, mixin_files=None, mixin_verb=('build',), packages_above=None, packages_above_and_dependencies=None, packages_above_depth=None, packages_end=None, packages_ignore=None, packages_ignore_regex=None, packages_select=None, packages_select_build_failed=False, packages_select_by_dep=None, packages_select_regex=None, packages_select_test_failures=False, packages_skip=None, packages_skip_build_finished=False, packages_skip_by_dep=None, packages_skip_regex=None, packages_skip_test_passed=False, packages_skip_up_to=None, packages_start=None, packages_up_to=None, packages_up_to_regex=None, parallel_workers=16, paths=None, symlink_install=True, test_result_base=None, verb_extension=<colcon_core.verb.build.BuildVerb object at 0x7f1ef9d0e6d0>, verb_name='build', verb_parser=<colcon_mixin.mixin.mixin_argument.MixinArgumentDecorator object at 0x7f1ef9d0ebb0>)
[0.312s] Level 1:colcon.colcon_core.package_discovery:discover_packages(colcon_meta) check parameters
[0.312s] Level 1:colcon.colcon_core.package_discovery:discover_packages(recursive) check parameters
[0.312s] Level 1:colcon.colcon_core.package_discovery:discover_packages(ignore) check parameters
[0.313s] Level 1:colcon.colcon_core.package_discovery:discover_packages(path) check parameters
[0.313s] Level 1:colcon.colcon_core.package_discovery:discover_packages(colcon_meta) discover
[0.313s] Level 1:colcon.colcon_core.package_discovery:discover_packages(recursive) discover
[0.313s] INFO:colcon.colcon_core.package_discovery:Crawling recursively for packages in '/home/yt6/ros2_py_ws/src/my_vision_pkg'
[0.313s] Level 1:colcon.colcon_core.package_identification:_identify(.) by extensions ['ignore', 'ignore_ament_install']
[0.313s] Level 1:colcon.colcon_core.package_identification:_identify(.) by extension 'ignore'
[0.313s] Level 1:colcon.colcon_core.package_identification:_identify(.) by extension 'ignore_ament_install'
[0.313s] Level 1:colcon.colcon_core.package_identification:_identify(.) by extensions ['colcon_pkg']
[0.313s] Level 1:colcon.colcon_core.package_identification:_identify(.) by extension 'colcon_pkg'
[0.313s] Level 1:colcon.colcon_core.package_identification:_identify(.) by extensions ['colcon_meta']
[0.313s] Level 1:colcon.colcon_core.package_identification:_identify(.) by extension 'colcon_meta'
[0.313s] Level 1:colcon.colcon_core.package_identification:_identify(.) by extensions ['ros']
[0.313s] Level 1:colcon.colcon_core.package_identification:_identify(.) by extension 'ros'
[0.322s] DEBUG:colcon.colcon_core.package_identification:Package '.' with type 'ros.ament_python' and name 'my_vision_pkg'
[0.322s] Level 1:colcon.colcon_core.package_discovery:discover_packages(recursive) using defaults
[0.322s] Level 1:colcon.colcon_core.package_discovery:discover_packages(ignore) discover
[0.322s] Level 1:colcon.colcon_core.package_discovery:discover_packages(ignore) using defaults
[0.322s] Level 1:colcon.colcon_core.package_discovery:discover_packages(path) discover
[0.322s] Level 1:colcon.colcon_core.package_discovery:discover_packages(path) using defaults
[0.341s] Level 1:colcon.colcon_core.package_discovery:discover_packages(prefix_path) check parameters
[0.341s] Level 1:colcon.colcon_core.package_discovery:discover_packages(prefix_path) discover
[0.343s] DEBUG:colcon.colcon_installed_package_information.package_discovery:Found 7 installed packages in /home/yt6/ros2_py_ws/install
[0.343s] DEBUG:colcon.colcon_installed_package_information.package_discovery:Found 6 installed packages in /home/yt6/ros2_py_ws/src/install
[0.344s] DEBUG:colcon.colcon_installed_package_information.package_discovery:Found 12 installed packages in /home/yt6/ws_moveit2/install
[0.345s] DEBUG:colcon.colcon_installed_package_information.package_discovery:Found 356 installed packages in /opt/ros/humble
[0.347s] Level 1:colcon.colcon_core.package_discovery:discover_packages(prefix_path) using defaults
[0.404s] Level 5:colcon.colcon_core.verb:set package 'my_vision_pkg' build argument 'cmake_args' from command line to 'None'
[0.404s] Level 5:colcon.colcon_core.verb:set package 'my_vision_pkg' build argument 'cmake_target' from command line to 'None'
[0.404s] Level 5:colcon.colcon_core.verb:set package 'my_vision_pkg' build argument 'cmake_target_skip_unavailable' from command line to 'False'
[0.404s] Level 5:colcon.colcon_core.verb:set package 'my_vision_pkg' build argument 'cmake_clean_cache' from command line to 'False'
[0.404s] Level 5:colcon.colcon_core.verb:set package 'my_vision_pkg' build argument 'cmake_clean_first' from command line to 'False'
[0.404s] Level 5:colcon.colcon_core.verb:set package 'my_vision_pkg' build argument 'cmake_force_configure' from command line to 'False'
[0.404s] Level 5:colcon.colcon_core.verb:set package 'my_vision_pkg' build argument 'ament_cmake_args' from command line to 'None'
[0.404s] Level 5:colcon.colcon_core.verb:set package 'my_vision_pkg' build argument 'catkin_cmake_args' from command line to 'None'
[0.404s] Level 5:colcon.colcon_core.verb:set package 'my_vision_pkg' build argument 'catkin_skip_building_tests' from command line to 'False'
[0.404s] DEBUG:colcon.colcon_core.verb:Building package 'my_vision_pkg' with the following arguments: {'ament_cmake_args': None, 'build_base': '/home/yt6/ros2_py_ws/src/my_vision_pkg/build/my_vision_pkg', 'catkin_cmake_args': None, 'catkin_skip_building_tests': False, 'cmake_args': None, 'cmake_clean_cache': False, 'cmake_clean_first': False, 'cmake_force_configure': False, 'cmake_target': None, 'cmake_target_skip_unavailable': False, 'install_base': '/home/yt6/ros2_py_ws/src/my_vision_pkg/install/my_vision_pkg', 'merge_install': False, 'path': '/home/yt6/ros2_py_ws/src/my_vision_pkg', 'symlink_install': True, 'test_result_base': None}
[0.404s] INFO:colcon.colcon_core.executor:Executing jobs using 'parallel' executor
[0.405s] DEBUG:colcon.colcon_parallel_executor.executor.parallel:run_until_complete
[0.405s] INFO:colcon.colcon_ros.task.ament_python.build:Building ROS package in '/home/yt6/ros2_py_ws/src/my_vision_pkg' with build type 'ament_python'
[0.405s] Level 1:colcon.colcon_core.shell:create_environment_hook('my_vision_pkg', 'ament_prefix_path')
[0.407s] INFO:colcon.colcon_core.plugin_system:Skipping extension 'colcon_core.shell.bat': Not used on non-Windows systems
[0.407s] INFO:colcon.colcon_core.shell:Creating environment hook '/home/yt6/ros2_py_ws/src/my_vision_pkg/install/my_vision_pkg/share/my_vision_pkg/hook/ament_prefix_path.ps1'
[0.407s] INFO:colcon.colcon_core.shell:Creating environment descriptor '/home/yt6/ros2_py_ws/src/my_vision_pkg/install/my_vision_pkg/share/my_vision_pkg/hook/ament_prefix_path.dsv'
[0.408s] INFO:colcon.colcon_core.shell:Creating environment hook '/home/yt6/ros2_py_ws/src/my_vision_pkg/install/my_vision_pkg/share/my_vision_pkg/hook/ament_prefix_path.sh'
[0.408s] INFO:colcon.colcon_core.shell:Skip shell extension 'powershell' for command environment: Not usable outside of PowerShell
[0.408s] DEBUG:colcon.colcon_core.shell:Skip shell extension 'dsv' for command environment
[0.617s] INFO:colcon.colcon_core.task.python.build:Building Python package in '/home/yt6/ros2_py_ws/src/my_vision_pkg'
[0.618s] INFO:colcon.colcon_core.shell:Skip shell extension 'powershell' for command environment: Not usable outside of PowerShell
[0.618s] DEBUG:colcon.colcon_core.shell:Skip shell extension 'dsv' for command environment
[0.960s] DEBUG:colcon.colcon_core.event_handler.log_command:Invoking command in '/home/yt6/ros2_py_ws/src/my_vision_pkg/build/my_vision_pkg': PYTHONPATH=/home/yt6/ros2_py_ws/src/my_vision_pkg/build/my_vision_pkg/prefix_override:/usr/lib/python3/dist-packages/colcon_core/task/python/colcon_distutils_commands:/home/yt6/ros2_py_ws/src/my_vision_pkg/install/my_vision_pkg/lib/python3.8/site-packages:${PYTHONPATH} /usr/bin/python3 -W ignore:setup.py install is deprecated -W ignore:easy_install command is deprecated setup.py develop --editable --build-directory /home/yt6/ros2_py_ws/src/my_vision_pkg/build/my_vision_pkg/build --no-deps symlink_data
[1.386s] Level 1:colcon.colcon_core.shell:create_environment_hook('my_vision_pkg', 'pythonpath_develop')
[1.386s] INFO:colcon.colcon_core.shell:Creating environment hook '/home/yt6/ros2_py_ws/src/my_vision_pkg/build/my_vision_pkg/share/my_vision_pkg/hook/pythonpath_develop.ps1'
[1.387s] DEBUG:colcon.colcon_core.event_handler.log_command:Invoked command in '/home/yt6/ros2_py_ws/src/my_vision_pkg/build/my_vision_pkg' returned '0': PYTHONPATH=/home/yt6/ros2_py_ws/src/my_vision_pkg/build/my_vision_pkg/prefix_override:/usr/lib/python3/dist-packages/colcon_core/task/python/colcon_distutils_commands:/home/yt6/ros2_py_ws/src/my_vision_pkg/install/my_vision_pkg/lib/python3.8/site-packages:${PYTHONPATH} /usr/bin/python3 -W ignore:setup.py install is deprecated -W ignore:easy_install command is deprecated setup.py develop --editable --build-directory /home/yt6/ros2_py_ws/src/my_vision_pkg/build/my_vision_pkg/build --no-deps symlink_data
[1.387s] INFO:colcon.colcon_core.shell:Creating environment descriptor '/home/yt6/ros2_py_ws/src/my_vision_pkg/build/my_vision_pkg/share/my_vision_pkg/hook/pythonpath_develop.dsv'
[1.387s] INFO:colcon.colcon_core.shell:Creating environment hook '/home/yt6/ros2_py_ws/src/my_vision_pkg/build/my_vision_pkg/share/my_vision_pkg/hook/pythonpath_develop.sh'
[1.390s] Level 1:colcon.colcon_core.environment:checking '/home/yt6/ros2_py_ws/src/my_vision_pkg/install/my_vision_pkg' for CMake module files
[1.391s] Level 1:colcon.colcon_core.environment:checking '/home/yt6/ros2_py_ws/src/my_vision_pkg/install/my_vision_pkg' for CMake config files
[1.391s] Level 1:colcon.colcon_core.environment:checking '/home/yt6/ros2_py_ws/src/my_vision_pkg/install/my_vision_pkg/lib'
[1.391s] Level 1:colcon.colcon_core.environment:checking '/home/yt6/ros2_py_ws/src/my_vision_pkg/install/my_vision_pkg/bin'
[1.391s] Level 1:colcon.colcon_core.environment:checking '/home/yt6/ros2_py_ws/src/my_vision_pkg/install/my_vision_pkg/lib/pkgconfig/my_vision_pkg.pc'
[1.392s] Level 1:colcon.colcon_core.environment:checking '/home/yt6/ros2_py_ws/src/my_vision_pkg/install/my_vision_pkg/lib/python3.8/site-packages'
[1.392s] Level 1:colcon.colcon_core.shell:create_environment_hook('my_vision_pkg', 'pythonpath')
[1.392s] INFO:colcon.colcon_core.shell:Creating environment hook '/home/yt6/ros2_py_ws/src/my_vision_pkg/install/my_vision_pkg/share/my_vision_pkg/hook/pythonpath.ps1'
[1.392s] INFO:colcon.colcon_core.shell:Creating environment descriptor '/home/yt6/ros2_py_ws/src/my_vision_pkg/install/my_vision_pkg/share/my_vision_pkg/hook/pythonpath.dsv'
[1.392s] INFO:colcon.colcon_core.shell:Creating environment hook '/home/yt6/ros2_py_ws/src/my_vision_pkg/install/my_vision_pkg/share/my_vision_pkg/hook/pythonpath.sh'
[1.393s] Level 1:colcon.colcon_core.environment:checking '/home/yt6/ros2_py_ws/src/my_vision_pkg/install/my_vision_pkg/bin'
[1.393s] Level 1:colcon.colcon_core.environment:create_environment_scripts_only(my_vision_pkg)
[1.393s] INFO:colcon.colcon_core.shell:Creating package script '/home/yt6/ros2_py_ws/src/my_vision_pkg/install/my_vision_pkg/share/my_vision_pkg/package.ps1'
[1.393s] INFO:colcon.colcon_core.shell:Creating package descriptor '/home/yt6/ros2_py_ws/src/my_vision_pkg/install/my_vision_pkg/share/my_vision_pkg/package.dsv'
[1.394s] INFO:colcon.colcon_core.shell:Creating package script '/home/yt6/ros2_py_ws/src/my_vision_pkg/install/my_vision_pkg/share/my_vision_pkg/package.sh'
[1.394s] INFO:colcon.colcon_core.shell:Creating package script '/home/yt6/ros2_py_ws/src/my_vision_pkg/install/my_vision_pkg/share/my_vision_pkg/package.bash'
[1.395s] INFO:colcon.colcon_core.shell:Creating package script '/home/yt6/ros2_py_ws/src/my_vision_pkg/install/my_vision_pkg/share/my_vision_pkg/package.zsh'
[1.395s] Level 1:colcon.colcon_core.environment:create_file_with_runtime_dependencies(/home/yt6/ros2_py_ws/src/my_vision_pkg/install/my_vision_pkg/share/colcon-core/packages/my_vision_pkg)
[1.395s] DEBUG:colcon.colcon_parallel_executor.executor.parallel:closing loop
[1.396s] DEBUG:colcon.colcon_parallel_executor.executor.parallel:loop closed
[1.396s] DEBUG:colcon.colcon_parallel_executor.executor.parallel:run_until_complete finished with '0'
[1.396s] DEBUG:colcon.colcon_core.event_reactor:joining thread
[1.400s] INFO:colcon.colcon_core.plugin_system:Skipping extension 'colcon_notification.desktop_notification.terminal_notifier': Not used on non-Darwin systems
[1.401s] INFO:colcon.colcon_core.plugin_system:Skipping extension 'colcon_notification.desktop_notification.win32': Not used on non-Windows systems
[1.401s] INFO:colcon.colcon_notification.desktop_notification:Sending desktop notification using 'notify2'
[1.415s] DEBUG:colcon.colcon_core.event_reactor:joined thread
[1.415s] INFO:colcon.colcon_core.shell:Creating prefix script '/home/yt6/ros2_py_ws/src/my_vision_pkg/install/local_setup.ps1'
[1.416s] INFO:colcon.colcon_core.shell:Creating prefix util module '/home/yt6/ros2_py_ws/src/my_vision_pkg/install/_local_setup_util_ps1.py'
[1.417s] INFO:colcon.colcon_core.shell:Creating prefix chain script '/home/yt6/ros2_py_ws/src/my_vision_pkg/install/setup.ps1'
[1.419s] INFO:colcon.colcon_core.shell:Creating prefix script '/home/yt6/ros2_py_ws/src/my_vision_pkg/install/local_setup.sh'
[1.420s] INFO:colcon.colcon_core.shell:Creating prefix util module '/home/yt6/ros2_py_ws/src/my_vision_pkg/install/_local_setup_util_sh.py'
[1.420s] INFO:colcon.colcon_core.shell:Creating prefix chain script '/home/yt6/ros2_py_ws/src/my_vision_pkg/install/setup.sh'
[1.422s] INFO:colcon.colcon_core.shell:Creating prefix script '/home/yt6/ros2_py_ws/src/my_vision_pkg/install/local_setup.bash'
[1.422s] INFO:colcon.colcon_core.shell:Creating prefix chain script '/home/yt6/ros2_py_ws/src/my_vision_pkg/install/setup.bash'
[1.424s] INFO:colcon.colcon_core.shell:Creating prefix script '/home/yt6/ros2_py_ws/src/my_vision_pkg/install/local_setup.zsh'
[1.424s] INFO:colcon.colcon_core.shell:Creating prefix chain script '/home/yt6/ros2_py_ws/src/my_vision_pkg/install/setup.zsh'
