[1.013s] Invoking command in '/home/yt6/ros2_py_ws/src/my_py_pkg': PYTHONPATH=/home/yt6/ros2_py_ws/build/my_py_pkg/prefix_override:/usr/lib/python3/dist-packages/colcon_core/task/python/colcon_distutils_commands:/home/yt6/ros2_py_ws/install/my_py_pkg/lib/python3.8/site-packages:${PYTHONPATH} /usr/bin/python3 -W ignore:setup.py install is deprecated -W ignore:easy_install command is deprecated setup.py egg_info --egg-base ../../build/my_py_pkg build --build-base /home/yt6/ros2_py_ws/build/my_py_pkg/build install --record /home/yt6/ros2_py_ws/build/my_py_pkg/install.log --single-version-externally-managed install_data
[1.200s] running egg_info
[1.200s] writing ../../build/my_py_pkg/my_py_pkg.egg-info/PKG-INFO
[1.201s] writing dependency_links to ../../build/my_py_pkg/my_py_pkg.egg-info/dependency_links.txt
[1.201s] writing entry points to ../../build/my_py_pkg/my_py_pkg.egg-info/entry_points.txt
[1.201s] writing requirements to ../../build/my_py_pkg/my_py_pkg.egg-info/requires.txt
[1.201s] writing top-level names to ../../build/my_py_pkg/my_py_pkg.egg-info/top_level.txt
[1.226s] reading manifest file '../../build/my_py_pkg/my_py_pkg.egg-info/SOURCES.txt'
[1.227s] writing manifest file '../../build/my_py_pkg/my_py_pkg.egg-info/SOURCES.txt'
[1.227s] running build
[1.227s] running build_py
[1.227s] copying my_py_pkg/subscriber_node.py -> /home/yt6/ros2_py_ws/build/my_py_pkg/build/lib/my_py_pkg
[1.227s] copying my_py_pkg/publisher_node.py -> /home/yt6/ros2_py_ws/build/my_py_pkg/build/lib/my_py_pkg
[1.227s] running install
[1.228s] running install_lib
[1.229s] copying /home/yt6/ros2_py_ws/build/my_py_pkg/build/lib/my_py_pkg/subscriber_node.py -> /home/yt6/ros2_py_ws/install/my_py_pkg/lib/python3.8/site-packages/my_py_pkg
[1.229s] copying /home/yt6/ros2_py_ws/build/my_py_pkg/build/lib/my_py_pkg/publisher_node.py -> /home/yt6/ros2_py_ws/install/my_py_pkg/lib/python3.8/site-packages/my_py_pkg
[1.229s] byte-compiling /home/yt6/ros2_py_ws/install/my_py_pkg/lib/python3.8/site-packages/my_py_pkg/subscriber_node.py to subscriber_node.cpython-38.pyc
[1.231s] byte-compiling /home/yt6/ros2_py_ws/install/my_py_pkg/lib/python3.8/site-packages/my_py_pkg/publisher_node.py to publisher_node.cpython-38.pyc
[1.231s] running install_data
[1.231s] running install_egg_info
[1.232s] removing '/home/yt6/ros2_py_ws/install/my_py_pkg/lib/python3.8/site-packages/my_py_pkg-0.0.0-py3.8.egg-info' (and everything under it)
[1.233s] Copying ../../build/my_py_pkg/my_py_pkg.egg-info to /home/yt6/ros2_py_ws/install/my_py_pkg/lib/python3.8/site-packages/my_py_pkg-0.0.0-py3.8.egg-info
[1.233s] running install_scripts
[1.247s] Installing listener script to /home/yt6/ros2_py_ws/install/my_py_pkg/lib/my_py_pkg
[1.247s] Installing publisher script to /home/yt6/ros2_py_ws/install/my_py_pkg/lib/my_py_pkg
[1.247s] Installing subscriber script to /home/yt6/ros2_py_ws/install/my_py_pkg/lib/my_py_pkg
[1.247s] Installing talker script to /home/yt6/ros2_py_ws/install/my_py_pkg/lib/my_py_pkg
[1.247s] writing list of installed files to '/home/yt6/ros2_py_ws/build/my_py_pkg/install.log'
[1.275s] Invoked command in '/home/yt6/ros2_py_ws/src/my_py_pkg' returned '0': PYTHONPATH=/home/yt6/ros2_py_ws/build/my_py_pkg/prefix_override:/usr/lib/python3/dist-packages/colcon_core/task/python/colcon_distutils_commands:/home/yt6/ros2_py_ws/install/my_py_pkg/lib/python3.8/site-packages:${PYTHONPATH} /usr/bin/python3 -W ignore:setup.py install is deprecated -W ignore:easy_install command is deprecated setup.py egg_info --egg-base ../../build/my_py_pkg build --build-base /home/yt6/ros2_py_ws/build/my_py_pkg/build install --record /home/yt6/ros2_py_ws/build/my_py_pkg/install.log --single-version-externally-managed install_data
