-- The C compiler identification is GNU 9.4.0
-- The CXX compiler identification is GNU 9.4.0
-- Detecting C compiler ABI info
-- Detecting C compiler ABI info - done
-- Check for working C compiler: /usr/bin/cc - skipped
-- Detecting C compile features
-- Detecting C compile features - done
-- Detecting CXX compiler ABI info
-- Detecting CXX compiler ABI info - done
-- Check for working CXX compiler: /usr/bin/c++ - skipped
-- Detecting CXX compile features
-- Detecting CXX compile features - done
-- Found ament_cmake: 1.3.9 (/opt/ros/humble/share/ament_cmake/cmake)
[0mCMake Deprecation Warning at CMakeLists.txt:4 (cmake_minimum_required):
  Compatibility with CMake < 3.10 will be removed from a future version of
  CMake.

  Update the VERSION argument <min> value.  Or, use the <min>...<max> syntax
  to tell CMake that the project requires at least <min> but has been updated
  to work with policies introduced by <max> or earlier.

[0m
-- Found Python3: /usr/bin/python3 (found version "3.8.10") found components: Interpreter
-- Configuring done (0.6s)
-- Generating done (0.0s)
-- Build files have been written to: /home/yt6/ros2_py_ws/src/build/dynamixel_sdk
[ 50%] [32mBuilding CXX object CMakeFiles/dynamixel_sdk.dir/src/dynamixel_sdk/group_sync_write.cpp.o[0m
[ 50%] [32mBuilding CXX object CMakeFiles/dynamixel_sdk.dir/src/dynamixel_sdk/group_sync_read.cpp.o[0m
[ 50%] [32mBuilding CXX object CMakeFiles/dynamixel_sdk.dir/src/dynamixel_sdk/packet_handler.cpp.o[0m
[ 50%] [32mBuilding CXX object CMakeFiles/dynamixel_sdk.dir/src/dynamixel_sdk/protocol2_packet_handler.cpp.o[0m
[ 50%] [32mBuilding CXX object CMakeFiles/dynamixel_sdk.dir/src/dynamixel_sdk/protocol1_packet_handler.cpp.o[0m
[ 60%] [32mBuilding CXX object CMakeFiles/dynamixel_sdk.dir/src/dynamixel_sdk/group_bulk_write.cpp.o[0m
[ 70%] [32mBuilding CXX object CMakeFiles/dynamixel_sdk.dir/src/dynamixel_sdk/group_bulk_read.cpp.o[0m
[ 80%] [32mBuilding CXX object CMakeFiles/dynamixel_sdk.dir/src/dynamixel_sdk/port_handler.cpp.o[0m
[ 90%] [32mBuilding CXX object CMakeFiles/dynamixel_sdk.dir/src/dynamixel_sdk/port_handler_linux.cpp.o[0m
[100%] [32m[1mLinking CXX shared library libdynamixel_sdk.so[0m
[100%] Built target dynamixel_sdk
-- Install configuration: ""
-- Installing: /home/yt6/ros2_py_ws/src/install/dynamixel_sdk/include/
-- Installing: /home/yt6/ros2_py_ws/src/install/dynamixel_sdk/include//dynamixel_sdk
-- Installing: /home/yt6/ros2_py_ws/src/install/dynamixel_sdk/include//dynamixel_sdk/group_bulk_read.h
-- Installing: /home/yt6/ros2_py_ws/src/install/dynamixel_sdk/include//dynamixel_sdk/protocol1_packet_handler.h
-- Installing: /home/yt6/ros2_py_ws/src/install/dynamixel_sdk/include//dynamixel_sdk/packet_handler.h
-- Installing: /home/yt6/ros2_py_ws/src/install/dynamixel_sdk/include//dynamixel_sdk/port_handler_windows.h
-- Installing: /home/yt6/ros2_py_ws/src/install/dynamixel_sdk/include//dynamixel_sdk/port_handler.h
-- Installing: /home/yt6/ros2_py_ws/src/install/dynamixel_sdk/include//dynamixel_sdk/group_sync_read.h
-- Installing: /home/yt6/ros2_py_ws/src/install/dynamixel_sdk/include//dynamixel_sdk/dynamixel_sdk.h
-- Installing: /home/yt6/ros2_py_ws/src/install/dynamixel_sdk/include//dynamixel_sdk/port_handler_mac.h
-- Installing: /home/yt6/ros2_py_ws/src/install/dynamixel_sdk/include//dynamixel_sdk/protocol2_packet_handler.h
-- Installing: /home/yt6/ros2_py_ws/src/install/dynamixel_sdk/include//dynamixel_sdk/port_handler_arduino.h
-- Installing: /home/yt6/ros2_py_ws/src/install/dynamixel_sdk/include//dynamixel_sdk/group_bulk_write.h
-- Installing: /home/yt6/ros2_py_ws/src/install/dynamixel_sdk/include//dynamixel_sdk/port_handler_linux.h
-- Installing: /home/yt6/ros2_py_ws/src/install/dynamixel_sdk/include//dynamixel_sdk/group_sync_write.h
-- Installing: /home/yt6/ros2_py_ws/src/install/dynamixel_sdk/lib/libdynamixel_sdk.so
-- Installing: /home/yt6/ros2_py_ws/src/install/dynamixel_sdk/share/dynamixel_sdk/environment/library_path.sh
-- Installing: /home/yt6/ros2_py_ws/src/install/dynamixel_sdk/share/dynamixel_sdk/environment/library_path.dsv
-- Installing: /home/yt6/ros2_py_ws/src/install/dynamixel_sdk/share/ament_index/resource_index/package_run_dependencies/dynamixel_sdk
-- Installing: /home/yt6/ros2_py_ws/src/install/dynamixel_sdk/share/ament_index/resource_index/parent_prefix_path/dynamixel_sdk
-- Installing: /home/yt6/ros2_py_ws/src/install/dynamixel_sdk/share/dynamixel_sdk/environment/ament_prefix_path.sh
-- Installing: /home/yt6/ros2_py_ws/src/install/dynamixel_sdk/share/dynamixel_sdk/environment/ament_prefix_path.dsv
-- Installing: /home/yt6/ros2_py_ws/src/install/dynamixel_sdk/share/dynamixel_sdk/environment/path.sh
-- Installing: /home/yt6/ros2_py_ws/src/install/dynamixel_sdk/share/dynamixel_sdk/environment/path.dsv
-- Installing: /home/yt6/ros2_py_ws/src/install/dynamixel_sdk/share/dynamixel_sdk/local_setup.bash
-- Installing: /home/yt6/ros2_py_ws/src/install/dynamixel_sdk/share/dynamixel_sdk/local_setup.sh
-- Installing: /home/yt6/ros2_py_ws/src/install/dynamixel_sdk/share/dynamixel_sdk/local_setup.zsh
-- Installing: /home/yt6/ros2_py_ws/src/install/dynamixel_sdk/share/dynamixel_sdk/local_setup.dsv
-- Installing: /home/yt6/ros2_py_ws/src/install/dynamixel_sdk/share/dynamixel_sdk/package.dsv
-- Installing: /home/yt6/ros2_py_ws/src/install/dynamixel_sdk/share/ament_index/resource_index/packages/dynamixel_sdk
-- Installing: /home/yt6/ros2_py_ws/src/install/dynamixel_sdk/share/dynamixel_sdk/cmake/ament_cmake_export_include_directories-extras.cmake
-- Installing: /home/yt6/ros2_py_ws/src/install/dynamixel_sdk/share/dynamixel_sdk/cmake/ament_cmake_export_libraries-extras.cmake
-- Installing: /home/yt6/ros2_py_ws/src/install/dynamixel_sdk/share/dynamixel_sdk/cmake/dynamixel_sdkConfig.cmake
-- Installing: /home/yt6/ros2_py_ws/src/install/dynamixel_sdk/share/dynamixel_sdk/cmake/dynamixel_sdkConfig-version.cmake
-- Installing: /home/yt6/ros2_py_ws/src/install/dynamixel_sdk/share/dynamixel_sdk/package.xml
