[0.050s] Invoking command in '/home/yt6/ros2_py_ws/build/dynamixel_sdk_custom_interfaces': CMAKE_PREFIX_PATH=/home/yt6/ros2_py_ws/src/my_vision_pkg/install/my_vision_pkg:/opt/ros/humble /usr/bin/cmake /home/yt6/ros2_py_ws/src/DynamixelSDK/dynamixel_sdk_custom_interfaces -DCMAKE_INSTALL_PREFIX=/home/yt6/ros2_py_ws/install/dynamixel_sdk_custom_interfaces
[0.269s] -- Found ament_cmake: 1.3.9 (/opt/ros/humble/share/ament_cmake/cmake)
[0.269s] [0mCMake Deprecation Warning at CMakeLists.txt:1 (cmake_minimum_required):
[0.269s]   Compatibility with CMake < 3.10 will be removed from a future version of
[0.269s]   CMake.
[0.269s] 
[0.269s]   Update the VERSION argument <min> value.  Or, use the <min>...<max> syntax
[0.269s]   to tell CMake that the project requires at least <min> but has been updated
[0.269s]   to work with policies introduced by <max> or earlier.
[0.269s] 
[0.269s] [0m
[0.277s] -- Override CMake install command with custom implementation using symlinks instead of copying resources
[0.286s] -- Found builtin_interfaces: 1.2.1 (/opt/ros/humble/share/builtin_interfaces/cmake)
[0.308s] -- Found rosidl_generator_c: 3.1.5 (/opt/ros/humble/share/rosidl_generator_c/cmake)
[0.310s] -- Found rosidl_adapter: 3.1.5 (/opt/ros/humble/share/rosidl_adapter/cmake)
[0.315s] -- Found rosidl_generator_cpp: 3.1.5 (/opt/ros/humble/share/rosidl_generator_cpp/cmake)
[0.325s] -- Using all available rosidl_typesupport_c: rosidl_typesupport_fastrtps_c;rosidl_typesupport_introspection_c
[0.338s] -- Using all available rosidl_typesupport_cpp: rosidl_typesupport_fastrtps_cpp;rosidl_typesupport_introspection_cpp
[0.349s] -- Found rosidl_default_generators: 1.2.0 (/opt/ros/humble/share/rosidl_default_generators/cmake)
[0.753s] -- Found ament_cmake_ros: 0.10.0 (/opt/ros/humble/share/ament_cmake_ros/cmake)
[1.499s] -- Using all available rosidl_typesupport_c: rosidl_typesupport_fastrtps_c;rosidl_typesupport_introspection_c
[1.817s] -- Using all available rosidl_typesupport_cpp: rosidl_typesupport_fastrtps_cpp;rosidl_typesupport_introspection_cpp
[1.850s] [33mCMake Warning (dev) at /opt/ros/humble/share/rosidl_generator_py/cmake/rosidl_generator_py_generate_interfaces.cmake:20 (find_package):
[1.850s]   Policy CMP0148 is not set: The FindPythonInterp and FindPythonLibs modules
[1.850s]   are removed.  Run "cmake --help-policy CMP0148" for policy details.  Use
[1.850s]   the cmake_policy command to set the policy and suppress this warning.
[1.850s] 
[1.850s] Call Stack (most recent call first):
[1.851s]   /opt/ros/humble/share/ament_cmake_core/cmake/core/ament_execute_extensions.cmake:48 (include)
[1.851s]   /opt/ros/humble/share/rosidl_cmake/cmake/rosidl_generate_interfaces.cmake:286 (ament_execute_extensions)
[1.851s]   CMakeLists.txt:26 (rosidl_generate_interfaces)
[1.851s] This warning is for project developers.  Use -Wno-dev to suppress it.
[1.851s] [0m
[1.851s] -- Found python_cmake_module: 0.10.0 (/opt/ros/humble/share/python_cmake_module/cmake)
[1.851s] [33mCMake Warning (dev) at /opt/ros/humble/share/python_cmake_module/cmake/Modules/FindPythonExtra.cmake:52 (find_package):
[1.851s]   Policy CMP0148 is not set: The FindPythonInterp and FindPythonLibs modules
[1.851s]   are removed.  Run "cmake --help-policy CMP0148" for policy details.  Use
[1.851s]   the cmake_policy command to set the policy and suppress this warning.
[1.851s] 
[1.851s] Call Stack (most recent call first):
[1.851s]   /opt/ros/humble/share/rosidl_generator_py/cmake/rosidl_generator_py_generate_interfaces.cmake:23 (find_package)
[1.851s]   /opt/ros/humble/share/ament_cmake_core/cmake/core/ament_execute_extensions.cmake:48 (include)
[1.851s]   /opt/ros/humble/share/rosidl_cmake/cmake/rosidl_generate_interfaces.cmake:286 (ament_execute_extensions)
[1.852s]   CMakeLists.txt:26 (rosidl_generate_interfaces)
[1.852s] This warning is for project developers.  Use -Wno-dev to suppress it.
[1.852s] [0m
[1.873s] [33mCMake Warning (dev) at /opt/ros/humble/share/python_cmake_module/cmake/Modules/FindPythonExtra.cmake:140 (find_package):
[1.873s]   Policy CMP0148 is not set: The FindPythonInterp and FindPythonLibs modules
[1.873s]   are removed.  Run "cmake --help-policy CMP0148" for policy details.  Use
[1.873s]   the cmake_policy command to set the policy and suppress this warning.
[1.874s] 
[1.874s] Call Stack (most recent call first):
[1.874s]   /opt/ros/humble/share/rosidl_generator_py/cmake/rosidl_generator_py_generate_interfaces.cmake:23 (find_package)
[1.874s]   /opt/ros/humble/share/ament_cmake_core/cmake/core/ament_execute_extensions.cmake:48 (include)
[1.874s]   /opt/ros/humble/share/rosidl_cmake/cmake/rosidl_generate_interfaces.cmake:286 (ament_execute_extensions)
[1.874s]   CMakeLists.txt:26 (rosidl_generate_interfaces)
[1.874s] This warning is for project developers.  Use -Wno-dev to suppress it.
[1.874s] [0m
[1.876s] -- Using PYTHON_EXECUTABLE: /usr/bin/python3
[1.876s] -- Using PYTHON_INCLUDE_DIRS: /usr/include/python3.8
[1.876s] -- Using PYTHON_LIBRARIES: /usr/lib/x86_64-linux-gnu/libpython3.8.so
[1.895s] -- Configuring done (1.8s)
[1.926s] -- Generating done (0.0s)
[1.931s] -- Build files have been written to: /home/yt6/ros2_py_ws/build/dynamixel_sdk_custom_interfaces
[1.937s] Invoked command in '/home/yt6/ros2_py_ws/build/dynamixel_sdk_custom_interfaces' returned '0': CMAKE_PREFIX_PATH=/home/yt6/ros2_py_ws/src/my_vision_pkg/install/my_vision_pkg:/opt/ros/humble /usr/bin/cmake /home/yt6/ros2_py_ws/src/DynamixelSDK/dynamixel_sdk_custom_interfaces -DCMAKE_INSTALL_PREFIX=/home/yt6/ros2_py_ws/install/dynamixel_sdk_custom_interfaces
[1.939s] Invoking command in '/home/yt6/ros2_py_ws/build/dynamixel_sdk_custom_interfaces': CMAKE_PREFIX_PATH=/home/yt6/ros2_py_ws/src/my_vision_pkg/install/my_vision_pkg:/opt/ros/humble /usr/bin/cmake --build /home/yt6/ros2_py_ws/build/dynamixel_sdk_custom_interfaces -- -j16 -l16
[1.962s] [  2%] Built target dynamixel_sdk_custom_interfaces__cpp
[1.965s] [ 12%] Built target dynamixel_sdk_custom_interfaces__rosidl_generator_c
[1.965s] [ 12%] Built target ament_cmake_python_symlink_dynamixel_sdk_custom_interfaces
[1.975s] [ 33%] Built target dynamixel_sdk_custom_interfaces__rosidl_typesupport_cpp
[1.976s] [ 33%] Built target dynamixel_sdk_custom_interfaces__rosidl_typesupport_introspection_c
[1.976s] [ 43%] Built target dynamixel_sdk_custom_interfaces__rosidl_typesupport_c
[1.977s] [ 53%] Built target dynamixel_sdk_custom_interfaces__rosidl_typesupport_introspection_cpp
[1.977s] [ 64%] Built target dynamixel_sdk_custom_interfaces__rosidl_typesupport_fastrtps_cpp
[1.980s] [ 74%] Built target dynamixel_sdk_custom_interfaces__rosidl_typesupport_fastrtps_c
[1.989s] [ 74%] Built target dynamixel_sdk_custom_interfaces
[1.998s] [ 76%] Built target dynamixel_sdk_custom_interfaces__py
[2.013s] [ 84%] Built target dynamixel_sdk_custom_interfaces__rosidl_generator_py
[2.027s] [ 94%] Built target dynamixel_sdk_custom_interfaces__rosidl_typesupport_c__pyext
[2.027s] [ 94%] Built target dynamixel_sdk_custom_interfaces__rosidl_typesupport_fastrtps_c__pyext
[2.027s] [100%] Built target dynamixel_sdk_custom_interfaces__rosidl_typesupport_introspection_c__pyext
[2.157s] running egg_info
[2.157s] writing dynamixel_sdk_custom_interfaces.egg-info/PKG-INFO
[2.158s] writing dependency_links to dynamixel_sdk_custom_interfaces.egg-info/dependency_links.txt
[2.158s] writing top-level names to dynamixel_sdk_custom_interfaces.egg-info/top_level.txt
[2.181s] reading manifest file 'dynamixel_sdk_custom_interfaces.egg-info/SOURCES.txt'
[2.182s] writing manifest file 'dynamixel_sdk_custom_interfaces.egg-info/SOURCES.txt'
[2.201s] [100%] Built target ament_cmake_python_build_dynamixel_sdk_custom_interfaces_egg
[2.207s] Invoked command in '/home/yt6/ros2_py_ws/build/dynamixel_sdk_custom_interfaces' returned '0': CMAKE_PREFIX_PATH=/home/yt6/ros2_py_ws/src/my_vision_pkg/install/my_vision_pkg:/opt/ros/humble /usr/bin/cmake --build /home/yt6/ros2_py_ws/build/dynamixel_sdk_custom_interfaces -- -j16 -l16
[2.210s] Invoking command in '/home/yt6/ros2_py_ws/build/dynamixel_sdk_custom_interfaces': CMAKE_PREFIX_PATH=/home/yt6/ros2_py_ws/src/my_vision_pkg/install/my_vision_pkg:/opt/ros/humble /usr/bin/cmake --install /home/yt6/ros2_py_ws/build/dynamixel_sdk_custom_interfaces
[2.214s] -- Install configuration: ""
[2.215s] -- Execute custom install script
[2.215s] -- Up-to-date symlink: /home/yt6/ros2_py_ws/install/dynamixel_sdk_custom_interfaces/share/ament_index/resource_index/rosidl_interfaces/dynamixel_sdk_custom_interfaces
[2.215s] -- Up-to-date symlink: /home/yt6/ros2_py_ws/install/dynamixel_sdk_custom_interfaces/include/dynamixel_sdk_custom_interfaces/dynamixel_sdk_custom_interfaces/msg/detail/set_position__functions.h
[2.215s] -- Up-to-date symlink: /home/yt6/ros2_py_ws/install/dynamixel_sdk_custom_interfaces/include/dynamixel_sdk_custom_interfaces/dynamixel_sdk_custom_interfaces/msg/detail/set_position__struct.h
[2.215s] -- Up-to-date symlink: /home/yt6/ros2_py_ws/install/dynamixel_sdk_custom_interfaces/include/dynamixel_sdk_custom_interfaces/dynamixel_sdk_custom_interfaces/msg/detail/set_position__type_support.h
[2.216s] -- Up-to-date symlink: /home/yt6/ros2_py_ws/install/dynamixel_sdk_custom_interfaces/include/dynamixel_sdk_custom_interfaces/dynamixel_sdk_custom_interfaces/msg/rosidl_generator_c__visibility_control.h
[2.216s] -- Up-to-date symlink: /home/yt6/ros2_py_ws/install/dynamixel_sdk_custom_interfaces/include/dynamixel_sdk_custom_interfaces/dynamixel_sdk_custom_interfaces/msg/set_position.h
[2.216s] -- Up-to-date symlink: /home/yt6/ros2_py_ws/install/dynamixel_sdk_custom_interfaces/include/dynamixel_sdk_custom_interfaces/dynamixel_sdk_custom_interfaces/srv/detail/get_position__functions.h
[2.216s] -- Up-to-date symlink: /home/yt6/ros2_py_ws/install/dynamixel_sdk_custom_interfaces/include/dynamixel_sdk_custom_interfaces/dynamixel_sdk_custom_interfaces/srv/detail/get_position__struct.h
[2.216s] -- Up-to-date symlink: /home/yt6/ros2_py_ws/install/dynamixel_sdk_custom_interfaces/include/dynamixel_sdk_custom_interfaces/dynamixel_sdk_custom_interfaces/srv/detail/get_position__type_support.h
[2.216s] -- Up-to-date symlink: /home/yt6/ros2_py_ws/install/dynamixel_sdk_custom_interfaces/include/dynamixel_sdk_custom_interfaces/dynamixel_sdk_custom_interfaces/srv/get_position.h
[2.216s] -- Up-to-date symlink: /home/yt6/ros2_py_ws/install/dynamixel_sdk_custom_interfaces/share/dynamixel_sdk_custom_interfaces/environment/library_path.sh
[2.216s] -- Up-to-date symlink: /home/yt6/ros2_py_ws/install/dynamixel_sdk_custom_interfaces/share/dynamixel_sdk_custom_interfaces/environment/library_path.dsv
[2.217s] -- Up-to-date symlink: /home/yt6/ros2_py_ws/install/dynamixel_sdk_custom_interfaces/include/dynamixel_sdk_custom_interfaces/dynamixel_sdk_custom_interfaces/msg/detail/set_position__rosidl_typesupport_fastrtps_c.h
[2.217s] -- Up-to-date symlink: /home/yt6/ros2_py_ws/install/dynamixel_sdk_custom_interfaces/include/dynamixel_sdk_custom_interfaces/dynamixel_sdk_custom_interfaces/msg/rosidl_typesupport_fastrtps_c__visibility_control.h
[2.217s] -- Up-to-date symlink: /home/yt6/ros2_py_ws/install/dynamixel_sdk_custom_interfaces/include/dynamixel_sdk_custom_interfaces/dynamixel_sdk_custom_interfaces/srv/detail/get_position__rosidl_typesupport_fastrtps_c.h
[2.217s] -- Up-to-date symlink: /home/yt6/ros2_py_ws/install/dynamixel_sdk_custom_interfaces/include/dynamixel_sdk_custom_interfaces/dynamixel_sdk_custom_interfaces/msg/detail/set_position__builder.hpp
[2.217s] -- Up-to-date symlink: /home/yt6/ros2_py_ws/install/dynamixel_sdk_custom_interfaces/include/dynamixel_sdk_custom_interfaces/dynamixel_sdk_custom_interfaces/msg/detail/set_position__struct.hpp
[2.217s] -- Up-to-date symlink: /home/yt6/ros2_py_ws/install/dynamixel_sdk_custom_interfaces/include/dynamixel_sdk_custom_interfaces/dynamixel_sdk_custom_interfaces/msg/detail/set_position__traits.hpp
[2.217s] -- Up-to-date symlink: /home/yt6/ros2_py_ws/install/dynamixel_sdk_custom_interfaces/include/dynamixel_sdk_custom_interfaces/dynamixel_sdk_custom_interfaces/msg/set_position.hpp
[2.218s] -- Up-to-date symlink: /home/yt6/ros2_py_ws/install/dynamixel_sdk_custom_interfaces/include/dynamixel_sdk_custom_interfaces/dynamixel_sdk_custom_interfaces/srv/detail/get_position__builder.hpp
[2.218s] -- Up-to-date symlink: /home/yt6/ros2_py_ws/install/dynamixel_sdk_custom_interfaces/include/dynamixel_sdk_custom_interfaces/dynamixel_sdk_custom_interfaces/srv/detail/get_position__struct.hpp
[2.218s] -- Up-to-date symlink: /home/yt6/ros2_py_ws/install/dynamixel_sdk_custom_interfaces/include/dynamixel_sdk_custom_interfaces/dynamixel_sdk_custom_interfaces/srv/detail/get_position__traits.hpp
[2.218s] -- Up-to-date symlink: /home/yt6/ros2_py_ws/install/dynamixel_sdk_custom_interfaces/include/dynamixel_sdk_custom_interfaces/dynamixel_sdk_custom_interfaces/srv/get_position.hpp
[2.218s] -- Up-to-date symlink: /home/yt6/ros2_py_ws/install/dynamixel_sdk_custom_interfaces/include/dynamixel_sdk_custom_interfaces/dynamixel_sdk_custom_interfaces/msg/detail/set_position__rosidl_typesupport_fastrtps_cpp.hpp
[2.218s] -- Up-to-date symlink: /home/yt6/ros2_py_ws/install/dynamixel_sdk_custom_interfaces/include/dynamixel_sdk_custom_interfaces/dynamixel_sdk_custom_interfaces/msg/rosidl_typesupport_fastrtps_cpp__visibility_control.h
[2.218s] -- Up-to-date symlink: /home/yt6/ros2_py_ws/install/dynamixel_sdk_custom_interfaces/include/dynamixel_sdk_custom_interfaces/dynamixel_sdk_custom_interfaces/srv/detail/get_position__rosidl_typesupport_fastrtps_cpp.hpp
[2.219s] -- Up-to-date symlink: /home/yt6/ros2_py_ws/install/dynamixel_sdk_custom_interfaces/include/dynamixel_sdk_custom_interfaces/dynamixel_sdk_custom_interfaces/msg/detail/set_position__rosidl_typesupport_introspection_c.h
[2.219s] -- Up-to-date symlink: /home/yt6/ros2_py_ws/install/dynamixel_sdk_custom_interfaces/include/dynamixel_sdk_custom_interfaces/dynamixel_sdk_custom_interfaces/msg/rosidl_typesupport_introspection_c__visibility_control.h
[2.219s] -- Up-to-date symlink: /home/yt6/ros2_py_ws/install/dynamixel_sdk_custom_interfaces/include/dynamixel_sdk_custom_interfaces/dynamixel_sdk_custom_interfaces/srv/detail/get_position__rosidl_typesupport_introspection_c.h
[2.219s] -- Up-to-date symlink: /home/yt6/ros2_py_ws/install/dynamixel_sdk_custom_interfaces/include/dynamixel_sdk_custom_interfaces/dynamixel_sdk_custom_interfaces/msg/detail/set_position__rosidl_typesupport_introspection_cpp.hpp
[2.219s] -- Up-to-date symlink: /home/yt6/ros2_py_ws/install/dynamixel_sdk_custom_interfaces/include/dynamixel_sdk_custom_interfaces/dynamixel_sdk_custom_interfaces/srv/detail/get_position__rosidl_typesupport_introspection_cpp.hpp
[2.219s] -- Up-to-date symlink: /home/yt6/ros2_py_ws/install/dynamixel_sdk_custom_interfaces/share/dynamixel_sdk_custom_interfaces/environment/pythonpath.sh
[2.219s] -- Up-to-date symlink: /home/yt6/ros2_py_ws/install/dynamixel_sdk_custom_interfaces/share/dynamixel_sdk_custom_interfaces/environment/pythonpath.dsv
[2.219s] -- Up-to-date symlink: /home/yt6/ros2_py_ws/install/dynamixel_sdk_custom_interfaces/lib/python3.8/site-packages/dynamixel_sdk_custom_interfaces-3.7.60-py3.8.egg-info/PKG-INFO
[2.220s] -- Up-to-date symlink: /home/yt6/ros2_py_ws/install/dynamixel_sdk_custom_interfaces/lib/python3.8/site-packages/dynamixel_sdk_custom_interfaces-3.7.60-py3.8.egg-info/SOURCES.txt
[2.220s] -- Up-to-date symlink: /home/yt6/ros2_py_ws/install/dynamixel_sdk_custom_interfaces/lib/python3.8/site-packages/dynamixel_sdk_custom_interfaces-3.7.60-py3.8.egg-info/dependency_links.txt
[2.220s] -- Up-to-date symlink: /home/yt6/ros2_py_ws/install/dynamixel_sdk_custom_interfaces/lib/python3.8/site-packages/dynamixel_sdk_custom_interfaces-3.7.60-py3.8.egg-info/top_level.txt
[2.220s] -- Up-to-date symlink: /home/yt6/ros2_py_ws/install/dynamixel_sdk_custom_interfaces/lib/python3.8/site-packages/dynamixel_sdk_custom_interfaces/__init__.py
[2.220s] -- Up-to-date symlink: /home/yt6/ros2_py_ws/install/dynamixel_sdk_custom_interfaces/lib/python3.8/site-packages/dynamixel_sdk_custom_interfaces/_dynamixel_sdk_custom_interfaces_s.ep.rosidl_typesupport_c.c
[2.220s] -- Up-to-date symlink: /home/yt6/ros2_py_ws/install/dynamixel_sdk_custom_interfaces/lib/python3.8/site-packages/dynamixel_sdk_custom_interfaces/_dynamixel_sdk_custom_interfaces_s.ep.rosidl_typesupport_fastrtps_c.c
[2.220s] -- Up-to-date symlink: /home/yt6/ros2_py_ws/install/dynamixel_sdk_custom_interfaces/lib/python3.8/site-packages/dynamixel_sdk_custom_interfaces/_dynamixel_sdk_custom_interfaces_s.ep.rosidl_typesupport_introspection_c.c
[2.220s] -- Up-to-date symlink: /home/yt6/ros2_py_ws/install/dynamixel_sdk_custom_interfaces/lib/python3.8/site-packages/dynamixel_sdk_custom_interfaces/dynamixel_sdk_custom_interfaces_s__rosidl_typesupport_c.cpython-38-x86_64-linux-gnu.so
[2.221s] -- Up-to-date symlink: /home/yt6/ros2_py_ws/install/dynamixel_sdk_custom_interfaces/lib/python3.8/site-packages/dynamixel_sdk_custom_interfaces/dynamixel_sdk_custom_interfaces_s__rosidl_typesupport_fastrtps_c.cpython-38-x86_64-linux-gnu.so
[2.221s] -- Up-to-date symlink: /home/yt6/ros2_py_ws/install/dynamixel_sdk_custom_interfaces/lib/python3.8/site-packages/dynamixel_sdk_custom_interfaces/dynamixel_sdk_custom_interfaces_s__rosidl_typesupport_introspection_c.cpython-38-x86_64-linux-gnu.so
[2.221s] -- Up-to-date symlink: /home/yt6/ros2_py_ws/install/dynamixel_sdk_custom_interfaces/lib/python3.8/site-packages/dynamixel_sdk_custom_interfaces/libdynamixel_sdk_custom_interfaces__rosidl_generator_py.so
[2.221s] -- Up-to-date symlink: /home/yt6/ros2_py_ws/install/dynamixel_sdk_custom_interfaces/lib/python3.8/site-packages/dynamixel_sdk_custom_interfaces/msg/__init__.py
[2.221s] -- Up-to-date symlink: /home/yt6/ros2_py_ws/install/dynamixel_sdk_custom_interfaces/lib/python3.8/site-packages/dynamixel_sdk_custom_interfaces/msg/_set_position.py
[2.221s] -- Up-to-date symlink: /home/yt6/ros2_py_ws/install/dynamixel_sdk_custom_interfaces/lib/python3.8/site-packages/dynamixel_sdk_custom_interfaces/msg/_set_position_s.c
[2.221s] -- Up-to-date symlink: /home/yt6/ros2_py_ws/install/dynamixel_sdk_custom_interfaces/lib/python3.8/site-packages/dynamixel_sdk_custom_interfaces/srv/__init__.py
[2.221s] -- Up-to-date symlink: /home/yt6/ros2_py_ws/install/dynamixel_sdk_custom_interfaces/lib/python3.8/site-packages/dynamixel_sdk_custom_interfaces/srv/_get_position.py
[2.221s] -- Up-to-date symlink: /home/yt6/ros2_py_ws/install/dynamixel_sdk_custom_interfaces/lib/python3.8/site-packages/dynamixel_sdk_custom_interfaces/srv/_get_position_s.c
[2.221s] -- Up-to-date symlink: /home/yt6/ros2_py_ws/install/dynamixel_sdk_custom_interfaces/lib/python3.8/site-packages/dynamixel_sdk_custom_interfaces/dynamixel_sdk_custom_interfaces_s__rosidl_typesupport_fastrtps_c.cpython-38-x86_64-linux-gnu.so
[2.221s] -- Up-to-date symlink: /home/yt6/ros2_py_ws/install/dynamixel_sdk_custom_interfaces/lib/python3.8/site-packages/dynamixel_sdk_custom_interfaces/dynamixel_sdk_custom_interfaces_s__rosidl_typesupport_introspection_c.cpython-38-x86_64-linux-gnu.so
[2.222s] -- Up-to-date symlink: /home/yt6/ros2_py_ws/install/dynamixel_sdk_custom_interfaces/lib/python3.8/site-packages/dynamixel_sdk_custom_interfaces/dynamixel_sdk_custom_interfaces_s__rosidl_typesupport_c.cpython-38-x86_64-linux-gnu.so
[2.222s] -- Up-to-date symlink: /home/yt6/ros2_py_ws/install/dynamixel_sdk_custom_interfaces/share/dynamixel_sdk_custom_interfaces/msg/SetPosition.idl
[2.222s] -- Up-to-date symlink: /home/yt6/ros2_py_ws/install/dynamixel_sdk_custom_interfaces/share/dynamixel_sdk_custom_interfaces/srv/GetPosition.idl
[2.222s] -- Up-to-date symlink: /home/yt6/ros2_py_ws/install/dynamixel_sdk_custom_interfaces/share/dynamixel_sdk_custom_interfaces/msg/SetPosition.msg
[2.222s] -- Up-to-date symlink: /home/yt6/ros2_py_ws/install/dynamixel_sdk_custom_interfaces/share/dynamixel_sdk_custom_interfaces/srv/GetPosition.srv
[2.222s] -- Up-to-date symlink: /home/yt6/ros2_py_ws/install/dynamixel_sdk_custom_interfaces/share/dynamixel_sdk_custom_interfaces/srv/GetPosition_Request.msg
[2.222s] -- Up-to-date symlink: /home/yt6/ros2_py_ws/install/dynamixel_sdk_custom_interfaces/share/dynamixel_sdk_custom_interfaces/srv/GetPosition_Response.msg
[2.222s] -- Up-to-date symlink: /home/yt6/ros2_py_ws/install/dynamixel_sdk_custom_interfaces/share/ament_index/resource_index/package_run_dependencies/dynamixel_sdk_custom_interfaces
[2.222s] -- Up-to-date symlink: /home/yt6/ros2_py_ws/install/dynamixel_sdk_custom_interfaces/share/ament_index/resource_index/parent_prefix_path/dynamixel_sdk_custom_interfaces
[2.223s] -- Up-to-date symlink: /home/yt6/ros2_py_ws/install/dynamixel_sdk_custom_interfaces/share/dynamixel_sdk_custom_interfaces/environment/ament_prefix_path.sh
[2.223s] -- Up-to-date symlink: /home/yt6/ros2_py_ws/install/dynamixel_sdk_custom_interfaces/share/dynamixel_sdk_custom_interfaces/environment/ament_prefix_path.dsv
[2.223s] -- Up-to-date symlink: /home/yt6/ros2_py_ws/install/dynamixel_sdk_custom_interfaces/share/dynamixel_sdk_custom_interfaces/environment/path.sh
[2.223s] -- Up-to-date symlink: /home/yt6/ros2_py_ws/install/dynamixel_sdk_custom_interfaces/share/dynamixel_sdk_custom_interfaces/environment/path.dsv
[2.223s] -- Up-to-date symlink: /home/yt6/ros2_py_ws/install/dynamixel_sdk_custom_interfaces/share/dynamixel_sdk_custom_interfaces/local_setup.bash
[2.223s] -- Up-to-date symlink: /home/yt6/ros2_py_ws/install/dynamixel_sdk_custom_interfaces/share/dynamixel_sdk_custom_interfaces/local_setup.sh
[2.223s] -- Up-to-date symlink: /home/yt6/ros2_py_ws/install/dynamixel_sdk_custom_interfaces/share/dynamixel_sdk_custom_interfaces/local_setup.zsh
[2.223s] -- Up-to-date symlink: /home/yt6/ros2_py_ws/install/dynamixel_sdk_custom_interfaces/share/dynamixel_sdk_custom_interfaces/local_setup.dsv
[2.223s] -- Symlinking: /home/yt6/ros2_py_ws/install/dynamixel_sdk_custom_interfaces/share/dynamixel_sdk_custom_interfaces/package.dsv
[2.228s] -- Up-to-date symlink: /home/yt6/ros2_py_ws/install/dynamixel_sdk_custom_interfaces/share/ament_index/resource_index/packages/dynamixel_sdk_custom_interfaces
[2.228s] -- Up-to-date symlink: /home/yt6/ros2_py_ws/install/dynamixel_sdk_custom_interfaces/share/dynamixel_sdk_custom_interfaces/cmake/rosidl_cmake-extras.cmake
[2.228s] -- Up-to-date symlink: /home/yt6/ros2_py_ws/install/dynamixel_sdk_custom_interfaces/share/dynamixel_sdk_custom_interfaces/cmake/ament_cmake_export_dependencies-extras.cmake
[2.229s] -- Up-to-date symlink: /home/yt6/ros2_py_ws/install/dynamixel_sdk_custom_interfaces/share/dynamixel_sdk_custom_interfaces/cmake/ament_cmake_export_include_directories-extras.cmake
[2.229s] -- Up-to-date symlink: /home/yt6/ros2_py_ws/install/dynamixel_sdk_custom_interfaces/share/dynamixel_sdk_custom_interfaces/cmake/ament_cmake_export_libraries-extras.cmake
[2.229s] -- Up-to-date symlink: /home/yt6/ros2_py_ws/install/dynamixel_sdk_custom_interfaces/share/dynamixel_sdk_custom_interfaces/cmake/ament_cmake_export_targets-extras.cmake
[2.229s] -- Up-to-date symlink: /home/yt6/ros2_py_ws/install/dynamixel_sdk_custom_interfaces/share/dynamixel_sdk_custom_interfaces/cmake/rosidl_cmake_export_typesupport_targets-extras.cmake
[2.229s] -- Up-to-date symlink: /home/yt6/ros2_py_ws/install/dynamixel_sdk_custom_interfaces/share/dynamixel_sdk_custom_interfaces/cmake/rosidl_cmake_export_typesupport_libraries-extras.cmake
[2.229s] -- Up-to-date symlink: /home/yt6/ros2_py_ws/install/dynamixel_sdk_custom_interfaces/share/dynamixel_sdk_custom_interfaces/cmake/dynamixel_sdk_custom_interfacesConfig.cmake
[2.229s] -- Up-to-date symlink: /home/yt6/ros2_py_ws/install/dynamixel_sdk_custom_interfaces/share/dynamixel_sdk_custom_interfaces/cmake/dynamixel_sdk_custom_interfacesConfig-version.cmake
[2.229s] -- Up-to-date symlink: /home/yt6/ros2_py_ws/install/dynamixel_sdk_custom_interfaces/share/dynamixel_sdk_custom_interfaces/package.xml
[2.230s] -- Up-to-date: /home/yt6/ros2_py_ws/install/dynamixel_sdk_custom_interfaces/lib/libdynamixel_sdk_custom_interfaces__rosidl_generator_c.so
[2.230s] -- Up-to-date: /home/yt6/ros2_py_ws/install/dynamixel_sdk_custom_interfaces/lib/libdynamixel_sdk_custom_interfaces__rosidl_typesupport_fastrtps_c.so
[2.230s] -- Up-to-date: /home/yt6/ros2_py_ws/install/dynamixel_sdk_custom_interfaces/lib/libdynamixel_sdk_custom_interfaces__rosidl_typesupport_fastrtps_cpp.so
[2.230s] -- Up-to-date: /home/yt6/ros2_py_ws/install/dynamixel_sdk_custom_interfaces/lib/libdynamixel_sdk_custom_interfaces__rosidl_typesupport_introspection_c.so
[2.230s] -- Up-to-date: /home/yt6/ros2_py_ws/install/dynamixel_sdk_custom_interfaces/lib/libdynamixel_sdk_custom_interfaces__rosidl_typesupport_c.so
[2.231s] -- Up-to-date: /home/yt6/ros2_py_ws/install/dynamixel_sdk_custom_interfaces/lib/libdynamixel_sdk_custom_interfaces__rosidl_typesupport_introspection_cpp.so
[2.231s] -- Up-to-date: /home/yt6/ros2_py_ws/install/dynamixel_sdk_custom_interfaces/lib/libdynamixel_sdk_custom_interfaces__rosidl_typesupport_cpp.so
[2.268s] Listing '/home/yt6/ros2_py_ws/install/dynamixel_sdk_custom_interfaces/lib/python3.8/site-packages/dynamixel_sdk_custom_interfaces'...
[2.268s] Compiling '/home/yt6/ros2_py_ws/install/dynamixel_sdk_custom_interfaces/lib/python3.8/site-packages/dynamixel_sdk_custom_interfaces/__init__.py'...
[2.268s] Listing '/home/yt6/ros2_py_ws/install/dynamixel_sdk_custom_interfaces/lib/python3.8/site-packages/dynamixel_sdk_custom_interfaces/msg'...
[2.268s] Listing '/home/yt6/ros2_py_ws/install/dynamixel_sdk_custom_interfaces/lib/python3.8/site-packages/dynamixel_sdk_custom_interfaces/srv'...
[2.271s] -- Up-to-date: /home/yt6/ros2_py_ws/install/dynamixel_sdk_custom_interfaces/lib/libdynamixel_sdk_custom_interfaces__rosidl_generator_py.so
[2.272s] -- Up-to-date: /home/yt6/ros2_py_ws/install/dynamixel_sdk_custom_interfaces/share/dynamixel_sdk_custom_interfaces/cmake/export_dynamixel_sdk_custom_interfaces__rosidl_generator_cExport.cmake
[2.272s] -- Up-to-date: /home/yt6/ros2_py_ws/install/dynamixel_sdk_custom_interfaces/share/dynamixel_sdk_custom_interfaces/cmake/export_dynamixel_sdk_custom_interfaces__rosidl_generator_cExport-noconfig.cmake
[2.272s] -- Up-to-date: /home/yt6/ros2_py_ws/install/dynamixel_sdk_custom_interfaces/share/dynamixel_sdk_custom_interfaces/cmake/export_dynamixel_sdk_custom_interfaces__rosidl_typesupport_fastrtps_cExport.cmake
[2.272s] -- Up-to-date: /home/yt6/ros2_py_ws/install/dynamixel_sdk_custom_interfaces/share/dynamixel_sdk_custom_interfaces/cmake/export_dynamixel_sdk_custom_interfaces__rosidl_typesupport_fastrtps_cExport-noconfig.cmake
[2.272s] -- Up-to-date: /home/yt6/ros2_py_ws/install/dynamixel_sdk_custom_interfaces/share/dynamixel_sdk_custom_interfaces/cmake/export_dynamixel_sdk_custom_interfaces__rosidl_generator_cppExport.cmake
[2.272s] -- Up-to-date: /home/yt6/ros2_py_ws/install/dynamixel_sdk_custom_interfaces/share/dynamixel_sdk_custom_interfaces/cmake/export_dynamixel_sdk_custom_interfaces__rosidl_typesupport_fastrtps_cppExport.cmake
[2.272s] -- Up-to-date: /home/yt6/ros2_py_ws/install/dynamixel_sdk_custom_interfaces/share/dynamixel_sdk_custom_interfaces/cmake/export_dynamixel_sdk_custom_interfaces__rosidl_typesupport_fastrtps_cppExport-noconfig.cmake
[2.273s] -- Up-to-date: /home/yt6/ros2_py_ws/install/dynamixel_sdk_custom_interfaces/share/dynamixel_sdk_custom_interfaces/cmake/dynamixel_sdk_custom_interfaces__rosidl_typesupport_introspection_cExport.cmake
[2.273s] -- Up-to-date: /home/yt6/ros2_py_ws/install/dynamixel_sdk_custom_interfaces/share/dynamixel_sdk_custom_interfaces/cmake/dynamixel_sdk_custom_interfaces__rosidl_typesupport_introspection_cExport-noconfig.cmake
[2.273s] -- Up-to-date: /home/yt6/ros2_py_ws/install/dynamixel_sdk_custom_interfaces/share/dynamixel_sdk_custom_interfaces/cmake/dynamixel_sdk_custom_interfaces__rosidl_typesupport_cExport.cmake
[2.273s] -- Up-to-date: /home/yt6/ros2_py_ws/install/dynamixel_sdk_custom_interfaces/share/dynamixel_sdk_custom_interfaces/cmake/dynamixel_sdk_custom_interfaces__rosidl_typesupport_cExport-noconfig.cmake
[2.273s] -- Up-to-date: /home/yt6/ros2_py_ws/install/dynamixel_sdk_custom_interfaces/share/dynamixel_sdk_custom_interfaces/cmake/dynamixel_sdk_custom_interfaces__rosidl_typesupport_introspection_cppExport.cmake
[2.273s] -- Up-to-date: /home/yt6/ros2_py_ws/install/dynamixel_sdk_custom_interfaces/share/dynamixel_sdk_custom_interfaces/cmake/dynamixel_sdk_custom_interfaces__rosidl_typesupport_introspection_cppExport-noconfig.cmake
[2.273s] -- Up-to-date: /home/yt6/ros2_py_ws/install/dynamixel_sdk_custom_interfaces/share/dynamixel_sdk_custom_interfaces/cmake/dynamixel_sdk_custom_interfaces__rosidl_typesupport_cppExport.cmake
[2.273s] -- Up-to-date: /home/yt6/ros2_py_ws/install/dynamixel_sdk_custom_interfaces/share/dynamixel_sdk_custom_interfaces/cmake/dynamixel_sdk_custom_interfaces__rosidl_typesupport_cppExport-noconfig.cmake
[2.273s] -- Up-to-date: /home/yt6/ros2_py_ws/install/dynamixel_sdk_custom_interfaces/share/dynamixel_sdk_custom_interfaces/cmake/export_dynamixel_sdk_custom_interfaces__rosidl_generator_pyExport.cmake
[2.273s] -- Up-to-date: /home/yt6/ros2_py_ws/install/dynamixel_sdk_custom_interfaces/share/dynamixel_sdk_custom_interfaces/cmake/export_dynamixel_sdk_custom_interfaces__rosidl_generator_pyExport-noconfig.cmake
[2.275s] Invoked command in '/home/yt6/ros2_py_ws/build/dynamixel_sdk_custom_interfaces' returned '0': CMAKE_PREFIX_PATH=/home/yt6/ros2_py_ws/src/my_vision_pkg/install/my_vision_pkg:/opt/ros/humble /usr/bin/cmake --install /home/yt6/ros2_py_ws/build/dynamixel_sdk_custom_interfaces
