[1.012s] Invoking command in '/home/yt6/ros2_py_ws/src/my_py_pkg': PYTHONPATH=/home/yt6/ros2_py_ws/src/build/my_py_pkg/prefix_override:/usr/lib/python3/dist-packages/colcon_core/task/python/colcon_distutils_commands:/home/yt6/ros2_py_ws/src/install/my_py_pkg/lib/python3.8/site-packages:${PYTHONPATH} /usr/bin/python3 -W ignore:setup.py install is deprecated -W ignore:easy_install command is deprecated setup.py egg_info --egg-base ../build/my_py_pkg build --build-base /home/yt6/ros2_py_ws/src/build/my_py_pkg/build install --record /home/yt6/ros2_py_ws/src/build/my_py_pkg/install.log --single-version-externally-managed install_data
[1.203s] running egg_info
[1.203s] writing ../build/my_py_pkg/my_py_pkg.egg-info/PKG-INFO
[1.203s] writing dependency_links to ../build/my_py_pkg/my_py_pkg.egg-info/dependency_links.txt
[1.203s] writing entry points to ../build/my_py_pkg/my_py_pkg.egg-info/entry_points.txt
[1.203s] writing requirements to ../build/my_py_pkg/my_py_pkg.egg-info/requires.txt
[1.204s] writing top-level names to ../build/my_py_pkg/my_py_pkg.egg-info/top_level.txt
[1.229s] reading manifest file '../build/my_py_pkg/my_py_pkg.egg-info/SOURCES.txt'
[1.230s] writing manifest file '../build/my_py_pkg/my_py_pkg.egg-info/SOURCES.txt'
[1.230s] running build
[1.230s] running build_py
[1.230s] running install
[1.231s] running install_lib
[1.232s] running install_data
[1.232s] running install_egg_info
[1.233s] removing '/home/yt6/ros2_py_ws/src/install/my_py_pkg/lib/python3.8/site-packages/my_py_pkg-0.0.0-py3.8.egg-info' (and everything under it)
[1.233s] Copying ../build/my_py_pkg/my_py_pkg.egg-info to /home/yt6/ros2_py_ws/src/install/my_py_pkg/lib/python3.8/site-packages/my_py_pkg-0.0.0-py3.8.egg-info
[1.234s] running install_scripts
[1.246s] Installing listener script to /home/yt6/ros2_py_ws/src/install/my_py_pkg/lib/my_py_pkg
[1.246s] Installing talker script to /home/yt6/ros2_py_ws/src/install/my_py_pkg/lib/my_py_pkg
[1.246s] writing list of installed files to '/home/yt6/ros2_py_ws/src/build/my_py_pkg/install.log'
[1.267s] Invoked command in '/home/yt6/ros2_py_ws/src/my_py_pkg' returned '0': PYTHONPATH=/home/yt6/ros2_py_ws/src/build/my_py_pkg/prefix_override:/usr/lib/python3/dist-packages/colcon_core/task/python/colcon_distutils_commands:/home/yt6/ros2_py_ws/src/install/my_py_pkg/lib/python3.8/site-packages:${PYTHONPATH} /usr/bin/python3 -W ignore:setup.py install is deprecated -W ignore:easy_install command is deprecated setup.py egg_info --egg-base ../build/my_py_pkg build --build-base /home/yt6/ros2_py_ws/src/build/my_py_pkg/build install --record /home/yt6/ros2_py_ws/src/build/my_py_pkg/install.log --single-version-externally-managed install_data
