[0.989s] Invoking command in '/home/yt6/ros2_py_ws/src/my_vision_pkg': PYTHONPATH=/home/yt6/ros2_py_ws/build/my_vision_pkg/prefix_override:/usr/lib/python3/dist-packages/colcon_core/task/python/colcon_distutils_commands:/home/yt6/ros2_py_ws/install/my_vision_pkg/lib/python3.8/site-packages:${PYTHONPATH} /usr/bin/python3 -W ignore:setup.py install is deprecated -W ignore:easy_install command is deprecated setup.py egg_info --egg-base ../../build/my_vision_pkg build --build-base /home/yt6/ros2_py_ws/build/my_vision_pkg/build install --record /home/yt6/ros2_py_ws/build/my_vision_pkg/install.log --single-version-externally-managed install_data
[1.182s] running egg_info
[1.183s] writing ../../build/my_vision_pkg/my_vision_pkg.egg-info/PKG-INFO
[1.183s] writing dependency_links to ../../build/my_vision_pkg/my_vision_pkg.egg-info/dependency_links.txt
[1.183s] writing entry points to ../../build/my_vision_pkg/my_vision_pkg.egg-info/entry_points.txt
[1.183s] writing requirements to ../../build/my_vision_pkg/my_vision_pkg.egg-info/requires.txt
[1.183s] writing top-level names to ../../build/my_vision_pkg/my_vision_pkg.egg-info/top_level.txt
[1.207s] reading manifest file '../../build/my_vision_pkg/my_vision_pkg.egg-info/SOURCES.txt'
[1.207s] writing manifest file '../../build/my_vision_pkg/my_vision_pkg.egg-info/SOURCES.txt'
[1.207s] running build
[1.208s] running build_py
[1.208s] copying my_vision_pkg/detect_circles_node2.py -> /home/yt6/ros2_py_ws/build/my_vision_pkg/build/lib/my_vision_pkg
[1.208s] running install
[1.208s] running install_lib
[1.209s] copying /home/yt6/ros2_py_ws/build/my_vision_pkg/build/lib/my_vision_pkg/detect_circles_node2.py -> /home/yt6/ros2_py_ws/install/my_vision_pkg/lib/python3.8/site-packages/my_vision_pkg
[1.210s] byte-compiling /home/yt6/ros2_py_ws/install/my_vision_pkg/lib/python3.8/site-packages/my_vision_pkg/detect_circles_node2.py to detect_circles_node2.cpython-38.pyc
[1.211s] running install_data
[1.211s] running install_egg_info
[1.213s] removing '/home/yt6/ros2_py_ws/install/my_vision_pkg/lib/python3.8/site-packages/my_vision_pkg-0.0.0-py3.8.egg-info' (and everything under it)
[1.213s] Copying ../../build/my_vision_pkg/my_vision_pkg.egg-info to /home/yt6/ros2_py_ws/install/my_vision_pkg/lib/python3.8/site-packages/my_vision_pkg-0.0.0-py3.8.egg-info
[1.214s] running install_scripts
[1.228s] Installing circle_subscriber script to /home/yt6/ros2_py_ws/install/my_vision_pkg/lib/my_vision_pkg
[1.228s] Installing detect_circles script to /home/yt6/ros2_py_ws/install/my_vision_pkg/lib/my_vision_pkg
[1.228s] Installing detect_circles_1shot script to /home/yt6/ros2_py_ws/install/my_vision_pkg/lib/my_vision_pkg
[1.228s] writing list of installed files to '/home/yt6/ros2_py_ws/build/my_vision_pkg/install.log'
[1.252s] Invoked command in '/home/yt6/ros2_py_ws/src/my_vision_pkg' returned '0': PYTHONPATH=/home/yt6/ros2_py_ws/build/my_vision_pkg/prefix_override:/usr/lib/python3/dist-packages/colcon_core/task/python/colcon_distutils_commands:/home/yt6/ros2_py_ws/install/my_vision_pkg/lib/python3.8/site-packages:${PYTHONPATH} /usr/bin/python3 -W ignore:setup.py install is deprecated -W ignore:easy_install command is deprecated setup.py egg_info --egg-base ../../build/my_vision_pkg build --build-base /home/yt6/ros2_py_ws/build/my_vision_pkg/build install --record /home/yt6/ros2_py_ws/build/my_vision_pkg/install.log --single-version-externally-managed install_data
