[0.035s] Invoking command in '/home/yt6/ros2_py_ws/build/dynamixel_sdk': CMAKE_PREFIX_PATH=${CMAKE_PREFIX_PATH}:/home/yt6/ros2_py_ws/install/dynamixel_publisher:/home/yt6/ros2_py_ws/install/dynamixel_control:/home/yt6/ros2_py_ws/src/install/my_vision_pkg:/home/yt6/ros2_py_ws/src/install/my_py_pkg:/home/yt6/ros2_py_ws/src/install/dynamixel_control:/home/yt6/ros2_py_ws/install/my_vision_pkg:/home/yt6/ros2_py_ws/install/my_py_pkg:/home/yt6/ws_moveit2/install/moveit_configs_utils:/opt/ros/humble /usr/bin/cmake --build /home/yt6/ros2_py_ws/build/dynamixel_sdk -- -j16 -l16
[0.261s] [100%] Built target dynamixel_sdk
[0.265s] Invoked command in '/home/yt6/ros2_py_ws/build/dynamixel_sdk' returned '0': CMAKE_PREFIX_PATH=${CMAKE_PREFIX_PATH}:/home/yt6/ros2_py_ws/install/dynamixel_publisher:/home/yt6/ros2_py_ws/install/dynamixel_control:/home/yt6/ros2_py_ws/src/install/my_vision_pkg:/home/yt6/ros2_py_ws/src/install/my_py_pkg:/home/yt6/ros2_py_ws/src/install/dynamixel_control:/home/yt6/ros2_py_ws/install/my_vision_pkg:/home/yt6/ros2_py_ws/install/my_py_pkg:/home/yt6/ws_moveit2/install/moveit_configs_utils:/opt/ros/humble /usr/bin/cmake --build /home/yt6/ros2_py_ws/build/dynamixel_sdk -- -j16 -l16
[0.271s] Invoking command in '/home/yt6/ros2_py_ws/build/dynamixel_sdk': CMAKE_PREFIX_PATH=${CMAKE_PREFIX_PATH}:/home/yt6/ros2_py_ws/install/dynamixel_publisher:/home/yt6/ros2_py_ws/install/dynamixel_control:/home/yt6/ros2_py_ws/src/install/my_vision_pkg:/home/yt6/ros2_py_ws/src/install/my_py_pkg:/home/yt6/ros2_py_ws/src/install/dynamixel_control:/home/yt6/ros2_py_ws/install/my_vision_pkg:/home/yt6/ros2_py_ws/install/my_py_pkg:/home/yt6/ws_moveit2/install/moveit_configs_utils:/opt/ros/humble /usr/bin/cmake --install /home/yt6/ros2_py_ws/build/dynamixel_sdk
[0.551s] -- Install configuration: ""
[0.551s] -- Execute custom install script
[0.552s] -- Up-to-date symlink: /home/yt6/ros2_py_ws/install/dynamixel_sdk/include//dynamixel_sdk/dynamixel_sdk.h
[0.552s] -- Up-to-date symlink: /home/yt6/ros2_py_ws/install/dynamixel_sdk/include//dynamixel_sdk/group_bulk_read.h
[0.552s] -- Up-to-date symlink: /home/yt6/ros2_py_ws/install/dynamixel_sdk/include//dynamixel_sdk/group_bulk_write.h
[0.553s] -- Up-to-date symlink: /home/yt6/ros2_py_ws/install/dynamixel_sdk/include//dynamixel_sdk/group_sync_read.h
[0.555s] -- Up-to-date symlink: /home/yt6/ros2_py_ws/install/dynamixel_sdk/include//dynamixel_sdk/group_sync_write.h
[0.556s] -- Up-to-date symlink: /home/yt6/ros2_py_ws/install/dynamixel_sdk/include//dynamixel_sdk/packet_handler.h
[0.556s] -- Up-to-date symlink: /home/yt6/ros2_py_ws/install/dynamixel_sdk/include//dynamixel_sdk/port_handler.h
[0.557s] -- Up-to-date symlink: /home/yt6/ros2_py_ws/install/dynamixel_sdk/include//dynamixel_sdk/port_handler_arduino.h
[0.557s] -- Up-to-date symlink: /home/yt6/ros2_py_ws/install/dynamixel_sdk/include//dynamixel_sdk/port_handler_linux.h
[0.560s] -- Up-to-date symlink: /home/yt6/ros2_py_ws/install/dynamixel_sdk/include//dynamixel_sdk/port_handler_mac.h
[0.560s] -- Up-to-date symlink: /home/yt6/ros2_py_ws/install/dynamixel_sdk/include//dynamixel_sdk/port_handler_windows.h
[0.560s] -- Up-to-date symlink: /home/yt6/ros2_py_ws/install/dynamixel_sdk/include//dynamixel_sdk/protocol1_packet_handler.h
[0.561s] -- Up-to-date symlink: /home/yt6/ros2_py_ws/install/dynamixel_sdk/include//dynamixel_sdk/protocol2_packet_handler.h
[0.561s] -- Up-to-date symlink: /home/yt6/ros2_py_ws/install/dynamixel_sdk/lib/libdynamixel_sdk.so
[0.561s] -- Up-to-date symlink: /home/yt6/ros2_py_ws/install/dynamixel_sdk/share/dynamixel_sdk/environment/library_path.sh
[0.562s] -- Up-to-date symlink: /home/yt6/ros2_py_ws/install/dynamixel_sdk/share/dynamixel_sdk/environment/library_path.dsv
[0.562s] -- Up-to-date symlink: /home/yt6/ros2_py_ws/install/dynamixel_sdk/share/ament_index/resource_index/package_run_dependencies/dynamixel_sdk
[0.563s] -- Up-to-date symlink: /home/yt6/ros2_py_ws/install/dynamixel_sdk/share/ament_index/resource_index/parent_prefix_path/dynamixel_sdk
[0.563s] -- Up-to-date symlink: /home/yt6/ros2_py_ws/install/dynamixel_sdk/share/dynamixel_sdk/environment/ament_prefix_path.sh
[0.563s] -- Up-to-date symlink: /home/yt6/ros2_py_ws/install/dynamixel_sdk/share/dynamixel_sdk/environment/ament_prefix_path.dsv
[0.563s] -- Up-to-date symlink: /home/yt6/ros2_py_ws/install/dynamixel_sdk/share/dynamixel_sdk/environment/path.sh
[0.564s] -- Up-to-date symlink: /home/yt6/ros2_py_ws/install/dynamixel_sdk/share/dynamixel_sdk/environment/path.dsv
[0.564s] -- Up-to-date symlink: /home/yt6/ros2_py_ws/install/dynamixel_sdk/share/dynamixel_sdk/local_setup.bash
[0.564s] -- Up-to-date symlink: /home/yt6/ros2_py_ws/install/dynamixel_sdk/share/dynamixel_sdk/local_setup.sh
[0.565s] -- Up-to-date symlink: /home/yt6/ros2_py_ws/install/dynamixel_sdk/share/dynamixel_sdk/local_setup.zsh
[0.565s] -- Up-to-date symlink: /home/yt6/ros2_py_ws/install/dynamixel_sdk/share/dynamixel_sdk/local_setup.dsv
[0.565s] -- Symlinking: /home/yt6/ros2_py_ws/install/dynamixel_sdk/share/dynamixel_sdk/package.dsv
[0.566s] -- Up-to-date symlink: /home/yt6/ros2_py_ws/install/dynamixel_sdk/share/ament_index/resource_index/packages/dynamixel_sdk
[0.566s] -- Up-to-date symlink: /home/yt6/ros2_py_ws/install/dynamixel_sdk/share/dynamixel_sdk/cmake/ament_cmake_export_include_directories-extras.cmake
[0.566s] -- Up-to-date symlink: /home/yt6/ros2_py_ws/install/dynamixel_sdk/share/dynamixel_sdk/cmake/ament_cmake_export_libraries-extras.cmake
[0.567s] -- Up-to-date symlink: /home/yt6/ros2_py_ws/install/dynamixel_sdk/share/dynamixel_sdk/cmake/dynamixel_sdkConfig.cmake
[0.567s] -- Up-to-date symlink: /home/yt6/ros2_py_ws/install/dynamixel_sdk/share/dynamixel_sdk/cmake/dynamixel_sdkConfig-version.cmake
[0.567s] -- Up-to-date symlink: /home/yt6/ros2_py_ws/install/dynamixel_sdk/share/dynamixel_sdk/package.xml
[0.567s] Invoked command in '/home/yt6/ros2_py_ws/build/dynamixel_sdk' returned '0': CMAKE_PREFIX_PATH=${CMAKE_PREFIX_PATH}:/home/yt6/ros2_py_ws/install/dynamixel_publisher:/home/yt6/ros2_py_ws/install/dynamixel_control:/home/yt6/ros2_py_ws/src/install/my_vision_pkg:/home/yt6/ros2_py_ws/src/install/my_py_pkg:/home/yt6/ros2_py_ws/src/install/dynamixel_control:/home/yt6/ros2_py_ws/install/my_vision_pkg:/home/yt6/ros2_py_ws/install/my_py_pkg:/home/yt6/ws_moveit2/install/moveit_configs_utils:/opt/ros/humble /usr/bin/cmake --install /home/yt6/ros2_py_ws/build/dynamixel_sdk
