[0.872s] Invoking command in '/home/yt6/ros2_py_ws/build/my_vision_pkg': PYTHONPATH=/home/yt6/ros2_py_ws/build/my_vision_pkg/prefix_override:/usr/lib/python3/dist-packages/colcon_core/task/python/colcon_distutils_commands:/home/yt6/ros2_py_ws/install/my_vision_pkg/lib/python3.8/site-packages:${PYTHONPATH} /usr/bin/python3 -W ignore:setup.py install is deprecated -W ignore:easy_install command is deprecated setup.py develop --editable --build-directory /home/yt6/ros2_py_ws/build/my_vision_pkg/build --no-deps symlink_data
[1.084s] running develop
[1.226s] running egg_info
[1.226s] creating my_vision_pkg.egg-info
[1.226s] writing my_vision_pkg.egg-info/PKG-INFO
[1.226s] writing dependency_links to my_vision_pkg.egg-info/dependency_links.txt
[1.227s] writing entry points to my_vision_pkg.egg-info/entry_points.txt
[1.227s] writing requirements to my_vision_pkg.egg-info/requires.txt
[1.227s] writing top-level names to my_vision_pkg.egg-info/top_level.txt
[1.227s] writing manifest file 'my_vision_pkg.egg-info/SOURCES.txt'
[1.251s] reading manifest file 'my_vision_pkg.egg-info/SOURCES.txt'
[1.251s] writing manifest file 'my_vision_pkg.egg-info/SOURCES.txt'
[1.277s] running build_ext
[1.277s] Creating /home/yt6/ros2_py_ws/install/my_vision_pkg/lib/python3.8/site-packages/site.py
[1.278s] Creating /home/yt6/ros2_py_ws/install/my_vision_pkg/lib/python3.8/site-packages/my-vision-pkg.egg-link (link to .)
[1.279s] Installing circle_subscriber script to /home/yt6/ros2_py_ws/install/my_vision_pkg/lib/my_vision_pkg
[1.279s] Installing detect_circles script to /home/yt6/ros2_py_ws/install/my_vision_pkg/lib/my_vision_pkg
[1.279s] Installing detect_circles_1shot script to /home/yt6/ros2_py_ws/install/my_vision_pkg/lib/my_vision_pkg
[1.280s] 
[1.280s] Installed /home/yt6/ros2_py_ws/build/my_vision_pkg
[1.280s] running symlink_data
[1.280s] creating /home/yt6/ros2_py_ws/install/my_vision_pkg/share/ament_index
[1.280s] creating /home/yt6/ros2_py_ws/install/my_vision_pkg/share/ament_index/resource_index
[1.280s] creating /home/yt6/ros2_py_ws/install/my_vision_pkg/share/ament_index/resource_index/packages
[1.280s] symbolically linking /home/yt6/ros2_py_ws/build/my_vision_pkg/resource/my_vision_pkg -> /home/yt6/ros2_py_ws/install/my_vision_pkg/share/ament_index/resource_index/packages
[1.280s] symbolically linking /home/yt6/ros2_py_ws/build/my_vision_pkg/package.xml -> /home/yt6/ros2_py_ws/install/my_vision_pkg/share/my_vision_pkg
[1.313s] Invoked command in '/home/yt6/ros2_py_ws/build/my_vision_pkg' returned '0': PYTHONPATH=/home/yt6/ros2_py_ws/build/my_vision_pkg/prefix_override:/usr/lib/python3/dist-packages/colcon_core/task/python/colcon_distutils_commands:/home/yt6/ros2_py_ws/install/my_vision_pkg/lib/python3.8/site-packages:${PYTHONPATH} /usr/bin/python3 -W ignore:setup.py install is deprecated -W ignore:easy_install command is deprecated setup.py develop --editable --build-directory /home/yt6/ros2_py_ws/build/my_vision_pkg/build --no-deps symlink_data
