[0.768s] Invoking command in '/home/yt6/ros2_py_ws/src/dynamixel_control': PYTHONPATH=/home/yt6/ros2_py_ws/build/dynamixel_control/prefix_override:/usr/lib/python3/dist-packages/colcon_core/task/python/colcon_distutils_commands:/home/yt6/ros2_py_ws/install/dynamixel_control/lib/python3.8/site-packages:${PYTHONPATH} /usr/bin/python3 -W ignore:setup.py install is deprecated -W ignore:easy_install command is deprecated setup.py egg_info --egg-base ../../build/dynamixel_control build --build-base /home/yt6/ros2_py_ws/build/dynamixel_control/build install --record /home/yt6/ros2_py_ws/build/dynamixel_control/install.log --single-version-externally-managed install_data
[0.953s] running egg_info
[0.953s] creating ../../build/dynamixel_control/dynamixel_control.egg-info
[0.953s] writing ../../build/dynamixel_control/dynamixel_control.egg-info/PKG-INFO
[0.954s] writing dependency_links to ../../build/dynamixel_control/dynamixel_control.egg-info/dependency_links.txt
[0.954s] writing entry points to ../../build/dynamixel_control/dynamixel_control.egg-info/entry_points.txt
[0.954s] writing requirements to ../../build/dynamixel_control/dynamixel_control.egg-info/requires.txt
[0.954s] writing top-level names to ../../build/dynamixel_control/dynamixel_control.egg-info/top_level.txt
[0.954s] writing manifest file '../../build/dynamixel_control/dynamixel_control.egg-info/SOURCES.txt'
[0.976s] reading manifest file '../../build/dynamixel_control/dynamixel_control.egg-info/SOURCES.txt'
[0.976s] writing manifest file '../../build/dynamixel_control/dynamixel_control.egg-info/SOURCES.txt'
[0.977s] running build
[0.977s] running build_py
[0.977s] creating /home/yt6/ros2_py_ws/build/dynamixel_control/build
[0.977s] creating /home/yt6/ros2_py_ws/build/dynamixel_control/build/lib
[0.977s] creating /home/yt6/ros2_py_ws/build/dynamixel_control/build/lib/dynamixel_control
[0.977s] copying dynamixel_control/__init__.py -> /home/yt6/ros2_py_ws/build/dynamixel_control/build/lib/dynamixel_control
[0.977s] copying dynamixel_control/dynamixel_controller.py -> /home/yt6/ros2_py_ws/build/dynamixel_control/build/lib/dynamixel_control
[0.977s] copying dynamixel_control/dynamixel_node.py -> /home/yt6/ros2_py_ws/build/dynamixel_control/build/lib/dynamixel_control
[0.977s] running install
[0.978s] running install_lib
[0.978s] creating /home/yt6/ros2_py_ws/install/dynamixel_control/lib/python3.8/site-packages/dynamixel_control
[0.978s] copying /home/yt6/ros2_py_ws/build/dynamixel_control/build/lib/dynamixel_control/__init__.py -> /home/yt6/ros2_py_ws/install/dynamixel_control/lib/python3.8/site-packages/dynamixel_control
[0.978s] copying /home/yt6/ros2_py_ws/build/dynamixel_control/build/lib/dynamixel_control/dynamixel_controller.py -> /home/yt6/ros2_py_ws/install/dynamixel_control/lib/python3.8/site-packages/dynamixel_control
[0.979s] copying /home/yt6/ros2_py_ws/build/dynamixel_control/build/lib/dynamixel_control/dynamixel_node.py -> /home/yt6/ros2_py_ws/install/dynamixel_control/lib/python3.8/site-packages/dynamixel_control
[0.979s] byte-compiling /home/yt6/ros2_py_ws/install/dynamixel_control/lib/python3.8/site-packages/dynamixel_control/__init__.py to __init__.cpython-38.pyc
[0.980s] byte-compiling /home/yt6/ros2_py_ws/install/dynamixel_control/lib/python3.8/site-packages/dynamixel_control/dynamixel_controller.py to dynamixel_controller.cpython-38.pyc
[0.980s] byte-compiling /home/yt6/ros2_py_ws/install/dynamixel_control/lib/python3.8/site-packages/dynamixel_control/dynamixel_node.py to dynamixel_node.cpython-38.pyc
[0.980s] running install_data
[0.980s] copying package.xml -> /home/yt6/ros2_py_ws/install/dynamixel_control/share/dynamixel_control
[0.980s] running install_egg_info
[0.982s] Copying ../../build/dynamixel_control/dynamixel_control.egg-info to /home/yt6/ros2_py_ws/install/dynamixel_control/lib/python3.8/site-packages/dynamixel_control-0.0.0-py3.8.egg-info
[0.982s] running install_scripts
[0.994s] Installing dynamixel_controller script to /home/yt6/ros2_py_ws/install/dynamixel_control/lib/dynamixel_control
[0.994s] writing list of installed files to '/home/yt6/ros2_py_ws/build/dynamixel_control/install.log'
[1.014s] Invoked command in '/home/yt6/ros2_py_ws/src/dynamixel_control' returned '0': PYTHONPATH=/home/yt6/ros2_py_ws/build/dynamixel_control/prefix_override:/usr/lib/python3/dist-packages/colcon_core/task/python/colcon_distutils_commands:/home/yt6/ros2_py_ws/install/dynamixel_control/lib/python3.8/site-packages:${PYTHONPATH} /usr/bin/python3 -W ignore:setup.py install is deprecated -W ignore:easy_install command is deprecated setup.py egg_info --egg-base ../../build/dynamixel_control build --build-base /home/yt6/ros2_py_ws/build/dynamixel_control/build install --record /home/yt6/ros2_py_ws/build/dynamixel_control/install.log --single-version-externally-managed install_data
