[0.190s] DEBUG:colcon:Command line arguments: ['/usr/bin/colcon', 'list', '-p', '--base-paths', '/home/yt6/ros2_py_ws']
[0.191s] DEBUG:colcon:Parsed command line arguments: Namespace(allow_overriding=[], base_paths=['/home/yt6/ros2_py_ws'], build_base='build', ignore_user_meta=False, log_base=None, log_level=None, main=<bound method ListVerb.main of <colcon_package_information.verb.list.ListVerb object at 0x7f3380666670>>, metas=['./colcon.meta'], mixin=None, mixin_files=None, mixin_verb=('list',), names_only=False, packages_above=None, packages_above_and_dependencies=None, packages_above_depth=None, packages_end=None, packages_ignore=None, packages_ignore_regex=None, packages_select=None, packages_select_build_failed=False, packages_select_by_dep=None, packages_select_regex=None, packages_select_test_failures=False, packages_skip=None, packages_skip_build_finished=False, packages_skip_by_dep=None, packages_skip_regex=None, packages_skip_test_passed=False, packages_skip_up_to=None, packages_start=None, packages_up_to=None, packages_up_to_regex=None, paths=None, paths_only=True, topological_graph=False, topological_graph_density=False, topological_graph_dot=False, topological_graph_dot_cluster=False, topological_graph_dot_include_skipped=False, topological_graph_legend=False, topological_order=False, verb_extension=<colcon_package_information.verb.list.ListVerb object at 0x7f3380666670>, verb_name='list', verb_parser=<colcon_mixin.mixin.mixin_argument.MixinArgumentDecorator object at 0x7f33806736a0>)
[0.358s] Level 1:colcon.colcon_core.package_discovery:discover_packages(colcon_meta) check parameters
[0.359s] Level 1:colcon.colcon_core.package_discovery:discover_packages(recursive) check parameters
[0.359s] Level 1:colcon.colcon_core.package_discovery:discover_packages(ignore) check parameters
[0.359s] Level 1:colcon.colcon_core.package_discovery:discover_packages(path) check parameters
[0.359s] Level 1:colcon.colcon_core.package_discovery:discover_packages(recursive) discover
[0.359s] INFO:colcon.colcon_core.package_discovery:Crawling recursively for packages in '/home/yt6/ros2_py_ws'
[0.359s] Level 1:colcon.colcon_core.package_identification:_identify(/home/yt6/ros2_py_ws) by extensions ['ignore', 'ignore_ament_install']
[0.359s] Level 1:colcon.colcon_core.package_identification:_identify(/home/yt6/ros2_py_ws) by extension 'ignore'
[0.359s] Level 1:colcon.colcon_core.package_identification:_identify(/home/yt6/ros2_py_ws) by extension 'ignore_ament_install'
[0.359s] Level 1:colcon.colcon_core.package_identification:_identify(/home/yt6/ros2_py_ws) by extensions ['colcon_pkg']
[0.359s] Level 1:colcon.colcon_core.package_identification:_identify(/home/yt6/ros2_py_ws) by extension 'colcon_pkg'
[0.359s] Level 1:colcon.colcon_core.package_identification:_identify(/home/yt6/ros2_py_ws) by extensions ['colcon_meta']
[0.359s] Level 1:colcon.colcon_core.package_identification:_identify(/home/yt6/ros2_py_ws) by extension 'colcon_meta'
[0.359s] Level 1:colcon.colcon_core.package_identification:_identify(/home/yt6/ros2_py_ws) by extensions ['ros']
[0.359s] Level 1:colcon.colcon_core.package_identification:_identify(/home/yt6/ros2_py_ws) by extension 'ros'
[0.371s] Level 1:colcon.colcon_core.package_identification:_identify(/home/yt6/ros2_py_ws) by extensions ['cmake', 'python']
[0.371s] Level 1:colcon.colcon_core.package_identification:_identify(/home/yt6/ros2_py_ws) by extension 'cmake'
[0.371s] Level 1:colcon.colcon_core.package_identification:_identify(/home/yt6/ros2_py_ws) by extension 'python'
[0.371s] Level 1:colcon.colcon_core.package_identification:_identify(/home/yt6/ros2_py_ws) by extensions ['python_setup_py']
[0.371s] Level 1:colcon.colcon_core.package_identification:_identify(/home/yt6/ros2_py_ws) by extension 'python_setup_py'
[0.371s] Level 1:colcon.colcon_core.package_identification:_identify(/home/yt6/ros2_py_ws/build) by extensions ['ignore', 'ignore_ament_install']
[0.371s] Level 1:colcon.colcon_core.package_identification:_identify(/home/yt6/ros2_py_ws/build) by extension 'ignore'
[0.371s] Level 1:colcon.colcon_core.package_identification:_identify(/home/yt6/ros2_py_ws/build) ignored
[0.371s] Level 1:colcon.colcon_core.package_identification:_identify(/home/yt6/ros2_py_ws/install) by extensions ['ignore', 'ignore_ament_install']
[0.371s] Level 1:colcon.colcon_core.package_identification:_identify(/home/yt6/ros2_py_ws/install) by extension 'ignore'
[0.371s] Level 1:colcon.colcon_core.package_identification:_identify(/home/yt6/ros2_py_ws/install) ignored
[0.372s] Level 1:colcon.colcon_core.package_identification:_identify(/home/yt6/ros2_py_ws/log) by extensions ['ignore', 'ignore_ament_install']
[0.372s] Level 1:colcon.colcon_core.package_identification:_identify(/home/yt6/ros2_py_ws/log) by extension 'ignore'
[0.372s] Level 1:colcon.colcon_core.package_identification:_identify(/home/yt6/ros2_py_ws/log) ignored
[0.372s] Level 1:colcon.colcon_core.package_identification:_identify(/home/yt6/ros2_py_ws/src) by extensions ['ignore', 'ignore_ament_install']
[0.372s] Level 1:colcon.colcon_core.package_identification:_identify(/home/yt6/ros2_py_ws/src) by extension 'ignore'
[0.372s] Level 1:colcon.colcon_core.package_identification:_identify(/home/yt6/ros2_py_ws/src) by extension 'ignore_ament_install'
[0.372s] Level 1:colcon.colcon_core.package_identification:_identify(/home/yt6/ros2_py_ws/src) by extensions ['colcon_pkg']
[0.372s] Level 1:colcon.colcon_core.package_identification:_identify(/home/yt6/ros2_py_ws/src) by extension 'colcon_pkg'
[0.372s] Level 1:colcon.colcon_core.package_identification:_identify(/home/yt6/ros2_py_ws/src) by extensions ['colcon_meta']
[0.372s] Level 1:colcon.colcon_core.package_identification:_identify(/home/yt6/ros2_py_ws/src) by extension 'colcon_meta'
[0.372s] Level 1:colcon.colcon_core.package_identification:_identify(/home/yt6/ros2_py_ws/src) by extensions ['ros']
[0.372s] Level 1:colcon.colcon_core.package_identification:_identify(/home/yt6/ros2_py_ws/src) by extension 'ros'
[0.372s] Level 1:colcon.colcon_core.package_identification:_identify(/home/yt6/ros2_py_ws/src) by extensions ['cmake', 'python']
[0.372s] Level 1:colcon.colcon_core.package_identification:_identify(/home/yt6/ros2_py_ws/src) by extension 'cmake'
[0.372s] Level 1:colcon.colcon_core.package_identification:_identify(/home/yt6/ros2_py_ws/src) by extension 'python'
[0.372s] Level 1:colcon.colcon_core.package_identification:_identify(/home/yt6/ros2_py_ws/src) by extensions ['python_setup_py']
[0.372s] Level 1:colcon.colcon_core.package_identification:_identify(/home/yt6/ros2_py_ws/src) by extension 'python_setup_py'
[0.373s] Level 1:colcon.colcon_core.package_identification:_identify(/home/yt6/ros2_py_ws/src/my_py_pkg) by extensions ['ignore', 'ignore_ament_install']
[0.373s] Level 1:colcon.colcon_core.package_identification:_identify(/home/yt6/ros2_py_ws/src/my_py_pkg) by extension 'ignore'
[0.373s] Level 1:colcon.colcon_core.package_identification:_identify(/home/yt6/ros2_py_ws/src/my_py_pkg) by extension 'ignore_ament_install'
[0.373s] Level 1:colcon.colcon_core.package_identification:_identify(/home/yt6/ros2_py_ws/src/my_py_pkg) by extensions ['colcon_pkg']
[0.373s] Level 1:colcon.colcon_core.package_identification:_identify(/home/yt6/ros2_py_ws/src/my_py_pkg) by extension 'colcon_pkg'
[0.373s] Level 1:colcon.colcon_core.package_identification:_identify(/home/yt6/ros2_py_ws/src/my_py_pkg) by extensions ['colcon_meta']
[0.373s] Level 1:colcon.colcon_core.package_identification:_identify(/home/yt6/ros2_py_ws/src/my_py_pkg) by extension 'colcon_meta'
[0.373s] Level 1:colcon.colcon_core.package_identification:_identify(/home/yt6/ros2_py_ws/src/my_py_pkg) by extensions ['ros']
[0.373s] Level 1:colcon.colcon_core.package_identification:_identify(/home/yt6/ros2_py_ws/src/my_py_pkg) by extension 'ros'
[0.375s] DEBUG:colcon.colcon_core.package_identification:Package '/home/yt6/ros2_py_ws/src/my_py_pkg' with type 'ros.ament_python' and name 'my_py_pkg'
[0.376s] Level 1:colcon.colcon_core.package_identification:_identify(/home/yt6/ros2_py_ws/src/nodes) by extensions ['ignore', 'ignore_ament_install']
[0.376s] Level 1:colcon.colcon_core.package_identification:_identify(/home/yt6/ros2_py_ws/src/nodes) by extension 'ignore'
[0.376s] Level 1:colcon.colcon_core.package_identification:_identify(/home/yt6/ros2_py_ws/src/nodes) by extension 'ignore_ament_install'
[0.376s] Level 1:colcon.colcon_core.package_identification:_identify(/home/yt6/ros2_py_ws/src/nodes) by extensions ['colcon_pkg']
[0.376s] Level 1:colcon.colcon_core.package_identification:_identify(/home/yt6/ros2_py_ws/src/nodes) by extension 'colcon_pkg'
[0.376s] Level 1:colcon.colcon_core.package_identification:_identify(/home/yt6/ros2_py_ws/src/nodes) by extensions ['colcon_meta']
[0.376s] Level 1:colcon.colcon_core.package_identification:_identify(/home/yt6/ros2_py_ws/src/nodes) by extension 'colcon_meta'
[0.376s] Level 1:colcon.colcon_core.package_identification:_identify(/home/yt6/ros2_py_ws/src/nodes) by extensions ['ros']
[0.376s] Level 1:colcon.colcon_core.package_identification:_identify(/home/yt6/ros2_py_ws/src/nodes) by extension 'ros'
[0.376s] Level 1:colcon.colcon_core.package_identification:_identify(/home/yt6/ros2_py_ws/src/nodes) by extensions ['cmake', 'python']
[0.376s] Level 1:colcon.colcon_core.package_identification:_identify(/home/yt6/ros2_py_ws/src/nodes) by extension 'cmake'
[0.376s] Level 1:colcon.colcon_core.package_identification:_identify(/home/yt6/ros2_py_ws/src/nodes) by extension 'python'
[0.376s] Level 1:colcon.colcon_core.package_identification:_identify(/home/yt6/ros2_py_ws/src/nodes) by extensions ['python_setup_py']
[0.376s] Level 1:colcon.colcon_core.package_identification:_identify(/home/yt6/ros2_py_ws/src/nodes) by extension 'python_setup_py'
[0.376s] Level 1:colcon.colcon_core.package_discovery:discover_packages(recursive) using defaults
