running egg_info
writing ../../build/my_py_pkg/my_py_pkg.egg-info/PKG-INFO
writing dependency_links to ../../build/my_py_pkg/my_py_pkg.egg-info/dependency_links.txt
writing entry points to ../../build/my_py_pkg/my_py_pkg.egg-info/entry_points.txt
writing requirements to ../../build/my_py_pkg/my_py_pkg.egg-info/requires.txt
writing top-level names to ../../build/my_py_pkg/my_py_pkg.egg-info/top_level.txt
reading manifest file '../../build/my_py_pkg/my_py_pkg.egg-info/SOURCES.txt'
writing manifest file '../../build/my_py_pkg/my_py_pkg.egg-info/SOURCES.txt'
running build
running build_py
copying my_py_pkg/xarm_keyboard_control.py -> /home/tabatakenta/kikuchi_jikken/my_ros2/build/my_py_pkg/build/lib/my_py_pkg
running install
running install_lib
creating /home/tabatakenta/kikuchi_jikken/my_ros2/install/my_py_pkg/lib/python3.10/site-packages/my_py_pkg
copying /home/tabatakenta/kikuchi_jikken/my_ros2/build/my_py_pkg/build/lib/my_py_pkg/__init__.py -> /home/tabatakenta/kikuchi_jikken/my_ros2/install/my_py_pkg/lib/python3.10/site-packages/my_py_pkg
copying /home/tabatakenta/kikuchi_jikken/my_ros2/build/my_py_pkg/build/lib/my_py_pkg/publisher_node.py -> /home/tabatakenta/kikuchi_jikken/my_ros2/install/my_py_pkg/lib/python3.10/site-packages/my_py_pkg
copying /home/tabatakenta/kikuchi_jikken/my_ros2/build/my_py_pkg/build/lib/my_py_pkg/subscriber_node.py -> /home/tabatakenta/kikuchi_jikken/my_ros2/install/my_py_pkg/lib/python3.10/site-packages/my_py_pkg
creating /home/tabatakenta/kikuchi_jikken/my_ros2/install/my_py_pkg/lib/python3.10/site-packages/my_py_pkg/nodes
copying /home/tabatakenta/kikuchi_jikken/my_ros2/build/my_py_pkg/build/lib/my_py_pkg/nodes/__init__.py -> /home/tabatakenta/kikuchi_jikken/my_ros2/install/my_py_pkg/lib/python3.10/site-packages/my_py_pkg/nodes
copying /home/tabatakenta/kikuchi_jikken/my_ros2/build/my_py_pkg/build/lib/my_py_pkg/nodes/talker.py -> /home/tabatakenta/kikuchi_jikken/my_ros2/install/my_py_pkg/lib/python3.10/site-packages/my_py_pkg/nodes
copying /home/tabatakenta/kikuchi_jikken/my_ros2/build/my_py_pkg/build/lib/my_py_pkg/nodes/listener.py -> /home/tabatakenta/kikuchi_jikken/my_ros2/install/my_py_pkg/lib/python3.10/site-packages/my_py_pkg/nodes
copying /home/tabatakenta/kikuchi_jikken/my_ros2/build/my_py_pkg/build/lib/my_py_pkg/xarm_keyboard_control.py -> /home/tabatakenta/kikuchi_jikken/my_ros2/install/my_py_pkg/lib/python3.10/site-packages/my_py_pkg
byte-compiling /home/tabatakenta/kikuchi_jikken/my_ros2/install/my_py_pkg/lib/python3.10/site-packages/my_py_pkg/__init__.py to __init__.cpython-310.pyc
byte-compiling /home/tabatakenta/kikuchi_jikken/my_ros2/install/my_py_pkg/lib/python3.10/site-packages/my_py_pkg/publisher_node.py to publisher_node.cpython-310.pyc
byte-compiling /home/tabatakenta/kikuchi_jikken/my_ros2/install/my_py_pkg/lib/python3.10/site-packages/my_py_pkg/subscriber_node.py to subscriber_node.cpython-310.pyc
byte-compiling /home/tabatakenta/kikuchi_jikken/my_ros2/install/my_py_pkg/lib/python3.10/site-packages/my_py_pkg/nodes/__init__.py to __init__.cpython-310.pyc
byte-compiling /home/tabatakenta/kikuchi_jikken/my_ros2/install/my_py_pkg/lib/python3.10/site-packages/my_py_pkg/nodes/talker.py to talker.cpython-310.pyc
byte-compiling /home/tabatakenta/kikuchi_jikken/my_ros2/install/my_py_pkg/lib/python3.10/site-packages/my_py_pkg/nodes/listener.py to listener.cpython-310.pyc
byte-compiling /home/tabatakenta/kikuchi_jikken/my_ros2/install/my_py_pkg/lib/python3.10/site-packages/my_py_pkg/xarm_keyboard_control.py to xarm_keyboard_control.cpython-310.pyc
running install_data
running install_egg_info
Copying ../../build/my_py_pkg/my_py_pkg.egg-info to /home/tabatakenta/kikuchi_jikken/my_ros2/install/my_py_pkg/lib/python3.10/site-packages/my_py_pkg-0.0.0-py3.10.egg-info
running install_scripts
Installing listener script to /home/tabatakenta/kikuchi_jikken/my_ros2/install/my_py_pkg/lib/my_py_pkg
Installing publisher script to /home/tabatakenta/kikuchi_jikken/my_ros2/install/my_py_pkg/lib/my_py_pkg
Installing robotarm script to /home/tabatakenta/kikuchi_jikken/my_ros2/install/my_py_pkg/lib/my_py_pkg
Installing subscriber script to /home/tabatakenta/kikuchi_jikken/my_ros2/install/my_py_pkg/lib/my_py_pkg
Installing talker script to /home/tabatakenta/kikuchi_jikken/my_ros2/install/my_py_pkg/lib/my_py_pkg
writing list of installed files to '/home/tabatakenta/kikuchi_jikken/my_ros2/build/my_py_pkg/install.log'
