[0.732s] Invoking command in '/home/tabatakenta/kikuchi_jikken/my_ros2/src/my_py_pkg': PYTHONPATH=/home/tabatakenta/kikuchi_jikken/my_ros2/build/my_py_pkg/prefix_override:/usr/lib/python3/dist-packages/colcon_core/task/python/colcon_distutils_commands:/home/tabatakenta/kikuchi_jikken/my_ros2/install/my_py_pkg/lib/python3.10/site-packages:${PYTHONPATH} /usr/bin/python3 -W ignore:setup.py install is deprecated -W ignore:easy_install command is deprecated setup.py egg_info --egg-base ../../build/my_py_pkg build --build-base /home/tabatakenta/kikuchi_jikken/my_ros2/build/my_py_pkg/build install --record /home/tabatakenta/kikuchi_jikken/my_ros2/build/my_py_pkg/install.log --single-version-externally-managed install_data
[0.840s] running egg_info
[0.841s] writing ../../build/my_py_pkg/my_py_pkg.egg-info/PKG-INFO
[0.841s] writing dependency_links to ../../build/my_py_pkg/my_py_pkg.egg-info/dependency_links.txt
[0.841s] writing entry points to ../../build/my_py_pkg/my_py_pkg.egg-info/entry_points.txt
[0.841s] writing requirements to ../../build/my_py_pkg/my_py_pkg.egg-info/requires.txt
[0.841s] writing top-level names to ../../build/my_py_pkg/my_py_pkg.egg-info/top_level.txt
[0.842s] reading manifest file '../../build/my_py_pkg/my_py_pkg.egg-info/SOURCES.txt'
[0.842s] writing manifest file '../../build/my_py_pkg/my_py_pkg.egg-info/SOURCES.txt'
[0.842s] running build
[0.842s] running build_py
[0.842s] copying my_py_pkg/xarm_keyboard_control.py -> /home/tabatakenta/kikuchi_jikken/my_ros2/build/my_py_pkg/build/lib/my_py_pkg
[0.843s] running install
[0.843s] running install_lib
[0.843s] creating /home/tabatakenta/kikuchi_jikken/my_ros2/install/my_py_pkg/lib/python3.10/site-packages/my_py_pkg
[0.843s] copying /home/tabatakenta/kikuchi_jikken/my_ros2/build/my_py_pkg/build/lib/my_py_pkg/__init__.py -> /home/tabatakenta/kikuchi_jikken/my_ros2/install/my_py_pkg/lib/python3.10/site-packages/my_py_pkg
[0.843s] copying /home/tabatakenta/kikuchi_jikken/my_ros2/build/my_py_pkg/build/lib/my_py_pkg/publisher_node.py -> /home/tabatakenta/kikuchi_jikken/my_ros2/install/my_py_pkg/lib/python3.10/site-packages/my_py_pkg
[0.843s] copying /home/tabatakenta/kikuchi_jikken/my_ros2/build/my_py_pkg/build/lib/my_py_pkg/subscriber_node.py -> /home/tabatakenta/kikuchi_jikken/my_ros2/install/my_py_pkg/lib/python3.10/site-packages/my_py_pkg
[0.843s] creating /home/tabatakenta/kikuchi_jikken/my_ros2/install/my_py_pkg/lib/python3.10/site-packages/my_py_pkg/nodes
[0.843s] copying /home/tabatakenta/kikuchi_jikken/my_ros2/build/my_py_pkg/build/lib/my_py_pkg/nodes/__init__.py -> /home/tabatakenta/kikuchi_jikken/my_ros2/install/my_py_pkg/lib/python3.10/site-packages/my_py_pkg/nodes
[0.844s] copying /home/tabatakenta/kikuchi_jikken/my_ros2/build/my_py_pkg/build/lib/my_py_pkg/nodes/talker.py -> /home/tabatakenta/kikuchi_jikken/my_ros2/install/my_py_pkg/lib/python3.10/site-packages/my_py_pkg/nodes
[0.844s] copying /home/tabatakenta/kikuchi_jikken/my_ros2/build/my_py_pkg/build/lib/my_py_pkg/nodes/listener.py -> /home/tabatakenta/kikuchi_jikken/my_ros2/install/my_py_pkg/lib/python3.10/site-packages/my_py_pkg/nodes
[0.844s] copying /home/tabatakenta/kikuchi_jikken/my_ros2/build/my_py_pkg/build/lib/my_py_pkg/xarm_keyboard_control.py -> /home/tabatakenta/kikuchi_jikken/my_ros2/install/my_py_pkg/lib/python3.10/site-packages/my_py_pkg
[0.844s] byte-compiling /home/tabatakenta/kikuchi_jikken/my_ros2/install/my_py_pkg/lib/python3.10/site-packages/my_py_pkg/__init__.py to __init__.cpython-310.pyc
[0.844s] byte-compiling /home/tabatakenta/kikuchi_jikken/my_ros2/install/my_py_pkg/lib/python3.10/site-packages/my_py_pkg/publisher_node.py to publisher_node.cpython-310.pyc
[0.844s] byte-compiling /home/tabatakenta/kikuchi_jikken/my_ros2/install/my_py_pkg/lib/python3.10/site-packages/my_py_pkg/subscriber_node.py to subscriber_node.cpython-310.pyc
[0.844s] byte-compiling /home/tabatakenta/kikuchi_jikken/my_ros2/install/my_py_pkg/lib/python3.10/site-packages/my_py_pkg/nodes/__init__.py to __init__.cpython-310.pyc
[0.844s] byte-compiling /home/tabatakenta/kikuchi_jikken/my_ros2/install/my_py_pkg/lib/python3.10/site-packages/my_py_pkg/nodes/talker.py to talker.cpython-310.pyc
[0.845s] byte-compiling /home/tabatakenta/kikuchi_jikken/my_ros2/install/my_py_pkg/lib/python3.10/site-packages/my_py_pkg/nodes/listener.py to listener.cpython-310.pyc
[0.845s] byte-compiling /home/tabatakenta/kikuchi_jikken/my_ros2/install/my_py_pkg/lib/python3.10/site-packages/my_py_pkg/xarm_keyboard_control.py to xarm_keyboard_control.cpython-310.pyc
[0.845s] running install_data
[0.845s] running install_egg_info
[0.846s] Copying ../../build/my_py_pkg/my_py_pkg.egg-info to /home/tabatakenta/kikuchi_jikken/my_ros2/install/my_py_pkg/lib/python3.10/site-packages/my_py_pkg-0.0.0-py3.10.egg-info
[0.846s] running install_scripts
[0.856s] Installing listener script to /home/tabatakenta/kikuchi_jikken/my_ros2/install/my_py_pkg/lib/my_py_pkg
[0.856s] Installing publisher script to /home/tabatakenta/kikuchi_jikken/my_ros2/install/my_py_pkg/lib/my_py_pkg
[0.856s] Installing robotarm script to /home/tabatakenta/kikuchi_jikken/my_ros2/install/my_py_pkg/lib/my_py_pkg
[0.856s] Installing subscriber script to /home/tabatakenta/kikuchi_jikken/my_ros2/install/my_py_pkg/lib/my_py_pkg
[0.856s] Installing talker script to /home/tabatakenta/kikuchi_jikken/my_ros2/install/my_py_pkg/lib/my_py_pkg
[0.856s] writing list of installed files to '/home/tabatakenta/kikuchi_jikken/my_ros2/build/my_py_pkg/install.log'
[0.878s] Invoked command in '/home/tabatakenta/kikuchi_jikken/my_ros2/src/my_py_pkg' returned '0': PYTHONPATH=/home/tabatakenta/kikuchi_jikken/my_ros2/build/my_py_pkg/prefix_override:/usr/lib/python3/dist-packages/colcon_core/task/python/colcon_distutils_commands:/home/tabatakenta/kikuchi_jikken/my_ros2/install/my_py_pkg/lib/python3.10/site-packages:${PYTHONPATH} /usr/bin/python3 -W ignore:setup.py install is deprecated -W ignore:easy_install command is deprecated setup.py egg_info --egg-base ../../build/my_py_pkg build --build-base /home/tabatakenta/kikuchi_jikken/my_ros2/build/my_py_pkg/build install --record /home/tabatakenta/kikuchi_jikken/my_ros2/build/my_py_pkg/install.log --single-version-externally-managed install_data
