running egg_info
writing ../../build/dynamixel_publisher/dynamixel_publisher.egg-info/PKG-INFO
writing dependency_links to ../../build/dynamixel_publisher/dynamixel_publisher.egg-info/dependency_links.txt
writing entry points to ../../build/dynamixel_publisher/dynamixel_publisher.egg-info/entry_points.txt
writing requirements to ../../build/dynamixel_publisher/dynamixel_publisher.egg-info/requires.txt
writing top-level names to ../../build/dynamixel_publisher/dynamixel_publisher.egg-info/top_level.txt
reading manifest file '../../build/dynamixel_publisher/dynamixel_publisher.egg-info/SOURCES.txt'
writing manifest file '../../build/dynamixel_publisher/dynamixel_publisher.egg-info/SOURCES.txt'
running build
running build_py
running install
running install_lib
running install_data
running install_egg_info
removing '/home/tabatakenta/kikuchi_jikken/my_ros2/install/dynamixel_publisher/lib/python3.10/site-packages/dynamixel_publisher-0.0.0-py3.10.egg-info' (and everything under it)
Copying ../../build/dynamixel_publisher/dynamixel_publisher.egg-info to /home/tabatakenta/kikuchi_jikken/my_ros2/install/dynamixel_publisher/lib/python3.10/site-packages/dynamixel_publisher-0.0.0-py3.10.egg-info
running install_scripts
Installing dynamixel_curremt_node script to /home/tabatakenta/kikuchi_jikken/my_ros2/install/dynamixel_publisher/lib/dynamixel_publisher
Installing dynamixel_node script to /home/tabatakenta/kikuchi_jikken/my_ros2/install/dynamixel_publisher/lib/dynamixel_publisher
Installing keyboard_current_publisher script to /home/tabatakenta/kikuchi_jikken/my_ros2/install/dynamixel_publisher/lib/dynamixel_publisher
writing list of installed files to '/home/tabatakenta/kikuchi_jikken/my_ros2/build/dynamixel_publisher/install.log'
