[0.157s] DEBUG:colcon:Command line arguments: ['/usr/bin/colcon', 'build', '--packages-select', 'my_py_pkg']
[0.157s] DEBUG:colcon:Parsed command line arguments: Namespace(allow_overriding=[], ament_cmake_args=None, base_paths=['.'], build_base='build', catkin_cmake_args=None, catkin_skip_building_tests=False, cmake_args=None, cmake_clean_cache=False, cmake_clean_first=False, cmake_force_configure=False, cmake_target=None, cmake_target_skip_unavailable=False, continue_on_error=False, event_handlers=None, executor='parallel', ignore_user_meta=False, install_base='install', log_base=None, log_level=None, main=<bound method BuildVerb.main of <colcon_core.verb.build.BuildVerb object at 0x7f6deba16dc0>>, merge_install=False, metas=['./colcon.meta'], mixin=None, mixin_files=None, mixin_verb=('build',), packages_above=None, packages_above_and_dependencies=None, packages_above_depth=None, packages_end=None, packages_ignore=None, packages_ignore_regex=None, packages_select=['my_py_pkg'], packages_select_build_failed=False, packages_select_by_dep=None, packages_select_regex=None, packages_select_test_failures=False, packages_skip=None, packages_skip_build_finished=False, packages_skip_by_dep=None, packages_skip_regex=None, packages_skip_test_passed=False, packages_skip_up_to=None, packages_start=None, packages_up_to=None, packages_up_to_regex=None, parallel_workers=16, paths=None, symlink_install=False, test_result_base=None, verb_extension=<colcon_core.verb.build.BuildVerb object at 0x7f6deba16dc0>, verb_name='build', verb_parser=<colcon_mixin.mixin.mixin_argument.MixinArgumentDecorator object at 0x7f6deba272e0>)
[0.286s] Level 1:colcon.colcon_core.package_discovery:discover_packages(colcon_meta) check parameters
[0.287s] Level 1:colcon.colcon_core.package_discovery:discover_packages(recursive) check parameters
[0.287s] Level 1:colcon.colcon_core.package_discovery:discover_packages(ignore) check parameters
[0.287s] Level 1:colcon.colcon_core.package_discovery:discover_packages(path) check parameters
[0.287s] Level 1:colcon.colcon_core.package_discovery:discover_packages(colcon_meta) discover
[0.287s] Level 1:colcon.colcon_core.package_discovery:discover_packages(recursive) discover
[0.287s] INFO:colcon.colcon_core.package_discovery:Crawling recursively for packages in '/home/yt6/ros2_py_ws'
[0.287s] Level 1:colcon.colcon_core.package_identification:_identify(.) by extensions ['ignore', 'ignore_ament_install']
[0.287s] Level 1:colcon.colcon_core.package_identification:_identify(.) by extension 'ignore'
[0.287s] Level 1:colcon.colcon_core.package_identification:_identify(.) by extension 'ignore_ament_install'
[0.287s] Level 1:colcon.colcon_core.package_identification:_identify(.) by extensions ['colcon_pkg']
[0.287s] Level 1:colcon.colcon_core.package_identification:_identify(.) by extension 'colcon_pkg'
[0.287s] Level 1:colcon.colcon_core.package_identification:_identify(.) by extensions ['colcon_meta']
[0.287s] Level 1:colcon.colcon_core.package_identification:_identify(.) by extension 'colcon_meta'
[0.287s] Level 1:colcon.colcon_core.package_identification:_identify(.) by extensions ['ros']
[0.287s] Level 1:colcon.colcon_core.package_identification:_identify(.) by extension 'ros'
[0.295s] Level 1:colcon.colcon_core.package_identification:_identify(.) by extensions ['cmake', 'python']
[0.295s] Level 1:colcon.colcon_core.package_identification:_identify(.) by extension 'cmake'
[0.295s] Level 1:colcon.colcon_core.package_identification:_identify(.) by extension 'python'
[0.295s] Level 1:colcon.colcon_core.package_identification:_identify(.) by extensions ['python_setup_py']
[0.295s] Level 1:colcon.colcon_core.package_identification:_identify(.) by extension 'python_setup_py'
[0.295s] Level 1:colcon.colcon_core.package_identification:_identify(build) by extensions ['ignore', 'ignore_ament_install']
[0.295s] Level 1:colcon.colcon_core.package_identification:_identify(build) by extension 'ignore'
[0.295s] Level 1:colcon.colcon_core.package_identification:_identify(build) ignored
[0.295s] Level 1:colcon.colcon_core.package_identification:_identify(install) by extensions ['ignore', 'ignore_ament_install']
[0.295s] Level 1:colcon.colcon_core.package_identification:_identify(install) by extension 'ignore'
[0.295s] Level 1:colcon.colcon_core.package_identification:_identify(install) ignored
[0.295s] Level 1:colcon.colcon_core.package_identification:_identify(log) by extensions ['ignore', 'ignore_ament_install']
[0.295s] Level 1:colcon.colcon_core.package_identification:_identify(log) by extension 'ignore'
[0.295s] Level 1:colcon.colcon_core.package_identification:_identify(log) ignored
[0.295s] Level 1:colcon.colcon_core.package_identification:_identify(src) by extensions ['ignore', 'ignore_ament_install']
[0.295s] Level 1:colcon.colcon_core.package_identification:_identify(src) by extension 'ignore'
[0.295s] Level 1:colcon.colcon_core.package_identification:_identify(src) by extension 'ignore_ament_install'
[0.295s] Level 1:colcon.colcon_core.package_identification:_identify(src) by extensions ['colcon_pkg']
[0.295s] Level 1:colcon.colcon_core.package_identification:_identify(src) by extension 'colcon_pkg'
[0.295s] Level 1:colcon.colcon_core.package_identification:_identify(src) by extensions ['colcon_meta']
[0.296s] Level 1:colcon.colcon_core.package_identification:_identify(src) by extension 'colcon_meta'
[0.296s] Level 1:colcon.colcon_core.package_identification:_identify(src) by extensions ['ros']
[0.296s] Level 1:colcon.colcon_core.package_identification:_identify(src) by extension 'ros'
[0.296s] Level 1:colcon.colcon_core.package_identification:_identify(src) by extensions ['cmake', 'python']
[0.296s] Level 1:colcon.colcon_core.package_identification:_identify(src) by extension 'cmake'
[0.296s] Level 1:colcon.colcon_core.package_identification:_identify(src) by extension 'python'
[0.296s] Level 1:colcon.colcon_core.package_identification:_identify(src) by extensions ['python_setup_py']
[0.296s] Level 1:colcon.colcon_core.package_identification:_identify(src) by extension 'python_setup_py'
[0.296s] Level 1:colcon.colcon_core.package_identification:_identify(src/my_py_pkg) by extensions ['ignore', 'ignore_ament_install']
[0.296s] Level 1:colcon.colcon_core.package_identification:_identify(src/my_py_pkg) by extension 'ignore'
[0.296s] Level 1:colcon.colcon_core.package_identification:_identify(src/my_py_pkg) by extension 'ignore_ament_install'
[0.296s] Level 1:colcon.colcon_core.package_identification:_identify(src/my_py_pkg) by extensions ['colcon_pkg']
[0.296s] Level 1:colcon.colcon_core.package_identification:_identify(src/my_py_pkg) by extension 'colcon_pkg'
[0.296s] Level 1:colcon.colcon_core.package_identification:_identify(src/my_py_pkg) by extensions ['colcon_meta']
[0.296s] Level 1:colcon.colcon_core.package_identification:_identify(src/my_py_pkg) by extension 'colcon_meta'
[0.296s] Level 1:colcon.colcon_core.package_identification:_identify(src/my_py_pkg) by extensions ['ros']
[0.296s] Level 1:colcon.colcon_core.package_identification:_identify(src/my_py_pkg) by extension 'ros'
[0.298s] DEBUG:colcon.colcon_core.package_identification:Package 'src/my_py_pkg' with type 'ros.ament_python' and name 'my_py_pkg'
[0.298s] Level 1:colcon.colcon_core.package_identification:_identify(src/nodes) by extensions ['ignore', 'ignore_ament_install']
[0.298s] Level 1:colcon.colcon_core.package_identification:_identify(src/nodes) by extension 'ignore'
[0.298s] Level 1:colcon.colcon_core.package_identification:_identify(src/nodes) by extension 'ignore_ament_install'
[0.298s] Level 1:colcon.colcon_core.package_identification:_identify(src/nodes) by extensions ['colcon_pkg']
[0.298s] Level 1:colcon.colcon_core.package_identification:_identify(src/nodes) by extension 'colcon_pkg'
[0.298s] Level 1:colcon.colcon_core.package_identification:_identify(src/nodes) by extensions ['colcon_meta']
[0.298s] Level 1:colcon.colcon_core.package_identification:_identify(src/nodes) by extension 'colcon_meta'
[0.298s] Level 1:colcon.colcon_core.package_identification:_identify(src/nodes) by extensions ['ros']
[0.298s] Level 1:colcon.colcon_core.package_identification:_identify(src/nodes) by extension 'ros'
[0.298s] Level 1:colcon.colcon_core.package_identification:_identify(src/nodes) by extensions ['cmake', 'python']
[0.298s] Level 1:colcon.colcon_core.package_identification:_identify(src/nodes) by extension 'cmake'
[0.298s] Level 1:colcon.colcon_core.package_identification:_identify(src/nodes) by extension 'python'
[0.298s] Level 1:colcon.colcon_core.package_identification:_identify(src/nodes) by extensions ['python_setup_py']
[0.298s] Level 1:colcon.colcon_core.package_identification:_identify(src/nodes) by extension 'python_setup_py'
[0.298s] Level 1:colcon.colcon_core.package_discovery:discover_packages(recursive) using defaults
[0.298s] Level 1:colcon.colcon_core.package_discovery:discover_packages(ignore) discover
[0.298s] Level 1:colcon.colcon_core.package_discovery:discover_packages(ignore) using defaults
[0.298s] Level 1:colcon.colcon_core.package_discovery:discover_packages(path) discover
[0.298s] Level 1:colcon.colcon_core.package_discovery:discover_packages(path) using defaults
[0.321s] Level 1:colcon.colcon_core.package_discovery:discover_packages(prefix_path) check parameters
[0.321s] Level 1:colcon.colcon_core.package_discovery:discover_packages(prefix_path) discover
[0.321s] WARNING:colcon.colcon_core.prefix_path.colcon:The path '/home/yt6/ros2_ws/install' in the environment variable COLCON_PREFIX_PATH doesn't exist
[0.321s] WARNING:colcon.colcon_core.prefix_path.colcon:The path '/home/yt6/gazebo_ros_ws/install' in the environment variable COLCON_PREFIX_PATH doesn't exist
[0.321s] WARNING:colcon.colcon_core.prefix_path.colcon:The path '/home/yt6/ws_moveit/install' in the environment variable COLCON_PREFIX_PATH doesn't exist
[0.322s] WARNING:colcon.colcon_ros.prefix_path.ament:The path '/home/yt6/gazebo_ros_ws/install/gazebo_ros' in the environment variable AMENT_PREFIX_PATH doesn't exist
[0.322s] WARNING:colcon.colcon_ros.prefix_path.ament:The path '/home/yt6/gazebo_ros_ws/install/gazebo_msgs' in the environment variable AMENT_PREFIX_PATH doesn't exist
[0.322s] WARNING:colcon.colcon_ros.prefix_path.ament:The path '/home/yt6/gazebo_ros_ws/install/gazebo_dev' in the environment variable AMENT_PREFIX_PATH doesn't exist
[0.322s] WARNING:colcon.colcon_ros.prefix_path.ament:The path '/home/yt6/ws_moveit2/install/launch_param_builder' in the environment variable AMENT_PREFIX_PATH doesn't exist
[0.322s] WARNING:colcon.colcon_ros.prefix_path.ament:The path '/home/yt6/ros2_ws/install/control_msgs' in the environment variable AMENT_PREFIX_PATH doesn't exist
[0.322s] WARNING:colcon.colcon_ros.prefix_path.ament:The path '/home/yt6/ros2_ws/install/ament_cmake_auto' in the environment variable AMENT_PREFIX_PATH doesn't exist
[0.322s] WARNING:colcon.colcon_ros.prefix_path.ament:The path '/home/yt6/ros2_ws/install/ament_cmake' in the environment variable AMENT_PREFIX_PATH doesn't exist
[0.322s] WARNING:colcon.colcon_ros.prefix_path.ament:The path '/home/yt6/ros2_ws/install/ament_cmake_version' in the environment variable AMENT_PREFIX_PATH doesn't exist
[0.322s] WARNING:colcon.colcon_ros.prefix_path.ament:The path '/home/yt6/ros2_ws/install/ament_cmake_vendor_package' in the environment variable AMENT_PREFIX_PATH doesn't exist
[0.322s] WARNING:colcon.colcon_ros.prefix_path.ament:The path '/home/yt6/ros2_ws/install/ament_cmake_pytest' in the environment variable AMENT_PREFIX_PATH doesn't exist
[0.322s] WARNING:colcon.colcon_ros.prefix_path.ament:The path '/home/yt6/ros2_ws/install/ament_cmake_gmock' in the environment variable AMENT_PREFIX_PATH doesn't exist
[0.322s] WARNING:colcon.colcon_ros.prefix_path.ament:The path '/home/yt6/ros2_ws/install/ament_cmake_gtest' in the environment variable AMENT_PREFIX_PATH doesn't exist
[0.322s] WARNING:colcon.colcon_ros.prefix_path.ament:The path '/home/yt6/ros2_ws/install/ament_cmake_google_benchmark' in the environment variable AMENT_PREFIX_PATH doesn't exist
[0.322s] WARNING:colcon.colcon_ros.prefix_path.ament:The path '/home/yt6/ros2_ws/install/ament_cmake_test' in the environment variable AMENT_PREFIX_PATH doesn't exist
[0.322s] WARNING:colcon.colcon_ros.prefix_path.ament:The path '/home/yt6/ros2_ws/install/ament_cmake_target_dependencies' in the environment variable AMENT_PREFIX_PATH doesn't exist
[0.322s] WARNING:colcon.colcon_ros.prefix_path.ament:The path '/home/yt6/ros2_ws/install/ament_cmake_python' in the environment variable AMENT_PREFIX_PATH doesn't exist
[0.322s] WARNING:colcon.colcon_ros.prefix_path.ament:The path '/home/yt6/ros2_ws/install/ament_cmake_export_dependencies' in the environment variable AMENT_PREFIX_PATH doesn't exist
[0.322s] WARNING:colcon.colcon_ros.prefix_path.ament:The path '/home/yt6/ros2_ws/install/ament_cmake_libraries' in the environment variable AMENT_PREFIX_PATH doesn't exist
[0.322s] WARNING:colcon.colcon_ros.prefix_path.ament:The path '/home/yt6/ros2_ws/install/ament_cmake_include_directories' in the environment variable AMENT_PREFIX_PATH doesn't exist
[0.322s] WARNING:colcon.colcon_ros.prefix_path.ament:The path '/home/yt6/ros2_ws/install/ament_cmake_gen_version_h' in the environment variable AMENT_PREFIX_PATH doesn't exist
[0.322s] WARNING:colcon.colcon_ros.prefix_path.ament:The path '/home/yt6/ros2_ws/install/ament_cmake_export_targets' in the environment variable AMENT_PREFIX_PATH doesn't exist
[0.323s] WARNING:colcon.colcon_ros.prefix_path.ament:The path '/home/yt6/ros2_ws/install/ament_cmake_export_link_flags' in the environment variable AMENT_PREFIX_PATH doesn't exist
[0.323s] WARNING:colcon.colcon_ros.prefix_path.ament:The path '/home/yt6/ros2_ws/install/ament_cmake_export_interfaces' in the environment variable AMENT_PREFIX_PATH doesn't exist
[0.323s] WARNING:colcon.colcon_ros.prefix_path.ament:The path '/home/yt6/ros2_ws/install/ament_cmake_export_libraries' in the environment variable AMENT_PREFIX_PATH doesn't exist
[0.323s] WARNING:colcon.colcon_ros.prefix_path.ament:The path '/home/yt6/ros2_ws/install/ament_cmake_export_include_directories' in the environment variable AMENT_PREFIX_PATH doesn't exist
[0.323s] WARNING:colcon.colcon_ros.prefix_path.ament:The path '/home/yt6/ros2_ws/install/ament_cmake_export_definitions' in the environment variable AMENT_PREFIX_PATH doesn't exist
[0.323s] WARNING:colcon.colcon_ros.prefix_path.ament:The path '/home/yt6/ros2_ws/install/ament_cmake_core' in the environment variable AMENT_PREFIX_PATH doesn't exist
[0.323s] WARNING:colcon.colcon_ros.prefix_path.ament:The path '/home/yt6/ws_moveit/install/moveit_resources_prbt_support' in the environment variable AMENT_PREFIX_PATH doesn't exist
[0.323s] WARNING:colcon.colcon_ros.prefix_path.ament:The path '/home/yt6/ws_moveit/install/moveit_resources_pr2_description' in the environment variable AMENT_PREFIX_PATH doesn't exist
[0.323s] WARNING:colcon.colcon_ros.prefix_path.ament:The path '/home/yt6/ws_moveit/install/moveit_resources_panda_moveit_config' in the environment variable AMENT_PREFIX_PATH doesn't exist
[0.323s] WARNING:colcon.colcon_ros.prefix_path.ament:The path '/home/yt6/ws_moveit/install/moveit_resources_fanuc_moveit_config' in the environment variable AMENT_PREFIX_PATH doesn't exist
[0.323s] WARNING:colcon.colcon_ros.prefix_path.ament:The path '/home/yt6/ws_moveit/install/moveit_resources_fanuc_description' in the environment variable AMENT_PREFIX_PATH doesn't exist
[0.323s] WARNING:colcon.colcon_ros.prefix_path.ament:The path '/home/yt6/ws_moveit/install/moveit_common' in the environment variable AMENT_PREFIX_PATH doesn't exist
[0.323s] WARNING:colcon.colcon_ros.prefix_path.ament:The path '/home/yt6/ws_moveit/install/moveit_resources_panda_description' in the environment variable AMENT_PREFIX_PATH doesn't exist
[0.323s] WARNING:colcon.colcon_ros.prefix_path.ament:The path '/home/yt6/ros2_ws/install/xarm_sdk' in the environment variable AMENT_PREFIX_PATH doesn't exist
[0.323s] WARNING:colcon.colcon_ros.prefix_path.ament:The path '/home/yt6/ros2_ws/install/xarm_msgs' in the environment variable AMENT_PREFIX_PATH doesn't exist
[0.323s] WARNING:colcon.colcon_ros.prefix_path.ament:The path '/home/yt6/ros2_ws/install/xarm_description' in the environment variable AMENT_PREFIX_PATH doesn't exist
[0.323s] WARNING:colcon.colcon_ros.prefix_path.ament:The path '/home/yt6/ros2_ws/install/uf_ros_lib' in the environment variable AMENT_PREFIX_PATH doesn't exist
[0.323s] WARNING:colcon.colcon_ros.prefix_path.ament:The path '/home/yt6/ros2_ws/install/turtlesim' in the environment variable AMENT_PREFIX_PATH doesn't exist
[0.323s] WARNING:colcon.colcon_ros.prefix_path.ament:The path '/home/yt6/ros2_ws/install/py_pubsub' in the environment variable AMENT_PREFIX_PATH doesn't exist
[0.323s] WARNING:colcon.colcon_ros.prefix_path.ament:The path '/home/yt6/ros2_ws/install/my_package' in the environment variable AMENT_PREFIX_PATH doesn't exist
[0.323s] WARNING:colcon.colcon_ros.prefix_path.ament:The path '/home/yt6/ros2_ws/install/mbot_demo' in the environment variable AMENT_PREFIX_PATH doesn't exist
[0.323s] WARNING:colcon.colcon_ros.prefix_path.ament:The path '/home/yt6/ros2_ws/install/launch_testing_examples' in the environment variable AMENT_PREFIX_PATH doesn't exist
[0.323s] WARNING:colcon.colcon_ros.prefix_path.ament:The path '/home/yt6/ros2_ws/install/kikuchi_package' in the environment variable AMENT_PREFIX_PATH doesn't exist
[0.323s] WARNING:colcon.colcon_ros.prefix_path.ament:The path '/home/yt6/ros2_ws/install/examples_rclpy_pointcloud_publisher' in the environment variable AMENT_PREFIX_PATH doesn't exist
[0.323s] WARNING:colcon.colcon_ros.prefix_path.ament:The path '/home/yt6/ros2_ws/install/examples_rclpy_minimal_subscriber' in the environment variable AMENT_PREFIX_PATH doesn't exist
[0.323s] WARNING:colcon.colcon_ros.prefix_path.ament:The path '/home/yt6/ros2_ws/install/examples_rclpy_minimal_service' in the environment variable AMENT_PREFIX_PATH doesn't exist
[0.323s] WARNING:colcon.colcon_ros.prefix_path.ament:The path '/home/yt6/ros2_ws/install/examples_rclpy_minimal_publisher' in the environment variable AMENT_PREFIX_PATH doesn't exist
[0.323s] WARNING:colcon.colcon_ros.prefix_path.ament:The path '/home/yt6/ros2_ws/install/examples_rclpy_minimal_client' in the environment variable AMENT_PREFIX_PATH doesn't exist
[0.323s] WARNING:colcon.colcon_ros.prefix_path.ament:The path '/home/yt6/ros2_ws/install/examples_rclpy_minimal_action_server' in the environment variable AMENT_PREFIX_PATH doesn't exist
[0.323s] WARNING:colcon.colcon_ros.prefix_path.ament:The path '/home/yt6/ros2_ws/install/examples_rclpy_minimal_action_client' in the environment variable AMENT_PREFIX_PATH doesn't exist
[0.323s] WARNING:colcon.colcon_ros.prefix_path.ament:The path '/home/yt6/ros2_ws/install/examples_rclpy_guard_conditions' in the environment variable AMENT_PREFIX_PATH doesn't exist
[0.323s] WARNING:colcon.colcon_ros.prefix_path.ament:The path '/home/yt6/ros2_ws/install/examples_rclpy_executors' in the environment variable AMENT_PREFIX_PATH doesn't exist
[0.323s] WARNING:colcon.colcon_ros.prefix_path.ament:The path '/home/yt6/ros2_ws/install/examples_rclcpp_wait_set' in the environment variable AMENT_PREFIX_PATH doesn't exist
[0.323s] WARNING:colcon.colcon_ros.prefix_path.ament:The path '/home/yt6/ros2_ws/install/examples_rclcpp_multithreaded_executor' in the environment variable AMENT_PREFIX_PATH doesn't exist
[0.323s] WARNING:colcon.colcon_ros.prefix_path.ament:The path '/home/yt6/ros2_ws/install/examples_rclcpp_minimal_timer' in the environment variable AMENT_PREFIX_PATH doesn't exist
[0.323s] WARNING:colcon.colcon_ros.prefix_path.ament:The path '/home/yt6/ros2_ws/install/examples_rclcpp_minimal_subscriber' in the environment variable AMENT_PREFIX_PATH doesn't exist
[0.323s] WARNING:colcon.colcon_ros.prefix_path.ament:The path '/home/yt6/ros2_ws/install/examples_rclcpp_minimal_service' in the environment variable AMENT_PREFIX_PATH doesn't exist
[0.323s] WARNING:colcon.colcon_ros.prefix_path.ament:The path '/home/yt6/ros2_ws/install/examples_rclcpp_minimal_publisher' in the environment variable AMENT_PREFIX_PATH doesn't exist
[0.323s] WARNING:colcon.colcon_ros.prefix_path.ament:The path '/home/yt6/ros2_ws/install/examples_rclcpp_minimal_composition' in the environment variable AMENT_PREFIX_PATH doesn't exist
[0.324s] WARNING:colcon.colcon_ros.prefix_path.ament:The path '/home/yt6/ros2_ws/install/examples_rclcpp_minimal_client' in the environment variable AMENT_PREFIX_PATH doesn't exist
[0.324s] WARNING:colcon.colcon_ros.prefix_path.ament:The path '/home/yt6/ros2_ws/install/examples_rclcpp_minimal_action_server' in the environment variable AMENT_PREFIX_PATH doesn't exist
[0.324s] WARNING:colcon.colcon_ros.prefix_path.ament:The path '/home/yt6/ros2_ws/install/examples_rclcpp_minimal_action_client' in the environment variable AMENT_PREFIX_PATH doesn't exist
[0.324s] WARNING:colcon.colcon_ros.prefix_path.ament:The path '/home/yt6/ros2_ws/install/examples_rclcpp_cbg_executor' in the environment variable AMENT_PREFIX_PATH doesn't exist
[0.324s] WARNING:colcon.colcon_ros.prefix_path.ament:The path '/home/yt6/ros2_ws/install/examples_rclcpp_async_client' in the environment variable AMENT_PREFIX_PATH doesn't exist
[0.324s] WARNING:colcon.colcon_ros.prefix_path.catkin:The path '/home/yt6/gazebo_ros_ws/install/gazebo_ros' in the environment variable CMAKE_PREFIX_PATH doesn't exist
[0.324s] WARNING:colcon.colcon_ros.prefix_path.catkin:The path '/home/yt6/gazebo_ros_ws/install/gazebo_msgs' in the environment variable CMAKE_PREFIX_PATH doesn't exist
[0.324s] WARNING:colcon.colcon_ros.prefix_path.catkin:The path '/home/yt6/gazebo_ros_ws/install/gazebo_dev' in the environment variable CMAKE_PREFIX_PATH doesn't exist
[0.324s] WARNING:colcon.colcon_ros.prefix_path.catkin:The path '/home/yt6/ros2_ws/install/control_msgs' in the environment variable CMAKE_PREFIX_PATH doesn't exist
[0.324s] WARNING:colcon.colcon_ros.prefix_path.catkin:The path '/home/yt6/ros2_ws/install/ament_cmake_version' in the environment variable CMAKE_PREFIX_PATH doesn't exist
[0.324s] WARNING:colcon.colcon_ros.prefix_path.catkin:The path '/home/yt6/ros2_ws/install/ament_cmake_export_dependencies' in the environment variable CMAKE_PREFIX_PATH doesn't exist
[0.324s] WARNING:colcon.colcon_ros.prefix_path.catkin:The path '/home/yt6/ros2_ws/install/ament_cmake_export_libraries' in the environment variable CMAKE_PREFIX_PATH doesn't exist
[0.324s] WARNING:colcon.colcon_ros.prefix_path.catkin:The path '/home/yt6/ros2_ws/install/ament_cmake_export_include_directories' in the environment variable CMAKE_PREFIX_PATH doesn't exist
[0.324s] WARNING:colcon.colcon_ros.prefix_path.catkin:The path '/home/yt6/ros2_ws/install/ament_cmake_auto' in the environment variable CMAKE_PREFIX_PATH doesn't exist
[0.324s] WARNING:colcon.colcon_ros.prefix_path.catkin:The path '/home/yt6/ros2_ws/install/ament_cmake' in the environment variable CMAKE_PREFIX_PATH doesn't exist
[0.324s] WARNING:colcon.colcon_ros.prefix_path.catkin:The path '/home/yt6/ros2_ws/install/ament_cmake_vendor_package' in the environment variable CMAKE_PREFIX_PATH doesn't exist
[0.324s] WARNING:colcon.colcon_ros.prefix_path.catkin:The path '/home/yt6/ros2_ws/install/ament_cmake_pytest' in the environment variable CMAKE_PREFIX_PATH doesn't exist
[0.324s] WARNING:colcon.colcon_ros.prefix_path.catkin:The path '/home/yt6/ros2_ws/install/ament_cmake_gmock' in the environment variable CMAKE_PREFIX_PATH doesn't exist
[0.324s] WARNING:colcon.colcon_ros.prefix_path.catkin:The path '/home/yt6/ros2_ws/install/ament_cmake_gtest' in the environment variable CMAKE_PREFIX_PATH doesn't exist
[0.324s] WARNING:colcon.colcon_ros.prefix_path.catkin:The path '/home/yt6/ros2_ws/install/ament_cmake_google_benchmark' in the environment variable CMAKE_PREFIX_PATH doesn't exist
[0.324s] WARNING:colcon.colcon_ros.prefix_path.catkin:The path '/home/yt6/ros2_ws/install/ament_cmake_test' in the environment variable CMAKE_PREFIX_PATH doesn't exist
[0.324s] WARNING:colcon.colcon_ros.prefix_path.catkin:The path '/home/yt6/ros2_ws/install/ament_cmake_target_dependencies' in the environment variable CMAKE_PREFIX_PATH doesn't exist
[0.324s] WARNING:colcon.colcon_ros.prefix_path.catkin:The path '/home/yt6/ros2_ws/install/ament_cmake_python' in the environment variable CMAKE_PREFIX_PATH doesn't exist
[0.324s] WARNING:colcon.colcon_ros.prefix_path.catkin:The path '/home/yt6/ros2_ws/install/ament_cmake_libraries' in the environment variable CMAKE_PREFIX_PATH doesn't exist
[0.324s] WARNING:colcon.colcon_ros.prefix_path.catkin:The path '/home/yt6/ros2_ws/install/ament_cmake_include_directories' in the environment variable CMAKE_PREFIX_PATH doesn't exist
[0.324s] WARNING:colcon.colcon_ros.prefix_path.catkin:The path '/home/yt6/ros2_ws/install/ament_cmake_gen_version_h' in the environment variable CMAKE_PREFIX_PATH doesn't exist
[0.324s] WARNING:colcon.colcon_ros.prefix_path.catkin:The path '/home/yt6/ros2_ws/install/ament_cmake_export_targets' in the environment variable CMAKE_PREFIX_PATH doesn't exist
[0.324s] WARNING:colcon.colcon_ros.prefix_path.catkin:The path '/home/yt6/ros2_ws/install/ament_cmake_export_interfaces' in the environment variable CMAKE_PREFIX_PATH doesn't exist
[0.324s] WARNING:colcon.colcon_ros.prefix_path.catkin:The path '/home/yt6/ros2_ws/install/ament_cmake_export_definitions' in the environment variable CMAKE_PREFIX_PATH doesn't exist
[0.324s] WARNING:colcon.colcon_ros.prefix_path.catkin:The path '/home/yt6/ros2_ws/install/ament_cmake_core' in the environment variable CMAKE_PREFIX_PATH doesn't exist
[0.324s] WARNING:colcon.colcon_ros.prefix_path.catkin:The path '/home/yt6/ws_moveit/install/moveit_resources_prbt_support' in the environment variable CMAKE_PREFIX_PATH doesn't exist
[0.324s] WARNING:colcon.colcon_ros.prefix_path.catkin:The path '/home/yt6/ws_moveit/install/moveit_resources_pr2_description' in the environment variable CMAKE_PREFIX_PATH doesn't exist
[0.324s] WARNING:colcon.colcon_ros.prefix_path.catkin:The path '/home/yt6/ws_moveit/install/moveit_resources_panda_moveit_config' in the environment variable CMAKE_PREFIX_PATH doesn't exist
[0.324s] WARNING:colcon.colcon_ros.prefix_path.catkin:The path '/home/yt6/ws_moveit/install/moveit_resources_fanuc_moveit_config' in the environment variable CMAKE_PREFIX_PATH doesn't exist
[0.324s] WARNING:colcon.colcon_ros.prefix_path.catkin:The path '/home/yt6/ws_moveit/install/moveit_resources_fanuc_description' in the environment variable CMAKE_PREFIX_PATH doesn't exist
[0.325s] WARNING:colcon.colcon_ros.prefix_path.catkin:The path '/home/yt6/ws_moveit/install/moveit_common' in the environment variable CMAKE_PREFIX_PATH doesn't exist
[0.325s] WARNING:colcon.colcon_ros.prefix_path.catkin:The path '/home/yt6/ws_moveit/install/moveit_resources_panda_description' in the environment variable CMAKE_PREFIX_PATH doesn't exist
[0.325s] WARNING:colcon.colcon_ros.prefix_path.catkin:The path '/home/yt6/ros2_ws/install/xarm_sdk' in the environment variable CMAKE_PREFIX_PATH doesn't exist
[0.325s] WARNING:colcon.colcon_ros.prefix_path.catkin:The path '/home/yt6/ros2_ws/install/xarm_msgs' in the environment variable CMAKE_PREFIX_PATH doesn't exist
[0.325s] WARNING:colcon.colcon_ros.prefix_path.catkin:The path '/home/yt6/ros2_ws/install/xarm_description' in the environment variable CMAKE_PREFIX_PATH doesn't exist
[0.325s] WARNING:colcon.colcon_ros.prefix_path.catkin:The path '/home/yt6/ros2_ws/install/turtlesim' in the environment variable CMAKE_PREFIX_PATH doesn't exist
[0.325s] WARNING:colcon.colcon_ros.prefix_path.catkin:The path '/home/yt6/ros2_ws/install/mbot_demo' in the environment variable CMAKE_PREFIX_PATH doesn't exist
[0.325s] WARNING:colcon.colcon_ros.prefix_path.catkin:The path '/home/yt6/ros2_ws/install/examples_rclcpp_wait_set' in the environment variable CMAKE_PREFIX_PATH doesn't exist
[0.325s] WARNING:colcon.colcon_ros.prefix_path.catkin:The path '/home/yt6/ros2_ws/install/examples_rclcpp_multithreaded_executor' in the environment variable CMAKE_PREFIX_PATH doesn't exist
[0.325s] WARNING:colcon.colcon_ros.prefix_path.catkin:The path '/home/yt6/ros2_ws/install/examples_rclcpp_minimal_timer' in the environment variable CMAKE_PREFIX_PATH doesn't exist
[0.325s] WARNING:colcon.colcon_ros.prefix_path.catkin:The path '/home/yt6/ros2_ws/install/examples_rclcpp_minimal_subscriber' in the environment variable CMAKE_PREFIX_PATH doesn't exist
[0.325s] WARNING:colcon.colcon_ros.prefix_path.catkin:The path '/home/yt6/ros2_ws/install/examples_rclcpp_minimal_service' in the environment variable CMAKE_PREFIX_PATH doesn't exist
[0.325s] WARNING:colcon.colcon_ros.prefix_path.catkin:The path '/home/yt6/ros2_ws/install/examples_rclcpp_minimal_publisher' in the environment variable CMAKE_PREFIX_PATH doesn't exist
[0.325s] WARNING:colcon.colcon_ros.prefix_path.catkin:The path '/home/yt6/ros2_ws/install/examples_rclcpp_minimal_composition' in the environment variable CMAKE_PREFIX_PATH doesn't exist
[0.325s] WARNING:colcon.colcon_ros.prefix_path.catkin:The path '/home/yt6/ros2_ws/install/examples_rclcpp_minimal_client' in the environment variable CMAKE_PREFIX_PATH doesn't exist
[0.325s] WARNING:colcon.colcon_ros.prefix_path.catkin:The path '/home/yt6/ros2_ws/install/examples_rclcpp_minimal_action_server' in the environment variable CMAKE_PREFIX_PATH doesn't exist
[0.325s] WARNING:colcon.colcon_ros.prefix_path.catkin:The path '/home/yt6/ros2_ws/install/examples_rclcpp_minimal_action_client' in the environment variable CMAKE_PREFIX_PATH doesn't exist
[0.325s] WARNING:colcon.colcon_ros.prefix_path.catkin:The path '/home/yt6/ros2_ws/install/examples_rclcpp_cbg_executor' in the environment variable CMAKE_PREFIX_PATH doesn't exist
[0.325s] WARNING:colcon.colcon_ros.prefix_path.catkin:The path '/home/yt6/ros2_ws/install/examples_rclcpp_async_client' in the environment variable CMAKE_PREFIX_PATH doesn't exist
[0.325s] DEBUG:colcon.colcon_installed_package_information.package_discovery:Found 1 installed packages in /home/yt6/ros2_py_ws/install
[0.326s] DEBUG:colcon.colcon_installed_package_information.package_discovery:Found 12 installed packages in /home/yt6/ws_moveit2/install
[0.327s] DEBUG:colcon.colcon_installed_package_information.package_discovery:Found 356 installed packages in /opt/ros/humble
[0.329s] Level 1:colcon.colcon_core.package_discovery:discover_packages(prefix_path) using defaults
[0.388s] Level 5:colcon.colcon_core.verb:set package 'my_py_pkg' build argument 'cmake_args' from command line to 'None'
[0.388s] Level 5:colcon.colcon_core.verb:set package 'my_py_pkg' build argument 'cmake_target' from command line to 'None'
[0.388s] Level 5:colcon.colcon_core.verb:set package 'my_py_pkg' build argument 'cmake_target_skip_unavailable' from command line to 'False'
[0.388s] Level 5:colcon.colcon_core.verb:set package 'my_py_pkg' build argument 'cmake_clean_cache' from command line to 'False'
[0.388s] Level 5:colcon.colcon_core.verb:set package 'my_py_pkg' build argument 'cmake_clean_first' from command line to 'False'
[0.388s] Level 5:colcon.colcon_core.verb:set package 'my_py_pkg' build argument 'cmake_force_configure' from command line to 'False'
[0.388s] Level 5:colcon.colcon_core.verb:set package 'my_py_pkg' build argument 'ament_cmake_args' from command line to 'None'
[0.388s] Level 5:colcon.colcon_core.verb:set package 'my_py_pkg' build argument 'catkin_cmake_args' from command line to 'None'
[0.388s] Level 5:colcon.colcon_core.verb:set package 'my_py_pkg' build argument 'catkin_skip_building_tests' from command line to 'False'
[0.388s] DEBUG:colcon.colcon_core.verb:Building package 'my_py_pkg' with the following arguments: {'ament_cmake_args': None, 'build_base': '/home/yt6/ros2_py_ws/build/my_py_pkg', 'catkin_cmake_args': None, 'catkin_skip_building_tests': False, 'cmake_args': None, 'cmake_clean_cache': False, 'cmake_clean_first': False, 'cmake_force_configure': False, 'cmake_target': None, 'cmake_target_skip_unavailable': False, 'install_base': '/home/yt6/ros2_py_ws/install/my_py_pkg', 'merge_install': False, 'path': '/home/yt6/ros2_py_ws/src/my_py_pkg', 'symlink_install': False, 'test_result_base': None}
[0.389s] INFO:colcon.colcon_core.executor:Executing jobs using 'parallel' executor
[0.389s] DEBUG:colcon.colcon_parallel_executor.executor.parallel:run_until_complete
[0.389s] INFO:colcon.colcon_ros.task.ament_python.build:Building ROS package in '/home/yt6/ros2_py_ws/src/my_py_pkg' with build type 'ament_python'
[0.389s] Level 1:colcon.colcon_core.shell:create_environment_hook('my_py_pkg', 'ament_prefix_path')
[0.391s] INFO:colcon.colcon_core.plugin_system:Skipping extension 'colcon_core.shell.bat': Not used on non-Windows systems
[0.391s] INFO:colcon.colcon_core.shell:Creating environment hook '/home/yt6/ros2_py_ws/install/my_py_pkg/share/my_py_pkg/hook/ament_prefix_path.ps1'
[0.391s] INFO:colcon.colcon_core.shell:Creating environment descriptor '/home/yt6/ros2_py_ws/install/my_py_pkg/share/my_py_pkg/hook/ament_prefix_path.dsv'
[0.392s] INFO:colcon.colcon_core.shell:Creating environment hook '/home/yt6/ros2_py_ws/install/my_py_pkg/share/my_py_pkg/hook/ament_prefix_path.sh'
[0.392s] INFO:colcon.colcon_core.shell:Skip shell extension 'powershell' for command environment: Not usable outside of PowerShell
[0.392s] DEBUG:colcon.colcon_core.shell:Skip shell extension 'dsv' for command environment
[0.671s] DEBUG:colcon.colcon_parallel_executor.executor.parallel:closing loop
[0.672s] DEBUG:colcon.colcon_parallel_executor.executor.parallel:loop closed
[0.672s] DEBUG:colcon.colcon_parallel_executor.executor.parallel:run_until_complete finished with 'Command '['/usr/bin/python3', '-c', 'import sys;from contextlib import suppress;exec("with suppress(ImportError):    from setuptools.extern.packaging.specifiers    import SpecifierSet");exec("with suppress(ImportError):    from packaging.specifiers import SpecifierSet");from distutils.core import run_setup;dist = run_setup(    \'setup.py\', script_args=(\'--dry-run\',), stop_after=\'config\');skip_keys = (\'cmdclass\', \'distclass\', \'ext_modules\', \'metadata\');data = {    key: value for key, value in dist.__dict__.items()     if (        not key.startswith(\'_\') and         not callable(value) and         key not in skip_keys and         key not in dist.display_option_names    )};data[\'metadata\'] = {    k: v for k, v in dist.metadata.__dict__.items()     if k not in (\'license_files\', \'provides_extras\')};sys.stdout.buffer.write(repr(data).encode(\'utf-8\'))']' returned non-zero exit status 1.'
[0.672s] DEBUG:colcon.colcon_core.event_reactor:joining thread
[0.683s] INFO:colcon.colcon_core.plugin_system:Skipping extension 'colcon_notification.desktop_notification.terminal_notifier': Not used on non-Darwin systems
[0.683s] INFO:colcon.colcon_core.plugin_system:Skipping extension 'colcon_notification.desktop_notification.win32': Not used on non-Windows systems
[0.683s] INFO:colcon.colcon_notification.desktop_notification:Sending desktop notification using 'notify2'
[0.695s] DEBUG:colcon.colcon_core.event_reactor:joined thread
[0.695s] INFO:colcon.colcon_core.shell:Creating prefix script '/home/yt6/ros2_py_ws/install/local_setup.ps1'
[0.696s] INFO:colcon.colcon_core.shell:Creating prefix util module '/home/yt6/ros2_py_ws/install/_local_setup_util_ps1.py'
[0.697s] INFO:colcon.colcon_core.shell:Creating prefix chain script '/home/yt6/ros2_py_ws/install/setup.ps1'
[0.699s] INFO:colcon.colcon_core.shell:Creating prefix script '/home/yt6/ros2_py_ws/install/local_setup.sh'
[0.700s] INFO:colcon.colcon_core.shell:Creating prefix util module '/home/yt6/ros2_py_ws/install/_local_setup_util_sh.py'
[0.700s] INFO:colcon.colcon_core.shell:Creating prefix chain script '/home/yt6/ros2_py_ws/install/setup.sh'
[0.703s] INFO:colcon.colcon_core.shell:Creating prefix script '/home/yt6/ros2_py_ws/install/local_setup.bash'
[0.703s] INFO:colcon.colcon_core.shell:Creating prefix chain script '/home/yt6/ros2_py_ws/install/setup.bash'
[0.704s] INFO:colcon.colcon_core.shell:Creating prefix script '/home/yt6/ros2_py_ws/install/local_setup.zsh'
[0.705s] INFO:colcon.colcon_core.shell:Creating prefix chain script '/home/yt6/ros2_py_ws/install/setup.zsh'
