[0.527s] Invoking command in '/home/yt6/ros2_py_ws/src/my_vision_pkg': PYTHONPATH=/home/yt6/ros2_py_ws/src/my_vision_pkg/build/my_vision_pkg/prefix_override:/usr/lib/python3/dist-packages/colcon_core/task/python/colcon_distutils_commands:/home/yt6/ros2_py_ws/src/my_vision_pkg/install/my_vision_pkg/lib/python3.8/site-packages:${PYTHONPATH} /usr/bin/python3 -W ignore:setup.py install is deprecated -W ignore:easy_install command is deprecated setup.py egg_info --egg-base build/my_vision_pkg build --build-base /home/yt6/ros2_py_ws/src/my_vision_pkg/build/my_vision_pkg/build install --record /home/yt6/ros2_py_ws/src/my_vision_pkg/build/my_vision_pkg/install.log --single-version-externally-managed install_data
[0.716s] running egg_info
[0.716s] writing build/my_vision_pkg/my_vision_pkg.egg-info/PKG-INFO
[0.717s] writing dependency_links to build/my_vision_pkg/my_vision_pkg.egg-info/dependency_links.txt
[0.717s] writing entry points to build/my_vision_pkg/my_vision_pkg.egg-info/entry_points.txt
[0.717s] writing requirements to build/my_vision_pkg/my_vision_pkg.egg-info/requires.txt
[0.717s] writing top-level names to build/my_vision_pkg/my_vision_pkg.egg-info/top_level.txt
[0.739s] reading manifest file 'build/my_vision_pkg/my_vision_pkg.egg-info/SOURCES.txt'
[0.739s] writing manifest file 'build/my_vision_pkg/my_vision_pkg.egg-info/SOURCES.txt'
[0.740s] running build
[0.740s] running build_py
[0.740s] running install
[0.740s] running install_lib
[0.741s] running install_data
[0.741s] running install_egg_info
[0.743s] removing '/home/yt6/ros2_py_ws/src/my_vision_pkg/install/my_vision_pkg/lib/python3.8/site-packages/my_vision_pkg-0.0.0-py3.8.egg-info' (and everything under it)
[0.743s] Copying build/my_vision_pkg/my_vision_pkg.egg-info to /home/yt6/ros2_py_ws/src/my_vision_pkg/install/my_vision_pkg/lib/python3.8/site-packages/my_vision_pkg-0.0.0-py3.8.egg-info
[0.744s] running install_scripts
[0.758s] Installing circle_subscriber script to /home/yt6/ros2_py_ws/src/my_vision_pkg/install/my_vision_pkg/lib/my_vision_pkg
[0.758s] Installing detect_circles script to /home/yt6/ros2_py_ws/src/my_vision_pkg/install/my_vision_pkg/lib/my_vision_pkg
[0.758s] Installing detect_circles_1shot script to /home/yt6/ros2_py_ws/src/my_vision_pkg/install/my_vision_pkg/lib/my_vision_pkg
[0.758s] writing list of installed files to '/home/yt6/ros2_py_ws/src/my_vision_pkg/build/my_vision_pkg/install.log'
[0.777s] Invoked command in '/home/yt6/ros2_py_ws/src/my_vision_pkg' returned '0': PYTHONPATH=/home/yt6/ros2_py_ws/src/my_vision_pkg/build/my_vision_pkg/prefix_override:/usr/lib/python3/dist-packages/colcon_core/task/python/colcon_distutils_commands:/home/yt6/ros2_py_ws/src/my_vision_pkg/install/my_vision_pkg/lib/python3.8/site-packages:${PYTHONPATH} /usr/bin/python3 -W ignore:setup.py install is deprecated -W ignore:easy_install command is deprecated setup.py egg_info --egg-base build/my_vision_pkg build --build-base /home/yt6/ros2_py_ws/src/my_vision_pkg/build/my_vision_pkg/build install --record /home/yt6/ros2_py_ws/src/my_vision_pkg/build/my_vision_pkg/install.log --single-version-externally-managed install_data
