[0.774s] Invoking command in '/home/yt6/ros2_py_ws/src/dynamixel_publisher': CMAKE_PREFIX_PATH=/home/yt6/ros2_py_ws/install/dynamixel_sdk_custom_interfaces:/home/yt6/ros2_py_ws/install/dynamixel_sdk:/home/yt6/ros2_py_ws/install/dynamixel_sdk_examples:/home/yt6/ros2_py_ws/src/install/dynamixel_sdk_examples:/home/yt6/ros2_py_ws/src/install/dynamixel_sdk_custom_interfaces:/home/yt6/ros2_py_ws/src/install/dynamixel_sdk:/home/yt6/ws_moveit2/install/rviz_marker_tools:/home/yt6/ws_moveit2/install/moveit_resources_prbt_support:/home/yt6/ws_moveit2/install/moveit_resources:/home/yt6/ws_moveit2/install/moveit_resources_pr2_description:/home/yt6/ws_moveit2/install/moveit_resources_panda_moveit_config:/home/yt6/ws_moveit2/install/moveit_resources_panda_description:/home/yt6/ws_moveit2/install/moveit_resources_fanuc_moveit_config:/home/yt6/ws_moveit2/install/moveit_resources_fanuc_description:/home/yt6/ws_moveit2/install/moveit_msgs:/home/yt6/ws_moveit2/install/moveit_common PYTHONPATH=/home/yt6/ros2_py_ws/build/dynamixel_publisher/prefix_override:/usr/lib/python3/dist-packages/colcon_core/task/python/colcon_distutils_commands:/home/yt6/ros2_py_ws/install/dynamixel_publisher/lib/python3.8/site-packages:/home/yt6/ros2_py_ws/install/dynamixel_sdk_custom_interfaces/lib/python3.8/site-packages:/home/yt6/ros2_py_ws/install/my_vision_pkg/lib/python3.8/site-packages:/home/yt6/ros2_py_ws/install/my_py_pkg/lib/python3.8/site-packages:/home/yt6/ros2_py_ws/install/dynamixel_publisher/lib/python3.8/site-packages:/home/yt6/ros2_py_ws/install/dynamixel_control/lib/python3.8/site-packages:/home/yt6/ros2_py_ws/src/install/my_vision_pkg/lib/python3.8/site-packages:/home/yt6/ros2_py_ws/src/install/my_py_pkg/lib/python3.8/site-packages:/home/yt6/ros2_py_ws/src/install/dynamixel_sdk_custom_interfaces/lib/python3.8/site-packages:/home/yt6/ros2_py_ws/src/install/dynamixel_control/lib/python3.8/site-packages:/home/yt6/ws_moveit2/install/moveit_msgs/lib/python3.8/site-packages:/home/yt6/ws_moveit2/install/moveit_configs_utils/lib/python3.8/site-packages:/opt/ros/humble/lib/python3.8/site-packages /usr/bin/python3 -W ignore:setup.py install is deprecated -W ignore:easy_install command is deprecated setup.py egg_info --egg-base ../../build/dynamixel_publisher build --build-base /home/yt6/ros2_py_ws/build/dynamixel_publisher/build install --record /home/yt6/ros2_py_ws/build/dynamixel_publisher/install.log --single-version-externally-managed install_data
[0.957s] running egg_info
[0.958s] writing ../../build/dynamixel_publisher/dynamixel_publisher.egg-info/PKG-INFO
[0.958s] writing dependency_links to ../../build/dynamixel_publisher/dynamixel_publisher.egg-info/dependency_links.txt
[0.958s] writing entry points to ../../build/dynamixel_publisher/dynamixel_publisher.egg-info/entry_points.txt
[0.958s] writing requirements to ../../build/dynamixel_publisher/dynamixel_publisher.egg-info/requires.txt
[0.958s] writing top-level names to ../../build/dynamixel_publisher/dynamixel_publisher.egg-info/top_level.txt
[0.981s] reading manifest file '../../build/dynamixel_publisher/dynamixel_publisher.egg-info/SOURCES.txt'
[0.982s] writing manifest file '../../build/dynamixel_publisher/dynamixel_publisher.egg-info/SOURCES.txt'
[0.982s] running build
[0.982s] running build_py
[0.982s] copying dynamixel_publisher/dynamixel_current_node.py -> /home/yt6/ros2_py_ws/build/dynamixel_publisher/build/lib/dynamixel_publisher
[0.982s] running install
[0.983s] running install_lib
[0.983s] copying /home/yt6/ros2_py_ws/build/dynamixel_publisher/build/lib/dynamixel_publisher/dynamixel_current_node.py -> /home/yt6/ros2_py_ws/install/dynamixel_publisher/lib/python3.8/site-packages/dynamixel_publisher
[0.984s] byte-compiling /home/yt6/ros2_py_ws/install/dynamixel_publisher/lib/python3.8/site-packages/dynamixel_publisher/dynamixel_current_node.py to dynamixel_current_node.cpython-38.pyc
[0.985s] running install_data
[0.985s] running install_egg_info
[0.986s] removing '/home/yt6/ros2_py_ws/install/dynamixel_publisher/lib/python3.8/site-packages/dynamixel_publisher-0.0.0-py3.8.egg-info' (and everything under it)
[0.986s] Copying ../../build/dynamixel_publisher/dynamixel_publisher.egg-info to /home/yt6/ros2_py_ws/install/dynamixel_publisher/lib/python3.8/site-packages/dynamixel_publisher-0.0.0-py3.8.egg-info
[0.987s] running install_scripts
[0.999s] Installing dynamixel_curremt_node script to /home/yt6/ros2_py_ws/install/dynamixel_publisher/lib/dynamixel_publisher
[0.999s] Installing dynamixel_node script to /home/yt6/ros2_py_ws/install/dynamixel_publisher/lib/dynamixel_publisher
[0.999s] writing list of installed files to '/home/yt6/ros2_py_ws/build/dynamixel_publisher/install.log'
[1.018s] Invoked command in '/home/yt6/ros2_py_ws/src/dynamixel_publisher' returned '0': CMAKE_PREFIX_PATH=/home/yt6/ros2_py_ws/install/dynamixel_sdk_custom_interfaces:/home/yt6/ros2_py_ws/install/dynamixel_sdk:/home/yt6/ros2_py_ws/install/dynamixel_sdk_examples:/home/yt6/ros2_py_ws/src/install/dynamixel_sdk_examples:/home/yt6/ros2_py_ws/src/install/dynamixel_sdk_custom_interfaces:/home/yt6/ros2_py_ws/src/install/dynamixel_sdk:/home/yt6/ws_moveit2/install/rviz_marker_tools:/home/yt6/ws_moveit2/install/moveit_resources_prbt_support:/home/yt6/ws_moveit2/install/moveit_resources:/home/yt6/ws_moveit2/install/moveit_resources_pr2_description:/home/yt6/ws_moveit2/install/moveit_resources_panda_moveit_config:/home/yt6/ws_moveit2/install/moveit_resources_panda_description:/home/yt6/ws_moveit2/install/moveit_resources_fanuc_moveit_config:/home/yt6/ws_moveit2/install/moveit_resources_fanuc_description:/home/yt6/ws_moveit2/install/moveit_msgs:/home/yt6/ws_moveit2/install/moveit_common PYTHONPATH=/home/yt6/ros2_py_ws/build/dynamixel_publisher/prefix_override:/usr/lib/python3/dist-packages/colcon_core/task/python/colcon_distutils_commands:/home/yt6/ros2_py_ws/install/dynamixel_publisher/lib/python3.8/site-packages:/home/yt6/ros2_py_ws/install/dynamixel_sdk_custom_interfaces/lib/python3.8/site-packages:/home/yt6/ros2_py_ws/install/my_vision_pkg/lib/python3.8/site-packages:/home/yt6/ros2_py_ws/install/my_py_pkg/lib/python3.8/site-packages:/home/yt6/ros2_py_ws/install/dynamixel_publisher/lib/python3.8/site-packages:/home/yt6/ros2_py_ws/install/dynamixel_control/lib/python3.8/site-packages:/home/yt6/ros2_py_ws/src/install/my_vision_pkg/lib/python3.8/site-packages:/home/yt6/ros2_py_ws/src/install/my_py_pkg/lib/python3.8/site-packages:/home/yt6/ros2_py_ws/src/install/dynamixel_sdk_custom_interfaces/lib/python3.8/site-packages:/home/yt6/ros2_py_ws/src/install/dynamixel_control/lib/python3.8/site-packages:/home/yt6/ws_moveit2/install/moveit_msgs/lib/python3.8/site-packages:/home/yt6/ws_moveit2/install/moveit_configs_utils/lib/python3.8/site-packages:/opt/ros/humble/lib/python3.8/site-packages /usr/bin/python3 -W ignore:setup.py install is deprecated -W ignore:easy_install command is deprecated setup.py egg_info --egg-base ../../build/dynamixel_publisher build --build-base /home/yt6/ros2_py_ws/build/dynamixel_publisher/build install --record /home/yt6/ros2_py_ws/build/dynamixel_publisher/install.log --single-version-externally-managed install_data
